000 (5664231.010.000) 2020-03-29 04:06:12 Job submitted from host: <128.104.101.92:9618?addrs=128.104.101.92-9618+[2607-f388-107c-501-a236-9fff-fe3c-caa8]-9618&alias=submit2.chtc.wisc.edu&noUDP&sock=schedd_3841921_d3c3>
...
040 (5664231.010.000) 2020-03-29 04:07:18 Started transferring input files
	Transferring to host: <128.105.244.39:9618?addrs=128.105.244.39-9618&alias=e3170.chtc.wisc.edu&noUDP&sock=slot1_8_27551_ebf9_10994>
...
040 (5664231.010.000) 2020-03-29 04:07:27 Finished transferring input files
...
001 (5664231.010.000) 2020-03-29 04:07:27 Job executing on host: <128.105.244.39:9618?addrs=128.105.244.39-9618&alias=e3170.chtc.wisc.edu&noUDP&sock=startd_27423_79bc>
...
006 (5664231.010.000) 2020-03-29 04:13:08 Image size of job updated: 95
	95  -  MemoryUsage of job (MB)
	97648  -  ResidentSetSize of job (KB)
...
040 (5664231.010.000) 2020-03-29 04:31:44 Started transferring output files
...
040 (5664231.010.000) 2020-03-29 04:31:44 Finished transferring output files
...
005 (5664231.010.000) 2020-03-29 04:31:45 Job terminated.
	(1) Normal termination (return value 0)
		Usr 0 00:00:00, Sys 0 00:00:00  -  Run Remote Usage
		Usr 0 00:00:00, Sys 0 00:00:00  -  Run Local Usage
		Usr 0 00:00:00, Sys 0 00:00:00  -  Total Remote Usage
		Usr 0 00:00:00, Sys 0 00:00:00  -  Total Local Usage
	477695  -  Run Bytes Sent By Job
	208778592  -  Run Bytes Received By Job
	477695  -  Total Bytes Sent By Job
	208778592  -  Total Bytes Received By Job
	Partitionable Resources :     Usage  Request Allocated 
	   Cpus                 :      0.00        1         1 
	   Disk (KB)            : 919752     4194304   5474639 
	   IoHeavy              :                            0 
	   Memory (MB)          :     95        4096      4096 

	Job terminated of its own accord at 2020-03-29T09:31:44Z.
...
