000 (5664199.016.000) 2020-03-28 16:07:29 Job submitted from host: <128.104.101.92:9618?addrs=128.104.101.92-9618+[2607-f388-107c-501-a236-9fff-fe3c-caa8]-9618&alias=submit2.chtc.wisc.edu&noUDP&sock=schedd_3841921_d3c3>
...
040 (5664199.016.000) 2020-03-28 16:13:42 Started transferring input files
	Transferring to host: <128.104.58.165:9618?addrs=128.104.58.165-9618+[2607-f388-1086-0-d267-e5ff-fefb-eefc]-9618&alias=e1017.chtc.wisc.edu&noUDP&sock=starter_6462_d040_88664>
...
040 (5664199.016.000) 2020-03-28 16:13:46 Finished transferring input files
...
001 (5664199.016.000) 2020-03-28 16:13:46 Job executing on host: <128.104.58.165:9618?addrs=128.104.58.165-9618+[2607-f388-1086-0-d267-e5ff-fefb-eefc]-9618&alias=e1017.chtc.wisc.edu&noUDP&sock=startd_8262_9f8e_3>
...
006 (5664199.016.000) 2020-03-28 16:19:12 Image size of job updated: 95
	95  -  MemoryUsage of job (MB)
	98080  -  ResidentSetSize of job (KB)
...
040 (5664199.016.000) 2020-03-28 16:24:13 Started transferring output files
...
040 (5664199.016.000) 2020-03-28 16:24:13 Finished transferring output files
...
005 (5664199.016.000) 2020-03-28 16:24:14 Job terminated.
	(1) Normal termination (return value 0)
		Usr 0 00:09:24, Sys 0 00:00:02  -  Run Remote Usage
		Usr 0 00:00:00, Sys 0 00:00:00  -  Run Local Usage
		Usr 0 00:09:24, Sys 0 00:00:02  -  Total Remote Usage
		Usr 0 00:00:00, Sys 0 00:00:00  -  Total Local Usage
	120511  -  Run Bytes Sent By Job
	208766208  -  Run Bytes Received By Job
	120511  -  Total Bytes Sent By Job
	208766208  -  Total Bytes Received By Job
	Partitionable Resources :     Usage  Request Allocated 
	   Cpus                 :      0.00        1         1 
	   Disk (KB)            : 919313     4194304   4677458 
	   IoHeavy              :                            0 
	   Memory (MB)          :     95        4096      4096 

	Job terminated of its own accord at 2020-03-28T21:24:13Z.
...
