000 (5664231.019.000) 2020-03-29 04:06:12 Job submitted from host: <128.104.101.92:9618?addrs=128.104.101.92-9618+[2607-f388-107c-501-a236-9fff-fe3c-caa8]-9618&alias=submit2.chtc.wisc.edu&noUDP&sock=schedd_3841921_d3c3>
...
040 (5664231.019.000) 2020-03-29 04:07:19 Started transferring input files
	Transferring to host: <128.105.244.70:9618?addrs=128.105.244.70-9618&alias=e190.chtc.wisc.edu&noUDP&sock=slot1_10_18563_100c_19208>
...
040 (5664231.019.000) 2020-03-29 04:07:23 Finished transferring input files
...
001 (5664231.019.000) 2020-03-29 04:07:23 Job executing on host: <128.105.244.70:9618?addrs=128.105.244.70-9618&alias=e190.chtc.wisc.edu&noUDP&sock=startd_2774_4fce>
...
006 (5664231.019.000) 2020-03-29 04:12:40 Image size of job updated: 95
	95  -  MemoryUsage of job (MB)
	97680  -  ResidentSetSize of job (KB)
...
006 (5664231.019.000) 2020-03-29 05:12:48 Image size of job updated: 95
	95  -  MemoryUsage of job (MB)
	97876  -  ResidentSetSize of job (KB)
...
040 (5664231.019.000) 2020-03-29 06:02:12 Started transferring output files
...
040 (5664231.019.000) 2020-03-29 06:02:12 Finished transferring output files
...
005 (5664231.019.000) 2020-03-29 06:02:13 Job terminated.
	(1) Normal termination (return value 0)
		Usr 0 01:53:51, Sys 0 00:00:05  -  Run Remote Usage
		Usr 0 00:00:00, Sys 0 00:00:00  -  Run Local Usage
		Usr 0 01:53:51, Sys 0 00:00:05  -  Total Remote Usage
		Usr 0 00:00:00, Sys 0 00:00:00  -  Total Local Usage
	164797  -  Run Bytes Sent By Job
	212047776  -  Run Bytes Received By Job
	164797  -  Total Bytes Sent By Job
	212047776  -  Total Bytes Received By Job
	Partitionable Resources :     Usage  Request Allocated 
	   Cpus                 :      0.00        1         1 
	   Disk (KB)            : 922641     4194304   6373373 
	   IoHeavy              :                            0 
	   Memory (MB)          :     95        4096      4096 

	Job terminated of its own accord at 2020-03-29T11:02:12Z.
...
