000 (5664231.015.000) 2020-03-29 04:06:12 Job submitted from host: <128.104.101.92:9618?addrs=128.104.101.92-9618+[2607-f388-107c-501-a236-9fff-fe3c-caa8]-9618&alias=submit2.chtc.wisc.edu&noUDP&sock=schedd_3841921_d3c3>
...
040 (5664231.015.000) 2020-03-29 04:07:19 Started transferring input files
	Transferring to host: <128.104.101.117:9618?addrs=128.104.101.117-9618+[2607-f388-107c-501-1e6a-7aff-fe26-a547]-9618&alias=e0382.chtc.wisc.edu&noUDP&sock=starter_6565_62e4_168397>
...
040 (5664231.015.000) 2020-03-29 04:07:22 Finished transferring input files
...
001 (5664231.015.000) 2020-03-29 04:07:22 Job executing on host: <128.104.101.117:9618?addrs=128.104.101.117-9618+[2607-f388-107c-501-1e6a-7aff-fe26-a547]-9618&alias=e0382.chtc.wisc.edu&noUDP&sock=startd_6434_c46f_3>
...
006 (5664231.015.000) 2020-03-29 04:09:13 Image size of job updated: 92
	92  -  MemoryUsage of job (MB)
	95028  -  ResidentSetSize of job (KB)
...
040 (5664231.015.000) 2020-03-29 04:09:13 Started transferring output files
...
040 (5664231.015.000) 2020-03-29 04:09:13 Finished transferring output files
...
005 (5664231.015.000) 2020-03-29 04:09:14 Job terminated.
	(1) Normal termination (return value 0)
		Usr 0 00:01:01, Sys 0 00:00:02  -  Run Remote Usage
		Usr 0 00:00:00, Sys 0 00:00:00  -  Run Local Usage
		Usr 0 00:01:01, Sys 0 00:00:02  -  Total Remote Usage
		Usr 0 00:00:00, Sys 0 00:00:00  -  Total Local Usage
	119327  -  Run Bytes Sent By Job
	208763648  -  Run Bytes Received By Job
	119327  -  Total Bytes Sent By Job
	208763648  -  Total Bytes Received By Job
	Partitionable Resources :     Usage  Request Allocated 
	   Cpus                 :      0.01        1         1 
	   Disk (KB)            : 919391     4194304   4658917 
	   IoHeavy              :                            0 
	   Memory (MB)          :     92        4096      4096 

	Job terminated of its own accord at 2020-03-29T09:09:13Z.
...
