Working dir : /var/lib/condor/execute/slot1/dir_10045
Cycle 0: instructions towards forward progress=0
Cycle 309360: backup (Spendthrift backup scheme): 2.77574   1985.04
Cycle 309374: backup (Spendthrift backup scheme): 2.77574   1149.27
Cycle 309388: backup (Spendthrift backup scheme): 2.77574   909.224
Cycle 309402: backup (Spendthrift backup scheme): 2.77574   708.893
Cycle 309417: backup (Spendthrift backup scheme): 2.77574   508.269
Cycle 309431: backup (Spendthrift backup scheme): 2.77574   307.939
cycle 309445: POWER OFF - is_active()
Cycle 618481: backup (Spendthrift backup scheme): 3.01532   1988.63
Cycle 618495: backup (Spendthrift backup scheme): 3.01532   1152.86
Cycle 618509: backup (Spendthrift backup scheme): 3.01532   912.812
Cycle 618523: backup (Spendthrift backup scheme): 3.01532   712.481
Cycle 618538: backup (Spendthrift backup scheme): 3.01532   511.858
Cycle 618552: backup (Spendthrift backup scheme): 3.01532   311.527
cycle 618566: POWER OFF - is_active()
Cycle 927499: backup (Spendthrift backup scheme): 3.48142   2081.84
Cycle 927513: backup (Spendthrift backup scheme): 3.48142   1246.06
Cycle 927527: backup (Spendthrift backup scheme): 3.48142   1006.02
Cycle 927541: backup (Spendthrift backup scheme): 3.48142   805.687
Cycle 927556: backup (Spendthrift backup scheme): 3.48142   605.064
Cycle 927570: backup (Spendthrift backup scheme): 3.48142   404.733
cycle 927584: POWER OFF - is_active()
Cycle 1236620: backup (Spendthrift backup scheme): 2.8969   1988.63
Cycle 1236634: backup (Spendthrift backup scheme): 2.8969   1152.85
Cycle 1236648: backup (Spendthrift backup scheme): 2.8969   912.805
Cycle 1236662: backup (Spendthrift backup scheme): 2.8969   712.474
Cycle 1236677: backup (Spendthrift backup scheme): 2.8969   511.851
Cycle 1236691: backup (Spendthrift backup scheme): 2.8969   311.52
cycle 1236705: POWER OFF - is_active()
Cycle 1471506: instructions towards forward progress=100000
Cycle 1545844: backup (Spendthrift backup scheme): 1.6391   1895.38
Cycle 1545858: backup (Spendthrift backup scheme): 1.6391   1059.6
Cycle 1545872: backup (Spendthrift backup scheme): 1.6391   819.557
Cycle 1545886: backup (Spendthrift backup scheme): 1.6391   619.226
Cycle 1545901: backup (Spendthrift backup scheme): 1.6391   418.602
cycle 1545915: POWER OFF - is_active()
rename_addr: (backup) map table full
rename_addr: (backup) map table full
rename_addr: (backup) map table full
rename_addr: (backup) map table full
rename_addr: (backup) map table full
rename_addr: (backup) map table full
rename_addr: (backup) map table full
rename_addr: (backup) map table full
rename_addr: (backup) map table full
rename_addr: (backup) map table full
rename_addr: (backup) map table full
rename_addr: (backup) map table full
rename_addr: (backup) map table full
rename_addr: (backup) map table full
rename_addr: (backup) map table full
rename_addr: (backup) map table full
rename_addr: (backup) map table full
rename_addr: (backup) map table full
rename_addr: (backup) map table full
rename_addr: (backup) map table full
rename_addr: (backup) map table full
rename_addr: (backup) map table full
rename_addr: (backup) map table full
rename_addr: (backup) map table full
rename_addr: (backup) map table full
rename_addr: (backup) map table full
rename_addr: (backup) map table full
rename_addr: (backup) map table full
rename_addr: (backup) map table full
rename_addr: (backup) map table full
rename_addr: (backup) map table full
rename_addr: (backup) map table full
rename_addr: (backup) map table full
rename_addr: (backup) map table full
rename_addr: (backup) map table full
rename_addr: (backup) map table full
rename_addr: (backup) map table full
rename_addr: (backup) map table full
rename_addr: (backup) map table full
rename_addr: (backup) map table full
rename_addr: (backup) map table full
rename_addr: (backup) map table full
rename_addr: (backup) map table full
rename_addr: (backup) map table full
rename_addr: (backup) map table full
rename_addr: (backup) map table full
rename_addr: (backup) map table full
rename_addr: (backup) map table full
rename_addr: (backup) map table full
rename_addr: (backup) map table full
rename_addr: (backup) map table full
rename_addr: (backup) map table full
rename_addr: (backup) map table full
rename_addr: (backup) map table full
rename_addr: (backup) map table full
rename_addr: (backup) map table full
rename_addr: (backup) map table full
rename_addr: (backup) map table full
rename_addr: (backup) map table full
rename_addr: (backup) map table full
rename_addr: (backup) map table full
rename_addr: (backup) map table full
rename_addr: (backup) map table full
rename_addr: (backup) map table full
rename_addr: (backup) map table full
rename_addr: (backup) map table full
rename_addr: (backup) map table full
rename_addr: (backup) map table full
rename_addr: (backup) map table full
rename_addr: (backup) map table full
rename_addr: (backup) map table full
rename_addr: (backup) map table full
rename_addr: (backup) map table full
rename_addr: (backup) map table full
rename_addr: (backup) map table full
Cycle 2199614: backup (Spendthrift backup scheme): 2.25889   1977.62
Cycle 2199628: backup (Spendthrift backup scheme): 2.25889   1618.43
Cycle 2199642: backup (Spendthrift backup scheme): 2.25889   1378.38
Cycle 2199656: backup (Spendthrift backup scheme): 2.25889   1178.05
Cycle 2199670: backup (Spendthrift backup scheme): 2.25889   977.723
Cycle 2199684: backup (Spendthrift backup scheme): 2.25889   777.392
Cycle 2199698: backup (Spendthrift backup scheme): 2.25889   577.061
Cycle 2199712: backup (Spendthrift backup scheme): 2.25889   376.73
cycle 2199726: POWER OFF - is_active()
rename_addr: (backup) map table full
rename_addr: (backup) map table full
rename_addr: (backup) map table full
rename_addr: (backup) map table full
rename_addr: (backup) map table full
rename_addr: (backup) map table full
rename_addr: (backup) map table full
rename_addr: (backup) map table full
rename_addr: (backup) map table full
rename_addr: (backup) map table full
rename_addr: (backup) map table full
rename_addr: (backup) map table full
rename_addr: (backup) map table full
rename_addr: (backup) map table full
rename_addr: (backup) map table full
rename_addr: (backup) map table full
rename_addr: (backup) map table full
rename_addr: (backup) map table full
rename_addr: (backup) map table full
rename_addr: (backup) map table full
rename_addr: (backup) map table full
rename_addr: (backup) map table full
rename_addr: (backup) map table full
rename_addr: (backup) map table full
rename_addr: (backup) map table full
rename_addr: (backup) map table full
rename_addr: (backup) map table full
rename_addr: (backup) map table full
rename_addr: (backup) map table full
rename_addr: (backup) map table full
rename_addr: (backup) map table full
rename_addr: (backup) map table full
rename_addr: (backup) map table full
rename_addr: (backup) map table full
rename_addr: (backup) map table full
rename_addr: (backup) map table full
rename_addr: (backup) map table full
rename_addr: (backup) map table full
rename_addr: (backup) map table full
rename_addr: (backup) map table full
rename_addr: (backup) map table full
rename_addr: (backup) map table full
rename_addr: (backup) map table full
rename_addr: (backup) map table full
rename_addr: (backup) map table full
rename_addr: (backup) map table full
rename_addr: (backup) map table full
rename_addr: (backup) map table full
rename_addr: (backup) map table full
rename_addr: (backup) map table full
rename_addr: (backup) map table full
rename_addr: (backup) map table full
rename_addr: (backup) map table full
rename_addr: (backup) map table full
rename_addr: (backup) map table full
rename_addr: (backup) map table full
rename_addr: (backup) map table full
rename_addr: (backup) map table full
rename_addr: (backup) map table full
rename_addr: (backup) map table full
rename_addr: (backup) map table full
rename_addr: (backup) map table full
rename_addr: (backup) map table full
rename_addr: (backup) map table full
rename_addr: (backup) map table full
rename_addr: (backup) map table full
rename_addr: (backup) map table full
rename_addr: (backup) map table full
rename_addr: (backup) map table full
rename_addr: (backup) map table full
rename_addr: (backup) map table full
rename_addr: (backup) map table full
rename_addr: (backup) map table full
rename_addr: (backup) map table full
rename_addr: (backup) map table full
rename_addr: (backup) map table full
rename_addr: (backup) map table full
rename_addr: (backup) map table full
rename_addr: (backup) map table full
rename_addr: (backup) map table full
rename_addr: (backup) map table full
rename_addr: (backup) map table full
rename_addr: (backup) map table full
rename_addr: (backup) map table full
rename_addr: (backup) map table full
rename_addr: (backup) map table full
rename_addr: (backup) map table full
rename_addr: (backup) map table full
rename_addr: (backup) map table full
rename_addr: (backup) map table full
rename_addr: (backup) map table full
rename_addr: (backup) map table full
rename_addr: (backup) map table full
rename_addr: (backup) map table full
rename_addr: (backup) map table full
rename_addr: (backup) map table full
rename_addr: (backup) map table full
rename_addr: (backup) map table full
rename_addr: (backup) map table full
rename_addr: (backup) map table full
rename_addr: (backup) map table full
rename_addr: (backup) map table full
rename_addr: (backup) map table full
rename_addr: (backup) map table full
rename_addr: (backup) map table full
rename_addr: (backup) map table full
rename_addr: (backup) map table full
rename_addr: (backup) map table full
rename_addr: (backup) map table full
rename_addr: (backup) map table full
rename_addr: (backup) map table full
rename_addr: (backup) map table full
rename_addr: (backup) map table full
rename_addr: (backup) map table full
rename_addr: (backup) map table full
rename_addr: (backup) map table full
rename_addr: (backup) map table full
rename_addr: (backup) map table full
rename_addr: (backup) map table full
rename_addr: (backup) map table full
rename_addr: (backup) map table full
rename_addr: (backup) map table full
rename_addr: (backup) map table full
rename_addr: (backup) map table full
rename_addr: (backup) map table full
rename_addr: (backup) map table full
rename_addr: (backup) map table full
rename_addr: (backup) map table full
rename_addr: (backup) map table full
rename_addr: (backup) map table full
rename_addr: (backup) map table full
rename_addr: (backup) map table full
rename_addr: (backup) map table full
rename_addr: (backup) map table full
rename_addr: (backup) map table full
rename_addr: (backup) map table full
rename_addr: (backup) map table full
rename_addr: (backup) map table full
rename_addr: (backup) map table full
rename_addr: (backup) map table full
rename_addr: (backup) map table full
rename_addr: (backup) map table full
rename_addr: (backup) map table full
rename_addr: (backup) map table full
rename_addr: (backup) map table full
rename_addr: (backup) map table full
rename_addr: (backup) map table full
rename_addr: (backup) map table full
rename_addr: (backup) map table full
rename_addr: (backup) map table full
rename_addr: (backup) map table full
rename_addr: (backup) map table full
rename_addr: (backup) map table full
rename_addr: (backup) map table full
rename_addr: (backup) map table full
rename_addr: (backup) map table full
rename_addr: (backup) map table full
rename_addr: (backup) map table full
rename_addr: (backup) map table full
rename_addr: (backup) map table full
rename_addr: (backup) map table full
rename_addr: (backup) map table full
rename_addr: (backup) map table full
rename_addr: (backup) map table full
rename_addr: (backup) map table full
rename_addr: (backup) map table full
rename_addr: (backup) map table full
rename_addr: (backup) map table full
Cycle 2918696: instructions towards forward progress=200000
rename_addr: (backup) map table full
rename_addr: (backup) map table full
rename_addr: (backup) map table full
rename_addr: (backup) map table full
rename_addr: (backup) map table full
rename_addr: (backup) map table full
rename_addr: (backup) map table full
rename_addr: (backup) map table full
rename_addr: (backup) map table full
rename_addr: (backup) map table full
rename_addr: (backup) map table full
rename_addr: (backup) map table full
rename_addr: (backup) map table full
rename_addr: (backup) map table full
rename_addr: (backup) map table full
rename_addr: (backup) map table full
rename_addr: (backup) map table full
rename_addr: (backup) map table full
rename_addr: (backup) map table full
rename_addr: (backup) map table full
rename_addr: (backup) map table full
rename_addr: (backup) map table full
rename_addr: (backup) map table full
rename_addr: (backup) map table full
rename_addr: (backup) map table full
rename_addr: (backup) map table full
rename_addr: (backup) map table full
rename_addr: (backup) map table full
rename_addr: (backup) map table full
rename_addr: (backup) map table full
rename_addr: (backup) map table full
rename_addr: (backup) map table full
rename_addr: (backup) map table full
rename_addr: (backup) map table full
rename_addr: (backup) map table full
rename_addr: (backup) map table full
rename_addr: (backup) map table full
rename_addr: (backup) map table full
rename_addr: (backup) map table full
rename_addr: (backup) map table full
rename_addr: (backup) map table full
rename_addr: (backup) map table full
rename_addr: (backup) map table full
rename_addr: (backup) map table full
rename_addr: (backup) map table full
rename_addr: (backup) map table full
rename_addr: (backup) map table full
rename_addr: (backup) map table full
rename_addr: (backup) map table full
rename_addr: (backup) map table full
rename_addr: (backup) map table full
rename_addr: (backup) map table full
rename_addr: (backup) map table full
rename_addr: (backup) map table full
Cycle 3142212: backup (Spendthrift backup scheme): 1.45849   1936.76
Cycle 3142226: backup (Spendthrift backup scheme): 1.45849   1458.42
Cycle 3142240: backup (Spendthrift backup scheme): 1.45849   1258.09
Cycle 3142254: backup (Spendthrift backup scheme): 1.45849   1057.76
Cycle 3142268: backup (Spendthrift backup scheme): 1.45849   857.431
Cycle 3142286: backup (Spendthrift backup scheme): 1.45849   655.93
Cycle 3142300: backup (Spendthrift backup scheme): 1.45849   455.599
Cycle 3142318: backup (Spendthrift backup scheme): 1.45849   214.383
cycle 3142332: POWER OFF - is_active()
rename_addr: (backup) map table full
rename_addr: (backup) map table full
rename_addr: (backup) map table full
rename_addr: (backup) map table full
rename_addr: (backup) map table full
rename_addr: (backup) map table full
rename_addr: (backup) map table full
rename_addr: (backup) map table full
rename_addr: (backup) map table full
rename_addr: (backup) map table full
rename_addr: (backup) map table full
rename_addr: (backup) map table full
rename_addr: (backup) map table full
rename_addr: (backup) map table full
rename_addr: (backup) map table full
rename_addr: (backup) map table full
rename_addr: (backup) map table full
rename_addr: (backup) map table full
rename_addr: (backup) map table full
rename_addr: (backup) map table full
rename_addr: (backup) map table full
rename_addr: (backup) map table full
rename_addr: (backup) map table full
rename_addr: (backup) map table full
rename_addr: (backup) map table full
rename_addr: (backup) map table full
rename_addr: (backup) map table full
rename_addr: (backup) map table full
rename_addr: (backup) map table full
rename_addr: (backup) map table full
rename_addr: (backup) map table full
rename_addr: (backup) map table full
rename_addr: (backup) map table full
rename_addr: (backup) map table full
rename_addr: (backup) map table full
rename_addr: (backup) map table full
rename_addr: (backup) map table full
rename_addr: (backup) map table full
rename_addr: (backup) map table full
rename_addr: (backup) map table full
rename_addr: (backup) map table full
rename_addr: (backup) map table full
rename_addr: (backup) map table full
rename_addr: (backup) map table full
rename_addr: (backup) map table full
rename_addr: (backup) map table full
rename_addr: (backup) map table full
rename_addr: (backup) map table full
rename_addr: (backup) map table full
rename_addr: (backup) map table full
rename_addr: (backup) map table full
rename_addr: (backup) map table full
rename_addr: (backup) map table full
rename_addr: (backup) map table full
rename_addr: (backup) map table full
rename_addr: (backup) map table full
rename_addr: (backup) map table full
rename_addr: (backup) map table full
rename_addr: (backup) map table full
rename_addr: (backup) map table full
rename_addr: (backup) map table full
rename_addr: (backup) map table full
rename_addr: (backup) map table full
rename_addr: (backup) map table full
rename_addr: (backup) map table full
rename_addr: (backup) map table full
rename_addr: (backup) map table full
rename_addr: (backup) map table full
rename_addr: (backup) map table full
rename_addr: (backup) map table full
rename_addr: (backup) map table full
rename_addr: (backup) map table full
rename_addr: (backup) map table full
rename_addr: (backup) map table full
rename_addr: (backup) map table full
rename_addr: (backup) map table full
rename_addr: (backup) map table full
rename_addr: (backup) map table full
rename_addr: (backup) map table full
rename_addr: (backup) map table full
rename_addr: (backup) map table full
rename_addr: (backup) map table full
rename_addr: (backup) map table full
rename_addr: (backup) map table full
rename_addr: (backup) map table full
rename_addr: (backup) map table full
rename_addr: (backup) map table full
rename_addr: (backup) map table full
rename_addr: (backup) map table full
rename_addr: (backup) map table full
rename_addr: (backup) map table full
rename_addr: (backup) map table full
rename_addr: (backup) map table full
rename_addr: (backup) map table full
rename_addr: (backup) map table full
rename_addr: (backup) map table full
rename_addr: (backup) map table full
rename_addr: (backup) map table full
rename_addr: (backup) map table full
rename_addr: (backup) map table full
rename_addr: (backup) map table full
rename_addr: (backup) map table full
rename_addr: (backup) map table full
rename_addr: (backup) map table full
rename_addr: (backup) map table full
rename_addr: (backup) map table full
rename_addr: (backup) map table full
rename_addr: (backup) map table full
rename_addr: (backup) map table full
rename_addr: (backup) map table full
rename_addr: (backup) map table full
rename_addr: (backup) map table full
rename_addr: (backup) map table full
rename_addr: (backup) map table full
rename_addr: (backup) map table full
rename_addr: (backup) map table full
rename_addr: (backup) map table full
rename_addr: (backup) map table full
rename_addr: (backup) map table full
rename_addr: (backup) map table full
rename_addr: (backup) map table full
rename_addr: (backup) map table full
rename_addr: (backup) map table full
rename_addr: (backup) map table full
rename_addr: (backup) map table full
rename_addr: (backup) map table full
rename_addr: (backup) map table full
rename_addr: (backup) map table full
rename_addr: (backup) map table full
rename_addr: (backup) map table full
rename_addr: (backup) map table full
rename_addr: (backup) map table full
rename_addr: (backup) map table full
rename_addr: (backup) map table full
rename_addr: (backup) map table full
rename_addr: (backup) map table full
rename_addr: (backup) map table full
rename_addr: (backup) map table full
rename_addr: (backup) map table full
rename_addr: (backup) map table full
rename_addr: (backup) map table full
rename_addr: (backup) map table full
rename_addr: (backup) map table full
rename_addr: (backup) map table full
rename_addr: (backup) map table full
rename_addr: (backup) map table full
rename_addr: (backup) map table full
rename_addr: (backup) map table full
rename_addr: (backup) map table full
rename_addr: (backup) map table full
rename_addr: (backup) map table full
rename_addr: (backup) map table full
rename_addr: (backup) map table full
rename_addr: (backup) map table full
rename_addr: (backup) map table full
rename_addr: (backup) map table full
rename_addr: (backup) map table full
rename_addr: (backup) map table full
rename_addr: (backup) map table full
rename_addr: (backup) map table full
rename_addr: (backup) map table full
rename_addr: (backup) map table full
rename_addr: (backup) map table full
rename_addr: (backup) map table full
rename_addr: (backup) map table full
rename_addr: (backup) map table full
rename_addr: (backup) map table full
rename_addr: (backup) map table full
rename_addr: (backup) map table full
rename_addr: (backup) map table full
rename_addr: (backup) map table full
rename_addr: (backup) map table full
rename_addr: (backup) map table full
rename_addr: (backup) map table full
rename_addr: (backup) map table full
rename_addr: (backup) map table full
rename_addr: (backup) map table full
rename_addr: (backup) map table full
rename_addr: (backup) map table full
rename_addr: (backup) map table full
rename_addr: (backup) map table full
rename_addr: (backup) map table full
rename_addr: (backup) map table full
rename_addr: (backup) map table full
rename_addr: (backup) map table full
rename_addr: (backup) map table full
rename_addr: (backup) map table full
rename_addr: (backup) map table full
rename_addr: (backup) map table full
rename_addr: (backup) map table full
rename_addr: (backup) map table full
rename_addr: (backup) map table full
rename_addr: (backup) map table full
rename_addr: (backup) map table full
rename_addr: (backup) map table full
rename_addr: (backup) map table full
rename_addr: (backup) map table full
rename_addr: (backup) map table full
rename_addr: (backup) map table full
rename_addr: (backup) map table full
rename_addr: (backup) map table full
rename_addr: (backup) map table full
rename_addr: (backup) map table full
rename_addr: (backup) map table full
rename_addr: (backup) map table full
rename_addr: (backup) map table full
rename_addr: (backup) map table full
rename_addr: (backup) map table full
rename_addr: (backup) map table full
rename_addr: (backup) map table full
rename_addr: (backup) map table full
rename_addr: (backup) map table full
rename_addr: (backup) map table full
rename_addr: (backup) map table full
rename_addr: (backup) map table full
rename_addr: (backup) map table full
rename_addr: (backup) map table full
rename_addr: (backup) map table full
rename_addr: (backup) map table full
rename_addr: (backup) map table full
rename_addr: (backup) map table full
rename_addr: (backup) map table full
rename_addr: (backup) map table full
rename_addr: (backup) map table full
rename_addr: (backup) map table full
rename_addr: (backup) map table full
Cycle 4091109: backup (Spendthrift backup scheme): 2.1996   1997.58
Cycle 4091123: backup (Spendthrift backup scheme): 2.1996   1757.53
Cycle 4091137: backup (Spendthrift backup scheme): 2.1996   1557.2
Cycle 4091151: backup (Spendthrift backup scheme): 2.1996   1356.87
Cycle 4091165: backup (Spendthrift backup scheme): 2.1996   1156.54
Cycle 4091179: backup (Spendthrift backup scheme): 2.1996   956.209
Cycle 4091193: backup (Spendthrift backup scheme): 2.1996   716.163
Cycle 4091207: backup (Spendthrift backup scheme): 2.1996   515.832
Cycle 4091221: backup (Spendthrift backup scheme): 2.1996   315.501
cycle 4091236: POWER OFF - is_active()
rename_addr: (backup) map table full
rename_addr: (backup) map table full
rename_addr: (backup) map table full
rename_addr: (backup) map table full
rename_addr: (backup) map table full
rename_addr: (backup) map table full
rename_addr: (backup) map table full
rename_addr: (backup) map table full
rename_addr: (backup) map table full
rename_addr: (backup) map table full
rename_addr: (backup) map table full
rename_addr: (backup) map table full
rename_addr: (backup) map table full
rename_addr: (backup) map table full
rename_addr: (backup) map table full
rename_addr: (backup) map table full
rename_addr: (backup) map table full
rename_addr: (backup) map table full
rename_addr: (backup) map table full
rename_addr: (backup) map table full
rename_addr: (backup) map table full
rename_addr: (backup) map table full
rename_addr: (backup) map table full
rename_addr: (backup) map table full
rename_addr: (backup) map table full
rename_addr: (backup) map table full
rename_addr: (backup) map table full
rename_addr: (backup) map table full
rename_addr: (backup) map table full
rename_addr: (backup) map table full
rename_addr: (backup) map table full
rename_addr: (backup) map table full
rename_addr: (backup) map table full
rename_addr: (backup) map table full
rename_addr: (backup) map table full
rename_addr: (backup) map table full
rename_addr: (backup) map table full
rename_addr: (backup) map table full
rename_addr: (backup) map table full
rename_addr: (backup) map table full
rename_addr: (backup) map table full
rename_addr: (backup) map table full
rename_addr: (backup) map table full
rename_addr: (backup) map table full
rename_addr: (backup) map table full
rename_addr: (backup) map table full
rename_addr: (backup) map table full
rename_addr: (backup) map table full
rename_addr: (backup) map table full
rename_addr: (backup) map table full
rename_addr: (backup) map table full
rename_addr: (backup) map table full
rename_addr: (backup) map table full
rename_addr: (backup) map table full
Cycle 4361411: instructions towards forward progress=300000
rename_addr: (backup) map table full
rename_addr: (backup) map table full
rename_addr: (backup) map table full
rename_addr: (backup) map table full
rename_addr: (backup) map table full
rename_addr: (backup) map table full
rename_addr: (backup) map table full
rename_addr: (backup) map table full
rename_addr: (backup) map table full
rename_addr: (backup) map table full
rename_addr: (backup) map table full
rename_addr: (backup) map table full
rename_addr: (backup) map table full
rename_addr: (backup) map table full
rename_addr: (backup) map table full
rename_addr: (backup) map table full
rename_addr: (backup) map table full
rename_addr: (backup) map table full
rename_addr: (backup) map table full
rename_addr: (backup) map table full
rename_addr: (backup) map table full
rename_addr: (backup) map table full
rename_addr: (backup) map table full
rename_addr: (backup) map table full
rename_addr: (backup) map table full
rename_addr: (backup) map table full
rename_addr: (backup) map table full
rename_addr: (backup) map table full
rename_addr: (backup) map table full
rename_addr: (backup) map table full
rename_addr: (backup) map table full
rename_addr: (backup) map table full
rename_addr: (backup) map table full
rename_addr: (backup) map table full
rename_addr: (backup) map table full
rename_addr: (backup) map table full
rename_addr: (backup) map table full
rename_addr: (backup) map table full
rename_addr: (backup) map table full
rename_addr: (backup) map table full
rename_addr: (backup) map table full
rename_addr: (backup) map table full
rename_addr: (backup) map table full
rename_addr: (backup) map table full
rename_addr: (backup) map table full
rename_addr: (backup) map table full
rename_addr: (backup) map table full
rename_addr: (backup) map table full
rename_addr: (backup) map table full
rename_addr: (backup) map table full
rename_addr: (backup) map table full
rename_addr: (backup) map table full
rename_addr: (backup) map table full
rename_addr: (backup) map table full
rename_addr: (backup) map table full
rename_addr: (backup) map table full
rename_addr: (backup) map table full
rename_addr: (backup) map table full
rename_addr: (backup) map table full
rename_addr: (backup) map table full
rename_addr: (backup) map table full
rename_addr: (backup) map table full
rename_addr: (backup) map table full
rename_addr: (backup) map table full
rename_addr: (backup) map table full
rename_addr: (backup) map table full
rename_addr: (backup) map table full
rename_addr: (backup) map table full
rename_addr: (backup) map table full
rename_addr: (backup) map table full
rename_addr: (backup) map table full
rename_addr: (backup) map table full
rename_addr: (backup) map table full
rename_addr: (backup) map table full
rename_addr: (backup) map table full
rename_addr: (backup) map table full
rename_addr: (backup) map table full
rename_addr: (backup) map table full
rename_addr: (backup) map table full
rename_addr: (backup) map table full
rename_addr: (backup) map table full
rename_addr: (backup) map table full
rename_addr: (backup) map table full
rename_addr: (backup) map table full
rename_addr: (backup) map table full
rename_addr: (backup) map table full
rename_addr: (backup) map table full
rename_addr: (backup) map table full
rename_addr: (backup) map table full
rename_addr: (backup) map table full
rename_addr: (backup) map table full
rename_addr: (backup) map table full
rename_addr: (backup) map table full
rename_addr: (backup) map table full
rename_addr: (backup) map table full
rename_addr: (backup) map table full
rename_addr: (backup) map table full
rename_addr: (backup) map table full
rename_addr: (backup) map table full
rename_addr: (backup) map table full
rename_addr: (backup) map table full
rename_addr: (backup) map table full
rename_addr: (backup) map table full
rename_addr: (backup) map table full
rename_addr: (backup) map table full
rename_addr: (backup) map table full
rename_addr: (backup) map table full
rename_addr: (backup) map table full
rename_addr: (backup) map table full
rename_addr: (backup) map table full
rename_addr: (backup) map table full
rename_addr: (backup) map table full
rename_addr: (backup) map table full
rename_addr: (backup) map table full
rename_addr: (backup) map table full
rename_addr: (backup) map table full
rename_addr: (backup) map table full
rename_addr: (backup) map table full
rename_addr: (backup) map table full
rename_addr: (backup) map table full
rename_addr: (backup) map table full
rename_addr: (backup) map table full
rename_addr: (backup) map table full
rename_addr: (backup) map table full
rename_addr: (backup) map table full
rename_addr: (backup) map table full
rename_addr: (backup) map table full
rename_addr: (backup) map table full
rename_addr: (backup) map table full
rename_addr: (backup) map table full
rename_addr: (backup) map table full
rename_addr: (backup) map table full
rename_addr: (backup) map table full
rename_addr: (backup) map table full
rename_addr: (backup) map table full
rename_addr: (backup) map table full
rename_addr: (backup) map table full
rename_addr: (backup) map table full
rename_addr: (backup) map table full
rename_addr: (backup) map table full
Cycle 5375885: backup (Spendthrift backup scheme): 4.56414   1961.54
Cycle 5375899: backup (Spendthrift backup scheme): 4.56414   1761.21
Cycle 5375913: backup (Spendthrift backup scheme): 4.56414   1521.17
Cycle 5375927: backup (Spendthrift backup scheme): 4.56414   1320.83
Cycle 5375942: backup (Spendthrift backup scheme): 4.56414   1120.21
Cycle 5375956: backup (Spendthrift backup scheme): 4.56414   919.881
Cycle 5375970: backup (Spendthrift backup scheme): 4.56414   719.55
Cycle 5375984: backup (Spendthrift backup scheme): 4.56414   479.504
Cycle 5375998: backup (Spendthrift backup scheme): 4.56414   279.173
cycle 5376012: POWER OFF - is_active()
rename_addr: (backup) map table full
rename_addr: (backup) map table full
rename_addr: (backup) map table full
rename_addr: (backup) map table full
rename_addr: (backup) map table full
rename_addr: (backup) map table full
rename_addr: (backup) map table full
rename_addr: (backup) map table full
rename_addr: (backup) map table full
rename_addr: (backup) map table full
rename_addr: (backup) map table full
rename_addr: (backup) map table full
rename_addr: (backup) map table full
rename_addr: (backup) map table full
rename_addr: (backup) map table full
rename_addr: (backup) map table full
rename_addr: (backup) map table full
rename_addr: (backup) map table full
rename_addr: (backup) map table full
rename_addr: (backup) map table full
rename_addr: (backup) map table full
rename_addr: (backup) map table full
rename_addr: (backup) map table full
rename_addr: (backup) map table full
rename_addr: (backup) map table full
rename_addr: (backup) map table full
rename_addr: (backup) map table full
rename_addr: (backup) map table full
rename_addr: (backup) map table full
rename_addr: (backup) map table full
rename_addr: (backup) map table full
Cycle 5781510: instructions towards forward progress=400000
rename_addr: (backup) map table full
rename_addr: (backup) map table full
rename_addr: (backup) map table full
rename_addr: (backup) map table full
rename_addr: (backup) map table full
rename_addr: (backup) map table full
rename_addr: (backup) map table full
rename_addr: (backup) map table full
rename_addr: (backup) map table full
rename_addr: (backup) map table full
rename_addr: (backup) map table full
rename_addr: (backup) map table full
rename_addr: (backup) map table full
rename_addr: (backup) map table full
rename_addr: (backup) map table full
rename_addr: (backup) map table full
rename_addr: (backup) map table full
rename_addr: (backup) map table full
rename_addr: (backup) map table full
rename_addr: (backup) map table full
rename_addr: (backup) map table full
rename_addr: (backup) map table full
rename_addr: (backup) map table full
rename_addr: (backup) map table full
rename_addr: (backup) map table full
rename_addr: (backup) map table full
rename_addr: (backup) map table full
rename_addr: (backup) map table full
rename_addr: (backup) map table full
rename_addr: (backup) map table full
rename_addr: (backup) map table full
rename_addr: (backup) map table full
rename_addr: (backup) map table full
rename_addr: (backup) map table full
rename_addr: (backup) map table full
rename_addr: (backup) map table full
rename_addr: (backup) map table full
rename_addr: (backup) map table full
rename_addr: (backup) map table full
rename_addr: (backup) map table full
rename_addr: (backup) map table full
rename_addr: (backup) map table full
rename_addr: (backup) map table full
rename_addr: (backup) map table full
rename_addr: (backup) map table full
rename_addr: (backup) map table full
rename_addr: (backup) map table full
rename_addr: (backup) map table full
rename_addr: (backup) map table full
rename_addr: (backup) map table full
rename_addr: (backup) map table full
rename_addr: (backup) map table full
rename_addr: (backup) map table full
rename_addr: (backup) map table full
rename_addr: (backup) map table full
rename_addr: (backup) map table full
rename_addr: (backup) map table full
rename_addr: (backup) map table full
rename_addr: (backup) map table full
rename_addr: (backup) map table full
rename_addr: (backup) map table full
rename_addr: (backup) map table full
rename_addr: (backup) map table full
rename_addr: (backup) map table full
rename_addr: (backup) map table full
rename_addr: (backup) map table full
rename_addr: (backup) map table full
rename_addr: (backup) map table full
rename_addr: (backup) map table full
rename_addr: (backup) map table full
rename_addr: (backup) map table full
rename_addr: (backup) map table full
rename_addr: (backup) map table full
rename_addr: (backup) map table full
rename_addr: (backup) map table full
rename_addr: (backup) map table full
rename_addr: (backup) map table full
rename_addr: (backup) map table full
rename_addr: (backup) map table full
rename_addr: (backup) map table full
rename_addr: (backup) map table full
rename_addr: (backup) map table full
Cycle 6891284: backup (Spendthrift backup scheme): 2.72161   2040.48
Cycle 6891298: backup (Spendthrift backup scheme): 2.72161   1681.29
Cycle 6891312: backup (Spendthrift backup scheme): 2.72161   1480.96
Cycle 6891327: backup (Spendthrift backup scheme): 2.72161   1280.34
Cycle 6891341: backup (Spendthrift backup scheme): 2.72161   1080
Cycle 6891355: backup (Spendthrift backup scheme): 2.72161   879.674
Cycle 6891369: backup (Spendthrift backup scheme): 2.72161   679.343
Cycle 6891383: backup (Spendthrift backup scheme): 2.72161   479.012
Cycle 6891397: backup (Spendthrift backup scheme): 2.72161   278.681
cycle 6891411: POWER OFF - is_active()
rename_addr: (backup) map table full
rename_addr: (backup) map table full
rename_addr: (backup) map table full
rename_addr: (backup) map table full
rename_addr: (backup) map table full
rename_addr: (backup) map table full
rename_addr: (backup) map table full
rename_addr: (backup) map table full
rename_addr: (backup) map table full
rename_addr: (backup) map table full
rename_addr: (backup) map table full
rename_addr: (backup) map table full
rename_addr: (backup) map table full
rename_addr: (backup) map table full
rename_addr: (backup) map table full
rename_addr: (backup) map table full
rename_addr: (backup) map table full
rename_addr: (backup) map table full
rename_addr: (backup) map table full
rename_addr: (backup) map table full
rename_addr: (backup) map table full
rename_addr: (backup) map table full
rename_addr: (backup) map table full
rename_addr: (backup) map table full
rename_addr: (backup) map table full
rename_addr: (backup) map table full
rename_addr: (backup) map table full
rename_addr: (backup) map table full
rename_addr: (backup) map table full
rename_addr: (backup) map table full
rename_addr: (backup) map table full
rename_addr: (backup) map table full
rename_addr: (backup) map table full
rename_addr: (backup) map table full
rename_addr: (backup) map table full
rename_addr: (backup) map table full
rename_addr: (backup) map table full
rename_addr: (backup) map table full
Cycle 7207873: instructions towards forward progress=500000
rename_addr: (backup) map table full
rename_addr: (backup) map table full
rename_addr: (backup) map table full
rename_addr: (backup) map table full
rename_addr: (backup) map table full
rename_addr: (backup) map table full
rename_addr: (backup) map table full
rename_addr: (backup) map table full
rename_addr: (backup) map table full
rename_addr: (backup) map table full
rename_addr: (backup) map table full
rename_addr: (backup) map table full
rename_addr: (backup) map table full
rename_addr: (backup) map table full
rename_addr: (backup) map table full
rename_addr: (backup) map table full
rename_addr: (backup) map table full
rename_addr: (backup) map table full
rename_addr: (backup) map table full
rename_addr: (backup) map table full
rename_addr: (backup) map table full
rename_addr: (backup) map table full
rename_addr: (backup) map table full
rename_addr: (backup) map table full
rename_addr: (backup) map table full
rename_addr: (backup) map table full
rename_addr: (backup) map table full
rename_addr: (backup) map table full
rename_addr: (backup) map table full
rename_addr: (backup) map table full
rename_addr: (backup) map table full
rename_addr: (backup) map table full
rename_addr: (backup) map table full
rename_addr: (backup) map table full
rename_addr: (backup) map table full
rename_addr: (backup) map table full
rename_addr: (backup) map table full
rename_addr: (backup) map table full
rename_addr: (backup) map table full
rename_addr: (backup) map table full
rename_addr: (backup) map table full
rename_addr: (backup) map table full
rename_addr: (backup) map table full
rename_addr: (backup) map table full
rename_addr: (backup) map table full
rename_addr: (backup) map table full
rename_addr: (backup) map table full
rename_addr: (backup) map table full
rename_addr: (backup) map table full
rename_addr: (backup) map table full
rename_addr: (backup) map table full
rename_addr: (backup) map table full
rename_addr: (backup) map table full
rename_addr: (backup) map table full
rename_addr: (backup) map table full
rename_addr: (backup) map table full
rename_addr: (backup) map table full
rename_addr: (backup) map table full
rename_addr: (backup) map table full
rename_addr: (backup) map table full
rename_addr: (backup) map table full
rename_addr: (backup) map table full
rename_addr: (backup) map table full
rename_addr: (backup) map table full
rename_addr: (backup) map table full
rename_addr: (backup) map table full
rename_addr: (backup) map table full
rename_addr: (backup) map table full
rename_addr: (backup) map table full
rename_addr: (backup) map table full
rename_addr: (backup) map table full
rename_addr: (backup) map table full
rename_addr: (backup) map table full
rename_addr: (backup) map table full
rename_addr: (backup) map table full
rename_addr: (backup) map table full
rename_addr: (backup) map table full
rename_addr: (backup) map table full
rename_addr: (backup) map table full
rename_addr: (backup) map table full
rename_addr: (backup) map table full
rename_addr: (backup) map table full
rename_addr: (backup) map table full
rename_addr: (backup) map table full
rename_addr: (backup) map table full
rename_addr: (backup) map table full
rename_addr: (backup) map table full
rename_addr: (backup) map table full
rename_addr: (backup) map table full
rename_addr: (backup) map table full
rename_addr: (backup) map table full
rename_addr: (backup) map table full
rename_addr: (backup) map table full
rename_addr: (backup) map table full
rename_addr: (backup) map table full
rename_addr: (backup) map table full
rename_addr: (backup) map table full
rename_addr: (backup) map table full
rename_addr: (backup) map table full
rename_addr: (backup) map table full
rename_addr: (backup) map table full
rename_addr: (backup) map table full
rename_addr: (backup) map table full
rename_addr: (backup) map table full
rename_addr: (backup) map table full
rename_addr: (backup) map table full
rename_addr: (backup) map table full
rename_addr: (backup) map table full
rename_addr: (backup) map table full
rename_addr: (backup) map table full
rename_addr: (backup) map table full
rename_addr: (backup) map table full
rename_addr: (backup) map table full
rename_addr: (backup) map table full
rename_addr: (backup) map table full
rename_addr: (backup) map table full
rename_addr: (backup) map table full
rename_addr: (backup) map table full
rename_addr: (backup) map table full
rename_addr: (backup) map table full
rename_addr: (backup) map table full
rename_addr: (backup) map table full
rename_addr: (backup) map table full
rename_addr: (backup) map table full
rename_addr: (backup) map table full
rename_addr: (backup) map table full
rename_addr: (backup) map table full
rename_addr: (backup) map table full
Cycle 8248351: backup (Spendthrift backup scheme): 3.11827   2073.75
Cycle 8248365: backup (Spendthrift backup scheme): 3.11827   1873.42
Cycle 8248383: backup (Spendthrift backup scheme): 3.11827   1671.92
Cycle 8248397: backup (Spendthrift backup scheme): 3.11827   1471.59
Cycle 8248412: backup (Spendthrift backup scheme): 3.11827   1270.96
Cycle 8248426: backup (Spendthrift backup scheme): 3.11827   1070.63
Cycle 8248440: backup (Spendthrift backup scheme): 3.11827   870.302
Cycle 8248454: backup (Spendthrift backup scheme): 3.11827   669.971
Cycle 8248468: backup (Spendthrift backup scheme): 3.11827   469.64
Cycle 8248482: backup (Spendthrift backup scheme): 3.11827   269.309
cycle 8248500: POWER OFF - is_active()
Cycle 8639255: instructions towards forward progress=600000
rename_addr: (backup) map table full
rename_addr: (backup) map table full
done
CPU instructions executed: 603330
CPU instructions executed towards forward progress: 603319
Number of true positives: 724
Number of false positives: 624
Number of times renamed: 794
Number of times reclaimed: 232
CPU time (cycles): 8688159
Total time (ns): 664506784002374
Energy harvested (J): 0.00337388
Energy remaining (J): 0.00021204
