000 (5664200.015.000) 2020-03-28 16:07:36 Job submitted from host: <128.104.101.92:9618?addrs=128.104.101.92-9618+[2607-f388-107c-501-a236-9fff-fe3c-caa8]-9618&alias=submit2.chtc.wisc.edu&noUDP&sock=schedd_3841921_d3c3>
...
040 (5664200.015.000) 2020-03-28 16:16:18 Started transferring input files
	Transferring to host: <128.105.245.30:9618?addrs=128.105.245.30-9618&alias=e230.chtc.wisc.edu&noUDP&sock=slot1_7_16304_6490_18241>
...
040 (5664200.015.000) 2020-03-28 16:16:22 Finished transferring input files
...
001 (5664200.015.000) 2020-03-28 16:16:22 Job executing on host: <128.105.245.30:9618?addrs=128.105.245.30-9618&alias=e230.chtc.wisc.edu&noUDP&sock=startd_4472_ff9e>
...
006 (5664200.015.000) 2020-03-28 16:16:31 Image size of job updated: 1
	0  -  MemoryUsage of job (MB)
	384  -  ResidentSetSize of job (KB)
...
040 (5664200.015.000) 2020-03-28 16:16:36 Started transferring output files
...
040 (5664200.015.000) 2020-03-28 16:16:36 Finished transferring output files
...
005 (5664200.015.000) 2020-03-28 16:16:36 Job terminated.
	(1) Normal termination (return value 1)
		Usr 0 00:00:05, Sys 0 00:00:02  -  Run Remote Usage
		Usr 0 00:00:00, Sys 0 00:00:00  -  Run Local Usage
		Usr 0 00:00:05, Sys 0 00:00:02  -  Total Remote Usage
		Usr 0 00:00:00, Sys 0 00:00:00  -  Total Local Usage
	119735  -  Run Bytes Sent By Job
	208763056  -  Run Bytes Received By Job
	119735  -  Total Bytes Sent By Job
	208763056  -  Total Bytes Received By Job
	Partitionable Resources :     Usage  Request Allocated 
	   Cpus                 :      0.02        1         1 
	   Disk (KB)            : 919308     4194304   5449847 
	   IoHeavy              :                            0 
	   Memory (MB)          :      0        4096      4096 

	Job terminated of its own accord at 2020-03-28T21:16:36Z.
...
