000 (5664214.015.000) 2020-03-28 19:52:42 Job submitted from host: <128.104.101.92:9618?addrs=128.104.101.92-9618+[2607-f388-107c-501-a236-9fff-fe3c-caa8]-9618&alias=submit2.chtc.wisc.edu&noUDP&sock=schedd_3841921_d3c3>
...
040 (5664214.015.000) 2020-03-28 19:53:31 Started transferring input files
	Transferring to host: <128.105.245.122:9618?addrs=128.105.245.122-9618&alias=e322.chtc.wisc.edu&noUDP&sock=starter_19969_b785_72040>
...
040 (5664214.015.000) 2020-03-28 19:53:35 Finished transferring input files
...
001 (5664214.015.000) 2020-03-28 19:53:35 Job executing on host: <128.105.245.122:9618?addrs=128.105.245.122-9618&alias=e322.chtc.wisc.edu&noUDP&sock=startd_19845_990c_3>
...
006 (5664214.015.000) 2020-03-28 19:53:44 Image size of job updated: 1
	0  -  MemoryUsage of job (MB)
	376  -  ResidentSetSize of job (KB)
...
006 (5664214.015.000) 2020-03-28 19:54:59 Image size of job updated: 92
	92  -  MemoryUsage of job (MB)
	95120  -  ResidentSetSize of job (KB)
...
040 (5664214.015.000) 2020-03-28 19:54:59 Started transferring output files
...
040 (5664214.015.000) 2020-03-28 19:54:59 Finished transferring output files
...
005 (5664214.015.000) 2020-03-28 19:55:00 Job terminated.
	(1) Normal termination (return value 0)
		Usr 0 00:00:49, Sys 0 00:00:01  -  Run Remote Usage
		Usr 0 00:00:00, Sys 0 00:00:00  -  Run Local Usage
		Usr 0 00:00:49, Sys 0 00:00:01  -  Total Remote Usage
		Usr 0 00:00:00, Sys 0 00:00:00  -  Total Local Usage
	119327  -  Run Bytes Sent By Job
	208763776  -  Run Bytes Received By Job
	119327  -  Total Bytes Sent By Job
	208763776  -  Total Bytes Received By Job
	Partitionable Resources :     Usage  Request Allocated 
	   Cpus                 :      0.08        1         1 
	   Disk (KB)            : 919388     4194304   4658917 
	   IoHeavy              :                            0 
	   Memory (MB)          :     92        4096      4096 

	Job terminated of its own accord at 2020-03-29T00:54:59Z.
...
