000 (5664231.003.000) 2020-03-29 04:06:12 Job submitted from host: <128.104.101.92:9618?addrs=128.104.101.92-9618+[2607-f388-107c-501-a236-9fff-fe3c-caa8]-9618&alias=submit2.chtc.wisc.edu&noUDP&sock=schedd_3841921_d3c3>
...
040 (5664231.003.000) 2020-03-29 04:07:18 Started transferring input files
	Transferring to host: <128.105.245.127:9618?addrs=128.105.245.127-9618&alias=e327.chtc.wisc.edu&noUDP&sock=starter_1278_376d_93140>
...
040 (5664231.003.000) 2020-03-29 04:07:21 Finished transferring input files
...
001 (5664231.003.000) 2020-03-29 04:07:21 Job executing on host: <128.105.245.127:9618?addrs=128.105.245.127-9618&alias=e327.chtc.wisc.edu&noUDP&sock=startd_2637_5754_3>
...
006 (5664231.003.000) 2020-03-29 04:12:33 Image size of job updated: 95
	95  -  MemoryUsage of job (MB)
	97872  -  ResidentSetSize of job (KB)
...
006 (5664231.003.000) 2020-03-29 04:27:34 Image size of job updated: 95
	95  -  MemoryUsage of job (MB)
	97968  -  ResidentSetSize of job (KB)
...
040 (5664231.003.000) 2020-03-29 06:22:43 Started transferring output files
...
040 (5664231.003.000) 2020-03-29 06:22:43 Finished transferring output files
...
005 (5664231.003.000) 2020-03-29 06:22:43 Job terminated.
	(1) Normal termination (return value 0)
		Usr 0 02:14:26, Sys 0 00:00:03  -  Run Remote Usage
		Usr 0 00:00:00, Sys 0 00:00:00  -  Run Local Usage
		Usr 0 02:14:26, Sys 0 00:00:03  -  Total Remote Usage
		Usr 0 00:00:00, Sys 0 00:00:00  -  Total Local Usage
	319580  -  Run Bytes Sent By Job
	208785120  -  Run Bytes Received By Job
	319580  -  Total Bytes Sent By Job
	208785120  -  Total Bytes Received By Job
	Partitionable Resources :    Usage  Request Allocated 
	   Cpus                 :        0        1         1 
	   Disk (KB)            :   919605  4194304   4693983 
	   IoHeavy              :                           0 
	   Memory (MB)          :       95     4096      4096 

	Job terminated of its own accord at 2020-03-29T11:22:43Z.
...
