000 (5664199.019.000) 2020-03-28 16:07:29 Job submitted from host: <128.104.101.92:9618?addrs=128.104.101.92-9618+[2607-f388-107c-501-a236-9fff-fe3c-caa8]-9618&alias=submit2.chtc.wisc.edu&noUDP&sock=schedd_3841921_d3c3>
...
040 (5664199.019.000) 2020-03-28 16:13:42 Started transferring input files
	Transferring to host: <128.105.245.90:9618?addrs=128.105.245.90-9618&alias=e290.chtc.wisc.edu&noUDP&sock=starter_28545_48e2_89516>
...
040 (5664199.019.000) 2020-03-28 16:13:46 Finished transferring input files
...
001 (5664199.019.000) 2020-03-28 16:13:46 Job executing on host: <128.105.245.90:9618?addrs=128.105.245.90-9618&alias=e290.chtc.wisc.edu&noUDP&sock=startd_7195_c001_3>
...
006 (5664199.019.000) 2020-03-28 16:19:07 Image size of job updated: 95
	95  -  MemoryUsage of job (MB)
	97776  -  ResidentSetSize of job (KB)
...
006 (5664199.019.000) 2020-03-28 18:44:22 Image size of job updated: 95
	95  -  MemoryUsage of job (MB)
	97864  -  ResidentSetSize of job (KB)
...
040 (5664199.019.000) 2020-03-28 19:15:32 Started transferring output files
...
040 (5664199.019.000) 2020-03-28 19:15:33 Finished transferring output files
...
005 (5664199.019.000) 2020-03-28 19:15:33 Job terminated.
	(1) Normal termination (return value 0)
		Usr 0 03:00:42, Sys 0 00:00:04  -  Run Remote Usage
		Usr 0 00:00:00, Sys 0 00:00:00  -  Run Local Usage
		Usr 0 03:00:42, Sys 0 00:00:04  -  Total Remote Usage
		Usr 0 00:00:00, Sys 0 00:00:00  -  Total Local Usage
	176803  -  Run Bytes Sent By Job
	212047504  -  Run Bytes Received By Job
	176803  -  Total Bytes Sent By Job
	212047504  -  Total Bytes Received By Job
	Partitionable Resources :     Usage  Request Allocated 
	   Cpus                 :      0.00        1         1 
	   Disk (KB)            : 922572     4194304   4362327 
	   IoHeavy              :                            0 
	   Memory (MB)          :     95        4096      4096 

	Job terminated of its own accord at 2020-03-29T00:15:32Z.
...
