000 (5664213.019.000) 2020-03-28 19:39:18 Job submitted from host: <128.104.101.92:9618?addrs=128.104.101.92-9618+[2607-f388-107c-501-a236-9fff-fe3c-caa8]-9618&alias=submit2.chtc.wisc.edu&noUDP&sock=schedd_3841921_d3c3>
...
040 (5664213.019.000) 2020-03-28 19:40:28 Started transferring input files
	Transferring to host: <128.105.245.126:9618?addrs=128.105.245.126-9618&alias=e326.chtc.wisc.edu&noUDP&sock=starter_5210_aa8d_89152>
...
040 (5664213.019.000) 2020-03-28 19:40:39 Finished transferring input files
...
001 (5664213.019.000) 2020-03-28 19:40:39 Job executing on host: <128.105.245.126:9618?addrs=128.105.245.126-9618&alias=e326.chtc.wisc.edu&noUDP&sock=startd_5000_299f_3>
...
040 (5664213.019.000) 2020-03-28 19:42:35 Started transferring output files
...
040 (5664213.019.000) 2020-03-28 19:42:35 Finished transferring output files
...
005 (5664213.019.000) 2020-03-28 19:42:38 Job terminated.
	(1) Normal termination (return value 1)
		Usr 0 00:00:00, Sys 0 00:00:00  -  Run Remote Usage
		Usr 0 00:00:00, Sys 0 00:00:00  -  Run Local Usage
		Usr 0 00:00:00, Sys 0 00:00:00  -  Total Remote Usage
		Usr 0 00:00:00, Sys 0 00:00:00  -  Total Local Usage
	119737  -  Run Bytes Sent By Job
	212047872  -  Run Bytes Received By Job
	119737  -  Total Bytes Sent By Job
	212047872  -  Total Bytes Received By Job
	Partitionable Resources :     Usage  Request Allocated 
	   Cpus                 :      0.01        1         1 
	   Disk (KB)            : 922596     4194304   4641342 
	   IoHeavy              :                            0 
	   Memory (MB)          :               4096      4096 

	Job terminated of its own accord at 2020-03-29T00:42:35Z.
...
