000 (5664214.019.000) 2020-03-28 19:52:42 Job submitted from host: <128.104.101.92:9618?addrs=128.104.101.92-9618+[2607-f388-107c-501-a236-9fff-fe3c-caa8]-9618&alias=submit2.chtc.wisc.edu&noUDP&sock=schedd_3841921_d3c3>
...
040 (5664214.019.000) 2020-03-28 19:53:31 Started transferring input files
	Transferring to host: <128.105.245.98:9618?addrs=128.105.245.98-9618&alias=e298.chtc.wisc.edu&noUDP&sock=starter_14144_7a38_88309>
...
040 (5664214.019.000) 2020-03-28 19:53:34 Finished transferring input files
...
001 (5664214.019.000) 2020-03-28 19:53:34 Job executing on host: <128.105.245.98:9618?addrs=128.105.245.98-9618&alias=e298.chtc.wisc.edu&noUDP&sock=startd_10831_be5c_3>
...
006 (5664214.019.000) 2020-03-28 19:53:45 Image size of job updated: 1
	0  -  MemoryUsage of job (MB)
	428  -  ResidentSetSize of job (KB)
...
006 (5664214.019.000) 2020-03-28 19:58:45 Image size of job updated: 95
	95  -  MemoryUsage of job (MB)
	97624  -  ResidentSetSize of job (KB)
...
040 (5664214.019.000) 2020-03-28 21:38:06 Started transferring output files
...
040 (5664214.019.000) 2020-03-28 21:38:06 Finished transferring output files
...
005 (5664214.019.000) 2020-03-28 21:38:10 Job terminated.
	(1) Normal termination (return value 0)
		Usr 0 01:44:02, Sys 0 00:00:02  -  Run Remote Usage
		Usr 0 00:00:00, Sys 0 00:00:00  -  Run Local Usage
		Usr 0 01:44:02, Sys 0 00:00:02  -  Total Remote Usage
		Usr 0 00:00:00, Sys 0 00:00:00  -  Total Local Usage
	164797  -  Run Bytes Sent By Job
	212047888  -  Run Bytes Received By Job
	164797  -  Total Bytes Sent By Job
	212047888  -  Total Bytes Received By Job
	Partitionable Resources :     Usage  Request Allocated 
	   Cpus                 :      0.00        1         1 
	   Disk (KB)            : 922642     4194304   4654501 
	   IoHeavy              :                            0 
	   Memory (MB)          :     95        4096      4096 

	Job terminated of its own accord at 2020-03-29T02:38:06Z.
...
