000 (5664231.008.000) 2020-03-29 04:06:12 Job submitted from host: <128.104.101.92:9618?addrs=128.104.101.92-9618+[2607-f388-107c-501-a236-9fff-fe3c-caa8]-9618&alias=submit2.chtc.wisc.edu&noUDP&sock=schedd_3841921_d3c3>
...
040 (5664231.008.000) 2020-03-29 04:07:20 Started transferring input files
	Transferring to host: <128.104.58.166:9618?addrs=128.104.58.166-9618+[2607-f388-1086-0-16fe-b5ff-fec6-6f2e]-9618&alias=e1018.chtc.wisc.edu&noUDP&sock=starter_47594_0748_87073>
...
040 (5664231.008.000) 2020-03-29 04:07:23 Finished transferring input files
...
001 (5664231.008.000) 2020-03-29 04:07:23 Job executing on host: <128.104.58.166:9618?addrs=128.104.58.166-9618+[2607-f388-1086-0-16fe-b5ff-fec6-6f2e]-9618&alias=e1018.chtc.wisc.edu&noUDP&sock=startd_8122_984c_3>
...
006 (5664231.008.000) 2020-03-29 04:12:35 Image size of job updated: 95
	95  -  MemoryUsage of job (MB)
	98048  -  ResidentSetSize of job (KB)
...
040 (5664231.008.000) 2020-03-29 06:24:48 Started transferring output files
...
040 (5664231.008.000) 2020-03-29 06:24:48 Finished transferring output files
...
005 (5664231.008.000) 2020-03-29 06:24:50 Job terminated.
	(1) Normal termination (return value 0)
		Usr 0 02:15:39, Sys 0 00:00:03  -  Run Remote Usage
		Usr 0 00:00:00, Sys 0 00:00:00  -  Run Local Usage
		Usr 0 02:15:39, Sys 0 00:00:03  -  Total Remote Usage
		Usr 0 00:00:00, Sys 0 00:00:00  -  Total Local Usage
	697643  -  Run Bytes Sent By Job
	208779840  -  Run Bytes Received By Job
	697643  -  Total Bytes Sent By Job
	208779840  -  Total Bytes Received By Job
	Partitionable Resources :    Usage  Request Allocated 
	   Cpus                 :        0        1         1 
	   Disk (KB)            :  1014931  4194304   4641386 
	   IoHeavy              :                           0 
	   Memory (MB)          :       95     4096      4096 

	Job terminated of its own accord at 2020-03-29T11:24:48Z.
...
