Working dir : /var/lib/condor/execute/slot1/dir_8655
Cycle 0: instructions towards forward progress=0
Cycle 1433273: instructions towards forward progress=100000
Cycle 2159032: backup (Spendthrift backup scheme): 3.19705   2080.14
Cycle 2159046: backup (Spendthrift backup scheme): 3.19705   1681.23
Cycle 2159060: backup (Spendthrift backup scheme): 3.19705   1480.9
Cycle 2159075: backup (Spendthrift backup scheme): 3.19705   1280.28
Cycle 2159089: backup (Spendthrift backup scheme): 3.19705   1079.95
Cycle 2159103: backup (Spendthrift backup scheme): 3.19705   879.619
Cycle 2159117: backup (Spendthrift backup scheme): 3.19705   679.288
Cycle 2159132: backup (Spendthrift backup scheme): 3.19705   478.664
Cycle 2159146: backup (Spendthrift backup scheme): 3.19705   278.333
cycle 2159160: POWER OFF - is_active()
Cycle 2865625: instructions towards forward progress=200000
Cycle 4297882: instructions towards forward progress=300000
Cycle 4321453: backup (Spendthrift backup scheme): 0.602682   1867.18
Cycle 4321468: backup (Spendthrift backup scheme): 0.602682   1666.55
Cycle 4321482: backup (Spendthrift backup scheme): 0.602682   1466.22
Cycle 4321496: backup (Spendthrift backup scheme): 0.602682   1265.89
Cycle 4321510: backup (Spendthrift backup scheme): 0.602682   1065.56
Cycle 4321525: backup (Spendthrift backup scheme): 0.602682   864.938
Cycle 4321539: backup (Spendthrift backup scheme): 0.602682   664.607
Cycle 4321553: backup (Spendthrift backup scheme): 0.602682   464.276
Cycle 4321567: backup (Spendthrift backup scheme): 0.602682   263.945
cycle 4321582: POWER OFF - is_active()
Cycle 5729748: instructions towards forward progress=400000
Cycle 6483147: backup (Spendthrift backup scheme): 3.46789   2102.27
Cycle 6483161: backup (Spendthrift backup scheme): 3.46789   1901.94
Cycle 6483175: backup (Spendthrift backup scheme): 3.46789   1701.61
Cycle 6483189: backup (Spendthrift backup scheme): 3.46789   1501.28
Cycle 6483203: backup (Spendthrift backup scheme): 3.46789   1300.94
Cycle 6483217: backup (Spendthrift backup scheme): 3.46789   1100.61
Cycle 6483232: backup (Spendthrift backup scheme): 3.46789   899.99
Cycle 6483246: backup (Spendthrift backup scheme): 3.46789   699.659
Cycle 6483260: backup (Spendthrift backup scheme): 3.46789   499.328
Cycle 6483274: backup (Spendthrift backup scheme): 3.46789   298.998
cycle 6483289: POWER OFF - is_active()
Cycle 7161680: instructions towards forward progress=500000
Cycle 8593680: instructions towards forward progress=600000
Cycle 8643624: backup (Spendthrift backup scheme): 3.70167   2120.52
Cycle 8643638: backup (Spendthrift backup scheme): 3.70167   1920.19
Cycle 8643653: backup (Spendthrift backup scheme): 3.70167   1719.57
Cycle 8643667: backup (Spendthrift backup scheme): 3.70167   1519.24
Cycle 8643681: backup (Spendthrift backup scheme): 3.70167   1318.9
Cycle 8643695: backup (Spendthrift backup scheme): 3.70167   1118.57
Cycle 8643710: backup (Spendthrift backup scheme): 3.70167   917.95
Cycle 8643724: backup (Spendthrift backup scheme): 3.70167   717.619
Cycle 8643738: backup (Spendthrift backup scheme): 3.70167   517.288
Cycle 8643752: backup (Spendthrift backup scheme): 3.70167   316.957
cycle 8643767: POWER OFF - is_active()
Cycle 10025234: instructions towards forward progress=700000
Cycle 10805108: backup (Spendthrift backup scheme): 3.8362   2132.44
Cycle 10805126: backup (Spendthrift backup scheme): 3.8362   1930.94
Cycle 10805140: backup (Spendthrift backup scheme): 3.8362   1730.6
Cycle 10805155: backup (Spendthrift backup scheme): 3.8362   1529.98
Cycle 10805169: backup (Spendthrift backup scheme): 3.8362   1329.65
Cycle 10805183: backup (Spendthrift backup scheme): 3.8362   1129.32
Cycle 10805197: backup (Spendthrift backup scheme): 3.8362   928.988
Cycle 10805211: backup (Spendthrift backup scheme): 3.8362   728.658
Cycle 10805225: backup (Spendthrift backup scheme): 3.8362   528.327
Cycle 10805239: backup (Spendthrift backup scheme): 3.8362   327.996
cycle 10805253: POWER OFF - is_active()
Cycle 11456894: instructions towards forward progress=800000
Cycle 12888179: instructions towards forward progress=900000
Cycle 12966652: backup (Spendthrift backup scheme): 4.6687   2200.42
Cycle 12966666: backup (Spendthrift backup scheme): 4.6687   2000.09
Cycle 12966680: backup (Spendthrift backup scheme): 4.6687   1799.76
Cycle 12966694: backup (Spendthrift backup scheme): 4.6687   1599.43
Cycle 12966708: backup (Spendthrift backup scheme): 4.6687   1399.1
Cycle 12966723: backup (Spendthrift backup scheme): 4.6687   1198.48
Cycle 12966737: backup (Spendthrift backup scheme): 4.6687   998.145
Cycle 12966751: backup (Spendthrift backup scheme): 4.6687   797.814
Cycle 12966765: backup (Spendthrift backup scheme): 4.6687   597.483
Cycle 12966780: backup (Spendthrift backup scheme): 4.6687   396.859
cycle 12966794: POWER OFF - is_active()
Cycle 14319892: instructions towards forward progress=1000000
Cycle 15128186: backup (Spendthrift backup scheme): 3.14066   2075.52
Cycle 15128200: backup (Spendthrift backup scheme): 3.14066   1875.19
Cycle 15128215: backup (Spendthrift backup scheme): 3.14066   1674.56
Cycle 15128229: backup (Spendthrift backup scheme): 3.14066   1474.23
Cycle 15128243: backup (Spendthrift backup scheme): 3.14066   1273.9
Cycle 15128257: backup (Spendthrift backup scheme): 3.14066   1073.57
Cycle 15128272: backup (Spendthrift backup scheme): 3.14066   872.947
Cycle 15128286: backup (Spendthrift backup scheme): 3.14066   672.616
Cycle 15128300: backup (Spendthrift backup scheme): 3.14066   472.285
Cycle 15128314: backup (Spendthrift backup scheme): 3.14066   271.955
cycle 15128329: POWER OFF - is_active()
Cycle 15751917: instructions towards forward progress=1100000
Cycle 17183472: instructions towards forward progress=1200000
Cycle 17289905: backup (Spendthrift backup scheme): 3.1919   2077.9
Cycle 17289919: backup (Spendthrift backup scheme): 3.1919   1877.57
Cycle 17289933: backup (Spendthrift backup scheme): 3.1919   1677.24
Cycle 17289947: backup (Spendthrift backup scheme): 3.1919   1476.91
Cycle 17289962: backup (Spendthrift backup scheme): 3.1919   1276.29
Cycle 17289976: backup (Spendthrift backup scheme): 3.1919   1075.96
Cycle 17289990: backup (Spendthrift backup scheme): 3.1919   875.625
Cycle 17290004: backup (Spendthrift backup scheme): 3.1919   675.294
Cycle 17290019: backup (Spendthrift backup scheme): 3.1919   474.671
Cycle 17290033: backup (Spendthrift backup scheme): 3.1919   274.34
cycle 17290047: POWER OFF - is_active()
Cycle 18615061: instructions towards forward progress=1300000
Cycle 19453152: backup (Spendthrift backup scheme): 1.48282   1938.7
Cycle 19453166: backup (Spendthrift backup scheme): 1.48282   1738.37
Cycle 19453181: backup (Spendthrift backup scheme): 1.48282   1537.75
Cycle 19453195: backup (Spendthrift backup scheme): 1.48282   1337.42
Cycle 19453209: backup (Spendthrift backup scheme): 1.48282   1137.09
Cycle 19453223: backup (Spendthrift backup scheme): 1.48282   936.756
Cycle 19453238: backup (Spendthrift backup scheme): 1.48282   736.133
Cycle 19453252: backup (Spendthrift backup scheme): 1.48282   535.802
Cycle 19453266: backup (Spendthrift backup scheme): 1.48282   335.471
cycle 19453280: POWER OFF - is_active()
Cycle 20046357: instructions towards forward progress=1400000
Cycle 21477769: instructions towards forward progress=1500000
Cycle 21617489: backup (Spendthrift backup scheme): 0.111625   1826.85
Cycle 21617503: backup (Spendthrift backup scheme): 0.111625   1626.52
Cycle 21617518: backup (Spendthrift backup scheme): 0.111625   1425.89
Cycle 21617532: backup (Spendthrift backup scheme): 0.111625   1225.56
Cycle 21617546: backup (Spendthrift backup scheme): 0.111625   1025.23
Cycle 21617560: backup (Spendthrift backup scheme): 0.111625   824.9
Cycle 21617575: backup (Spendthrift backup scheme): 0.111625   624.277
Cycle 21617589: backup (Spendthrift backup scheme): 0.111625   423.946
Cycle 21617603: backup (Spendthrift backup scheme): 0.111625   223.615
cycle 21617617: POWER OFF - is_active()
Cycle 22909244: instructions towards forward progress=1600000
Cycle 23780537: backup (Spendthrift backup scheme): 2.37054   2012.2
Cycle 23780552: backup (Spendthrift backup scheme): 2.37054   1811.58
Cycle 23780566: backup (Spendthrift backup scheme): 2.37054   1611.25
Cycle 23780580: backup (Spendthrift backup scheme): 2.37054   1410.92
Cycle 23780594: backup (Spendthrift backup scheme): 2.37054   1210.59
Cycle 23780609: backup (Spendthrift backup scheme): 2.37054   1009.96
Cycle 23780623: backup (Spendthrift backup scheme): 2.37054   809.632
Cycle 23780637: backup (Spendthrift backup scheme): 2.37054   609.301
Cycle 23780651: backup (Spendthrift backup scheme): 2.37054   408.97
Cycle 23780666: backup (Spendthrift backup scheme): 2.37054   208.347
cycle 23780680: POWER OFF - is_active()
Cycle 24340222: instructions towards forward progress=1700000
Cycle 25771505: instructions towards forward progress=1800000
Cycle 25945125: backup (Spendthrift backup scheme): 0.524706   1860.13
Cycle 25945140: backup (Spendthrift backup scheme): 0.524706   1659.51
Cycle 25945154: backup (Spendthrift backup scheme): 0.524706   1459.18
Cycle 25945169: backup (Spendthrift backup scheme): 0.524706   1258.56
Cycle 25945183: backup (Spendthrift backup scheme): 0.524706   1058.22
Cycle 25945201: backup (Spendthrift backup scheme): 0.524706   856.723
Cycle 25945215: backup (Spendthrift backup scheme): 0.524706   656.392
Cycle 25945230: backup (Spendthrift backup scheme): 0.524706   455.769
Cycle 25945244: backup (Spendthrift backup scheme): 0.524706   255.438
cycle 25945258: POWER OFF - is_active()
Cycle 27202359: instructions towards forward progress=1900000
Cycle 28108941: backup (Spendthrift backup scheme): 2.84502   2051.07
Cycle 28108955: backup (Spendthrift backup scheme): 2.84502   1850.74
Cycle 28108970: backup (Spendthrift backup scheme): 2.84502   1650.12
Cycle 28108984: backup (Spendthrift backup scheme): 2.84502   1449.79
Cycle 28108998: backup (Spendthrift backup scheme): 2.84502   1249.46
Cycle 28109012: backup (Spendthrift backup scheme): 2.84502   1049.13
Cycle 28109027: backup (Spendthrift backup scheme): 2.84502   848.503
Cycle 28109041: backup (Spendthrift backup scheme): 2.84502   648.172
Cycle 28109055: backup (Spendthrift backup scheme): 2.84502   447.841
Cycle 28109069: backup (Spendthrift backup scheme): 2.84502   247.51
cycle 28109084: POWER OFF - is_active()
Cycle 28633464: instructions towards forward progress=2000000
Cycle 30065549: instructions towards forward progress=2100000
Cycle 30269690: backup (Spendthrift backup scheme): 3.72922   2123.02
Cycle 30269705: backup (Spendthrift backup scheme): 3.72922   1922.4
Cycle 30269719: backup (Spendthrift backup scheme): 3.72922   1722.07
Cycle 30269733: backup (Spendthrift backup scheme): 3.72922   1521.74
Cycle 30269747: backup (Spendthrift backup scheme): 3.72922   1321.41
Cycle 30269762: backup (Spendthrift backup scheme): 3.72922   1120.78
Cycle 30269776: backup (Spendthrift backup scheme): 3.72922   920.453
Cycle 30269790: backup (Spendthrift backup scheme): 3.72922   720.122
Cycle 30269804: backup (Spendthrift backup scheme): 3.72922   519.791
Cycle 30269818: backup (Spendthrift backup scheme): 3.72922   319.46
cycle 30269833: POWER OFF - is_active()
Cycle 31497197: instructions towards forward progress=2200000
Cycle 32431344: backup (Spendthrift backup scheme): 3.49705   2104.13
Cycle 32431359: backup (Spendthrift backup scheme): 3.49705   1903.5
Cycle 32431373: backup (Spendthrift backup scheme): 3.49705   1703.17
Cycle 32431387: backup (Spendthrift backup scheme): 3.49705   1502.84
Cycle 32431401: backup (Spendthrift backup scheme): 3.49705   1302.51
Cycle 32431415: backup (Spendthrift backup scheme): 3.49705   1102.18
Cycle 32431430: backup (Spendthrift backup scheme): 3.49705   901.556
Cycle 32431444: backup (Spendthrift backup scheme): 3.49705   701.225
Cycle 32431459: backup (Spendthrift backup scheme): 3.49705   500.602
Cycle 32431473: backup (Spendthrift backup scheme): 3.49705   300.271
cycle 32431491: POWER OFF - is_active()
Cycle 32928926: instructions towards forward progress=2300000
Cycle 34360215: instructions towards forward progress=2400000
Cycle 34594942: backup (Spendthrift backup scheme): 1.30141   1924.09
Cycle 34594956: backup (Spendthrift backup scheme): 1.30141   1723.76
Cycle 34594971: backup (Spendthrift backup scheme): 1.30141   1523.13
Cycle 34594985: backup (Spendthrift backup scheme): 1.30141   1322.8
Cycle 34594999: backup (Spendthrift backup scheme): 1.30141   1122.47
Cycle 34595013: backup (Spendthrift backup scheme): 1.30141   922.141
Cycle 34595027: backup (Spendthrift backup scheme): 1.30141   721.81
Cycle 34595041: backup (Spendthrift backup scheme): 1.30141   521.479
Cycle 34595055: backup (Spendthrift backup scheme): 1.30141   321.148
cycle 34595069: POWER OFF - is_active()
Cycle 35791525: instructions towards forward progress=2500000
Cycle 36757737: backup (Spendthrift backup scheme): 2.33655   2008.53
Cycle 36757751: backup (Spendthrift backup scheme): 2.33655   1808.19
Cycle 36757766: backup (Spendthrift backup scheme): 2.33655   1607.57
Cycle 36757780: backup (Spendthrift backup scheme): 2.33655   1407.24
Cycle 36757798: backup (Spendthrift backup scheme): 2.33655   1205.74
Cycle 36757812: backup (Spendthrift backup scheme): 2.33655   1005.41
Cycle 36757827: backup (Spendthrift backup scheme): 2.33655   804.785
Cycle 36757841: backup (Spendthrift backup scheme): 2.33655   604.454
Cycle 36757855: backup (Spendthrift backup scheme): 2.33655   404.123
Cycle 36757869: backup (Spendthrift backup scheme): 2.33655   203.792
cycle 36757883: POWER OFF - is_active()
Cycle 37223032: instructions towards forward progress=2600000
Cycle 38654246: instructions towards forward progress=2700000
Cycle 38921933: backup (Spendthrift backup scheme): 0.980159   1898.61
Cycle 38921947: backup (Spendthrift backup scheme): 0.980159   1698.28
Cycle 38921961: backup (Spendthrift backup scheme): 0.980159   1497.95
Cycle 38921976: backup (Spendthrift backup scheme): 0.980159   1297.33
Cycle 38921990: backup (Spendthrift backup scheme): 0.980159   1097
Cycle 38922004: backup (Spendthrift backup scheme): 0.980159   896.666
Cycle 38922018: backup (Spendthrift backup scheme): 0.980159   696.335
Cycle 38922033: backup (Spendthrift backup scheme): 0.980159   495.712
Cycle 38922047: backup (Spendthrift backup scheme): 0.980159   295.381
cycle 38922061: POWER OFF - is_active()
Cycle 40085432: instructions towards forward progress=2800000
Cycle 41086659: backup (Spendthrift backup scheme): 0.250339   1838.63
Cycle 41086673: backup (Spendthrift backup scheme): 0.250339   1638.3
Cycle 41086688: backup (Spendthrift backup scheme): 0.250339   1437.68
Cycle 41086702: backup (Spendthrift backup scheme): 0.250339   1237.35
Cycle 41086716: backup (Spendthrift backup scheme): 0.250339   1037.02
Cycle 41086730: backup (Spendthrift backup scheme): 0.250339   836.686
Cycle 41086745: backup (Spendthrift backup scheme): 0.250339   636.063
Cycle 41086759: backup (Spendthrift backup scheme): 0.250339   435.732
Cycle 41086773: backup (Spendthrift backup scheme): 0.250339   235.401
cycle 41086787: POWER OFF - is_active()
Cycle 41516397: instructions towards forward progress=2900000
Cycle 42946964: instructions towards forward progress=3000000
Cycle 43249130: backup (Spendthrift backup scheme): 4.61424   2195.74
Cycle 43249144: backup (Spendthrift backup scheme): 4.61424   1995.41
Cycle 43249158: backup (Spendthrift backup scheme): 4.61424   1795.08
Cycle 43249173: backup (Spendthrift backup scheme): 4.61424   1594.45
Cycle 43249187: backup (Spendthrift backup scheme): 4.61424   1394.12
Cycle 43249201: backup (Spendthrift backup scheme): 4.61424   1193.79
Cycle 43249215: backup (Spendthrift backup scheme): 4.61424   993.461
Cycle 43249230: backup (Spendthrift backup scheme): 4.61424   792.838
Cycle 43249244: backup (Spendthrift backup scheme): 4.61424   592.507
Cycle 43249258: backup (Spendthrift backup scheme): 4.61424   392.176
cycle 43249272: POWER OFF - is_active()
Cycle 44378699: instructions towards forward progress=3100000
Cycle 45411429: backup (Spendthrift backup scheme): 2.88095   2052.96
Cycle 45411443: backup (Spendthrift backup scheme): 2.88095   1852.62
Cycle 45411457: backup (Spendthrift backup scheme): 2.88095   1652.29
Cycle 45411471: backup (Spendthrift backup scheme): 2.88095   1451.96
Cycle 45411486: backup (Spendthrift backup scheme): 2.88095   1251.34
Cycle 45411500: backup (Spendthrift backup scheme): 2.88095   1051.01
Cycle 45411514: backup (Spendthrift backup scheme): 2.88095   850.677
Cycle 45411528: backup (Spendthrift backup scheme): 2.88095   650.346
Cycle 45411543: backup (Spendthrift backup scheme): 2.88095   449.723
Cycle 45411557: backup (Spendthrift backup scheme): 2.88095   249.392
cycle 45411571: POWER OFF - is_active()
Cycle 45810001: instructions towards forward progress=3200000
Cycle 47241134: instructions towards forward progress=3300000
Cycle 47574872: backup (Spendthrift backup scheme): 2.29756   2005.79
Cycle 47574887: backup (Spendthrift backup scheme): 2.29756   1805.17
Cycle 47574901: backup (Spendthrift backup scheme): 2.29756   1604.83
Cycle 47574915: backup (Spendthrift backup scheme): 2.29756   1404.5
Cycle 47574929: backup (Spendthrift backup scheme): 2.29756   1204.17
Cycle 47574944: backup (Spendthrift backup scheme): 2.29756   1003.55
Cycle 47574958: backup (Spendthrift backup scheme): 2.29756   803.218
Cycle 47574972: backup (Spendthrift backup scheme): 2.29756   602.887
Cycle 47574986: backup (Spendthrift backup scheme): 2.29756   402.556
Cycle 47575001: backup (Spendthrift backup scheme): 2.29756   201.933
cycle 47575015: POWER OFF - is_active()
Cycle 48672119: instructions towards forward progress=3400000
Cycle 49739300: backup (Spendthrift backup scheme): 1.33814   1928.13
Cycle 49739314: backup (Spendthrift backup scheme): 1.33814   1727.8
Cycle 49739328: backup (Spendthrift backup scheme): 1.33814   1527.46
Cycle 49739342: backup (Spendthrift backup scheme): 1.33814   1327.13
Cycle 49739357: backup (Spendthrift backup scheme): 1.33814   1126.51
Cycle 49739371: backup (Spendthrift backup scheme): 1.33814   926.179
Cycle 49739385: backup (Spendthrift backup scheme): 1.33814   725.848
Cycle 49739399: backup (Spendthrift backup scheme): 1.33814   525.517
Cycle 49739414: backup (Spendthrift backup scheme): 1.33814   324.893
cycle 49739428: POWER OFF - is_active()
Cycle 50102934: instructions towards forward progress=3500000
Cycle 51533927: instructions towards forward progress=3600000
Cycle 51902538: backup (Spendthrift backup scheme): 3.0796   2069.22
Cycle 51902552: backup (Spendthrift backup scheme): 3.0796   1868.89
Cycle 51902566: backup (Spendthrift backup scheme): 3.0796   1668.56
Cycle 51902581: backup (Spendthrift backup scheme): 3.0796   1467.94
Cycle 51902595: backup (Spendthrift backup scheme): 3.0796   1267.6
Cycle 51902609: backup (Spendthrift backup scheme): 3.0796   1067.27
Cycle 51902623: backup (Spendthrift backup scheme): 3.0796   866.942
Cycle 51902638: backup (Spendthrift backup scheme): 3.0796   666.319
Cycle 51902652: backup (Spendthrift backup scheme): 3.0796   465.988
Cycle 51902666: backup (Spendthrift backup scheme): 3.0796   265.657
cycle 51902680: POWER OFF - is_active()
Cycle 52964931: instructions towards forward progress=3700000
Cycle 54066397: backup (Spendthrift backup scheme): 2.57934   2029.4
Cycle 54066411: backup (Spendthrift backup scheme): 2.57934   1829.07
Cycle 54066426: backup (Spendthrift backup scheme): 2.57934   1628.45
Cycle 54066440: backup (Spendthrift backup scheme): 2.57934   1428.12
Cycle 54066454: backup (Spendthrift backup scheme): 2.57934   1227.78
Cycle 54066468: backup (Spendthrift backup scheme): 2.57934   1027.45
Cycle 54066483: backup (Spendthrift backup scheme): 2.57934   826.83
Cycle 54066497: backup (Spendthrift backup scheme): 2.57934   626.499
Cycle 54066511: backup (Spendthrift backup scheme): 2.57934   426.168
Cycle 54066525: backup (Spendthrift backup scheme): 2.57934   225.838
cycle 54066540: POWER OFF - is_active()
Cycle 54395597: instructions towards forward progress=3800000
Cycle 55826386: instructions towards forward progress=3900000
Cycle 56231878: backup (Spendthrift backup scheme): 0.328476   1844.54
Cycle 56231892: backup (Spendthrift backup scheme): 0.328476   1644.2
Cycle 56231907: backup (Spendthrift backup scheme): 0.328476   1443.58
Cycle 56231921: backup (Spendthrift backup scheme): 0.328476   1243.25
Cycle 56231935: backup (Spendthrift backup scheme): 0.328476   1042.92
Cycle 56231949: backup (Spendthrift backup scheme): 0.328476   842.588
Cycle 56231964: backup (Spendthrift backup scheme): 0.328476   641.964
Cycle 56231978: backup (Spendthrift backup scheme): 0.328476   441.633
Cycle 56231992: backup (Spendthrift backup scheme): 0.328476   241.302
cycle 56232006: POWER OFF - is_active()
Cycle 57256921: instructions towards forward progress=4000000
Cycle 58395679: backup (Spendthrift backup scheme): 3.85666   2133.91
Cycle 58395693: backup (Spendthrift backup scheme): 3.85666   1933.58
Cycle 58395707: backup (Spendthrift backup scheme): 3.85666   1733.25
Cycle 58395721: backup (Spendthrift backup scheme): 3.85666   1532.92
Cycle 58395735: backup (Spendthrift backup scheme): 3.85666   1332.58
Cycle 58395749: backup (Spendthrift backup scheme): 3.85666   1132.25
Cycle 58395763: backup (Spendthrift backup scheme): 3.85666   931.922
Cycle 58395777: backup (Spendthrift backup scheme): 3.85666   731.591
Cycle 58395792: backup (Spendthrift backup scheme): 3.85666   530.968
Cycle 58395806: backup (Spendthrift backup scheme): 3.85666   330.637
cycle 58395820: POWER OFF - is_active()
Cycle 58687191: instructions towards forward progress=4100000
Cycle 60119254: instructions towards forward progress=4200000
Cycle 60557610: backup (Spendthrift backup scheme): 2.8737   2052.74
Cycle 60557624: backup (Spendthrift backup scheme): 2.8737   1852.41
Cycle 60557639: backup (Spendthrift backup scheme): 2.8737   1651.79
Cycle 60557653: backup (Spendthrift backup scheme): 2.8737   1451.46
Cycle 60557667: backup (Spendthrift backup scheme): 2.8737   1251.13
Cycle 60557681: backup (Spendthrift backup scheme): 2.8737   1050.8
Cycle 60557696: backup (Spendthrift backup scheme): 2.8737   850.172
Cycle 60557710: backup (Spendthrift backup scheme): 2.8737   649.841
Cycle 60557724: backup (Spendthrift backup scheme): 2.8737   449.51
Cycle 60557738: backup (Spendthrift backup scheme): 2.8737   249.179
cycle 60557753: POWER OFF - is_active()
Cycle 61551086: instructions towards forward progress=4300000
Cycle 62719275: backup (Spendthrift backup scheme): 3.25683   2084.44
Cycle 62719289: backup (Spendthrift backup scheme): 3.25683   1884.11
Cycle 62719303: backup (Spendthrift backup scheme): 3.25683   1683.78
Cycle 62719318: backup (Spendthrift backup scheme): 3.25683   1483.16
Cycle 62719332: backup (Spendthrift backup scheme): 3.25683   1282.83
Cycle 62719346: backup (Spendthrift backup scheme): 3.25683   1082.49
Cycle 62719360: backup (Spendthrift backup scheme): 3.25683   882.164
Cycle 62719375: backup (Spendthrift backup scheme): 3.25683   681.541
Cycle 62719389: backup (Spendthrift backup scheme): 3.25683   481.21
Cycle 62719403: backup (Spendthrift backup scheme): 3.25683   280.879
cycle 62719417: POWER OFF - is_active()
Cycle 62982734: instructions towards forward progress=4400000
Cycle 64414185: instructions towards forward progress=4500000
Cycle 64883021: backup (Spendthrift backup scheme): 0.839028   1886.28
Cycle 64883035: backup (Spendthrift backup scheme): 0.839028   1685.95
Cycle 64883049: backup (Spendthrift backup scheme): 0.839028   1485.62
Cycle 64883063: backup (Spendthrift backup scheme): 0.839028   1285.28
Cycle 64883078: backup (Spendthrift backup scheme): 0.839028   1084.66
Cycle 64883092: backup (Spendthrift backup scheme): 0.839028   884.331
Cycle 64883107: backup (Spendthrift backup scheme): 0.839028   683.707
Cycle 64883121: backup (Spendthrift backup scheme): 0.839028   483.376
Cycle 64883139: backup (Spendthrift backup scheme): 0.839028   281.875
cycle 64883153: POWER OFF - is_active()
Cycle 65845242: instructions towards forward progress=4600000
Cycle 67046729: backup (Spendthrift backup scheme): 0.995304   1899.26
Cycle 67046743: backup (Spendthrift backup scheme): 0.995304   1698.93
Cycle 67046758: backup (Spendthrift backup scheme): 0.995304   1498.3
Cycle 67046772: backup (Spendthrift backup scheme): 0.995304   1297.97
Cycle 67046786: backup (Spendthrift backup scheme): 0.995304   1097.64
Cycle 67046800: backup (Spendthrift backup scheme): 0.995304   897.31
Cycle 67046815: backup (Spendthrift backup scheme): 0.995304   696.687
Cycle 67046829: backup (Spendthrift backup scheme): 0.995304   496.356
Cycle 67046843: backup (Spendthrift backup scheme): 0.995304   296.025
cycle 67046857: POWER OFF - is_active()
Cycle 67276950: instructions towards forward progress=4700000
Cycle 68708248: instructions towards forward progress=4800000
Cycle 69209266: backup (Spendthrift backup scheme): 3.29453   2086.87
Cycle 69209280: backup (Spendthrift backup scheme): 3.29453   1886.54
Cycle 69209295: backup (Spendthrift backup scheme): 3.29453   1685.92
Cycle 69209309: backup (Spendthrift backup scheme): 3.29453   1485.59
Cycle 69209323: backup (Spendthrift backup scheme): 3.29453   1285.26
Cycle 69209337: backup (Spendthrift backup scheme): 3.29453   1084.92
Cycle 69209351: backup (Spendthrift backup scheme): 3.29453   884.594
Cycle 69209366: backup (Spendthrift backup scheme): 3.29453   683.97
Cycle 69209380: backup (Spendthrift backup scheme): 3.29453   483.639
Cycle 69209395: backup (Spendthrift backup scheme): 3.29453   283.016
cycle 69209409: POWER OFF - is_active()
Cycle 70139395: instructions towards forward progress=4900000
Cycle 71373675: backup (Spendthrift backup scheme): 0.836289   1886.86
Cycle 71373689: backup (Spendthrift backup scheme): 0.836289   1686.53
Cycle 71373703: backup (Spendthrift backup scheme): 0.836289   1486.2
Cycle 71373718: backup (Spendthrift backup scheme): 0.836289   1285.57
Cycle 71373732: backup (Spendthrift backup scheme): 0.836289   1085.24
Cycle 71373746: backup (Spendthrift backup scheme): 0.836289   884.912
Cycle 71373760: backup (Spendthrift backup scheme): 0.836289   684.581
Cycle 71373775: backup (Spendthrift backup scheme): 0.836289   483.958
Cycle 71373789: backup (Spendthrift backup scheme): 0.836289   283.627
cycle 71373803: POWER OFF - is_active()
Cycle 71570369: instructions towards forward progress=5000000
Cycle 73001219: instructions towards forward progress=5100000
Cycle 73537652: backup (Spendthrift backup scheme): 2.68052   2037.53
Cycle 73537666: backup (Spendthrift backup scheme): 2.68052   1837.19
Cycle 73537681: backup (Spendthrift backup scheme): 2.68052   1636.57
Cycle 73537695: backup (Spendthrift backup scheme): 2.68052   1436.24
Cycle 73537709: backup (Spendthrift backup scheme): 2.68052   1235.91
Cycle 73537723: backup (Spendthrift backup scheme): 2.68052   1035.58
Cycle 73537738: backup (Spendthrift backup scheme): 2.68052   834.955
Cycle 73537752: backup (Spendthrift backup scheme): 2.68052   634.624
Cycle 73537766: backup (Spendthrift backup scheme): 2.68052   434.293
Cycle 73537780: backup (Spendthrift backup scheme): 2.68052   233.962
cycle 73537795: POWER OFF - is_active()
Cycle 74432487: instructions towards forward progress=5200000
Cycle 75701557: backup (Spendthrift backup scheme): 0.098092   1826.18
Cycle 75701571: backup (Spendthrift backup scheme): 0.098092   1625.84
Cycle 75701586: backup (Spendthrift backup scheme): 0.098092   1425.22
Cycle 75701600: backup (Spendthrift backup scheme): 0.098092   1224.89
Cycle 75701615: backup (Spendthrift backup scheme): 0.098092   1024.27
Cycle 75701629: backup (Spendthrift backup scheme): 0.098092   823.936
Cycle 75701647: backup (Spendthrift backup scheme): 0.098092   622.435
Cycle 75701661: backup (Spendthrift backup scheme): 0.098092   422.104
Cycle 75701676: backup (Spendthrift backup scheme): 0.098092   221.48
cycle 75701690: POWER OFF - is_active()
Cycle 75863962: instructions towards forward progress=5300000
Cycle 77294920: instructions towards forward progress=5400000
Cycle 77865151: backup (Spendthrift backup scheme): 1.90155   1972.99
Cycle 77865166: backup (Spendthrift backup scheme): 1.90155   1772.37
Cycle 77865180: backup (Spendthrift backup scheme): 1.90155   1572.04
Cycle 77865194: backup (Spendthrift backup scheme): 1.90155   1371.71
Cycle 77865208: backup (Spendthrift backup scheme): 1.90155   1171.38
Cycle 77865222: backup (Spendthrift backup scheme): 1.90155   971.046
Cycle 77865236: backup (Spendthrift backup scheme): 1.90155   770.715
Cycle 77865250: backup (Spendthrift backup scheme): 1.90155   570.384
Cycle 77865264: backup (Spendthrift backup scheme): 1.90155   370.053
cycle 77865279: POWER OFF - is_active()
Cycle 78726228: instructions towards forward progress=5500000
Cycle 80030146: backup (Spendthrift backup scheme): 0.283366   1841.84
Cycle 80030160: backup (Spendthrift backup scheme): 0.283366   1641.51
Cycle 80030174: backup (Spendthrift backup scheme): 0.283366   1441.18
Cycle 80030188: backup (Spendthrift backup scheme): 0.283366   1240.85
Cycle 80030203: backup (Spendthrift backup scheme): 0.283366   1040.23
Cycle 80030217: backup (Spendthrift backup scheme): 0.283366   839.894
Cycle 80030231: backup (Spendthrift backup scheme): 0.283366   639.563
Cycle 80030245: backup (Spendthrift backup scheme): 0.283366   439.232
Cycle 80030260: backup (Spendthrift backup scheme): 0.283366   238.609
cycle 80030274: POWER OFF - is_active()
Cycle 80157078: instructions towards forward progress=5600000
Cycle 81587879: instructions towards forward progress=5700000
Cycle 82194191: backup (Spendthrift backup scheme): 2.02882   1984.6
Cycle 82194205: backup (Spendthrift backup scheme): 2.02882   1784.27
Cycle 82194219: backup (Spendthrift backup scheme): 2.02882   1583.94
Cycle 82194233: backup (Spendthrift backup scheme): 2.02882   1383.61
Cycle 82194247: backup (Spendthrift backup scheme): 2.02882   1183.28
Cycle 82194261: backup (Spendthrift backup scheme): 2.02882   982.95
Cycle 82194275: backup (Spendthrift backup scheme): 2.02882   782.619
Cycle 82194290: backup (Spendthrift backup scheme): 2.02882   581.995
Cycle 82194304: backup (Spendthrift backup scheme): 2.02882   381.664
cycle 82194318: POWER OFF - is_active()
Cycle 83018951: instructions towards forward progress=5800000
Cycle 84359166: backup (Spendthrift backup scheme): 0.473473   1856.88
Cycle 84359181: backup (Spendthrift backup scheme): 0.473473   1656.26
Cycle 84359195: backup (Spendthrift backup scheme): 0.473473   1455.93
Cycle 84359209: backup (Spendthrift backup scheme): 0.473473   1255.6
Cycle 84359223: backup (Spendthrift backup scheme): 0.473473   1055.27
Cycle 84359238: backup (Spendthrift backup scheme): 0.473473   854.642
Cycle 84359252: backup (Spendthrift backup scheme): 0.473473   654.311
Cycle 84359266: backup (Spendthrift backup scheme): 0.473473   453.98
Cycle 84359280: backup (Spendthrift backup scheme): 0.473473   253.649
cycle 84359294: POWER OFF - is_active()
Cycle 84449815: instructions towards forward progress=5900000
Cycle 85880516: instructions towards forward progress=6000000
Cycle 86522759: backup (Spendthrift backup scheme): 3.28212   2087.1
Cycle 86522773: backup (Spendthrift backup scheme): 3.28212   1886.77
Cycle 86522787: backup (Spendthrift backup scheme): 3.28212   1686.44
Cycle 86522802: backup (Spendthrift backup scheme): 3.28212   1485.81
Cycle 86522816: backup (Spendthrift backup scheme): 3.28212   1285.48
Cycle 86522830: backup (Spendthrift backup scheme): 3.28212   1085.15
Cycle 86522844: backup (Spendthrift backup scheme): 3.28212   884.821
Cycle 86522859: backup (Spendthrift backup scheme): 3.28212   684.198
Cycle 86522873: backup (Spendthrift backup scheme): 3.28212   483.867
Cycle 86522887: backup (Spendthrift backup scheme): 3.28212   283.536
cycle 86522901: POWER OFF - is_active()
Cycle 87311065: instructions towards forward progress=6100000
Cycle 88687933: backup (Spendthrift backup scheme): 1.56998   1946.22
Cycle 88687947: backup (Spendthrift backup scheme): 1.56998   1745.89
Cycle 88687962: backup (Spendthrift backup scheme): 1.56998   1545.26
Cycle 88687976: backup (Spendthrift backup scheme): 1.56998   1344.93
Cycle 88687990: backup (Spendthrift backup scheme): 1.56998   1144.6
Cycle 88688004: backup (Spendthrift backup scheme): 1.56998   944.271
Cycle 88688019: backup (Spendthrift backup scheme): 1.56998   743.648
Cycle 88688033: backup (Spendthrift backup scheme): 1.56998   543.317
Cycle 88688047: backup (Spendthrift backup scheme): 1.56998   342.986
cycle 88688061: POWER OFF - is_active()
Cycle 88741548: instructions towards forward progress=6200000
Cycle 90172557: instructions towards forward progress=6300000
Cycle 90851610: backup (Spendthrift backup scheme): 1.79247   1963.68
Cycle 90851624: backup (Spendthrift backup scheme): 1.79247   1763.35
Cycle 90851638: backup (Spendthrift backup scheme): 1.79247   1563.01
Cycle 90851652: backup (Spendthrift backup scheme): 1.79247   1362.68
Cycle 90851667: backup (Spendthrift backup scheme): 1.79247   1162.06
Cycle 90851681: backup (Spendthrift backup scheme): 1.79247   961.729
Cycle 90851695: backup (Spendthrift backup scheme): 1.79247   761.398
Cycle 90851709: backup (Spendthrift backup scheme): 1.79247   561.067
Cycle 90851724: backup (Spendthrift backup scheme): 1.79247   360.444
cycle 90851738: POWER OFF - is_active()
Cycle 91604026: instructions towards forward progress=6400000
Cycle 93016140: backup (Spendthrift backup scheme): 0.413702   1851.57
Cycle 93016154: backup (Spendthrift backup scheme): 0.413702   1651.24
Cycle 93016168: backup (Spendthrift backup scheme): 0.413702   1450.91
Cycle 93016183: backup (Spendthrift backup scheme): 0.413702   1250.29
Cycle 93016197: backup (Spendthrift backup scheme): 0.413702   1049.96
Cycle 93016211: backup (Spendthrift backup scheme): 0.413702   849.626
Cycle 93016225: backup (Spendthrift backup scheme): 0.413702   649.295
Cycle 93016240: backup (Spendthrift backup scheme): 0.413702   448.671
Cycle 93016254: backup (Spendthrift backup scheme): 0.413702   248.34
cycle 93016268: POWER OFF - is_active()
Cycle 93035081: instructions towards forward progress=6500000
Cycle 94466328: instructions towards forward progress=6600000
Cycle 95178425: backup (Spendthrift backup scheme): 4.1644   2156.55
Cycle 95178439: backup (Spendthrift backup scheme): 4.1644   1956.22
Cycle 95178454: backup (Spendthrift backup scheme): 4.1644   1755.6
Cycle 95178468: backup (Spendthrift backup scheme): 4.1644   1555.27
Cycle 95178482: backup (Spendthrift backup scheme): 4.1644   1354.93
Cycle 95178496: backup (Spendthrift backup scheme): 4.1644   1154.6
Cycle 95178510: backup (Spendthrift backup scheme): 4.1644   954.273
Cycle 95178524: backup (Spendthrift backup scheme): 4.1644   753.942
Cycle 95178538: backup (Spendthrift backup scheme): 4.1644   553.611
Cycle 95178552: backup (Spendthrift backup scheme): 4.1644   353.28
cycle 95178567: POWER OFF - is_active()
Cycle 95897226: instructions towards forward progress=6700000
Cycle 97327916: instructions towards forward progress=6800000
Cycle 97343677: backup (Spendthrift backup scheme): 0.463001   1855.14
Cycle 97343691: backup (Spendthrift backup scheme): 0.463001   1654.8
Cycle 97343705: backup (Spendthrift backup scheme): 0.463001   1454.47
Cycle 97343720: backup (Spendthrift backup scheme): 0.463001   1253.85
Cycle 97343734: backup (Spendthrift backup scheme): 0.463001   1053.52
Cycle 97343748: backup (Spendthrift backup scheme): 0.463001   853.188
Cycle 97343762: backup (Spendthrift backup scheme): 0.463001   652.857
Cycle 97343777: backup (Spendthrift backup scheme): 0.463001   452.233
Cycle 97343791: backup (Spendthrift backup scheme): 0.463001   251.902
cycle 97343805: POWER OFF - is_active()
Cycle 98759069: instructions towards forward progress=6900000
Cycle 99506075: backup (Spendthrift backup scheme): 4.1014   2153.64
Cycle 99506089: backup (Spendthrift backup scheme): 4.1014   1953.31
Cycle 99506103: backup (Spendthrift backup scheme): 4.1014   1752.98
Cycle 99506118: backup (Spendthrift backup scheme): 4.1014   1552.36
Cycle 99506132: backup (Spendthrift backup scheme): 4.1014   1352.03
Cycle 99506146: backup (Spendthrift backup scheme): 4.1014   1151.7
Cycle 99506160: backup (Spendthrift backup scheme): 4.1014   951.367
Cycle 99506175: backup (Spendthrift backup scheme): 4.1014   750.743
Cycle 99506189: backup (Spendthrift backup scheme): 4.1014   550.412
Cycle 99506203: backup (Spendthrift backup scheme): 4.1014   350.082
cycle 99506217: POWER OFF - is_active()
Cycle 100189933: instructions towards forward progress=7000000
Cycle 101620614: instructions towards forward progress=7100000
Cycle 101671060: backup (Spendthrift backup scheme): 1.04783   1903.09
Cycle 101671074: backup (Spendthrift backup scheme): 1.04783   1702.75
Cycle 101671089: backup (Spendthrift backup scheme): 1.04783   1502.13
Cycle 101671103: backup (Spendthrift backup scheme): 1.04783   1301.8
Cycle 101671117: backup (Spendthrift backup scheme): 1.04783   1101.47
Cycle 101671131: backup (Spendthrift backup scheme): 1.04783   901.138
Cycle 101671146: backup (Spendthrift backup scheme): 1.04783   700.515
Cycle 101671160: backup (Spendthrift backup scheme): 1.04783   500.184
Cycle 101671174: backup (Spendthrift backup scheme): 1.04783   299.853
cycle 101671188: POWER OFF - is_active()
Cycle 103051218: instructions towards forward progress=7200000
Cycle 103835771: backup (Spendthrift backup scheme): 1.8914   1972.41
Cycle 103835785: backup (Spendthrift backup scheme): 1.8914   1772.08
Cycle 103835799: backup (Spendthrift backup scheme): 1.8914   1571.75
Cycle 103835813: backup (Spendthrift backup scheme): 1.8914   1371.42
Cycle 103835828: backup (Spendthrift backup scheme): 1.8914   1170.79
Cycle 103835842: backup (Spendthrift backup scheme): 1.8914   970.461
Cycle 103835856: backup (Spendthrift backup scheme): 1.8914   770.13
Cycle 103835870: backup (Spendthrift backup scheme): 1.8914   569.799
Cycle 103835885: backup (Spendthrift backup scheme): 1.8914   369.176
cycle 103835899: POWER OFF - is_active()
Cycle 104481699: instructions towards forward progress=7300000
Cycle 105912373: instructions towards forward progress=7400000
Cycle 105998931: backup (Spendthrift backup scheme): 4.32503   2171.85
Cycle 105998945: backup (Spendthrift backup scheme): 4.32503   1971.52
Cycle 105998960: backup (Spendthrift backup scheme): 4.32503   1770.9
Cycle 105998974: backup (Spendthrift backup scheme): 4.32503   1570.57
Cycle 105998988: backup (Spendthrift backup scheme): 4.32503   1370.24
Cycle 105999002: backup (Spendthrift backup scheme): 4.32503   1169.9
Cycle 105999017: backup (Spendthrift backup scheme): 4.32503   969.281
Cycle 105999031: backup (Spendthrift backup scheme): 4.32503   768.95
Cycle 105999045: backup (Spendthrift backup scheme): 4.32503   568.619
Cycle 105999059: backup (Spendthrift backup scheme): 4.32503   368.288
cycle 105999074: POWER OFF - is_active()
Cycle 107343358: instructions towards forward progress=7500000
Cycle 108161821: backup (Spendthrift backup scheme): 3.71633   2121.74
Cycle 108161835: backup (Spendthrift backup scheme): 3.71633   1921.4
Cycle 108161850: backup (Spendthrift backup scheme): 3.71633   1720.78
Cycle 108161864: backup (Spendthrift backup scheme): 3.71633   1520.45
Cycle 108161878: backup (Spendthrift backup scheme): 3.71633   1320.12
Cycle 108161892: backup (Spendthrift backup scheme): 3.71633   1119.79
Cycle 108161907: backup (Spendthrift backup scheme): 3.71633   919.165
Cycle 108161921: backup (Spendthrift backup scheme): 3.71633   718.834
Cycle 108161935: backup (Spendthrift backup scheme): 3.71633   518.503
Cycle 108161949: backup (Spendthrift backup scheme): 3.71633   318.172
cycle 108161964: POWER OFF - is_active()
Cycle 108774162: instructions towards forward progress=7600000
Cycle 110204892: instructions towards forward progress=7700000
Cycle 110325922: backup (Spendthrift backup scheme): 2.55824   2026.95
Cycle 110325937: backup (Spendthrift backup scheme): 2.55824   1826.33
Cycle 110325951: backup (Spendthrift backup scheme): 2.55824   1626
Cycle 110325965: backup (Spendthrift backup scheme): 2.55824   1425.67
Cycle 110325979: backup (Spendthrift backup scheme): 2.55824   1225.34
Cycle 110325994: backup (Spendthrift backup scheme): 2.55824   1024.71
Cycle 110326008: backup (Spendthrift backup scheme): 2.55824   824.383
Cycle 110326022: backup (Spendthrift backup scheme): 2.55824   624.052
Cycle 110326036: backup (Spendthrift backup scheme): 2.55824   423.721
Cycle 110326051: backup (Spendthrift backup scheme): 2.55824   223.097
cycle 110326065: POWER OFF - is_active()
Cycle 111635473: instructions towards forward progress=7800000
Cycle 112491558: backup (Spendthrift backup scheme): 0.666964   1871.84
Cycle 112491572: backup (Spendthrift backup scheme): 0.666964   1671.51
Cycle 112491587: backup (Spendthrift backup scheme): 0.666964   1470.89
Cycle 112491601: backup (Spendthrift backup scheme): 0.666964   1270.56
Cycle 112491615: backup (Spendthrift backup scheme): 0.666964   1070.23
Cycle 112491629: backup (Spendthrift backup scheme): 0.666964   869.896
Cycle 112491644: backup (Spendthrift backup scheme): 0.666964   669.273
Cycle 112491658: backup (Spendthrift backup scheme): 0.666964   468.942
Cycle 112491672: backup (Spendthrift backup scheme): 0.666964   268.611
cycle 112491686: POWER OFF - is_active()
Cycle 113065850: instructions towards forward progress=7900000
Cycle 114496443: instructions towards forward progress=8000000
Cycle 114654674: backup (Spendthrift backup scheme): 4.57574   2191.94
Cycle 114654688: backup (Spendthrift backup scheme): 4.57574   1991.61
Cycle 114654702: backup (Spendthrift backup scheme): 4.57574   1791.27
Cycle 114654716: backup (Spendthrift backup scheme): 4.57574   1590.94
Cycle 114654731: backup (Spendthrift backup scheme): 4.57574   1390.32
Cycle 114654745: backup (Spendthrift backup scheme): 4.57574   1189.99
Cycle 114654759: backup (Spendthrift backup scheme): 4.57574   989.659
Cycle 114654773: backup (Spendthrift backup scheme): 4.57574   789.328
Cycle 114654788: backup (Spendthrift backup scheme): 4.57574   588.704
Cycle 114654802: backup (Spendthrift backup scheme): 4.57574   388.374
cycle 114654816: POWER OFF - is_active()
Cycle 115927034: instructions towards forward progress=8100000
Cycle 116818614: backup (Spendthrift backup scheme): 3.40731   2097.18
Cycle 116818628: backup (Spendthrift backup scheme): 3.40731   1896.85
Cycle 116818643: backup (Spendthrift backup scheme): 3.40731   1696.23
Cycle 116818657: backup (Spendthrift backup scheme): 3.40731   1495.9
Cycle 116818671: backup (Spendthrift backup scheme): 3.40731   1295.56
Cycle 116818685: backup (Spendthrift backup scheme): 3.40731   1095.23
Cycle 116818700: backup (Spendthrift backup scheme): 3.40731   894.61
Cycle 116818714: backup (Spendthrift backup scheme): 3.40731   694.279
Cycle 116818728: backup (Spendthrift backup scheme): 3.40731   493.949
Cycle 116818742: backup (Spendthrift backup scheme): 3.40731   293.618
cycle 116818757: POWER OFF - is_active()
Cycle 117357396: instructions towards forward progress=8200000
Cycle 118787748: instructions towards forward progress=8300000
Cycle 118984904: backup (Spendthrift backup scheme): 0.17349   1832.47
Cycle 118984918: backup (Spendthrift backup scheme): 0.17349   1632.14
Cycle 118984933: backup (Spendthrift backup scheme): 0.17349   1431.52
Cycle 118984947: backup (Spendthrift backup scheme): 0.17349   1231.19
Cycle 118984961: backup (Spendthrift backup scheme): 0.17349   1030.85
Cycle 118984975: backup (Spendthrift backup scheme): 0.17349   830.523
Cycle 118984990: backup (Spendthrift backup scheme): 0.17349   629.9
Cycle 118985004: backup (Spendthrift backup scheme): 0.17349   429.569
Cycle 118985018: backup (Spendthrift backup scheme): 0.17349   229.238
cycle 118985032: POWER OFF - is_active()
Cycle 120217965: instructions towards forward progress=8400000
Cycle 121149284: backup (Spendthrift backup scheme): 3.7753   2126.02
Cycle 121149298: backup (Spendthrift backup scheme): 3.7753   1925.69
Cycle 121149312: backup (Spendthrift backup scheme): 3.7753   1725.36
Cycle 121149327: backup (Spendthrift backup scheme): 3.7753   1524.73
Cycle 121149341: backup (Spendthrift backup scheme): 3.7753   1324.4
Cycle 121149355: backup (Spendthrift backup scheme): 3.7753   1124.07
Cycle 121149369: backup (Spendthrift backup scheme): 3.7753   923.739
Cycle 121149384: backup (Spendthrift backup scheme): 3.7753   723.116
Cycle 121149398: backup (Spendthrift backup scheme): 3.7753   522.785
Cycle 121149412: backup (Spendthrift backup scheme): 3.7753   322.454
cycle 121149426: POWER OFF - is_active()
Cycle 121648046: instructions towards forward progress=8500000
Cycle 123079217: instructions towards forward progress=8600000
Cycle 123312357: backup (Spendthrift backup scheme): 3.1028   2072.18
Cycle 123312372: backup (Spendthrift backup scheme): 3.1028   1871.55
Cycle 123312386: backup (Spendthrift backup scheme): 3.1028   1671.22
Cycle 123312400: backup (Spendthrift backup scheme): 3.1028   1470.89
Cycle 123312414: backup (Spendthrift backup scheme): 3.1028   1270.56
Cycle 123312429: backup (Spendthrift backup scheme): 3.1028   1069.94
Cycle 123312443: backup (Spendthrift backup scheme): 3.1028   869.606
Cycle 123312457: backup (Spendthrift backup scheme): 3.1028   669.276
Cycle 123312471: backup (Spendthrift backup scheme): 3.1028   468.945
Cycle 123312486: backup (Spendthrift backup scheme): 3.1028   268.321
cycle 123312500: POWER OFF - is_active()
Cycle 124511236: instructions towards forward progress=8700000
Cycle 125474056: backup (Spendthrift backup scheme): 3.11263   2072.18
Cycle 125474070: backup (Spendthrift backup scheme): 3.11263   1871.85
Cycle 125474084: backup (Spendthrift backup scheme): 3.11263   1671.52
Cycle 125474098: backup (Spendthrift backup scheme): 3.11263   1471.19
Cycle 125474112: backup (Spendthrift backup scheme): 3.11263   1270.86
Cycle 125474127: backup (Spendthrift backup scheme): 3.11263   1070.24
Cycle 125474141: backup (Spendthrift backup scheme): 3.11263   869.904
Cycle 125474156: backup (Spendthrift backup scheme): 3.11263   669.281
Cycle 125474170: backup (Spendthrift backup scheme): 3.11263   468.95
Cycle 125474188: backup (Spendthrift backup scheme): 3.11263   267.449
cycle 125474202: POWER OFF - is_active()
Cycle 125942796: instructions towards forward progress=8800000
Cycle 127374399: instructions towards forward progress=8900000
Cycle 127635245: backup (Spendthrift backup scheme): 4.52692   2187.51
Cycle 127635260: backup (Spendthrift backup scheme): 4.52692   1986.88
Cycle 127635274: backup (Spendthrift backup scheme): 4.52692   1786.55
Cycle 127635288: backup (Spendthrift backup scheme): 4.52692   1586.22
Cycle 127635302: backup (Spendthrift backup scheme): 4.52692   1385.89
Cycle 127635316: backup (Spendthrift backup scheme): 4.52692   1185.56
Cycle 127635330: backup (Spendthrift backup scheme): 4.52692   985.227
Cycle 127635344: backup (Spendthrift backup scheme): 4.52692   784.896
Cycle 127635358: backup (Spendthrift backup scheme): 4.52692   584.565
Cycle 127635373: backup (Spendthrift backup scheme): 4.52692   383.942
cycle 127635387: POWER OFF - is_active()
Cycle 128805691: instructions towards forward progress=9000000
Cycle 129797664: backup (Spendthrift backup scheme): 3.42342   2097.66
Cycle 129797678: backup (Spendthrift backup scheme): 3.42342   1897.33
Cycle 129797692: backup (Spendthrift backup scheme): 3.42342   1697
Cycle 129797706: backup (Spendthrift backup scheme): 3.42342   1496.67
Cycle 129797721: backup (Spendthrift backup scheme): 3.42342   1296.04
Cycle 129797735: backup (Spendthrift backup scheme): 3.42342   1095.71
Cycle 129797749: backup (Spendthrift backup scheme): 3.42342   895.381
Cycle 129797763: backup (Spendthrift backup scheme): 3.42342   695.05
Cycle 129797778: backup (Spendthrift backup scheme): 3.42342   494.427
Cycle 129797792: backup (Spendthrift backup scheme): 3.42342   294.096
cycle 129797806: POWER OFF - is_active()
Cycle 130237118: instructions towards forward progress=9100000
Cycle 131668567: instructions towards forward progress=9200000
Cycle 131959834: backup (Spendthrift backup scheme): 3.21768   2081.47
Cycle 131959848: backup (Spendthrift backup scheme): 3.21768   1881.14
Cycle 131959862: backup (Spendthrift backup scheme): 3.21768   1680.81
Cycle 131959877: backup (Spendthrift backup scheme): 3.21768   1480.18
Cycle 131959891: backup (Spendthrift backup scheme): 3.21768   1279.85
Cycle 131959905: backup (Spendthrift backup scheme): 3.21768   1079.52
Cycle 131959919: backup (Spendthrift backup scheme): 3.21768   879.191
Cycle 131959934: backup (Spendthrift backup scheme): 3.21768   678.567
Cycle 131959948: backup (Spendthrift backup scheme): 3.21768   478.236
Cycle 131959962: backup (Spendthrift backup scheme): 3.21768   277.905
cycle 131959976: POWER OFF - is_active()
Cycle 133099560: instructions towards forward progress=9300000
Cycle 134123422: backup (Spendthrift backup scheme): 2.03285   1984.43
Cycle 134123436: backup (Spendthrift backup scheme): 2.03285   1784.1
Cycle 134123451: backup (Spendthrift backup scheme): 2.03285   1583.48
Cycle 134123465: backup (Spendthrift backup scheme): 2.03285   1383.15
Cycle 134123479: backup (Spendthrift backup scheme): 2.03285   1182.81
Cycle 134123493: backup (Spendthrift backup scheme): 2.03285   982.483
Cycle 134123508: backup (Spendthrift backup scheme): 2.03285   781.86
Cycle 134123522: backup (Spendthrift backup scheme): 2.03285   581.529
Cycle 134123536: backup (Spendthrift backup scheme): 2.03285   381.198
cycle 134123550: POWER OFF - is_active()
Cycle 134530851: instructions towards forward progress=9400000
Cycle 135961709: instructions towards forward progress=9500000
Cycle 136285864: backup (Spendthrift backup scheme): 4.58299   2192.34
Cycle 136285878: backup (Spendthrift backup scheme): 4.58299   1992.01
Cycle 136285892: backup (Spendthrift backup scheme): 4.58299   1791.68
Cycle 136285907: backup (Spendthrift backup scheme): 4.58299   1591.06
Cycle 136285921: backup (Spendthrift backup scheme): 4.58299   1390.73
Cycle 136285935: backup (Spendthrift backup scheme): 4.58299   1190.4
Cycle 136285949: backup (Spendthrift backup scheme): 4.58299   990.065
Cycle 136285964: backup (Spendthrift backup scheme): 4.58299   789.441
Cycle 136285978: backup (Spendthrift backup scheme): 4.58299   589.111
Cycle 136285992: backup (Spendthrift backup scheme): 4.58299   388.78
cycle 136286006: POWER OFF - is_active()
Cycle 137392625: instructions towards forward progress=9600000
Cycle 138448290: backup (Spendthrift backup scheme): 3.40473   2095.65
Cycle 138448304: backup (Spendthrift backup scheme): 3.40473   1895.32
Cycle 138448318: backup (Spendthrift backup scheme): 3.40473   1694.99
Cycle 138448332: backup (Spendthrift backup scheme): 3.40473   1494.66
Cycle 138448347: backup (Spendthrift backup scheme): 3.40473   1294.03
Cycle 138448361: backup (Spendthrift backup scheme): 3.40473   1093.7
Cycle 138448375: backup (Spendthrift backup scheme): 3.40473   893.37
Cycle 138448389: backup (Spendthrift backup scheme): 3.40473   693.039
Cycle 138448404: backup (Spendthrift backup scheme): 3.40473   492.416
Cycle 138448418: backup (Spendthrift backup scheme): 3.40473   292.085
cycle 138448432: POWER OFF - is_active()
Cycle 138824130: instructions towards forward progress=9700000
Cycle 140255396: instructions towards forward progress=9800000
Cycle 140611156: backup (Spendthrift backup scheme): 3.05141   2067.33
Cycle 140611170: backup (Spendthrift backup scheme): 3.05141   1867
Cycle 140611184: backup (Spendthrift backup scheme): 3.05141   1666.67
Cycle 140611199: backup (Spendthrift backup scheme): 3.05141   1466.04
Cycle 140611213: backup (Spendthrift backup scheme): 3.05141   1265.71
Cycle 140611227: backup (Spendthrift backup scheme): 3.05141   1065.38
Cycle 140611241: backup (Spendthrift backup scheme): 3.05141   865.051
Cycle 140611256: backup (Spendthrift backup scheme): 3.05141   664.428
Cycle 140611270: backup (Spendthrift backup scheme): 3.05141   464.097
Cycle 140611284: backup (Spendthrift backup scheme): 3.05141   263.766
cycle 140611298: POWER OFF - is_active()
Cycle 141686546: instructions towards forward progress=9900000
Cycle 142775066: backup (Spendthrift backup scheme): 1.60784   1948.49
Cycle 142775080: backup (Spendthrift backup scheme): 1.60784   1748.16
Cycle 142775094: backup (Spendthrift backup scheme): 1.60784   1547.83
Cycle 142775108: backup (Spendthrift backup scheme): 1.60784   1347.5
Cycle 142775122: backup (Spendthrift backup scheme): 1.60784   1147.16
Cycle 142775136: backup (Spendthrift backup scheme): 1.60784   946.833
Cycle 142775150: backup (Spendthrift backup scheme): 1.60784   746.502
Cycle 142775164: backup (Spendthrift backup scheme): 1.60784   546.171
Cycle 142775179: backup (Spendthrift backup scheme): 1.60784   345.548
cycle 142775193: POWER OFF - is_active()
done
CPU instructions executed: 10000066
CPU instructions executed towards forward progress: 10000000
Number of true positives: 0
Number of false positives: 0
Number of times renamed: 0
Number of times reclaimed: 0
CPU time (cycles): 143117560
Total time (ns): 3710175878876875
Energy harvested (J): 0.0188376
Energy remaining (J): 0.000236891
