000 (5664200.002.000) 2020-03-28 16:07:36 Job submitted from host: <128.104.101.92:9618?addrs=128.104.101.92-9618+[2607-f388-107c-501-a236-9fff-fe3c-caa8]-9618&alias=submit2.chtc.wisc.edu&noUDP&sock=schedd_3841921_d3c3>
...
040 (5664200.002.000) 2020-03-28 16:15:30 Started transferring input files
	Transferring to host: <128.105.245.140:9618?addrs=128.105.245.140-9618&alias=e340.chtc.wisc.edu&noUDP&sock=starter_16958_31eb_87910>
...
040 (5664200.002.000) 2020-03-28 16:15:33 Finished transferring input files
...
001 (5664200.002.000) 2020-03-28 16:15:33 Job executing on host: <128.105.245.140:9618?addrs=128.105.245.140-9618&alias=e340.chtc.wisc.edu&noUDP&sock=startd_18873_e2fd_3>
...
006 (5664200.002.000) 2020-03-28 16:15:44 Image size of job updated: 1
	0  -  MemoryUsage of job (MB)
	556  -  ResidentSetSize of job (KB)
...
040 (5664200.002.000) 2020-03-28 16:15:50 Started transferring output files
...
040 (5664200.002.000) 2020-03-28 16:15:50 Finished transferring output files
...
005 (5664200.002.000) 2020-03-28 16:15:51 Job terminated.
	(1) Normal termination (return value 1)
		Usr 0 00:00:00, Sys 0 00:00:00  -  Run Remote Usage
		Usr 0 00:00:00, Sys 0 00:00:00  -  Run Local Usage
		Usr 0 00:00:00, Sys 0 00:00:00  -  Total Remote Usage
		Usr 0 00:00:00, Sys 0 00:00:00  -  Total Local Usage
	119737  -  Run Bytes Sent By Job
	208769328  -  Run Bytes Received By Job
	119737  -  Total Bytes Sent By Job
	208769328  -  Total Bytes Received By Job
	Partitionable Resources :     Usage  Request Allocated 
	   Cpus                 :      0.00        1         1 
	   Disk (KB)            : 919313     4194304   4655896 
	   IoHeavy              :                            0 
	   Memory (MB)          :      0        4096      4096 

	Job terminated of its own accord at 2020-03-28T21:15:50Z.
...
