000 (5664200.006.000) 2020-03-28 16:07:36 Job submitted from host: <128.104.101.92:9618?addrs=128.104.101.92-9618+[2607-f388-107c-501-a236-9fff-fe3c-caa8]-9618&alias=submit2.chtc.wisc.edu&noUDP&sock=schedd_3841921_d3c3>
...
040 (5664200.006.000) 2020-03-28 16:15:43 Started transferring input files
	Transferring to host: <128.105.245.60:9618?addrs=128.105.245.60-9618&alias=e260.chtc.wisc.edu&noUDP&sock=starter_34161_43c6_85901>
...
040 (5664200.006.000) 2020-03-28 16:15:50 Finished transferring input files
...
001 (5664200.006.000) 2020-03-28 16:15:50 Job executing on host: <128.105.245.60:9618?addrs=128.105.245.60-9618&alias=e260.chtc.wisc.edu&noUDP&sock=startd_4586_316a_3>
...
040 (5664200.006.000) 2020-03-28 16:16:57 Started transferring output files
...
040 (5664200.006.000) 2020-03-28 16:16:57 Finished transferring output files
...
005 (5664200.006.000) 2020-03-28 16:17:00 Job terminated.
	(1) Normal termination (return value 1)
		Usr 0 00:00:00, Sys 0 00:00:00  -  Run Remote Usage
		Usr 0 00:00:00, Sys 0 00:00:00  -  Run Local Usage
		Usr 0 00:00:00, Sys 0 00:00:00  -  Total Remote Usage
		Usr 0 00:00:00, Sys 0 00:00:00  -  Total Local Usage
	119737  -  Run Bytes Sent By Job
	208763488  -  Run Bytes Received By Job
	119737  -  Total Bytes Sent By Job
	208763488  -  Total Bytes Received By Job
	Partitionable Resources :     Usage  Request Allocated 
	   Cpus                 :      0.00        1         1 
	   Disk (KB)            : 919307     4194304   4639237 
	   IoHeavy              :                            0 
	   Memory (MB)          :               4096      4096 

	Job terminated of its own accord at 2020-03-28T21:16:57Z.
...
