000 (5664199.006.000) 2020-03-28 16:07:29 Job submitted from host: <128.104.101.92:9618?addrs=128.104.101.92-9618+[2607-f388-107c-501-a236-9fff-fe3c-caa8]-9618&alias=submit2.chtc.wisc.edu&noUDP&sock=schedd_3841921_d3c3>
...
040 (5664199.006.000) 2020-03-28 16:10:39 Started transferring input files
	Transferring to host: <128.105.245.67:9618?addrs=128.105.245.67-9618&alias=e267.chtc.wisc.edu&noUDP&sock=starter_7488_b92a_89882>
...
040 (5664199.006.000) 2020-03-28 16:10:45 Finished transferring input files
...
001 (5664199.006.000) 2020-03-28 16:10:45 Job executing on host: <128.105.245.67:9618?addrs=128.105.245.67-9618&alias=e267.chtc.wisc.edu&noUDP&sock=startd_4664_b1cd_3>
...
006 (5664199.006.000) 2020-03-28 16:14:02 Image size of job updated: 92
	92  -  MemoryUsage of job (MB)
	94984  -  ResidentSetSize of job (KB)
...
040 (5664199.006.000) 2020-03-28 16:14:02 Started transferring output files
...
040 (5664199.006.000) 2020-03-28 16:14:02 Finished transferring output files
...
005 (5664199.006.000) 2020-03-28 16:14:03 Job terminated.
	(1) Normal termination (return value 0)
		Usr 0 00:02:03, Sys 0 00:00:02  -  Run Remote Usage
		Usr 0 00:00:00, Sys 0 00:00:00  -  Run Local Usage
		Usr 0 00:02:03, Sys 0 00:00:02  -  Total Remote Usage
		Usr 0 00:00:00, Sys 0 00:00:00  -  Total Local Usage
	119333  -  Run Bytes Sent By Job
	208763824  -  Run Bytes Received By Job
	119333  -  Total Bytes Sent By Job
	208763824  -  Total Bytes Received By Job
	Partitionable Resources :     Usage  Request Allocated 
	   Cpus                 :      0.00        1         1 
	   Disk (KB)            : 919307     4194304   4648743 
	   IoHeavy              :                            0 
	   Memory (MB)          :     92        4096      4096 

	Job terminated of its own accord at 2020-03-28T21:14:02Z.
...
