000 (5664199.020.000) 2020-03-28 16:07:29 Job submitted from host: <128.104.101.92:9618?addrs=128.104.101.92-9618+[2607-f388-107c-501-a236-9fff-fe3c-caa8]-9618&alias=submit2.chtc.wisc.edu&noUDP&sock=schedd_3841921_d3c3>
...
040 (5664199.020.000) 2020-03-28 16:13:41 Started transferring input files
	Transferring to host: <128.104.101.122:9618?addrs=128.104.101.122-9618+[2607-f388-107c-501-4603-a7ff-fe29-9b27]-9618&alias=e122.chtc.wisc.edu&noUDP&sock=slot1_12_16119_0b29_20791>
...
040 (5664199.020.000) 2020-03-28 16:13:44 Finished transferring input files
...
001 (5664199.020.000) 2020-03-28 16:13:44 Job executing on host: <128.104.101.122:9618?addrs=128.104.101.122-9618+[2607-f388-107c-501-4603-a7ff-fe29-9b27]-9618&alias=e122.chtc.wisc.edu&noUDP&sock=startd_3693_ab57>
...
006 (5664199.020.000) 2020-03-28 16:13:52 Image size of job updated: 2
	0  -  MemoryUsage of job (MB)
	644  -  ResidentSetSize of job (KB)
...
006 (5664199.020.000) 2020-03-28 16:18:53 Image size of job updated: 95
	95  -  MemoryUsage of job (MB)
	98072  -  ResidentSetSize of job (KB)
...
040 (5664199.020.000) 2020-03-28 22:55:51 Started transferring output files
...
040 (5664199.020.000) 2020-03-28 22:55:51 Finished transferring output files
...
005 (5664199.020.000) 2020-03-28 22:55:52 Job terminated.
	(1) Normal termination (return value 0)
		Usr 0 06:38:36, Sys 0 00:00:09  -  Run Remote Usage
		Usr 0 00:00:00, Sys 0 00:00:00  -  Run Local Usage
		Usr 0 06:38:36, Sys 0 00:00:09  -  Total Remote Usage
		Usr 0 00:00:00, Sys 0 00:00:00  -  Total Local Usage
	581893  -  Run Bytes Sent By Job
	208783472  -  Run Bytes Received By Job
	581893  -  Total Bytes Sent By Job
	208783472  -  Total Bytes Received By Job
	Partitionable Resources :    Usage  Request Allocated 
	   Cpus                 :        0        1         1 
	   Disk (KB)            :   919778  4194304   5107680 
	   IoHeavy              :                           0 
	   Memory (MB)          :       95     4096      4096 

	Job terminated of its own accord at 2020-03-29T03:55:51Z.
...
