000 (5664214.001.000) 2020-03-28 19:52:42 Job submitted from host: <128.104.101.92:9618?addrs=128.104.101.92-9618+[2607-f388-107c-501-a236-9fff-fe3c-caa8]-9618&alias=submit2.chtc.wisc.edu&noUDP&sock=schedd_3841921_d3c3>
...
040 (5664214.001.000) 2020-03-28 19:53:32 Started transferring input files
	Transferring to host: <128.104.58.184:9618?addrs=128.104.58.184-9618+[2607-f388-1086-0-16fe-b5ff-fec6-7153]-9618&alias=e1034.chtc.wisc.edu&noUDP&sock=starter_45641_f699_85273>
...
040 (5664214.001.000) 2020-03-28 19:53:36 Finished transferring input files
...
001 (5664214.001.000) 2020-03-28 19:53:36 Job executing on host: <128.104.58.184:9618?addrs=128.104.58.184-9618+[2607-f388-1086-0-16fe-b5ff-fec6-7153]-9618&alias=e1034.chtc.wisc.edu&noUDP&sock=startd_8262_9f8e_3>
...
006 (5664214.001.000) 2020-03-28 19:53:45 Image size of job updated: 1
	0  -  MemoryUsage of job (MB)
	644  -  ResidentSetSize of job (KB)
...
006 (5664214.001.000) 2020-03-28 19:58:46 Image size of job updated: 95
	95  -  MemoryUsage of job (MB)
	98048  -  ResidentSetSize of job (KB)
...
006 (5664214.001.000) 2020-03-28 22:16:05 Image size of job updated: 95
	95  -  MemoryUsage of job (MB)
	98052  -  ResidentSetSize of job (KB)
...
040 (5664214.001.000) 2020-03-28 22:16:05 Started transferring output files
...
040 (5664214.001.000) 2020-03-28 22:16:05 Finished transferring output files
...
005 (5664214.001.000) 2020-03-28 22:16:06 Job terminated.
	(1) Normal termination (return value 0)
		Usr 0 02:21:20, Sys 0 00:00:03  -  Run Remote Usage
		Usr 0 00:00:00, Sys 0 00:00:00  -  Run Local Usage
		Usr 0 02:21:20, Sys 0 00:00:03  -  Total Remote Usage
		Usr 0 00:00:00, Sys 0 00:00:00  -  Total Local Usage
	288644  -  Run Bytes Sent By Job
	210133440  -  Run Bytes Received By Job
	288644  -  Total Bytes Sent By Job
	210133440  -  Total Bytes Received By Job
	Partitionable Resources :    Usage  Request Allocated 
	   Cpus                 :        0        1         1 
	   Disk (KB)            :  1015849  4194304   4665657 
	   IoHeavy              :                           0 
	   Memory (MB)          :       95     4096      4096 

	Job terminated of its own accord at 2020-03-29T03:16:05Z.
...
