000 (5664214.004.000) 2020-03-28 19:52:42 Job submitted from host: <128.104.101.92:9618?addrs=128.104.101.92-9618+[2607-f388-107c-501-a236-9fff-fe3c-caa8]-9618&alias=submit2.chtc.wisc.edu&noUDP&sock=schedd_3841921_d3c3>
...
040 (5664214.004.000) 2020-03-28 19:53:31 Started transferring input files
	Transferring to host: <128.104.58.207:9618?addrs=128.104.58.207-9618+[2607-f388-1086-0-16fe-b5ff-fec6-7b2b]-9618&alias=e1058.chtc.wisc.edu&noUDP&sock=starter_30608_dad6_84144>
...
040 (5664214.004.000) 2020-03-28 19:53:36 Finished transferring input files
...
001 (5664214.004.000) 2020-03-28 19:53:36 Job executing on host: <128.104.58.207:9618?addrs=128.104.58.207-9618+[2607-f388-1086-0-16fe-b5ff-fec6-7b2b]-9618&alias=e1058.chtc.wisc.edu&noUDP&sock=startd_13857_53f1_3>
...
006 (5664214.004.000) 2020-03-28 19:58:56 Image size of job updated: 95
	95  -  MemoryUsage of job (MB)
	98048  -  ResidentSetSize of job (KB)
...
040 (5664214.004.000) 2020-03-28 22:10:07 Started transferring output files
...
040 (5664214.004.000) 2020-03-28 22:10:07 Finished transferring output files
...
005 (5664214.004.000) 2020-03-28 22:10:08 Job terminated.
	(1) Normal termination (return value 0)
		Usr 0 02:13:56, Sys 0 00:00:03  -  Run Remote Usage
		Usr 0 00:00:00, Sys 0 00:00:00  -  Run Local Usage
		Usr 0 02:13:56, Sys 0 00:00:03  -  Total Remote Usage
		Usr 0 00:00:00, Sys 0 00:00:00  -  Total Local Usage
	167993  -  Run Bytes Sent By Job
	208774784  -  Run Bytes Received By Job
	167993  -  Total Bytes Sent By Job
	208774784  -  Total Bytes Received By Job
	Partitionable Resources :    Usage  Request Allocated 
	   Cpus                 :        0        1         1 
	   Disk (KB)            :   919447  4194304   4500517 
	   IoHeavy              :                           0 
	   Memory (MB)          :       95     4096      4096 

	Job terminated of its own accord at 2020-03-29T03:10:07Z.
...
