000 (5664207.004.000) 2020-03-28 19:08:43 Job submitted from host: <128.104.101.92:9618?addrs=128.104.101.92-9618+[2607-f388-107c-501-a236-9fff-fe3c-caa8]-9618&alias=submit2.chtc.wisc.edu&noUDP&sock=schedd_3841921_d3c3>
...
040 (5664207.004.000) 2020-03-28 19:10:06 Started transferring input files
	Transferring to host: <128.105.245.122:9618?addrs=128.105.245.122-9618&alias=e322.chtc.wisc.edu&noUDP&sock=starter_19969_b785_71965>
...
040 (5664207.004.000) 2020-03-28 19:10:10 Finished transferring input files
...
001 (5664207.004.000) 2020-03-28 19:10:10 Job executing on host: <128.105.245.122:9618?addrs=128.105.245.122-9618&alias=e322.chtc.wisc.edu&noUDP&sock=startd_19845_990c_3>
...
006 (5664207.004.000) 2020-03-28 19:10:19 Image size of job updated: 1
	0  -  MemoryUsage of job (MB)
	408  -  ResidentSetSize of job (KB)
...
040 (5664207.004.000) 2020-03-28 19:10:24 Started transferring output files
...
040 (5664207.004.000) 2020-03-28 19:10:24 Finished transferring output files
...
005 (5664207.004.000) 2020-03-28 19:10:25 Job terminated.
	(1) Normal termination (return value 1)
		Usr 0 00:00:01, Sys 0 00:00:00  -  Run Remote Usage
		Usr 0 00:00:00, Sys 0 00:00:00  -  Run Local Usage
		Usr 0 00:00:01, Sys 0 00:00:00  -  Total Remote Usage
		Usr 0 00:00:00, Sys 0 00:00:00  -  Total Local Usage
	119737  -  Run Bytes Sent By Job
	208774816  -  Run Bytes Received By Job
	119737  -  Total Bytes Sent By Job
	208774816  -  Total Bytes Received By Job
	Partitionable Resources :     Usage  Request Allocated 
	   Cpus                 :      0.02        1         1 
	   Disk (KB)            : 919400     4194304   4658917 
	   IoHeavy              :                            0 
	   Memory (MB)          :      0        4096      4096 

	Job terminated of its own accord at 2020-03-29T00:10:24Z.
...
