000 (5664231.004.000) 2020-03-29 04:06:12 Job submitted from host: <128.104.101.92:9618?addrs=128.104.101.92-9618+[2607-f388-107c-501-a236-9fff-fe3c-caa8]-9618&alias=submit2.chtc.wisc.edu&noUDP&sock=schedd_3841921_d3c3>
...
040 (5664231.004.000) 2020-03-29 04:07:18 Started transferring input files
	Transferring to host: <128.105.245.86:9618?addrs=128.105.245.86-9618&alias=e286.chtc.wisc.edu&noUDP&sock=starter_24604_7e62_89547>
...
040 (5664231.004.000) 2020-03-29 04:07:21 Finished transferring input files
...
001 (5664231.004.000) 2020-03-29 04:07:21 Job executing on host: <128.105.245.86:9618?addrs=128.105.245.86-9618&alias=e286.chtc.wisc.edu&noUDP&sock=startd_10884_18e1_3>
...
006 (5664231.004.000) 2020-03-29 04:12:37 Image size of job updated: 95
	95  -  MemoryUsage of job (MB)
	98040  -  ResidentSetSize of job (KB)
...
040 (5664231.004.000) 2020-03-29 05:41:41 Started transferring output files
...
040 (5664231.004.000) 2020-03-29 05:41:41 Finished transferring output files
...
005 (5664231.004.000) 2020-03-29 05:41:42 Job terminated.
	(1) Normal termination (return value 0)
		Usr 0 01:29:07, Sys 0 00:00:04  -  Run Remote Usage
		Usr 0 00:00:00, Sys 0 00:00:00  -  Run Local Usage
		Usr 0 01:29:07, Sys 0 00:00:04  -  Total Remote Usage
		Usr 0 00:00:00, Sys 0 00:00:00  -  Total Local Usage
	167996  -  Run Bytes Sent By Job
	208774672  -  Run Bytes Received By Job
	167996  -  Total Bytes Sent By Job
	208774672  -  Total Bytes Received By Job
	Partitionable Resources :     Usage  Request Allocated 
	   Cpus                 :      0.00        1         1 
	   Disk (KB)            : 919447     4194304   4676193 
	   IoHeavy              :                            0 
	   Memory (MB)          :     95        4096      4096 

	Job terminated of its own accord at 2020-03-29T10:41:41Z.
...
