000 (5664231.001.000) 2020-03-29 04:06:12 Job submitted from host: <128.104.101.92:9618?addrs=128.104.101.92-9618+[2607-f388-107c-501-a236-9fff-fe3c-caa8]-9618&alias=submit2.chtc.wisc.edu&noUDP&sock=schedd_3841921_d3c3>
...
040 (5664231.001.000) 2020-03-29 04:07:20 Started transferring input files
	Transferring to host: <128.104.58.198:9618?addrs=128.104.58.198-9618+[2607-f388-1086-0-16fe-b5ff-fec6-7a80]-9618&alias=e1057.chtc.wisc.edu&noUDP&sock=starter_13377_0e79_89645>
...
040 (5664231.001.000) 2020-03-29 04:07:24 Finished transferring input files
...
001 (5664231.001.000) 2020-03-29 04:07:24 Job executing on host: <128.104.58.198:9618?addrs=128.104.58.198-9618+[2607-f388-1086-0-16fe-b5ff-fec6-7a80]-9618&alias=e1057.chtc.wisc.edu&noUDP&sock=startd_44268_be92_3>
...
006 (5664231.001.000) 2020-03-29 04:12:43 Image size of job updated: 95
	95  -  MemoryUsage of job (MB)
	98040  -  ResidentSetSize of job (KB)
...
040 (5664231.001.000) 2020-03-29 06:29:53 Started transferring output files
...
040 (5664231.001.000) 2020-03-29 06:29:53 Finished transferring output files
...
005 (5664231.001.000) 2020-03-29 06:29:53 Job terminated.
	(1) Normal termination (return value 0)
		Usr 0 02:18:41, Sys 0 00:00:04  -  Run Remote Usage
		Usr 0 00:00:00, Sys 0 00:00:00  -  Run Local Usage
		Usr 0 02:18:41, Sys 0 00:00:04  -  Total Remote Usage
		Usr 0 00:00:00, Sys 0 00:00:00  -  Total Local Usage
	288644  -  Run Bytes Sent By Job
	210133328  -  Run Bytes Received By Job
	288644  -  Total Bytes Sent By Job
	210133328  -  Total Bytes Received By Job
	Partitionable Resources :      Usage  Request Allocated 
	   Cpus                 :       0.00        1         1 
	   Disk (KB)            : 1015848     4194304   4506836 
	   IoHeavy              :                             0 
	   Memory (MB)          :      95        4096      4096 

	Job terminated of its own accord at 2020-03-29T11:29:53Z.
...
