000 (5664213.007.000) 2020-03-28 19:39:18 Job submitted from host: <128.104.101.92:9618?addrs=128.104.101.92-9618+[2607-f388-107c-501-a236-9fff-fe3c-caa8]-9618&alias=submit2.chtc.wisc.edu&noUDP&sock=schedd_3841921_d3c3>
...
040 (5664213.007.000) 2020-03-28 19:40:27 Started transferring input files
	Transferring to host: <128.104.58.197:9618?addrs=128.104.58.197-9618+[2607-f388-1086-0-16fe-b5ff-fec6-7a4a]-9618&alias=e1056.chtc.wisc.edu&noUDP&sock=starter_2353_a6b9_87073>
...
040 (5664213.007.000) 2020-03-28 19:40:31 Finished transferring input files
...
001 (5664213.007.000) 2020-03-28 19:40:31 Job executing on host: <128.104.58.197:9618?addrs=128.104.58.197-9618+[2607-f388-1086-0-16fe-b5ff-fec6-7a4a]-9618&alias=e1056.chtc.wisc.edu&noUDP&sock=startd_5436_38ea_3>
...
006 (5664213.007.000) 2020-03-28 19:41:34 Image size of job updated: 1
	0  -  MemoryUsage of job (MB)
	636  -  ResidentSetSize of job (KB)
...
040 (5664213.007.000) 2020-03-28 19:41:34 Started transferring output files
...
040 (5664213.007.000) 2020-03-28 19:41:34 Finished transferring output files
...
005 (5664213.007.000) 2020-03-28 19:41:34 Job terminated.
	(1) Normal termination (return value 1)
		Usr 0 00:00:00, Sys 0 00:00:00  -  Run Remote Usage
		Usr 0 00:00:00, Sys 0 00:00:00  -  Run Local Usage
		Usr 0 00:00:00, Sys 0 00:00:00  -  Total Remote Usage
		Usr 0 00:00:00, Sys 0 00:00:00  -  Total Local Usage
	119737  -  Run Bytes Sent By Job
	208804784  -  Run Bytes Received By Job
	119737  -  Total Bytes Sent By Job
	208804784  -  Total Bytes Received By Job
	Partitionable Resources :     Usage  Request Allocated 
	   Cpus                 :      0.08        1         1 
	   Disk (KB)            : 919430     4194304   4622396 
	   IoHeavy              :                            0 
	   Memory (MB)          :      0        4096      4096 

	Job terminated of its own accord at 2020-03-29T00:41:34Z.
...
