000 (5664199.007.000) 2020-03-28 16:07:29 Job submitted from host: <128.104.101.92:9618?addrs=128.104.101.92-9618+[2607-f388-107c-501-a236-9fff-fe3c-caa8]-9618&alias=submit2.chtc.wisc.edu&noUDP&sock=schedd_3841921_d3c3>
...
040 (5664199.007.000) 2020-03-28 16:10:39 Started transferring input files
	Transferring to host: <128.105.245.67:9618?addrs=128.105.245.67-9618&alias=e267.chtc.wisc.edu&noUDP&sock=starter_7488_b92a_89883>
...
040 (5664199.007.000) 2020-03-28 16:10:46 Finished transferring input files
...
001 (5664199.007.000) 2020-03-28 16:10:46 Job executing on host: <128.105.245.67:9618?addrs=128.105.245.67-9618&alias=e267.chtc.wisc.edu&noUDP&sock=startd_4664_b1cd_3>
...
006 (5664199.007.000) 2020-03-28 16:15:57 Image size of job updated: 95
	95  -  MemoryUsage of job (MB)
	97708  -  ResidentSetSize of job (KB)
...
006 (5664199.007.000) 2020-03-28 17:36:06 Image size of job updated: 95
	95  -  MemoryUsage of job (MB)
	97840  -  ResidentSetSize of job (KB)
...
006 (5664199.007.000) 2020-03-28 19:21:15 Image size of job updated: 95
	95  -  MemoryUsage of job (MB)
	97988  -  ResidentSetSize of job (KB)
...
040 (5664199.007.000) 2020-03-28 21:57:26 Started transferring output files
...
040 (5664199.007.000) 2020-03-28 21:57:26 Finished transferring output files
...
005 (5664199.007.000) 2020-03-28 21:57:28 Job terminated.
	(1) Normal termination (return value 0)
		Usr 0 05:45:18, Sys 0 00:00:06  -  Run Remote Usage
		Usr 0 00:00:00, Sys 0 00:00:00  -  Run Local Usage
		Usr 0 05:45:18, Sys 0 00:00:06  -  Total Remote Usage
		Usr 0 00:00:00, Sys 0 00:00:00  -  Total Local Usage
	414953  -  Run Bytes Sent By Job
	208804416  -  Run Bytes Received By Job
	414953  -  Total Bytes Sent By Job
	208804416  -  Total Bytes Received By Job
	Partitionable Resources :     Usage  Request Allocated 
	   Cpus                 :      0.00        1         1 
	   Disk (KB)            : 919636     4194304   4648743 
	   IoHeavy              :                            0 
	   Memory (MB)          :     95        4096      4096 

	Job terminated of its own accord at 2020-03-29T02:57:26Z.
...
