000 (5664231.012.000) 2020-03-29 04:06:12 Job submitted from host: <128.104.101.92:9618?addrs=128.104.101.92-9618+[2607-f388-107c-501-a236-9fff-fe3c-caa8]-9618&alias=submit2.chtc.wisc.edu&noUDP&sock=schedd_3841921_d3c3>
...
040 (5664231.012.000) 2020-03-29 04:07:18 Started transferring input files
	Transferring to host: <128.105.244.26:9618?addrs=128.105.244.26-9618&alias=e157.chtc.wisc.edu&noUDP&sock=slot1_2_27854_69a6_20078>
...
040 (5664231.012.000) 2020-03-29 04:07:28 Finished transferring input files
...
001 (5664231.012.000) 2020-03-29 04:07:28 Job executing on host: <128.105.244.26:9618?addrs=128.105.244.26-9618&alias=e157.chtc.wisc.edu&noUDP&sock=startd_2597_e78b>
...
006 (5664231.012.000) 2020-03-29 04:07:36 Image size of job updated: 1
	0  -  MemoryUsage of job (MB)
	568  -  ResidentSetSize of job (KB)
...
006 (5664231.012.000) 2020-03-29 04:09:01 Image size of job updated: 92
	92  -  MemoryUsage of job (MB)
	95200  -  ResidentSetSize of job (KB)
...
040 (5664231.012.000) 2020-03-29 04:09:01 Started transferring output files
...
040 (5664231.012.000) 2020-03-29 04:09:01 Finished transferring output files
...
005 (5664231.012.000) 2020-03-29 04:09:01 Job terminated.
	(1) Normal termination (return value 0)
		Usr 0 00:01:21, Sys 0 00:00:01  -  Run Remote Usage
		Usr 0 00:00:00, Sys 0 00:00:00  -  Run Local Usage
		Usr 0 00:01:21, Sys 0 00:00:01  -  Total Remote Usage
		Usr 0 00:00:00, Sys 0 00:00:00  -  Total Local Usage
	119323  -  Run Bytes Sent By Job
	209128912  -  Run Bytes Received By Job
	119323  -  Total Bytes Sent By Job
	209128912  -  Total Bytes Received By Job
	Partitionable Resources :     Usage  Request Allocated 
	   Cpus                 :      0.00        1         1 
	   Disk (KB)            : 919744     4194304   5461916 
	   IoHeavy              :                            0 
	   Memory (MB)          :     92        4096      4096 

	Job terminated of its own accord at 2020-03-29T09:09:01Z.
...
