000 (5664231.014.000) 2020-03-29 04:06:12 Job submitted from host: <128.104.101.92:9618?addrs=128.104.101.92-9618+[2607-f388-107c-501-a236-9fff-fe3c-caa8]-9618&alias=submit2.chtc.wisc.edu&noUDP&sock=schedd_3841921_d3c3>
...
040 (5664231.014.000) 2020-03-29 04:07:18 Started transferring input files
	Transferring to host: <128.104.58.110:9618?addrs=128.104.58.110-9618+[2607-f388-1086-0-ea9a-8fff-fe91-bc9e]-9618&alias=e470.chtc.wisc.edu&noUDP&sock=starter_12633_d75b_78244>
...
040 (5664231.014.000) 2020-03-29 04:07:22 Finished transferring input files
...
001 (5664231.014.000) 2020-03-29 04:07:22 Job executing on host: <128.104.58.110:9618?addrs=128.104.58.110-9618+[2607-f388-1086-0-ea9a-8fff-fe91-bc9e]-9618&alias=e470.chtc.wisc.edu&noUDP&sock=startd_4232_60e3_3>
...
006 (5664231.014.000) 2020-03-29 04:12:39 Image size of job updated: 95
	95  -  MemoryUsage of job (MB)
	97812  -  ResidentSetSize of job (KB)
...
006 (5664231.014.000) 2020-03-29 04:42:42 Image size of job updated: 95
	95  -  MemoryUsage of job (MB)
	97924  -  ResidentSetSize of job (KB)
...
040 (5664231.014.000) 2020-03-29 05:08:04 Started transferring output files
...
040 (5664231.014.000) 2020-03-29 05:08:04 Finished transferring output files
...
005 (5664231.014.000) 2020-03-29 05:08:06 Job terminated.
	(1) Normal termination (return value 0)
		Usr 0 00:59:46, Sys 0 00:00:01  -  Run Remote Usage
		Usr 0 00:00:00, Sys 0 00:00:00  -  Run Local Usage
		Usr 0 00:59:46, Sys 0 00:00:01  -  Total Remote Usage
		Usr 0 00:00:00, Sys 0 00:00:00  -  Total Local Usage
	135326  -  Run Bytes Sent By Job
	209046992  -  Run Bytes Received By Job
	135326  -  Total Bytes Sent By Job
	209046992  -  Total Bytes Received By Job
	Partitionable Resources :    Usage  Request Allocated 
	   Cpus                 :        0        1         1 
	   Disk (KB)            :  1014649  4194304  22105973 
	   IoHeavy              :                           0 
	   Memory (MB)          :       95     4096      4096 

	Job terminated of its own accord at 2020-03-29T10:08:04Z.
...
