Working dir : /var/lib/condor/execute/slot1/dir_36759
Cycle 0: instructions towards forward progress=0
cycle 1728: backup (idempotent_violation)
Cycle 1728: clank backup(Will Backup)
cycle 3899: backup (idempotent_violation)
Cycle 3899: clank backup(Will Backup)
cycle 9151: backup (idempotent_violation)
Cycle 9151: clank backup(Will Backup)
cycle 14075: backup (idempotent_violation)
Cycle 14075: clank backup(Will Backup)
cycle 16706: backup (idempotent_violation)
Cycle 16706: clank backup(Will Backup)
cycle 17805: backup (idempotent_violation)
Cycle 17805: clank backup(Will Backup)
cycle 18367: backup (idempotent_violation)
Cycle 18367: clank backup(Will Backup)
cycle 21966: backup (idempotent_violation)
Cycle 21966: clank backup(Will Backup)
cycle 23156: backup (idempotent_violation)
Cycle 23156: clank backup(Will Backup)
cycle 27721: backup (idempotent_violation)
Cycle 27721: clank backup(Will Backup)
cycle 28911: backup (idempotent_violation)
Cycle 28911: clank backup(Will Backup)
cycle 30749: backup (idempotent_violation)
Cycle 30749: clank backup(Will Backup)
cycle 37088: backup (idempotent_violation)
Cycle 37088: clank backup(Will Backup)
cycle 39219: backup (idempotent_violation)
Cycle 39219: clank backup(Will Backup)
cycle 40409: backup (idempotent_violation)
Cycle 40409: clank backup(Will Backup)
cycle 74366: backup (idempotent_violation)
Cycle 74366: clank backup(Will Backup)
cycle 75702: backup (idempotent_violation)
Cycle 75702: clank backup(Will Backup)
cycle 75965: backup (idempotent_violation)
Cycle 75965: clank backup(Will Backup)
cycle 77027: backup (idempotent_violation)
Cycle 77027: clank backup(Will Backup)
cycle 132002: backup (idempotent_violation)
Cycle 132002: clank backup(Will Backup)
cycle 133754: backup (idempotent_violation)
Cycle 133754: clank backup(Will Backup)
cycle 140095: backup (idempotent_violation)
Cycle 140095: clank backup(Will Backup)
cycle 189625: backup (idempotent_violation)
Cycle 189625: clank backup(Will Backup)
cycle 190303: backup (idempotent_violation)
Cycle 190303: clank backup(Will Backup)
cycle 191224: backup (idempotent_violation)
Cycle 191224: clank backup(Will Backup)
cycle 192824: backup (idempotent_violation)
Cycle 192824: clank backup(Will Backup)
cycle 247257: backup (idempotent_violation)
Cycle 247257: clank backup(Will Backup)
cycle 249190: backup (idempotent_violation)
Cycle 249190: clank backup(Will Backup)
cycle 252384: backup (idempotent_violation)
Cycle 252384: clank backup(Will Backup)
cycle 255088: backup (idempotent_violation)
Cycle 255088: clank backup(Will Backup)
cycle 260340: backup (idempotent_violation)
Cycle 260340: clank backup(Will Backup)
cycle 265264: backup (idempotent_violation)
Cycle 265264: clank backup(Will Backup)
cycle 267895: backup (idempotent_violation)
Cycle 267895: clank backup(Will Backup)
cycle 270549: backup (idempotent_violation)
Cycle 270549: clank backup(Will Backup)
cycle 273195: backup (idempotent_violation)
Cycle 273195: clank backup(Will Backup)
cycle 405276: backup (idempotent_violation)
Cycle 405276: clank backup(Will Backup)
cycle 408037: backup (idempotent_violation)
Cycle 408037: clank backup(Will Backup)
cycle 541018: backup (idempotent_violation)
Cycle 541018: clank backup(Will Backup)
cycle 543692: backup (idempotent_violation)
Cycle 543692: clank backup(Will Backup)
cycle 678483: backup (idempotent_violation)
Cycle 678483: clank backup(Will Backup)
cycle 680267: backup (idempotent_violation)
Cycle 680267: clank backup(Will Backup)
cycle 684816: backup (idempotent_violation)
Cycle 684816: clank backup(Will Backup)
cycle 816686: backup (idempotent_violation)
Cycle 816686: clank backup(Will Backup)
cycle 818800: backup (idempotent_violation)
Cycle 818800: clank backup(Will Backup)
cycle 822130: backup (idempotent_violation)
Cycle 822130: clank backup(Will Backup)
cycle 822380: backup (idempotent_violation)
Cycle 822380: clank backup(Will Backup)
cycle 827413: backup (idempotent_violation)
Cycle 827413: clank backup(Will Backup)
cycle 832337: backup (idempotent_violation)
Cycle 832337: clank backup(Will Backup)
cycle 835134: backup (idempotent_violation)
Cycle 835134: clank backup(Will Backup)
cycle 839660: backup (idempotent_violation)
Cycle 839660: clank backup(Will Backup)
cycle 970305: backup (idempotent_violation)
Cycle 970305: clank backup(Will Backup)
cycle 972249: backup (idempotent_violation)
Cycle 972249: clank backup(Will Backup)
cycle 975066: backup (idempotent_violation)
Cycle 975066: clank backup(Will Backup)
cycle 979990: backup (idempotent_violation)
Cycle 979990: clank backup(Will Backup)
cycle 984914: backup (idempotent_violation)
Cycle 984914: clank backup(Will Backup)
cycle 985231: backup (idempotent_violation)
Cycle 985231: clank backup(Will Backup)
cycle 988834: backup (idempotent_violation)
Cycle 988834: clank backup(Will Backup)
cycle 991688: backup (idempotent_violation)
Cycle 991688: clank backup(Will Backup)
cycle 994601: backup (idempotent_violation)
Cycle 994601: clank backup(Will Backup)
cycle 998221: backup (idempotent_violation)
Cycle 998221: clank backup(Will Backup)
cycle 1003198: backup (idempotent_violation)
Cycle 1003198: clank backup(Will Backup)
cycle 1009727: backup (idempotent_violation)
Cycle 1009727: clank backup(Will Backup)
cycle 1014704: backup (idempotent_violation)
Cycle 1014704: clank backup(Will Backup)
cycle 1021233: backup (idempotent_violation)
Cycle 1021233: clank backup(Will Backup)
cycle 1026210: backup (idempotent_violation)
Cycle 1026210: clank backup(Will Backup)
cycle 1032739: backup (idempotent_violation)
Cycle 1032739: clank backup(Will Backup)
cycle 1037716: backup (idempotent_violation)
Cycle 1037716: clank backup(Will Backup)
cycle 1041310: backup (idempotent_violation)
Cycle 1041310: clank backup(Will Backup)
cycle 1043318: backup (idempotent_violation)
Cycle 1043318: clank backup(Will Backup)
cycle 1044587: backup (idempotent_violation)
Cycle 1044587: clank backup(Will Backup)
cycle 1046433: backup (idempotent_violation)
Cycle 1046433: clank backup(Will Backup)
cycle 1046803: backup (idempotent_violation)
Cycle 1046803: clank backup(Will Backup)
cycle 1051734: backup (idempotent_violation)
Cycle 1051734: clank backup(Will Backup)
cycle 1056658: backup (idempotent_violation)
Cycle 1056658: clank backup(Will Backup)
cycle 1059437: backup (idempotent_violation)
Cycle 1059437: clank backup(Will Backup)
cycle 1063032: backup (idempotent_violation)
Cycle 1063032: clank backup(Will Backup)
cycle 1065886: backup (idempotent_violation)
Cycle 1065886: clank backup(Will Backup)
cycle 1068799: backup (idempotent_violation)
Cycle 1068799: clank backup(Will Backup)
cycle 1072419: backup (idempotent_violation)
Cycle 1072419: clank backup(Will Backup)
cycle 1077396: backup (idempotent_violation)
Cycle 1077396: clank backup(Will Backup)
cycle 1083925: backup (idempotent_violation)
Cycle 1083925: clank backup(Will Backup)
cycle 1088902: backup (idempotent_violation)
Cycle 1088902: clank backup(Will Backup)
cycle 1095431: backup (idempotent_violation)
Cycle 1095431: clank backup(Will Backup)
cycle 1100408: backup (idempotent_violation)
Cycle 1100408: clank backup(Will Backup)
cycle 1106937: backup (idempotent_violation)
Cycle 1106937: clank backup(Will Backup)
cycle 1111914: backup (idempotent_violation)
Cycle 1111914: clank backup(Will Backup)
cycle 1115508: backup (idempotent_violation)
Cycle 1115508: clank backup(Will Backup)
cycle 1116299: backup (idempotent_violation)
Cycle 1116299: clank backup(Will Backup)
cycle 1121332: backup (idempotent_violation)
Cycle 1121332: clank backup(Will Backup)
cycle 1126256: backup (idempotent_violation)
Cycle 1126256: clank backup(Will Backup)
cycle 1129035: backup (idempotent_violation)
Cycle 1129035: clank backup(Will Backup)
cycle 1135476: backup (idempotent_violation)
Cycle 1135476: clank backup(Will Backup)
cycle 1185100: backup (idempotent_violation)
Cycle 1185100: clank backup(Will Backup)
cycle 1185809: backup (idempotent_violation)
Cycle 1185809: clank backup(Will Backup)
cycle 1190842: backup (idempotent_violation)
Cycle 1190842: clank backup(Will Backup)
cycle 1195766: backup (idempotent_violation)
Cycle 1195766: clank backup(Will Backup)
cycle 1199524: backup (idempotent_violation)
Cycle 1199524: clank backup(Will Backup)
cycle 1254581: backup (idempotent_violation)
Cycle 1254581: clank backup(Will Backup)
cycle 1255290: backup (idempotent_violation)
Cycle 1255290: clank backup(Will Backup)
cycle 1260323: backup (idempotent_violation)
Cycle 1260323: clank backup(Will Backup)
cycle 1265247: backup (idempotent_violation)
Cycle 1265247: clank backup(Will Backup)
cycle 1269005: backup (idempotent_violation)
Cycle 1269005: clank backup(Will Backup)
cycle 1274462: backup (idempotent_violation)
Cycle 1274462: clank backup(Will Backup)
cycle 1324082: backup (idempotent_violation)
Cycle 1324082: clank backup(Will Backup)
done
CPU instructions executed: 93208
CPU instructions executed towards forward progress: 93208
Number of true positives: 38
Number of false positives: 2
Number of times renamed: 0
Number of times reclaimed: 0
CPU time (cycles): 1324238
Total time (ns): 55395296411723
Energy harvested (J): 0.000281251
Energy remaining (J): 4.70835e-05
