000 (5664207.011.000) 2020-03-28 19:08:43 Job submitted from host: <128.104.101.92:9618?addrs=128.104.101.92-9618+[2607-f388-107c-501-a236-9fff-fe3c-caa8]-9618&alias=submit2.chtc.wisc.edu&noUDP&sock=schedd_3841921_d3c3>
...
040 (5664207.011.000) 2020-03-28 19:10:22 Started transferring input files
	Transferring to host: <128.105.245.66:9618?addrs=128.105.245.66-9618&alias=e266.chtc.wisc.edu&noUDP&sock=starter_33663_60f2_86433>
...
040 (5664207.011.000) 2020-03-28 19:10:36 Finished transferring input files
...
001 (5664207.011.000) 2020-03-28 19:10:36 Job executing on host: <128.105.245.66:9618?addrs=128.105.245.66-9618&alias=e266.chtc.wisc.edu&noUDP&sock=startd_4680_ab51_3>
...
040 (5664207.011.000) 2020-03-28 19:16:22 Started transferring output files
...
040 (5664207.011.000) 2020-03-28 19:16:22 Finished transferring output files
...
005 (5664207.011.000) 2020-03-28 19:16:22 Job terminated.
	(1) Normal termination (return value 1)
		Usr 0 00:00:00, Sys 0 00:00:00  -  Run Remote Usage
		Usr 0 00:00:00, Sys 0 00:00:00  -  Run Local Usage
		Usr 0 00:00:00, Sys 0 00:00:00  -  Total Remote Usage
		Usr 0 00:00:00, Sys 0 00:00:00  -  Total Local Usage
	119733  -  Run Bytes Sent By Job
	208764528  -  Run Bytes Received By Job
	119733  -  Total Bytes Sent By Job
	208764528  -  Total Bytes Received By Job
	Partitionable Resources :     Usage  Request Allocated 
	   Cpus                 :      0.04        1         1 
	   Disk (KB)            : 919392     4194304   4747300 
	   IoHeavy              :                            0 
	   Memory (MB)          :               4096      4096 

	Job terminated of its own accord at 2020-03-29T00:16:22Z.
...
