000 (5664231.002.000) 2020-03-29 04:06:12 Job submitted from host: <128.104.101.92:9618?addrs=128.104.101.92-9618+[2607-f388-107c-501-a236-9fff-fe3c-caa8]-9618&alias=submit2.chtc.wisc.edu&noUDP&sock=schedd_3841921_d3c3>
...
040 (5664231.002.000) 2020-03-29 04:07:17 Started transferring input files
	Transferring to host: <128.104.101.112:9618?addrs=128.104.101.112-9618+[2607-f388-107c-501-1e6a-7aff-fe21-a7c5]-9618&alias=e457.chtc.wisc.edu&noUDP&sock=slot1_11_40221_153d_22053>
...
040 (5664231.002.000) 2020-03-29 04:07:20 Finished transferring input files
...
001 (5664231.002.000) 2020-03-29 04:07:20 Job executing on host: <128.104.101.112:9618?addrs=128.104.101.112-9618+[2607-f388-107c-501-1e6a-7aff-fe21-a7c5]-9618&alias=e457.chtc.wisc.edu&noUDP&sock=startd_6773_4b0a>
...
006 (5664231.002.000) 2020-03-29 04:09:02 Image size of job updated: 95
	95  -  MemoryUsage of job (MB)
	98044  -  ResidentSetSize of job (KB)
...
040 (5664231.002.000) 2020-03-29 04:09:02 Started transferring output files
...
040 (5664231.002.000) 2020-03-29 04:09:02 Finished transferring output files
...
005 (5664231.002.000) 2020-03-29 04:09:02 Job terminated.
	(1) Normal termination (return value 0)
		Usr 0 00:01:10, Sys 0 00:00:01  -  Run Remote Usage
		Usr 0 00:00:00, Sys 0 00:00:00  -  Run Local Usage
		Usr 0 00:01:10, Sys 0 00:00:01  -  Total Remote Usage
		Usr 0 00:00:00, Sys 0 00:00:00  -  Total Local Usage
	128160  -  Run Bytes Sent By Job
	208769936  -  Run Bytes Received By Job
	128160  -  Total Bytes Sent By Job
	208769936  -  Total Bytes Received By Job
	Partitionable Resources :     Usage  Request Allocated 
	   Cpus                 :      0.02        1         1 
	   Disk (KB)            : 919403     4194304   4649709 
	   IoHeavy              :                            0 
	   Memory (MB)          :     95        4096      4096 

	Job terminated of its own accord at 2020-03-29T09:09:02Z.
...
