000 (5664199.010.000) 2020-03-28 16:07:29 Job submitted from host: <128.104.101.92:9618?addrs=128.104.101.92-9618+[2607-f388-107c-501-a236-9fff-fe3c-caa8]-9618&alias=submit2.chtc.wisc.edu&noUDP&sock=schedd_3841921_d3c3>
...
040 (5664199.010.000) 2020-03-28 16:12:38 Started transferring input files
	Transferring to host: <128.104.100.109:9618?addrs=128.104.100.109-9618+[2607-f388-107c-501-f24d-a2ff-fe75-e04a]-9618&alias=e0030.chtc.wisc.edu&noUDP&sock=slot1_8_13179_8c31_19618>
...
040 (5664199.010.000) 2020-03-28 16:12:41 Finished transferring input files
...
001 (5664199.010.000) 2020-03-28 16:12:41 Job executing on host: <128.104.100.109:9618?addrs=128.104.100.109-9618+[2607-f388-107c-501-f24d-a2ff-fe75-e04a]-9618&alias=e0030.chtc.wisc.edu&noUDP&sock=startd_4694_45a4>
...
006 (5664199.010.000) 2020-03-28 16:18:08 Image size of job updated: 95
	95  -  MemoryUsage of job (MB)
	97912  -  ResidentSetSize of job (KB)
...
040 (5664199.010.000) 2020-03-28 16:40:17 Started transferring output files
...
040 (5664199.010.000) 2020-03-28 16:40:17 Finished transferring output files
...
005 (5664199.010.000) 2020-03-28 16:40:18 Job terminated.
	(1) Normal termination (return value 0)
		Usr 0 00:00:00, Sys 0 00:00:00  -  Run Remote Usage
		Usr 0 00:00:00, Sys 0 00:00:00  -  Run Local Usage
		Usr 0 00:00:00, Sys 0 00:00:00  -  Total Remote Usage
		Usr 0 00:00:00, Sys 0 00:00:00  -  Total Local Usage
	164209  -  Run Bytes Sent By Job
	208778320  -  Run Bytes Received By Job
	164209  -  Total Bytes Sent By Job
	208778320  -  Total Bytes Received By Job
	Partitionable Resources :     Usage  Request Allocated 
	   Cpus                 :      0.00        1         1 
	   Disk (KB)            : 919365     4194304   4512491 
	   IoHeavy              :                            0 
	   Memory (MB)          :     95        4096      4096 

	Job terminated of its own accord at 2020-03-28T21:40:16Z.
...
