000 (5664214.010.000) 2020-03-28 19:52:42 Job submitted from host: <128.104.101.92:9618?addrs=128.104.101.92-9618+[2607-f388-107c-501-a236-9fff-fe3c-caa8]-9618&alias=submit2.chtc.wisc.edu&noUDP&sock=schedd_3841921_d3c3>
...
040 (5664214.010.000) 2020-03-28 19:53:29 Started transferring input files
	Transferring to host: <128.105.245.96:9618?addrs=128.105.245.96-9618&alias=e296.chtc.wisc.edu&noUDP&sock=starter_23324_9e2e_51021>
...
040 (5664214.010.000) 2020-03-28 19:53:33 Finished transferring input files
...
001 (5664214.010.000) 2020-03-28 19:53:33 Job executing on host: <128.105.245.96:9618?addrs=128.105.245.96-9618&alias=e296.chtc.wisc.edu&noUDP&sock=startd_7108_1344_20>
...
006 (5664214.010.000) 2020-03-28 19:58:42 Image size of job updated: 95
	95  -  MemoryUsage of job (MB)
	97744  -  ResidentSetSize of job (KB)
...
040 (5664214.010.000) 2020-03-28 20:14:56 Started transferring output files
...
040 (5664214.010.000) 2020-03-28 20:14:56 Finished transferring output files
...
005 (5664214.010.000) 2020-03-28 20:14:56 Job terminated.
	(1) Normal termination (return value 0)
		Usr 0 00:20:38, Sys 0 00:00:03  -  Run Remote Usage
		Usr 0 00:00:00, Sys 0 00:00:00  -  Run Local Usage
		Usr 0 00:20:38, Sys 0 00:00:03  -  Total Remote Usage
		Usr 0 00:00:00, Sys 0 00:00:00  -  Total Local Usage
	477692  -  Run Bytes Sent By Job
	208778704  -  Run Bytes Received By Job
	477692  -  Total Bytes Sent By Job
	208778704  -  Total Bytes Received By Job
	Partitionable Resources :    Usage  Request Allocated 
	   Cpus                 :        0        1         1 
	   Disk (KB)            :   919755  4194304   4658241 
	   IoHeavy              :                           0 
	   Memory (MB)          :       95     4096      4096 

	Job terminated of its own accord at 2020-03-29T01:14:56Z.
...
