000 (5664213.010.000) 2020-03-28 19:39:18 Job submitted from host: <128.104.101.92:9618?addrs=128.104.101.92-9618+[2607-f388-107c-501-a236-9fff-fe3c-caa8]-9618&alias=submit2.chtc.wisc.edu&noUDP&sock=schedd_3841921_d3c3>
...
040 (5664213.010.000) 2020-03-28 19:40:27 Started transferring input files
	Transferring to host: <128.105.245.133:9618?addrs=128.105.245.133-9618&alias=e2333.chtc.wisc.edu&noUDP&sock=starter_8733_f03c_86053>
...
040 (5664213.010.000) 2020-03-28 19:40:30 Finished transferring input files
...
001 (5664213.010.000) 2020-03-28 19:40:30 Job executing on host: <128.105.245.133:9618?addrs=128.105.245.133-9618&alias=e2333.chtc.wisc.edu&noUDP&sock=startd_2710_69be_3>
...
006 (5664213.010.000) 2020-03-28 19:41:31 Image size of job updated: 1
	0  -  MemoryUsage of job (MB)
	368  -  ResidentSetSize of job (KB)
...
040 (5664213.010.000) 2020-03-28 19:41:31 Started transferring output files
...
040 (5664213.010.000) 2020-03-28 19:41:31 Finished transferring output files
...
005 (5664213.010.000) 2020-03-28 19:41:33 Job terminated.
	(1) Normal termination (return value 1)
		Usr 0 00:00:01, Sys 0 00:00:00  -  Run Remote Usage
		Usr 0 00:00:00, Sys 0 00:00:00  -  Run Local Usage
		Usr 0 00:00:01, Sys 0 00:00:00  -  Total Remote Usage
		Usr 0 00:00:00, Sys 0 00:00:00  -  Total Local Usage
	119735  -  Run Bytes Sent By Job
	208778688  -  Run Bytes Received By Job
	119735  -  Total Bytes Sent By Job
	208778688  -  Total Bytes Received By Job
	Partitionable Resources :     Usage  Request Allocated 
	   Cpus                 :      0.02        1         1 
	   Disk (KB)            : 919405     4194304   4628492 
	   IoHeavy              :                            0 
	   Memory (MB)          :      0        4096      4096 

	Job terminated of its own accord at 2020-03-29T00:41:31Z.
...
