000 (5664200.010.000) 2020-03-28 16:07:36 Job submitted from host: <128.104.101.92:9618?addrs=128.104.101.92-9618+[2607-f388-107c-501-a236-9fff-fe3c-caa8]-9618&alias=submit2.chtc.wisc.edu&noUDP&sock=schedd_3841921_d3c3>
...
040 (5664200.010.000) 2020-03-28 16:15:57 Started transferring input files
	Transferring to host: <128.104.101.142:9618?addrs=128.104.101.142-9618+[2607-f388-107c-501-206-f6ff-fe30-a5a5]-9618&alias=e142.chtc.wisc.edu&noUDP&sock=slot1_26_1873_72a5_21882>
...
040 (5664200.010.000) 2020-03-28 16:16:00 Finished transferring input files
...
001 (5664200.010.000) 2020-03-28 16:16:00 Job executing on host: <128.104.101.142:9618?addrs=128.104.101.142-9618+[2607-f388-107c-501-206-f6ff-fe30-a5a5]-9618&alias=e142.chtc.wisc.edu&noUDP&sock=startd_3867_04d2>
...
006 (5664200.010.000) 2020-03-28 16:16:10 Image size of job updated: 1
	0  -  MemoryUsage of job (MB)
	656  -  ResidentSetSize of job (KB)
...
040 (5664200.010.000) 2020-03-28 16:16:10 Started transferring output files
...
040 (5664200.010.000) 2020-03-28 16:16:10 Finished transferring output files
...
005 (5664200.010.000) 2020-03-28 16:16:12 Job terminated.
	(1) Normal termination (return value 1)
		Usr 0 00:00:02, Sys 0 00:00:00  -  Run Remote Usage
		Usr 0 00:00:00, Sys 0 00:00:00  -  Run Local Usage
		Usr 0 00:00:02, Sys 0 00:00:00  -  Total Remote Usage
		Usr 0 00:00:00, Sys 0 00:00:00  -  Total Local Usage
	119737  -  Run Bytes Sent By Job
	208777984  -  Run Bytes Received By Job
	119737  -  Total Bytes Sent By Job
	208777984  -  Total Bytes Received By Job
	Partitionable Resources :     Usage  Request Allocated 
	   Cpus                 :      0.02        1         1 
	   Disk (KB)            : 919321     4194304   5101806 
	   IoHeavy              :                            0 
	   Memory (MB)          :      0        4096      4096 

	Job terminated of its own accord at 2020-03-28T21:16:10Z.
...
