000 (5664214.017.000) 2020-03-28 19:52:42 Job submitted from host: <128.104.101.92:9618?addrs=128.104.101.92-9618+[2607-f388-107c-501-a236-9fff-fe3c-caa8]-9618&alias=submit2.chtc.wisc.edu&noUDP&sock=schedd_3841921_d3c3>
...
040 (5664214.017.000) 2020-03-28 19:53:30 Started transferring input files
	Transferring to host: <128.105.245.28:9618?addrs=128.105.245.28-9618&alias=e228.chtc.wisc.edu&noUDP&sock=slot1_8_25457_8264_17606>
...
040 (5664214.017.000) 2020-03-28 19:53:34 Finished transferring input files
...
001 (5664214.017.000) 2020-03-28 19:53:34 Job executing on host: <128.105.245.28:9618?addrs=128.105.245.28-9618&alias=e228.chtc.wisc.edu&noUDP&sock=startd_6016_0dd8>
...
006 (5664214.017.000) 2020-03-28 19:58:54 Image size of job updated: 95
	95  -  MemoryUsage of job (MB)
	97532  -  ResidentSetSize of job (KB)
...
006 (5664214.017.000) 2020-03-28 20:02:04 Image size of job updated: 95
	95  -  MemoryUsage of job (MB)
	97548  -  ResidentSetSize of job (KB)
...
040 (5664214.017.000) 2020-03-28 20:02:04 Started transferring output files
...
040 (5664214.017.000) 2020-03-28 20:02:04 Finished transferring output files
...
005 (5664214.017.000) 2020-03-28 20:02:05 Job terminated.
	(1) Normal termination (return value 0)
		Usr 0 00:00:00, Sys 0 00:00:00  -  Run Remote Usage
		Usr 0 00:00:00, Sys 0 00:00:00  -  Run Local Usage
		Usr 0 00:00:00, Sys 0 00:00:00  -  Total Remote Usage
		Usr 0 00:00:00, Sys 0 00:00:00  -  Total Local Usage
	121454  -  Run Bytes Sent By Job
	208764064  -  Run Bytes Received By Job
	121454  -  Total Bytes Sent By Job
	208764064  -  Total Bytes Received By Job
	Partitionable Resources :     Usage  Request Allocated 
	   Cpus                 :      0.00        1         1 
	   Disk (KB)            : 919390     4194304   5452953 
	   IoHeavy              :                            0 
	   Memory (MB)          :     95        4096      4096 

	Job terminated of its own accord at 2020-03-29T01:02:04Z.
...
