000 (5664214.008.000) 2020-03-28 19:52:42 Job submitted from host: <128.104.101.92:9618?addrs=128.104.101.92-9618+[2607-f388-107c-501-a236-9fff-fe3c-caa8]-9618&alias=submit2.chtc.wisc.edu&noUDP&sock=schedd_3841921_d3c3>
...
040 (5664214.008.000) 2020-03-28 19:53:30 Started transferring input files
	Transferring to host: <128.105.245.155:9618?addrs=128.105.245.155-9618&alias=e355.chtc.wisc.edu&noUDP&sock=starter_8193_75a6_92058>
...
040 (5664214.008.000) 2020-03-28 19:53:34 Finished transferring input files
...
001 (5664214.008.000) 2020-03-28 19:53:34 Job executing on host: <128.105.245.155:9618?addrs=128.105.245.155-9618&alias=e355.chtc.wisc.edu&noUDP&sock=startd_7120_4e67_3>
...
006 (5664214.008.000) 2020-03-28 19:58:48 Image size of job updated: 95
	95  -  MemoryUsage of job (MB)
	97628  -  ResidentSetSize of job (KB)
...
040 (5664214.008.000) 2020-03-28 21:54:41 Started transferring output files
...
040 (5664214.008.000) 2020-03-28 21:54:41 Finished transferring output files
...
005 (5664214.008.000) 2020-03-28 21:54:44 Job terminated.
	(1) Normal termination (return value 0)
		Usr 0 02:00:02, Sys 0 00:00:03  -  Run Remote Usage
		Usr 0 00:00:00, Sys 0 00:00:00  -  Run Local Usage
		Usr 0 02:00:02, Sys 0 00:00:03  -  Total Remote Usage
		Usr 0 00:00:00, Sys 0 00:00:00  -  Total Local Usage
	697637  -  Run Bytes Sent By Job
	208779968  -  Run Bytes Received By Job
	697637  -  Total Bytes Sent By Job
	208779968  -  Total Bytes Received By Job
	Partitionable Resources :      Usage  Request Allocated 
	   Cpus                 :       0.00        1         1 
	   Disk (KB)            : 1014939     4194304   4681685 
	   IoHeavy              :                             0 
	   Memory (MB)          :      95        4096      4096 

	Job terminated of its own accord at 2020-03-29T02:54:41Z.
...
