000 (5664207.008.000) 2020-03-28 19:08:43 Job submitted from host: <128.104.101.92:9618?addrs=128.104.101.92-9618+[2607-f388-107c-501-a236-9fff-fe3c-caa8]-9618&alias=submit2.chtc.wisc.edu&noUDP&sock=schedd_3841921_d3c3>
...
040 (5664207.008.000) 2020-03-28 19:10:18 Started transferring input files
	Transferring to host: <128.105.245.187:9618?addrs=128.105.245.187-9618&alias=e2387.chtc.wisc.edu&noUDP&sock=starter_1433_6d93_89259>
...
040 (5664207.008.000) 2020-03-28 19:10:22 Finished transferring input files
...
001 (5664207.008.000) 2020-03-28 19:10:22 Job executing on host: <128.105.245.187:9618?addrs=128.105.245.187-9618&alias=e2387.chtc.wisc.edu&noUDP&sock=startd_12884_ee4a_3>
...
006 (5664207.008.000) 2020-03-28 19:11:07 Image size of job updated: 1
	0  -  MemoryUsage of job (MB)
	392  -  ResidentSetSize of job (KB)
...
040 (5664207.008.000) 2020-03-28 19:11:07 Started transferring output files
...
040 (5664207.008.000) 2020-03-28 19:11:07 Finished transferring output files
...
005 (5664207.008.000) 2020-03-28 19:11:08 Job terminated.
	(1) Normal termination (return value 1)
		Usr 0 00:00:01, Sys 0 00:00:00  -  Run Remote Usage
		Usr 0 00:00:00, Sys 0 00:00:00  -  Run Local Usage
		Usr 0 00:00:01, Sys 0 00:00:00  -  Total Remote Usage
		Usr 0 00:00:00, Sys 0 00:00:00  -  Total Local Usage
	119737  -  Run Bytes Sent By Job
	208780000  -  Run Bytes Received By Job
	119737  -  Total Bytes Sent By Job
	208780000  -  Total Bytes Received By Job
	Partitionable Resources :    Usage  Request Allocated 
	   Cpus                 :        0        1         1 
	   Disk (KB)            :   919405  4194304   5407701 
	   IoHeavy              :                           0 
	   Memory (MB)          :        0     4096      4096 

	Job terminated of its own accord at 2020-03-29T00:11:07Z.
...
