Working dir : /var/lib/condor/execute/slot1/dir_2495
Cycle 0: instructions towards forward progress=0
Cycle 1433273: instructions towards forward progress=100000
Cycle 2159046: spendthrift backup(Will Backup)
Cycle 2159060: spendthrift backup(Will Backup)
Cycle 2159075: spendthrift backup(Will Backup)
Cycle 2159089: spendthrift backup(Will Backup)
Cycle 2159103: spendthrift backup(Will Backup)
Cycle 2159117: spendthrift backup(Will Backup)
Cycle 2159132: spendthrift backup(Will Backup)
Cycle 2159146: spendthrift backup(Will Backup)
Cycle 2159160: spendthrift backup(Will Backup)
cycle 2159160: POWER OFF - is_active()
Cycle 2865611: instructions towards forward progress=200000
Cycle 4297868: instructions towards forward progress=300000
Cycle 4321468: spendthrift backup(Will Backup)
Cycle 4321482: spendthrift backup(Will Backup)
Cycle 4321496: spendthrift backup(Will Backup)
Cycle 4321511: spendthrift backup(Will Backup)
Cycle 4321525: spendthrift backup(Will Backup)
Cycle 4321539: spendthrift backup(Will Backup)
Cycle 4321553: spendthrift backup(Will Backup)
Cycle 4321568: spendthrift backup(Will Backup)
Cycle 4321582: spendthrift backup(Will Backup)
cycle 4321582: POWER OFF - is_active()
Cycle 5729719: instructions towards forward progress=400000
Cycle 6483174: spendthrift backup(Will Backup)
Cycle 6483188: spendthrift backup(Will Backup)
Cycle 6483203: spendthrift backup(Will Backup)
Cycle 6483217: spendthrift backup(Will Backup)
Cycle 6483231: spendthrift backup(Will Backup)
Cycle 6483245: spendthrift backup(Will Backup)
Cycle 6483260: spendthrift backup(Will Backup)
Cycle 6483274: spendthrift backup(Will Backup)
Cycle 6483288: spendthrift backup(Will Backup)
Cycle 6483302: spendthrift backup(Will Backup)
cycle 6483302: POWER OFF - is_active()
Cycle 7161636: instructions towards forward progress=500000
Cycle 8593636: instructions towards forward progress=600000
Cycle 8643936: spendthrift backup(Will Backup)
Cycle 8643950: spendthrift backup(Will Backup)
Cycle 8643965: spendthrift backup(Will Backup)
Cycle 8643979: spendthrift backup(Will Backup)
Cycle 8643994: spendthrift backup(Will Backup)
Cycle 8644008: spendthrift backup(Will Backup)
Cycle 8644026: spendthrift backup(Will Backup)
Cycle 8644040: spendthrift backup(Will Backup)
Cycle 8644055: spendthrift backup(Will Backup)
Cycle 8644069: spendthrift backup(Will Backup)
cycle 8644069: POWER OFF - is_active()
Cycle 10025175: instructions towards forward progress=700000
Cycle 10807342: spendthrift backup(Will Backup)
Cycle 10807356: spendthrift backup(Will Backup)
Cycle 10807370: spendthrift backup(Will Backup)
Cycle 10807384: spendthrift backup(Will Backup)
Cycle 10807399: spendthrift backup(Will Backup)
Cycle 10807413: spendthrift backup(Will Backup)
Cycle 10807427: spendthrift backup(Will Backup)
Cycle 10807441: spendthrift backup(Will Backup)
Cycle 10807456: spendthrift backup(Will Backup)
cycle 10807456: POWER OFF - is_active()
Cycle 11456821: instructions towards forward progress=800000
Cycle 12888106: instructions towards forward progress=900000
Cycle 12971557: spendthrift backup(Will Backup)
Cycle 12971571: spendthrift backup(Will Backup)
Cycle 12971585: spendthrift backup(Will Backup)
Cycle 12971600: spendthrift backup(Will Backup)
Cycle 12971614: spendthrift backup(Will Backup)
Cycle 12971628: spendthrift backup(Will Backup)
Cycle 12971642: spendthrift backup(Will Backup)
Cycle 12971657: spendthrift backup(Will Backup)
Cycle 12971671: spendthrift backup(Will Backup)
cycle 12971671: POWER OFF - is_active()
Cycle 14319805: instructions towards forward progress=1000000
Cycle 15132063: spendthrift backup(Will Backup)
Cycle 15132077: spendthrift backup(Will Backup)
Cycle 15132091: spendthrift backup(Will Backup)
Cycle 15132105: spendthrift backup(Will Backup)
Cycle 15132120: spendthrift backup(Will Backup)
Cycle 15132134: spendthrift backup(Will Backup)
Cycle 15132148: spendthrift backup(Will Backup)
Cycle 15132162: spendthrift backup(Will Backup)
Cycle 15132177: spendthrift backup(Will Backup)
Cycle 15132191: spendthrift backup(Will Backup)
Cycle 15132205: spendthrift backup(Will Backup)
cycle 15132205: POWER OFF - is_active()
Cycle 15751815: instructions towards forward progress=1100000
Cycle 17183370: instructions towards forward progress=1200000
Cycle 17294656: spendthrift backup(Will Backup)
Cycle 17294671: spendthrift backup(Will Backup)
Cycle 17294685: spendthrift backup(Will Backup)
Cycle 17294703: spendthrift backup(Will Backup)
Cycle 17294717: spendthrift backup(Will Backup)
Cycle 17294732: spendthrift backup(Will Backup)
Cycle 17294746: spendthrift backup(Will Backup)
Cycle 17294760: spendthrift backup(Will Backup)
Cycle 17294774: spendthrift backup(Will Backup)
cycle 17294774: POWER OFF - is_active()
Cycle 18614945: instructions towards forward progress=1300000
Cycle 19456957: spendthrift backup(Will Backup)
Cycle 19456971: spendthrift backup(Will Backup)
Cycle 19456985: spendthrift backup(Will Backup)
Cycle 19457000: spendthrift backup(Will Backup)
Cycle 19457014: spendthrift backup(Will Backup)
Cycle 19457028: spendthrift backup(Will Backup)
Cycle 19457042: spendthrift backup(Will Backup)
Cycle 19457057: spendthrift backup(Will Backup)
Cycle 19457071: spendthrift backup(Will Backup)
Cycle 19457085: spendthrift backup(Will Backup)
cycle 19457085: POWER OFF - is_active()
Cycle 20046227: instructions towards forward progress=1400000
Cycle 21477639: instructions towards forward progress=1500000
Cycle 21620724: spendthrift backup(Will Backup)
Cycle 21620738: spendthrift backup(Will Backup)
Cycle 21620753: spendthrift backup(Will Backup)
Cycle 21620767: spendthrift backup(Will Backup)
Cycle 21620781: spendthrift backup(Will Backup)
Cycle 21620795: spendthrift backup(Will Backup)
Cycle 21620810: spendthrift backup(Will Backup)
Cycle 21620824: spendthrift backup(Will Backup)
Cycle 21620838: spendthrift backup(Will Backup)
cycle 21620838: POWER OFF - is_active()
Cycle 22909100: instructions towards forward progress=1600000
Cycle 23784172: spendthrift backup(Will Backup)
Cycle 23784186: spendthrift backup(Will Backup)
Cycle 23784200: spendthrift backup(Will Backup)
Cycle 23784214: spendthrift backup(Will Backup)
Cycle 23784229: spendthrift backup(Will Backup)
Cycle 23784243: spendthrift backup(Will Backup)
Cycle 23784257: spendthrift backup(Will Backup)
Cycle 23784271: spendthrift backup(Will Backup)
Cycle 23784286: spendthrift backup(Will Backup)
cycle 23784286: POWER OFF - is_active()
Cycle 24340064: instructions towards forward progress=1700000
Cycle 25771347: instructions towards forward progress=1800000
Cycle 25947058: spendthrift backup(Will Backup)
Cycle 25947072: spendthrift backup(Will Backup)
Cycle 25947086: spendthrift backup(Will Backup)
Cycle 25947101: spendthrift backup(Will Backup)
Cycle 25947115: spendthrift backup(Will Backup)
Cycle 25947129: spendthrift backup(Will Backup)
Cycle 25947143: spendthrift backup(Will Backup)
Cycle 25947158: spendthrift backup(Will Backup)
Cycle 25947172: spendthrift backup(Will Backup)
Cycle 25947186: spendthrift backup(Will Backup)
cycle 25947186: POWER OFF - is_active()
Cycle 27202187: instructions towards forward progress=1900000
Cycle 28110382: spendthrift backup(Will Backup)
Cycle 28110397: spendthrift backup(Will Backup)
Cycle 28110411: spendthrift backup(Will Backup)
Cycle 28110426: spendthrift backup(Will Backup)
Cycle 28110440: spendthrift backup(Will Backup)
Cycle 28110458: spendthrift backup(Will Backup)
Cycle 28110472: spendthrift backup(Will Backup)
Cycle 28110487: spendthrift backup(Will Backup)
Cycle 28110501: spendthrift backup(Will Backup)
Cycle 28110515: spendthrift backup(Will Backup)
cycle 28110515: POWER OFF - is_active()
Cycle 28633277: instructions towards forward progress=2000000
Cycle 30065362: instructions towards forward progress=2100000
Cycle 30272656: spendthrift backup(Will Backup)
Cycle 30272670: spendthrift backup(Will Backup)
Cycle 30272684: spendthrift backup(Will Backup)
Cycle 30272698: spendthrift backup(Will Backup)
Cycle 30272712: spendthrift backup(Will Backup)
Cycle 30272726: spendthrift backup(Will Backup)
Cycle 30272740: spendthrift backup(Will Backup)
Cycle 30272754: spendthrift backup(Will Backup)
Cycle 30272769: spendthrift backup(Will Backup)
cycle 30272769: POWER OFF - is_active()
Cycle 31496995: instructions towards forward progress=2200000
Cycle 32434279: spendthrift backup(Will Backup)
Cycle 32434294: spendthrift backup(Will Backup)
Cycle 32434308: spendthrift backup(Will Backup)
Cycle 32434322: spendthrift backup(Will Backup)
Cycle 32434336: spendthrift backup(Will Backup)
Cycle 32434351: spendthrift backup(Will Backup)
Cycle 32434365: spendthrift backup(Will Backup)
Cycle 32434379: spendthrift backup(Will Backup)
Cycle 32434393: spendthrift backup(Will Backup)
Cycle 32434408: spendthrift backup(Will Backup)
cycle 32434408: POWER OFF - is_active()
Cycle 32928706: instructions towards forward progress=2300000
Cycle 34359995: instructions towards forward progress=2400000
Cycle 34597183: spendthrift backup(Will Backup)
Cycle 34597197: spendthrift backup(Will Backup)
Cycle 34597211: spendthrift backup(Will Backup)
Cycle 34597225: spendthrift backup(Will Backup)
Cycle 34597239: spendthrift backup(Will Backup)
Cycle 34597253: spendthrift backup(Will Backup)
Cycle 34597267: spendthrift backup(Will Backup)
Cycle 34597282: spendthrift backup(Will Backup)
Cycle 34597296: spendthrift backup(Will Backup)
Cycle 34597310: spendthrift backup(Will Backup)
cycle 34597310: POWER OFF - is_active()
Cycle 35791291: instructions towards forward progress=2500000
Cycle 36760238: spendthrift backup(Will Backup)
Cycle 36760252: spendthrift backup(Will Backup)
Cycle 36760266: spendthrift backup(Will Backup)
Cycle 36760280: spendthrift backup(Will Backup)
Cycle 36760295: spendthrift backup(Will Backup)
Cycle 36760309: spendthrift backup(Will Backup)
Cycle 36760323: spendthrift backup(Will Backup)
Cycle 36760337: spendthrift backup(Will Backup)
Cycle 36760351: spendthrift backup(Will Backup)
cycle 36760351: POWER OFF - is_active()
Cycle 37222784: instructions towards forward progress=2600000
Cycle 38653998: instructions towards forward progress=2700000
Cycle 38922301: spendthrift backup(Will Backup)
Cycle 38922315: spendthrift backup(Will Backup)
Cycle 38922329: spendthrift backup(Will Backup)
Cycle 38922344: spendthrift backup(Will Backup)
Cycle 38922358: spendthrift backup(Will Backup)
Cycle 38922372: spendthrift backup(Will Backup)
Cycle 38922386: spendthrift backup(Will Backup)
Cycle 38922401: spendthrift backup(Will Backup)
Cycle 38922415: spendthrift backup(Will Backup)
Cycle 38922429: spendthrift backup(Will Backup)
cycle 38922429: POWER OFF - is_active()
Cycle 40085170: instructions towards forward progress=2800000
Cycle 41085151: spendthrift backup(Will Backup)
Cycle 41085165: spendthrift backup(Will Backup)
Cycle 41085180: spendthrift backup(Will Backup)
Cycle 41085194: spendthrift backup(Will Backup)
Cycle 41085212: spendthrift backup(Will Backup)
Cycle 41085226: spendthrift backup(Will Backup)
Cycle 41085241: spendthrift backup(Will Backup)
Cycle 41085255: spendthrift backup(Will Backup)
Cycle 41085269: spendthrift backup(Will Backup)
Cycle 41085283: spendthrift backup(Will Backup)
cycle 41085283: POWER OFF - is_active()
Cycle 41516121: instructions towards forward progress=2900000
Cycle 42946688: instructions towards forward progress=3000000
Cycle 43249356: spendthrift backup(Will Backup)
Cycle 43249370: spendthrift backup(Will Backup)
Cycle 43249384: spendthrift backup(Will Backup)
Cycle 43249399: spendthrift backup(Will Backup)
Cycle 43249413: spendthrift backup(Will Backup)
Cycle 43249427: spendthrift backup(Will Backup)
Cycle 43249441: spendthrift backup(Will Backup)
Cycle 43249456: spendthrift backup(Will Backup)
Cycle 43249470: spendthrift backup(Will Backup)
cycle 43249470: POWER OFF - is_active()
Cycle 44378409: instructions towards forward progress=3100000
Cycle 45410594: spendthrift backup(Will Backup)
Cycle 45410608: spendthrift backup(Will Backup)
Cycle 45410622: spendthrift backup(Will Backup)
Cycle 45410637: spendthrift backup(Will Backup)
Cycle 45410651: spendthrift backup(Will Backup)
Cycle 45410665: spendthrift backup(Will Backup)
Cycle 45410679: spendthrift backup(Will Backup)
Cycle 45410694: spendthrift backup(Will Backup)
Cycle 45410708: spendthrift backup(Will Backup)
Cycle 45410722: spendthrift backup(Will Backup)
cycle 45410722: POWER OFF - is_active()
Cycle 45809697: instructions towards forward progress=3200000
Cycle 47240830: instructions towards forward progress=3300000
Cycle 47572923: spendthrift backup(Will Backup)
Cycle 47572937: spendthrift backup(Will Backup)
Cycle 47572952: spendthrift backup(Will Backup)
Cycle 47572966: spendthrift backup(Will Backup)
Cycle 47572980: spendthrift backup(Will Backup)
Cycle 47572994: spendthrift backup(Will Backup)
Cycle 47573009: spendthrift backup(Will Backup)
Cycle 47573023: spendthrift backup(Will Backup)
Cycle 47573037: spendthrift backup(Will Backup)
Cycle 47573051: spendthrift backup(Will Backup)
cycle 47573051: POWER OFF - is_active()
Cycle 48671801: instructions towards forward progress=3400000
Cycle 49736062: spendthrift backup(Will Backup)
Cycle 49736076: spendthrift backup(Will Backup)
Cycle 49736090: spendthrift backup(Will Backup)
Cycle 49736104: spendthrift backup(Will Backup)
Cycle 49736119: spendthrift backup(Will Backup)
Cycle 49736133: spendthrift backup(Will Backup)
Cycle 49736147: spendthrift backup(Will Backup)
Cycle 49736161: spendthrift backup(Will Backup)
Cycle 49736176: spendthrift backup(Will Backup)
Cycle 49736190: spendthrift backup(Will Backup)
cycle 49736190: POWER OFF - is_active()
Cycle 50102602: instructions towards forward progress=3500000
Cycle 51533595: instructions towards forward progress=3600000
Cycle 51898200: spendthrift backup(Will Backup)
Cycle 51898214: spendthrift backup(Will Backup)
Cycle 51898228: spendthrift backup(Will Backup)
Cycle 51898242: spendthrift backup(Will Backup)
Cycle 51898257: spendthrift backup(Will Backup)
Cycle 51898271: spendthrift backup(Will Backup)
Cycle 51898285: spendthrift backup(Will Backup)
Cycle 51898299: spendthrift backup(Will Backup)
Cycle 51898314: spendthrift backup(Will Backup)
Cycle 51898328: spendthrift backup(Will Backup)
Cycle 51898342: spendthrift backup(Will Backup)
cycle 51898342: POWER OFF - is_active()
Cycle 52964585: instructions towards forward progress=3700000
Cycle 54063594: spendthrift backup(Will Backup)
Cycle 54063608: spendthrift backup(Will Backup)
Cycle 54063622: spendthrift backup(Will Backup)
Cycle 54063636: spendthrift backup(Will Backup)
Cycle 54063651: spendthrift backup(Will Backup)
Cycle 54063665: spendthrift backup(Will Backup)
Cycle 54063679: spendthrift backup(Will Backup)
Cycle 54063693: spendthrift backup(Will Backup)
Cycle 54063708: spendthrift backup(Will Backup)
cycle 54063708: POWER OFF - is_active()
Cycle 54395236: instructions towards forward progress=3800000
Cycle 55826025: instructions towards forward progress=3900000
Cycle 56227055: spendthrift backup(Will Backup)
Cycle 56227069: spendthrift backup(Will Backup)
Cycle 56227083: spendthrift backup(Will Backup)
Cycle 56227098: spendthrift backup(Will Backup)
Cycle 56227112: spendthrift backup(Will Backup)
Cycle 56227126: spendthrift backup(Will Backup)
Cycle 56227140: spendthrift backup(Will Backup)
Cycle 56227155: spendthrift backup(Will Backup)
Cycle 56227169: spendthrift backup(Will Backup)
Cycle 56227183: spendthrift backup(Will Backup)
cycle 56227183: POWER OFF - is_active()
Cycle 57256546: instructions towards forward progress=4000000
Cycle 58392657: spendthrift backup(Will Backup)
Cycle 58392671: spendthrift backup(Will Backup)
Cycle 58392685: spendthrift backup(Will Backup)
Cycle 58392699: spendthrift backup(Will Backup)
Cycle 58392714: spendthrift backup(Will Backup)
Cycle 58392728: spendthrift backup(Will Backup)
Cycle 58392742: spendthrift backup(Will Backup)
Cycle 58392756: spendthrift backup(Will Backup)
Cycle 58392771: spendthrift backup(Will Backup)
cycle 58392771: POWER OFF - is_active()
Cycle 58686802: instructions towards forward progress=4100000
Cycle 60118865: instructions towards forward progress=4200000
Cycle 60554041: spendthrift backup(Will Backup)
Cycle 60554056: spendthrift backup(Will Backup)
Cycle 60554070: spendthrift backup(Will Backup)
Cycle 60554084: spendthrift backup(Will Backup)
Cycle 60554098: spendthrift backup(Will Backup)
Cycle 60554113: spendthrift backup(Will Backup)
Cycle 60554127: spendthrift backup(Will Backup)
Cycle 60554141: spendthrift backup(Will Backup)
Cycle 60554155: spendthrift backup(Will Backup)
Cycle 60554170: spendthrift backup(Will Backup)
cycle 60554170: POWER OFF - is_active()
Cycle 61550682: instructions towards forward progress=4300000
Cycle 62717080: spendthrift backup(Will Backup)
Cycle 62717094: spendthrift backup(Will Backup)
Cycle 62717108: spendthrift backup(Will Backup)
Cycle 62717123: spendthrift backup(Will Backup)
Cycle 62717137: spendthrift backup(Will Backup)
Cycle 62717151: spendthrift backup(Will Backup)
Cycle 62717165: spendthrift backup(Will Backup)
Cycle 62717180: spendthrift backup(Will Backup)
Cycle 62717194: spendthrift backup(Will Backup)
cycle 62717194: POWER OFF - is_active()
Cycle 62982316: instructions towards forward progress=4400000
Cycle 64413767: instructions towards forward progress=4500000
Cycle 64879743: spendthrift backup(Will Backup)
Cycle 64879757: spendthrift backup(Will Backup)
Cycle 64879772: spendthrift backup(Will Backup)
Cycle 64879786: spendthrift backup(Will Backup)
Cycle 64879800: spendthrift backup(Will Backup)
Cycle 64879814: spendthrift backup(Will Backup)
Cycle 64879829: spendthrift backup(Will Backup)
Cycle 64879843: spendthrift backup(Will Backup)
Cycle 64879857: spendthrift backup(Will Backup)
Cycle 64879871: spendthrift backup(Will Backup)
cycle 64879871: POWER OFF - is_active()
Cycle 65844810: instructions towards forward progress=4600000
Cycle 67041960: spendthrift backup(Will Backup)
Cycle 67041974: spendthrift backup(Will Backup)
Cycle 67041988: spendthrift backup(Will Backup)
Cycle 67042003: spendthrift backup(Will Backup)
Cycle 67042017: spendthrift backup(Will Backup)
Cycle 67042031: spendthrift backup(Will Backup)
Cycle 67042045: spendthrift backup(Will Backup)
Cycle 67042060: spendthrift backup(Will Backup)
Cycle 67042074: spendthrift backup(Will Backup)
Cycle 67042088: spendthrift backup(Will Backup)
cycle 67042088: POWER OFF - is_active()
Cycle 67276504: instructions towards forward progress=4700000
Cycle 68707802: instructions towards forward progress=4800000
Cycle 69206359: spendthrift backup(Will Backup)
Cycle 69206374: spendthrift backup(Will Backup)
Cycle 69206388: spendthrift backup(Will Backup)
Cycle 69206402: spendthrift backup(Will Backup)
Cycle 69206416: spendthrift backup(Will Backup)
Cycle 69206431: spendthrift backup(Will Backup)
Cycle 69206445: spendthrift backup(Will Backup)
Cycle 69206459: spendthrift backup(Will Backup)
Cycle 69206473: spendthrift backup(Will Backup)
cycle 69206473: POWER OFF - is_active()
Cycle 70138935: instructions towards forward progress=4900000
Cycle 71369266: spendthrift backup(Will Backup)
Cycle 71369280: spendthrift backup(Will Backup)
Cycle 71369294: spendthrift backup(Will Backup)
Cycle 71369308: spendthrift backup(Will Backup)
Cycle 71369323: spendthrift backup(Will Backup)
Cycle 71369337: spendthrift backup(Will Backup)
Cycle 71369351: spendthrift backup(Will Backup)
Cycle 71369365: spendthrift backup(Will Backup)
Cycle 71369379: spendthrift backup(Will Backup)
Cycle 71369394: spendthrift backup(Will Backup)
cycle 71369394: POWER OFF - is_active()
Cycle 71569895: instructions towards forward progress=5000000
Cycle 73000745: instructions towards forward progress=5100000
Cycle 73534760: spendthrift backup(Will Backup)
Cycle 73534774: spendthrift backup(Will Backup)
Cycle 73534789: spendthrift backup(Will Backup)
Cycle 73534803: spendthrift backup(Will Backup)
Cycle 73534817: spendthrift backup(Will Backup)
Cycle 73534831: spendthrift backup(Will Backup)
Cycle 73534846: spendthrift backup(Will Backup)
Cycle 73534860: spendthrift backup(Will Backup)
Cycle 73534874: spendthrift backup(Will Backup)
cycle 73534874: POWER OFF - is_active()
Cycle 74431998: instructions towards forward progress=5200000
Cycle 75697422: spendthrift backup(Will Backup)
Cycle 75697436: spendthrift backup(Will Backup)
Cycle 75697450: spendthrift backup(Will Backup)
Cycle 75697464: spendthrift backup(Will Backup)
Cycle 75697479: spendthrift backup(Will Backup)
Cycle 75697493: spendthrift backup(Will Backup)
Cycle 75697507: spendthrift backup(Will Backup)
Cycle 75697521: spendthrift backup(Will Backup)
Cycle 75697536: spendthrift backup(Will Backup)
cycle 75697536: POWER OFF - is_active()
Cycle 75863459: instructions towards forward progress=5300000
Cycle 77294417: instructions towards forward progress=5400000
Cycle 77861653: spendthrift backup(Will Backup)
Cycle 77861667: spendthrift backup(Will Backup)
Cycle 77861681: spendthrift backup(Will Backup)
Cycle 77861696: spendthrift backup(Will Backup)
Cycle 77861710: spendthrift backup(Will Backup)
Cycle 77861724: spendthrift backup(Will Backup)
Cycle 77861738: spendthrift backup(Will Backup)
Cycle 77861752: spendthrift backup(Will Backup)
Cycle 77861767: spendthrift backup(Will Backup)
cycle 77861767: POWER OFF - is_active()
Cycle 78725710: instructions towards forward progress=5500000
Cycle 80024849: spendthrift backup(Will Backup)
Cycle 80024863: spendthrift backup(Will Backup)
Cycle 80024877: spendthrift backup(Will Backup)
Cycle 80024891: spendthrift backup(Will Backup)
Cycle 80024906: spendthrift backup(Will Backup)
Cycle 80024920: spendthrift backup(Will Backup)
Cycle 80024934: spendthrift backup(Will Backup)
Cycle 80024948: spendthrift backup(Will Backup)
Cycle 80024963: spendthrift backup(Will Backup)
Cycle 80024977: spendthrift backup(Will Backup)
cycle 80024977: POWER OFF - is_active()
Cycle 80156546: instructions towards forward progress=5600000
Cycle 81587347: instructions towards forward progress=5700000
Cycle 82188356: spendthrift backup(Will Backup)
Cycle 82188370: spendthrift backup(Will Backup)
Cycle 82188385: spendthrift backup(Will Backup)
Cycle 82188399: spendthrift backup(Will Backup)
Cycle 82188413: spendthrift backup(Will Backup)
Cycle 82188427: spendthrift backup(Will Backup)
Cycle 82188442: spendthrift backup(Will Backup)
Cycle 82188456: spendthrift backup(Will Backup)
Cycle 82188470: spendthrift backup(Will Backup)
Cycle 82188484: spendthrift backup(Will Backup)
cycle 82188484: POWER OFF - is_active()
Cycle 83018405: instructions towards forward progress=5800000
Cycle 84351024: spendthrift backup(Will Backup)
Cycle 84351039: spendthrift backup(Will Backup)
Cycle 84351053: spendthrift backup(Will Backup)
Cycle 84351067: spendthrift backup(Will Backup)
Cycle 84351081: spendthrift backup(Will Backup)
Cycle 84351096: spendthrift backup(Will Backup)
Cycle 84351110: spendthrift backup(Will Backup)
Cycle 84351124: spendthrift backup(Will Backup)
Cycle 84351138: spendthrift backup(Will Backup)
Cycle 84351153: spendthrift backup(Will Backup)
cycle 84351153: POWER OFF - is_active()
Cycle 84449255: instructions towards forward progress=5900000
Cycle 85879956: instructions towards forward progress=6000000
Cycle 86514101: spendthrift backup(Will Backup)
Cycle 86514115: spendthrift backup(Will Backup)
Cycle 86514129: spendthrift backup(Will Backup)
Cycle 86514144: spendthrift backup(Will Backup)
Cycle 86514158: spendthrift backup(Will Backup)
Cycle 86514172: spendthrift backup(Will Backup)
Cycle 86514186: spendthrift backup(Will Backup)
Cycle 86514201: spendthrift backup(Will Backup)
Cycle 86514215: spendthrift backup(Will Backup)
Cycle 86514229: spendthrift backup(Will Backup)
cycle 86514229: POWER OFF - is_active()
Cycle 87310491: instructions towards forward progress=6100000
Cycle 88679575: spendthrift backup(Will Backup)
Cycle 88679593: spendthrift backup(Will Backup)
Cycle 88679607: spendthrift backup(Will Backup)
Cycle 88679622: spendthrift backup(Will Backup)
Cycle 88679636: spendthrift backup(Will Backup)
Cycle 88679650: spendthrift backup(Will Backup)
Cycle 88679664: spendthrift backup(Will Backup)
Cycle 88679678: spendthrift backup(Will Backup)
Cycle 88679692: spendthrift backup(Will Backup)
cycle 88679692: POWER OFF - is_active()
Cycle 88740960: instructions towards forward progress=6200000
Cycle 90171969: instructions towards forward progress=6300000
Cycle 90843565: spendthrift backup(Will Backup)
Cycle 90843579: spendthrift backup(Will Backup)
Cycle 90843593: spendthrift backup(Will Backup)
Cycle 90843608: spendthrift backup(Will Backup)
Cycle 90843622: spendthrift backup(Will Backup)
Cycle 90843636: spendthrift backup(Will Backup)
Cycle 90843650: spendthrift backup(Will Backup)
Cycle 90843665: spendthrift backup(Will Backup)
Cycle 90843679: spendthrift backup(Will Backup)
cycle 90843679: POWER OFF - is_active()
Cycle 91603424: instructions towards forward progress=6400000
Cycle 93005969: spendthrift backup(Will Backup)
Cycle 93005983: spendthrift backup(Will Backup)
Cycle 93005997: spendthrift backup(Will Backup)
Cycle 93006012: spendthrift backup(Will Backup)
Cycle 93006026: spendthrift backup(Will Backup)
Cycle 93006040: spendthrift backup(Will Backup)
Cycle 93006054: spendthrift backup(Will Backup)
Cycle 93006069: spendthrift backup(Will Backup)
Cycle 93006083: spendthrift backup(Will Backup)
Cycle 93006097: spendthrift backup(Will Backup)
cycle 93006097: POWER OFF - is_active()
Cycle 93034465: instructions towards forward progress=6500000
Cycle 94465712: instructions towards forward progress=6600000
Cycle 95168379: spendthrift backup(Will Backup)
Cycle 95168394: spendthrift backup(Will Backup)
Cycle 95168408: spendthrift backup(Will Backup)
Cycle 95168422: spendthrift backup(Will Backup)
Cycle 95168436: spendthrift backup(Will Backup)
Cycle 95168450: spendthrift backup(Will Backup)
Cycle 95168464: spendthrift backup(Will Backup)
Cycle 95168478: spendthrift backup(Will Backup)
Cycle 95168492: spendthrift backup(Will Backup)
Cycle 95168507: spendthrift backup(Will Backup)
cycle 95168507: POWER OFF - is_active()
Cycle 95896595: instructions towards forward progress=6700000
Cycle 97327285: instructions towards forward progress=6800000
Cycle 97331907: spendthrift backup(Will Backup)
Cycle 97331922: spendthrift backup(Will Backup)
Cycle 97331936: spendthrift backup(Will Backup)
Cycle 97331950: spendthrift backup(Will Backup)
Cycle 97331964: spendthrift backup(Will Backup)
Cycle 97331979: spendthrift backup(Will Backup)
Cycle 97331993: spendthrift backup(Will Backup)
Cycle 97332007: spendthrift backup(Will Backup)
Cycle 97332021: spendthrift backup(Will Backup)
Cycle 97332036: spendthrift backup(Will Backup)
cycle 97332036: POWER OFF - is_active()
Cycle 98758424: instructions towards forward progress=6900000
Cycle 99494458: spendthrift backup(Will Backup)
Cycle 99494472: spendthrift backup(Will Backup)
Cycle 99494486: spendthrift backup(Will Backup)
Cycle 99494501: spendthrift backup(Will Backup)
Cycle 99494515: spendthrift backup(Will Backup)
Cycle 99494529: spendthrift backup(Will Backup)
Cycle 99494543: spendthrift backup(Will Backup)
Cycle 99494558: spendthrift backup(Will Backup)
Cycle 99494572: spendthrift backup(Will Backup)
Cycle 99494586: spendthrift backup(Will Backup)
cycle 99494586: POWER OFF - is_active()
Cycle 100189274: instructions towards forward progress=7000000
Cycle 101619955: instructions towards forward progress=7100000
Cycle 101659825: spendthrift backup(Will Backup)
Cycle 101659839: spendthrift backup(Will Backup)
Cycle 101659853: spendthrift backup(Will Backup)
Cycle 101659868: spendthrift backup(Will Backup)
Cycle 101659882: spendthrift backup(Will Backup)
Cycle 101659896: spendthrift backup(Will Backup)
Cycle 101659910: spendthrift backup(Will Backup)
Cycle 101659925: spendthrift backup(Will Backup)
Cycle 101659939: spendthrift backup(Will Backup)
cycle 101659939: POWER OFF - is_active()
Cycle 103050545: instructions towards forward progress=7200000
Cycle 103822855: spendthrift backup(Will Backup)
Cycle 103822869: spendthrift backup(Will Backup)
Cycle 103822884: spendthrift backup(Will Backup)
Cycle 103822898: spendthrift backup(Will Backup)
Cycle 103822912: spendthrift backup(Will Backup)
Cycle 103822926: spendthrift backup(Will Backup)
Cycle 103822940: spendthrift backup(Will Backup)
Cycle 103822954: spendthrift backup(Will Backup)
Cycle 103822968: spendthrift backup(Will Backup)
Cycle 103822982: spendthrift backup(Will Backup)
cycle 103822982: POWER OFF - is_active()
Cycle 104481012: instructions towards forward progress=7300000
Cycle 105911686: instructions towards forward progress=7400000
Cycle 105986596: spendthrift backup(Will Backup)
Cycle 105986610: spendthrift backup(Will Backup)
Cycle 105986624: spendthrift backup(Will Backup)
Cycle 105986639: spendthrift backup(Will Backup)
Cycle 105986653: spendthrift backup(Will Backup)
Cycle 105986667: spendthrift backup(Will Backup)
Cycle 105986681: spendthrift backup(Will Backup)
Cycle 105986696: spendthrift backup(Will Backup)
Cycle 105986710: spendthrift backup(Will Backup)
Cycle 105986724: spendthrift backup(Will Backup)
cycle 105986724: POWER OFF - is_active()
Cycle 107342656: instructions towards forward progress=7500000
Cycle 108151479: spendthrift backup(Will Backup)
Cycle 108151493: spendthrift backup(Will Backup)
Cycle 108151507: spendthrift backup(Will Backup)
Cycle 108151522: spendthrift backup(Will Backup)
Cycle 108151536: spendthrift backup(Will Backup)
Cycle 108151550: spendthrift backup(Will Backup)
Cycle 108151564: spendthrift backup(Will Backup)
Cycle 108151579: spendthrift backup(Will Backup)
Cycle 108151593: spendthrift backup(Will Backup)
cycle 108151593: POWER OFF - is_active()
Cycle 108773445: instructions towards forward progress=7600000
Cycle 110204175: instructions towards forward progress=7700000
Cycle 110315829: spendthrift backup(Will Backup)
Cycle 110315844: spendthrift backup(Will Backup)
Cycle 110315858: spendthrift backup(Will Backup)
Cycle 110315872: spendthrift backup(Will Backup)
Cycle 110315886: spendthrift backup(Will Backup)
Cycle 110315901: spendthrift backup(Will Backup)
Cycle 110315915: spendthrift backup(Will Backup)
Cycle 110315929: spendthrift backup(Will Backup)
Cycle 110315943: spendthrift backup(Will Backup)
cycle 110315943: POWER OFF - is_active()
Cycle 111634742: instructions towards forward progress=7800000
Cycle 112481469: spendthrift backup(Will Backup)
Cycle 112481483: spendthrift backup(Will Backup)
Cycle 112481497: spendthrift backup(Will Backup)
Cycle 112481511: spendthrift backup(Will Backup)
Cycle 112481526: spendthrift backup(Will Backup)
Cycle 112481540: spendthrift backup(Will Backup)
Cycle 112481554: spendthrift backup(Will Backup)
Cycle 112481568: spendthrift backup(Will Backup)
Cycle 112481583: spendthrift backup(Will Backup)
cycle 112481583: POWER OFF - is_active()
Cycle 113065105: instructions towards forward progress=7900000
Cycle 114495698: instructions towards forward progress=8000000
Cycle 114645528: spendthrift backup(Will Backup)
Cycle 114645542: spendthrift backup(Will Backup)
Cycle 114645556: spendthrift backup(Will Backup)
Cycle 114645571: spendthrift backup(Will Backup)
Cycle 114645585: spendthrift backup(Will Backup)
Cycle 114645600: spendthrift backup(Will Backup)
Cycle 114645614: spendthrift backup(Will Backup)
Cycle 114645632: spendthrift backup(Will Backup)
Cycle 114645646: spendthrift backup(Will Backup)
Cycle 114645661: spendthrift backup(Will Backup)
cycle 114645661: POWER OFF - is_active()
Cycle 115926275: instructions towards forward progress=8100000
Cycle 116809949: spendthrift backup(Will Backup)
Cycle 116809963: spendthrift backup(Will Backup)
Cycle 116809977: spendthrift backup(Will Backup)
Cycle 116809992: spendthrift backup(Will Backup)
Cycle 116810006: spendthrift backup(Will Backup)
Cycle 116810020: spendthrift backup(Will Backup)
Cycle 116810034: spendthrift backup(Will Backup)
Cycle 116810049: spendthrift backup(Will Backup)
Cycle 116810063: spendthrift backup(Will Backup)
Cycle 116810077: spendthrift backup(Will Backup)
cycle 116810077: POWER OFF - is_active()
Cycle 117356622: instructions towards forward progress=8200000
Cycle 118786974: instructions towards forward progress=8300000
Cycle 118974760: spendthrift backup(Will Backup)
Cycle 118974775: spendthrift backup(Will Backup)
Cycle 118974789: spendthrift backup(Will Backup)
Cycle 118974804: spendthrift backup(Will Backup)
Cycle 118974818: spendthrift backup(Will Backup)
Cycle 118974836: spendthrift backup(Will Backup)
Cycle 118974850: spendthrift backup(Will Backup)
Cycle 118974865: spendthrift backup(Will Backup)
Cycle 118974879: spendthrift backup(Will Backup)
Cycle 118974893: spendthrift backup(Will Backup)
cycle 118974893: POWER OFF - is_active()
Cycle 120217177: instructions towards forward progress=8400000
Cycle 121140561: spendthrift backup(Will Backup)
Cycle 121140575: spendthrift backup(Will Backup)
Cycle 121140590: spendthrift backup(Will Backup)
Cycle 121140604: spendthrift backup(Will Backup)
Cycle 121140618: spendthrift backup(Will Backup)
Cycle 121140632: spendthrift backup(Will Backup)
Cycle 121140647: spendthrift backup(Will Backup)
Cycle 121140661: spendthrift backup(Will Backup)
Cycle 121140675: spendthrift backup(Will Backup)
cycle 121140675: POWER OFF - is_active()
Cycle 121647244: instructions towards forward progress=8500000
Cycle 123078415: instructions towards forward progress=8600000
Cycle 123305356: spendthrift backup(Will Backup)
Cycle 123305370: spendthrift backup(Will Backup)
Cycle 123305384: spendthrift backup(Will Backup)
Cycle 123305399: spendthrift backup(Will Backup)
Cycle 123305413: spendthrift backup(Will Backup)
Cycle 123305427: spendthrift backup(Will Backup)
Cycle 123305441: spendthrift backup(Will Backup)
Cycle 123305456: spendthrift backup(Will Backup)
Cycle 123305470: spendthrift backup(Will Backup)
cycle 123305470: POWER OFF - is_active()
Cycle 124510420: instructions towards forward progress=8700000
Cycle 125468361: spendthrift backup(Will Backup)
Cycle 125468375: spendthrift backup(Will Backup)
Cycle 125468389: spendthrift backup(Will Backup)
Cycle 125468404: spendthrift backup(Will Backup)
Cycle 125468418: spendthrift backup(Will Backup)
Cycle 125468432: spendthrift backup(Will Backup)
Cycle 125468446: spendthrift backup(Will Backup)
Cycle 125468461: spendthrift backup(Will Backup)
Cycle 125468475: spendthrift backup(Will Backup)
cycle 125468475: POWER OFF - is_active()
Cycle 125941966: instructions towards forward progress=8800000
Cycle 127373569: instructions towards forward progress=8900000
Cycle 127630815: spendthrift backup(Will Backup)
Cycle 127630829: spendthrift backup(Will Backup)
Cycle 127630844: spendthrift backup(Will Backup)
Cycle 127630858: spendthrift backup(Will Backup)
Cycle 127630876: spendthrift backup(Will Backup)
Cycle 127630890: spendthrift backup(Will Backup)
Cycle 127630905: spendthrift backup(Will Backup)
Cycle 127630919: spendthrift backup(Will Backup)
Cycle 127630933: spendthrift backup(Will Backup)
Cycle 127630947: spendthrift backup(Will Backup)
cycle 127630947: POWER OFF - is_active()
Cycle 128804847: instructions towards forward progress=9000000
Cycle 129794284: spendthrift backup(Will Backup)
Cycle 129794299: spendthrift backup(Will Backup)
Cycle 129794313: spendthrift backup(Will Backup)
Cycle 129794327: spendthrift backup(Will Backup)
Cycle 129794341: spendthrift backup(Will Backup)
Cycle 129794356: spendthrift backup(Will Backup)
Cycle 129794370: spendthrift backup(Will Backup)
Cycle 129794384: spendthrift backup(Will Backup)
Cycle 129794398: spendthrift backup(Will Backup)
cycle 129794398: POWER OFF - is_active()
Cycle 130236260: instructions towards forward progress=9100000
Cycle 131667709: instructions towards forward progress=9200000
Cycle 131957705: spendthrift backup(Will Backup)
Cycle 131957720: spendthrift backup(Will Backup)
Cycle 131957734: spendthrift backup(Will Backup)
Cycle 131957748: spendthrift backup(Will Backup)
Cycle 131957762: spendthrift backup(Will Backup)
Cycle 131957776: spendthrift backup(Will Backup)
Cycle 131957790: spendthrift backup(Will Backup)
Cycle 131957804: spendthrift backup(Will Backup)
Cycle 131957818: spendthrift backup(Will Backup)
cycle 131957818: POWER OFF - is_active()
Cycle 133098688: instructions towards forward progress=9300000
Cycle 134122223: spendthrift backup(Will Backup)
Cycle 134122237: spendthrift backup(Will Backup)
Cycle 134122251: spendthrift backup(Will Backup)
Cycle 134122265: spendthrift backup(Will Backup)
Cycle 134122279: spendthrift backup(Will Backup)
Cycle 134122294: spendthrift backup(Will Backup)
Cycle 134122308: spendthrift backup(Will Backup)
Cycle 134122322: spendthrift backup(Will Backup)
Cycle 134122336: spendthrift backup(Will Backup)
cycle 134122336: POWER OFF - is_active()
Cycle 134529965: instructions towards forward progress=9400000
Cycle 135960823: instructions towards forward progress=9500000
Cycle 136286424: spendthrift backup(Will Backup)
Cycle 136286438: spendthrift backup(Will Backup)
Cycle 136286452: spendthrift backup(Will Backup)
Cycle 136286466: spendthrift backup(Will Backup)
Cycle 136286481: spendthrift backup(Will Backup)
Cycle 136286495: spendthrift backup(Will Backup)
Cycle 136286509: spendthrift backup(Will Backup)
Cycle 136286523: spendthrift backup(Will Backup)
Cycle 136286538: spendthrift backup(Will Backup)
cycle 136286538: POWER OFF - is_active()
Cycle 137391725: instructions towards forward progress=9600000
Cycle 138449053: spendthrift backup(Will Backup)
Cycle 138449068: spendthrift backup(Will Backup)
Cycle 138449082: spendthrift backup(Will Backup)
Cycle 138449096: spendthrift backup(Will Backup)
Cycle 138449110: spendthrift backup(Will Backup)
Cycle 138449124: spendthrift backup(Will Backup)
Cycle 138449138: spendthrift backup(Will Backup)
Cycle 138449152: spendthrift backup(Will Backup)
Cycle 138449166: spendthrift backup(Will Backup)
Cycle 138449181: spendthrift backup(Will Backup)
cycle 138449181: POWER OFF - is_active()
Cycle 138823216: instructions towards forward progress=9700000
Cycle 140254482: instructions towards forward progress=9800000
Cycle 140612571: spendthrift backup(Will Backup)
Cycle 140612585: spendthrift backup(Will Backup)
Cycle 140612599: spendthrift backup(Will Backup)
Cycle 140612614: spendthrift backup(Will Backup)
Cycle 140612628: spendthrift backup(Will Backup)
Cycle 140612643: spendthrift backup(Will Backup)
Cycle 140612657: spendthrift backup(Will Backup)
Cycle 140612675: spendthrift backup(Will Backup)
Cycle 140612689: spendthrift backup(Will Backup)
cycle 140612689: POWER OFF - is_active()
Cycle 141685618: instructions towards forward progress=9900000
Cycle 142775494: spendthrift backup(Will Backup)
Cycle 142775508: spendthrift backup(Will Backup)
Cycle 142775522: spendthrift backup(Will Backup)
Cycle 142775536: spendthrift backup(Will Backup)
Cycle 142775551: spendthrift backup(Will Backup)
Cycle 142775565: spendthrift backup(Will Backup)
Cycle 142775579: spendthrift backup(Will Backup)
Cycle 142775593: spendthrift backup(Will Backup)
Cycle 142775607: spendthrift backup(Will Backup)
Cycle 142775622: spendthrift backup(Will Backup)
cycle 142775622: POWER OFF - is_active()
done
CPU instructions executed: 10000000
CPU instructions executed towards forward progress: 10000000
Number of true positives: 0
Number of false positives: 0
Number of times renamed: 0
Number of times reclaimed: 0
CPU time (cycles): 143116618
Total time (ns): 3710153199801500
Energy harvested (J): 0.0188375
Energy remaining (J): 0.000237068
