Determining if the pthread_create exist failed with the following output:
Change Dir: /home/abso/abso_proj/orig/race_to_expiry/CMakeFiles/CMakeTmp

Run Build Command:"/usr/bin/make" "cmTC_1e878/fast"
/usr/bin/make -f CMakeFiles/cmTC_1e878.dir/build.make CMakeFiles/cmTC_1e878.dir/build
make[1]: Entering directory '/home/abso/abso_proj/orig/race_to_expiry/CMakeFiles/CMakeTmp'
Building C object CMakeFiles/cmTC_1e878.dir/CheckSymbolExists.c.o
/usr/bin/cc    -o CMakeFiles/cmTC_1e878.dir/CheckSymbolExists.c.o   -c /home/abso/abso_proj/orig/race_to_expiry/CMakeFiles/CMakeTmp/CheckSymbolExists.c
Linking C executable cmTC_1e878
/usr/bin/cmake -E cmake_link_script CMakeFiles/cmTC_1e878.dir/link.txt --verbose=1
/usr/bin/cc      -rdynamic CMakeFiles/cmTC_1e878.dir/CheckSymbolExists.c.o  -o cmTC_1e878 
CMakeFiles/cmTC_1e878.dir/CheckSymbolExists.c.o: In function `main':
CheckSymbolExists.c:(.text+0x1b): undefined reference to `pthread_create'
collect2: error: ld returned 1 exit status
CMakeFiles/cmTC_1e878.dir/build.make:97: recipe for target 'cmTC_1e878' failed
make[1]: *** [cmTC_1e878] Error 1
make[1]: Leaving directory '/home/abso/abso_proj/orig/race_to_expiry/CMakeFiles/CMakeTmp'
Makefile:126: recipe for target 'cmTC_1e878/fast' failed
make: *** [cmTC_1e878/fast] Error 2

File /home/abso/abso_proj/orig/race_to_expiry/CMakeFiles/CMakeTmp/CheckSymbolExists.c:
/* */
#include <pthread.h>

int main(int argc, char** argv)
{
  (void)argv;
#ifndef pthread_create
  return ((int*)(&pthread_create))[argc];
#else
  (void)argc;
  return 0;
#endif
}

Determining if the function pthread_create exists in the pthreads failed with the following output:
Change Dir: /home/abso/abso_proj/orig/race_to_expiry/CMakeFiles/CMakeTmp

Run Build Command:"/usr/bin/make" "cmTC_58b18/fast"
/usr/bin/make -f CMakeFiles/cmTC_58b18.dir/build.make CMakeFiles/cmTC_58b18.dir/build
make[1]: Entering directory '/home/abso/abso_proj/orig/race_to_expiry/CMakeFiles/CMakeTmp'
Building C object CMakeFiles/cmTC_58b18.dir/CheckFunctionExists.c.o
/usr/bin/cc   -DCHECK_FUNCTION_EXISTS=pthread_create   -o CMakeFiles/cmTC_58b18.dir/CheckFunctionExists.c.o   -c /usr/share/cmake-3.10/Modules/CheckFunctionExists.c
Linking C executable cmTC_58b18
/usr/bin/cmake -E cmake_link_script CMakeFiles/cmTC_58b18.dir/link.txt --verbose=1
/usr/bin/cc  -DCHECK_FUNCTION_EXISTS=pthread_create    -rdynamic CMakeFiles/cmTC_58b18.dir/CheckFunctionExists.c.o  -o cmTC_58b18 -lpthreads 
/usr/bin/ld: cannot find -lpthreads
collect2: error: ld returned 1 exit status
CMakeFiles/cmTC_58b18.dir/build.make:97: recipe for target 'cmTC_58b18' failed
make[1]: *** [cmTC_58b18] Error 1
make[1]: Leaving directory '/home/abso/abso_proj/orig/race_to_expiry/CMakeFiles/CMakeTmp'
Makefile:126: recipe for target 'cmTC_58b18/fast' failed
make: *** [cmTC_58b18/fast] Error 2


Determining if the pthread_create exist failed with the following output:
Change Dir: /home/abso/abso_proj/orig/race_to_expiry/CMakeFiles/CMakeTmp

Run Build Command:"/usr/bin/make" "cmTC_8b54b/fast"
/usr/bin/make -f CMakeFiles/cmTC_8b54b.dir/build.make CMakeFiles/cmTC_8b54b.dir/build
make[1]: Entering directory '/home/abso/abso_proj/orig/race_to_expiry/CMakeFiles/CMakeTmp'
Building C object CMakeFiles/cmTC_8b54b.dir/CheckSymbolExists.c.o
/usr/bin/cc    -o CMakeFiles/cmTC_8b54b.dir/CheckSymbolExists.c.o   -c /home/abso/abso_proj/orig/race_to_expiry/CMakeFiles/CMakeTmp/CheckSymbolExists.c
Linking C executable cmTC_8b54b
/usr/bin/cmake -E cmake_link_script CMakeFiles/cmTC_8b54b.dir/link.txt --verbose=1
/usr/bin/cc      -rdynamic CMakeFiles/cmTC_8b54b.dir/CheckSymbolExists.c.o  -o cmTC_8b54b 
CMakeFiles/cmTC_8b54b.dir/CheckSymbolExists.c.o: In function `main':
CheckSymbolExists.c:(.text+0x1b): undefined reference to `pthread_create'
collect2: error: ld returned 1 exit status
CMakeFiles/cmTC_8b54b.dir/build.make:97: recipe for target 'cmTC_8b54b' failed
make[1]: *** [cmTC_8b54b] Error 1
make[1]: Leaving directory '/home/abso/abso_proj/orig/race_to_expiry/CMakeFiles/CMakeTmp'
Makefile:126: recipe for target 'cmTC_8b54b/fast' failed
make: *** [cmTC_8b54b/fast] Error 2

File /home/abso/abso_proj/orig/race_to_expiry/CMakeFiles/CMakeTmp/CheckSymbolExists.c:
/* */
#include <pthread.h>

int main(int argc, char** argv)
{
  (void)argv;
#ifndef pthread_create
  return ((int*)(&pthread_create))[argc];
#else
  (void)argc;
  return 0;
#endif
}

Determining if the function pthread_create exists in the pthreads failed with the following output:
Change Dir: /home/abso/abso_proj/orig/race_to_expiry/CMakeFiles/CMakeTmp

Run Build Command:"/usr/bin/make" "cmTC_1a477/fast"
/usr/bin/make -f CMakeFiles/cmTC_1a477.dir/build.make CMakeFiles/cmTC_1a477.dir/build
make[1]: Entering directory '/home/abso/abso_proj/orig/race_to_expiry/CMakeFiles/CMakeTmp'
Building C object CMakeFiles/cmTC_1a477.dir/CheckFunctionExists.c.o
/usr/bin/cc   -DCHECK_FUNCTION_EXISTS=pthread_create   -o CMakeFiles/cmTC_1a477.dir/CheckFunctionExists.c.o   -c /usr/share/cmake-3.10/Modules/CheckFunctionExists.c
Linking C executable cmTC_1a477
/usr/bin/cmake -E cmake_link_script CMakeFiles/cmTC_1a477.dir/link.txt --verbose=1
/usr/bin/cc  -DCHECK_FUNCTION_EXISTS=pthread_create    -rdynamic CMakeFiles/cmTC_1a477.dir/CheckFunctionExists.c.o  -o cmTC_1a477 -lpthreads 
/usr/bin/ld: cannot find -lpthreads
collect2: error: ld returned 1 exit status
CMakeFiles/cmTC_1a477.dir/build.make:97: recipe for target 'cmTC_1a477' failed
make[1]: *** [cmTC_1a477] Error 1
make[1]: Leaving directory '/home/abso/abso_proj/orig/race_to_expiry/CMakeFiles/CMakeTmp'
Makefile:126: recipe for target 'cmTC_1a477/fast' failed
make: *** [cmTC_1a477/fast] Error 2


Determining if the pthread_create exist failed with the following output:
Change Dir: /home/abso/abso_proj/orig/race_to_expiry/CMakeFiles/CMakeTmp

Run Build Command:"/usr/bin/make" "cmTC_d1fc2/fast"
/usr/bin/make -f CMakeFiles/cmTC_d1fc2.dir/build.make CMakeFiles/cmTC_d1fc2.dir/build
make[1]: Entering directory '/home/abso/abso_proj/orig/race_to_expiry/CMakeFiles/CMakeTmp'
Building C object CMakeFiles/cmTC_d1fc2.dir/CheckSymbolExists.c.o
/usr/bin/cc    -o CMakeFiles/cmTC_d1fc2.dir/CheckSymbolExists.c.o   -c /home/abso/abso_proj/orig/race_to_expiry/CMakeFiles/CMakeTmp/CheckSymbolExists.c
Linking C executable cmTC_d1fc2
/usr/bin/cmake -E cmake_link_script CMakeFiles/cmTC_d1fc2.dir/link.txt --verbose=1
/usr/bin/cc      -rdynamic CMakeFiles/cmTC_d1fc2.dir/CheckSymbolExists.c.o  -o cmTC_d1fc2 
CMakeFiles/cmTC_d1fc2.dir/CheckSymbolExists.c.o: In function `main':
CheckSymbolExists.c:(.text+0x1b): undefined reference to `pthread_create'
collect2: error: ld returned 1 exit status
CMakeFiles/cmTC_d1fc2.dir/build.make:97: recipe for target 'cmTC_d1fc2' failed
make[1]: *** [cmTC_d1fc2] Error 1
make[1]: Leaving directory '/home/abso/abso_proj/orig/race_to_expiry/CMakeFiles/CMakeTmp'
Makefile:126: recipe for target 'cmTC_d1fc2/fast' failed
make: *** [cmTC_d1fc2/fast] Error 2

File /home/abso/abso_proj/orig/race_to_expiry/CMakeFiles/CMakeTmp/CheckSymbolExists.c:
/* */
#include <pthread.h>

int main(int argc, char** argv)
{
  (void)argv;
#ifndef pthread_create
  return ((int*)(&pthread_create))[argc];
#else
  (void)argc;
  return 0;
#endif
}

Determining if the function pthread_create exists in the pthreads failed with the following output:
Change Dir: /home/abso/abso_proj/orig/race_to_expiry/CMakeFiles/CMakeTmp

Run Build Command:"/usr/bin/make" "cmTC_f3d27/fast"
/usr/bin/make -f CMakeFiles/cmTC_f3d27.dir/build.make CMakeFiles/cmTC_f3d27.dir/build
make[1]: Entering directory '/home/abso/abso_proj/orig/race_to_expiry/CMakeFiles/CMakeTmp'
Building C object CMakeFiles/cmTC_f3d27.dir/CheckFunctionExists.c.o
/usr/bin/cc   -DCHECK_FUNCTION_EXISTS=pthread_create   -o CMakeFiles/cmTC_f3d27.dir/CheckFunctionExists.c.o   -c /usr/share/cmake-3.10/Modules/CheckFunctionExists.c
Linking C executable cmTC_f3d27
/usr/bin/cmake -E cmake_link_script CMakeFiles/cmTC_f3d27.dir/link.txt --verbose=1
/usr/bin/cc  -DCHECK_FUNCTION_EXISTS=pthread_create    -rdynamic CMakeFiles/cmTC_f3d27.dir/CheckFunctionExists.c.o  -o cmTC_f3d27 -lpthreads 
/usr/bin/ld: cannot find -lpthreads
collect2: error: ld returned 1 exit status
CMakeFiles/cmTC_f3d27.dir/build.make:97: recipe for target 'cmTC_f3d27' failed
make[1]: *** [cmTC_f3d27] Error 1
make[1]: Leaving directory '/home/abso/abso_proj/orig/race_to_expiry/CMakeFiles/CMakeTmp'
Makefile:126: recipe for target 'cmTC_f3d27/fast' failed
make: *** [cmTC_f3d27/fast] Error 2


Determining if the pthread_create exist failed with the following output:
Change Dir: /home/abso/abso_proj/orig/race_to_expiry/CMakeFiles/CMakeTmp

Run Build Command:"/usr/bin/make" "cmTC_57f26/fast"
/usr/bin/make -f CMakeFiles/cmTC_57f26.dir/build.make CMakeFiles/cmTC_57f26.dir/build
make[1]: Entering directory '/home/abso/abso_proj/orig/race_to_expiry/CMakeFiles/CMakeTmp'
Building C object CMakeFiles/cmTC_57f26.dir/CheckSymbolExists.c.o
/usr/bin/cc    -o CMakeFiles/cmTC_57f26.dir/CheckSymbolExists.c.o   -c /home/abso/abso_proj/orig/race_to_expiry/CMakeFiles/CMakeTmp/CheckSymbolExists.c
Linking C executable cmTC_57f26
/usr/bin/cmake -E cmake_link_script CMakeFiles/cmTC_57f26.dir/link.txt --verbose=1
/usr/bin/cc      -rdynamic CMakeFiles/cmTC_57f26.dir/CheckSymbolExists.c.o  -o cmTC_57f26 
CMakeFiles/cmTC_57f26.dir/CheckSymbolExists.c.o: In function `main':
CheckSymbolExists.c:(.text+0x1b): undefined reference to `pthread_create'
collect2: error: ld returned 1 exit status
CMakeFiles/cmTC_57f26.dir/build.make:97: recipe for target 'cmTC_57f26' failed
make[1]: *** [cmTC_57f26] Error 1
make[1]: Leaving directory '/home/abso/abso_proj/orig/race_to_expiry/CMakeFiles/CMakeTmp'
Makefile:126: recipe for target 'cmTC_57f26/fast' failed
make: *** [cmTC_57f26/fast] Error 2

File /home/abso/abso_proj/orig/race_to_expiry/CMakeFiles/CMakeTmp/CheckSymbolExists.c:
/* */
#include <pthread.h>

int main(int argc, char** argv)
{
  (void)argv;
#ifndef pthread_create
  return ((int*)(&pthread_create))[argc];
#else
  (void)argc;
  return 0;
#endif
}

Determining if the function pthread_create exists in the pthreads failed with the following output:
Change Dir: /home/abso/abso_proj/orig/race_to_expiry/CMakeFiles/CMakeTmp

Run Build Command:"/usr/bin/make" "cmTC_109cc/fast"
/usr/bin/make -f CMakeFiles/cmTC_109cc.dir/build.make CMakeFiles/cmTC_109cc.dir/build
make[1]: Entering directory '/home/abso/abso_proj/orig/race_to_expiry/CMakeFiles/CMakeTmp'
Building C object CMakeFiles/cmTC_109cc.dir/CheckFunctionExists.c.o
/usr/bin/cc   -DCHECK_FUNCTION_EXISTS=pthread_create   -o CMakeFiles/cmTC_109cc.dir/CheckFunctionExists.c.o   -c /usr/share/cmake-3.10/Modules/CheckFunctionExists.c
Linking C executable cmTC_109cc
/usr/bin/cmake -E cmake_link_script CMakeFiles/cmTC_109cc.dir/link.txt --verbose=1
/usr/bin/cc  -DCHECK_FUNCTION_EXISTS=pthread_create    -rdynamic CMakeFiles/cmTC_109cc.dir/CheckFunctionExists.c.o  -o cmTC_109cc -lpthreads 
/usr/bin/ld: cannot find -lpthreads
collect2: error: ld returned 1 exit status
CMakeFiles/cmTC_109cc.dir/build.make:97: recipe for target 'cmTC_109cc' failed
make[1]: *** [cmTC_109cc] Error 1
make[1]: Leaving directory '/home/abso/abso_proj/orig/race_to_expiry/CMakeFiles/CMakeTmp'
Makefile:126: recipe for target 'cmTC_109cc/fast' failed
make: *** [cmTC_109cc/fast] Error 2


Determining if the pthread_create exist failed with the following output:
Change Dir: /filespace/s/somashekhar/abso_proj/race_to_expiry/CMakeFiles/CMakeTmp

Run Build Command:"/usr/bin/make" "cmTC_fa558/fast"
/usr/bin/make -f CMakeFiles/cmTC_fa558.dir/build.make CMakeFiles/cmTC_fa558.dir/build
make[1]: Entering directory '/filespace/s/somashekhar/abso_proj/race_to_expiry/CMakeFiles/CMakeTmp'
Building C object CMakeFiles/cmTC_fa558.dir/CheckSymbolExists.c.o
/usr/bin/cc     -o CMakeFiles/cmTC_fa558.dir/CheckSymbolExists.c.o   -c /filespace/s/somashekhar/abso_proj/race_to_expiry/CMakeFiles/CMakeTmp/CheckSymbolExists.c
Linking C executable cmTC_fa558
/usr/bin/cmake -E cmake_link_script CMakeFiles/cmTC_fa558.dir/link.txt --verbose=1
/usr/bin/cc       CMakeFiles/cmTC_fa558.dir/CheckSymbolExists.c.o  -o cmTC_fa558 -rdynamic 
CMakeFiles/cmTC_fa558.dir/CheckSymbolExists.c.o: In function `main':
CheckSymbolExists.c:(.text+0x1b): undefined reference to `pthread_create'
collect2: error: ld returned 1 exit status
CMakeFiles/cmTC_fa558.dir/build.make:97: recipe for target 'cmTC_fa558' failed
make[1]: *** [cmTC_fa558] Error 1
make[1]: Leaving directory '/filespace/s/somashekhar/abso_proj/race_to_expiry/CMakeFiles/CMakeTmp'
Makefile:126: recipe for target 'cmTC_fa558/fast' failed
make: *** [cmTC_fa558/fast] Error 2

File /filespace/s/somashekhar/abso_proj/race_to_expiry/CMakeFiles/CMakeTmp/CheckSymbolExists.c:
/* */
#include <pthread.h>

int main(int argc, char** argv)
{
  (void)argv;
#ifndef pthread_create
  return ((int*)(&pthread_create))[argc];
#else
  (void)argc;
  return 0;
#endif
}

Determining if the function pthread_create exists in the pthreads failed with the following output:
Change Dir: /filespace/s/somashekhar/abso_proj/race_to_expiry/CMakeFiles/CMakeTmp

Run Build Command:"/usr/bin/make" "cmTC_732bf/fast"
/usr/bin/make -f CMakeFiles/cmTC_732bf.dir/build.make CMakeFiles/cmTC_732bf.dir/build
make[1]: Entering directory '/filespace/s/somashekhar/abso_proj/race_to_expiry/CMakeFiles/CMakeTmp'
Building C object CMakeFiles/cmTC_732bf.dir/CheckFunctionExists.c.o
/usr/bin/cc    -DCHECK_FUNCTION_EXISTS=pthread_create   -o CMakeFiles/cmTC_732bf.dir/CheckFunctionExists.c.o   -c /usr/share/cmake-3.7/Modules/CheckFunctionExists.c
Linking C executable cmTC_732bf
/usr/bin/cmake -E cmake_link_script CMakeFiles/cmTC_732bf.dir/link.txt --verbose=1
/usr/bin/cc   -DCHECK_FUNCTION_EXISTS=pthread_create    CMakeFiles/cmTC_732bf.dir/CheckFunctionExists.c.o  -o cmTC_732bf -rdynamic -lpthreads 
/usr/bin/ld: cannot find -lpthreads
collect2: error: ld returned 1 exit status
CMakeFiles/cmTC_732bf.dir/build.make:97: recipe for target 'cmTC_732bf' failed
make[1]: *** [cmTC_732bf] Error 1
make[1]: Leaving directory '/filespace/s/somashekhar/abso_proj/race_to_expiry/CMakeFiles/CMakeTmp'
Makefile:126: recipe for target 'cmTC_732bf/fast' failed
make: *** [cmTC_732bf/fast] Error 2


Determining if the pthread_create exist failed with the following output:
Change Dir: /filespace/s/somashekhar/abso_proj/race_to_expiry/CMakeFiles/CMakeTmp

Run Build Command:"/usr/bin/make" "cmTC_b4489/fast"
/usr/bin/make -f CMakeFiles/cmTC_b4489.dir/build.make CMakeFiles/cmTC_b4489.dir/build
make[1]: Entering directory '/filespace/s/somashekhar/abso_proj/race_to_expiry/CMakeFiles/CMakeTmp'
Building C object CMakeFiles/cmTC_b4489.dir/CheckSymbolExists.c.o
/usr/bin/cc     -o CMakeFiles/cmTC_b4489.dir/CheckSymbolExists.c.o   -c /filespace/s/somashekhar/abso_proj/race_to_expiry/CMakeFiles/CMakeTmp/CheckSymbolExists.c
Linking C executable cmTC_b4489
/usr/bin/cmake -E cmake_link_script CMakeFiles/cmTC_b4489.dir/link.txt --verbose=1
/usr/bin/cc       CMakeFiles/cmTC_b4489.dir/CheckSymbolExists.c.o  -o cmTC_b4489 -rdynamic 
CMakeFiles/cmTC_b4489.dir/CheckSymbolExists.c.o: In function `main':
CheckSymbolExists.c:(.text+0x1b): undefined reference to `pthread_create'
collect2: error: ld returned 1 exit status
CMakeFiles/cmTC_b4489.dir/build.make:97: recipe for target 'cmTC_b4489' failed
make[1]: *** [cmTC_b4489] Error 1
make[1]: Leaving directory '/filespace/s/somashekhar/abso_proj/race_to_expiry/CMakeFiles/CMakeTmp'
Makefile:126: recipe for target 'cmTC_b4489/fast' failed
make: *** [cmTC_b4489/fast] Error 2

File /filespace/s/somashekhar/abso_proj/race_to_expiry/CMakeFiles/CMakeTmp/CheckSymbolExists.c:
/* */
#include <pthread.h>

int main(int argc, char** argv)
{
  (void)argv;
#ifndef pthread_create
  return ((int*)(&pthread_create))[argc];
#else
  (void)argc;
  return 0;
#endif
}

Determining if the function pthread_create exists in the pthreads failed with the following output:
Change Dir: /filespace/s/somashekhar/abso_proj/race_to_expiry/CMakeFiles/CMakeTmp

Run Build Command:"/usr/bin/make" "cmTC_ae697/fast"
/usr/bin/make -f CMakeFiles/cmTC_ae697.dir/build.make CMakeFiles/cmTC_ae697.dir/build
make[1]: Entering directory '/filespace/s/somashekhar/abso_proj/race_to_expiry/CMakeFiles/CMakeTmp'
Building C object CMakeFiles/cmTC_ae697.dir/CheckFunctionExists.c.o
/usr/bin/cc    -DCHECK_FUNCTION_EXISTS=pthread_create   -o CMakeFiles/cmTC_ae697.dir/CheckFunctionExists.c.o   -c /usr/share/cmake-3.7/Modules/CheckFunctionExists.c
Linking C executable cmTC_ae697
/usr/bin/cmake -E cmake_link_script CMakeFiles/cmTC_ae697.dir/link.txt --verbose=1
/usr/bin/cc   -DCHECK_FUNCTION_EXISTS=pthread_create    CMakeFiles/cmTC_ae697.dir/CheckFunctionExists.c.o  -o cmTC_ae697 -rdynamic -lpthreads 
/usr/bin/ld: cannot find -lpthreads
collect2: error: ld returned 1 exit status
CMakeFiles/cmTC_ae697.dir/build.make:97: recipe for target 'cmTC_ae697' failed
make[1]: *** [cmTC_ae697] Error 1
make[1]: Leaving directory '/filespace/s/somashekhar/abso_proj/race_to_expiry/CMakeFiles/CMakeTmp'
Makefile:126: recipe for target 'cmTC_ae697/fast' failed
make: *** [cmTC_ae697/fast] Error 2


Determining if the pthread_create exist failed with the following output:
Change Dir: /filespace/s/somashekhar/abso_proj/race_to_expiry/CMakeFiles/CMakeTmp

Run Build Command:"/usr/bin/make" "cmTC_0e9b6/fast"
/usr/bin/make -f CMakeFiles/cmTC_0e9b6.dir/build.make CMakeFiles/cmTC_0e9b6.dir/build
make[1]: Entering directory '/filespace/s/somashekhar/abso_proj/race_to_expiry/CMakeFiles/CMakeTmp'
Building C object CMakeFiles/cmTC_0e9b6.dir/CheckSymbolExists.c.o
/usr/bin/cc     -o CMakeFiles/cmTC_0e9b6.dir/CheckSymbolExists.c.o   -c /filespace/s/somashekhar/abso_proj/race_to_expiry/CMakeFiles/CMakeTmp/CheckSymbolExists.c
Linking C executable cmTC_0e9b6
/usr/bin/cmake -E cmake_link_script CMakeFiles/cmTC_0e9b6.dir/link.txt --verbose=1
/usr/bin/cc       CMakeFiles/cmTC_0e9b6.dir/CheckSymbolExists.c.o  -o cmTC_0e9b6 -rdynamic 
CMakeFiles/cmTC_0e9b6.dir/CheckSymbolExists.c.o: In function `main':
CheckSymbolExists.c:(.text+0x1b): undefined reference to `pthread_create'
collect2: error: ld returned 1 exit status
CMakeFiles/cmTC_0e9b6.dir/build.make:97: recipe for target 'cmTC_0e9b6' failed
make[1]: *** [cmTC_0e9b6] Error 1
make[1]: Leaving directory '/filespace/s/somashekhar/abso_proj/race_to_expiry/CMakeFiles/CMakeTmp'
Makefile:126: recipe for target 'cmTC_0e9b6/fast' failed
make: *** [cmTC_0e9b6/fast] Error 2

File /filespace/s/somashekhar/abso_proj/race_to_expiry/CMakeFiles/CMakeTmp/CheckSymbolExists.c:
/* */
#include <pthread.h>

int main(int argc, char** argv)
{
  (void)argv;
#ifndef pthread_create
  return ((int*)(&pthread_create))[argc];
#else
  (void)argc;
  return 0;
#endif
}

Determining if the function pthread_create exists in the pthreads failed with the following output:
Change Dir: /filespace/s/somashekhar/abso_proj/race_to_expiry/CMakeFiles/CMakeTmp

Run Build Command:"/usr/bin/make" "cmTC_8ee5e/fast"
/usr/bin/make -f CMakeFiles/cmTC_8ee5e.dir/build.make CMakeFiles/cmTC_8ee5e.dir/build
make[1]: Entering directory '/filespace/s/somashekhar/abso_proj/race_to_expiry/CMakeFiles/CMakeTmp'
Building C object CMakeFiles/cmTC_8ee5e.dir/CheckFunctionExists.c.o
/usr/bin/cc    -DCHECK_FUNCTION_EXISTS=pthread_create   -o CMakeFiles/cmTC_8ee5e.dir/CheckFunctionExists.c.o   -c /usr/share/cmake-3.7/Modules/CheckFunctionExists.c
Linking C executable cmTC_8ee5e
/usr/bin/cmake -E cmake_link_script CMakeFiles/cmTC_8ee5e.dir/link.txt --verbose=1
/usr/bin/cc   -DCHECK_FUNCTION_EXISTS=pthread_create    CMakeFiles/cmTC_8ee5e.dir/CheckFunctionExists.c.o  -o cmTC_8ee5e -rdynamic -lpthreads 
/usr/bin/ld: cannot find -lpthreads
collect2: error: ld returned 1 exit status
CMakeFiles/cmTC_8ee5e.dir/build.make:97: recipe for target 'cmTC_8ee5e' failed
make[1]: *** [cmTC_8ee5e] Error 1
make[1]: Leaving directory '/filespace/s/somashekhar/abso_proj/race_to_expiry/CMakeFiles/CMakeTmp'
Makefile:126: recipe for target 'cmTC_8ee5e/fast' failed
make: *** [cmTC_8ee5e/fast] Error 2


Determining if the pthread_create exist failed with the following output:
Change Dir: /filespace/s/somashekhar/abso_proj/race_to_expiry/CMakeFiles/CMakeTmp

Run Build Command:"/usr/bin/make" "cmTC_066ce/fast"
/usr/bin/make -f CMakeFiles/cmTC_066ce.dir/build.make CMakeFiles/cmTC_066ce.dir/build
make[1]: Entering directory '/filespace/s/somashekhar/abso_proj/race_to_expiry/CMakeFiles/CMakeTmp'
Building C object CMakeFiles/cmTC_066ce.dir/CheckSymbolExists.c.o
/usr/bin/cc     -o CMakeFiles/cmTC_066ce.dir/CheckSymbolExists.c.o   -c /filespace/s/somashekhar/abso_proj/race_to_expiry/CMakeFiles/CMakeTmp/CheckSymbolExists.c
Linking C executable cmTC_066ce
/usr/bin/cmake -E cmake_link_script CMakeFiles/cmTC_066ce.dir/link.txt --verbose=1
/usr/bin/cc       CMakeFiles/cmTC_066ce.dir/CheckSymbolExists.c.o  -o cmTC_066ce -rdynamic 
CMakeFiles/cmTC_066ce.dir/CheckSymbolExists.c.o: In function `main':
CheckSymbolExists.c:(.text+0x1b): undefined reference to `pthread_create'
collect2: error: ld returned 1 exit status
CMakeFiles/cmTC_066ce.dir/build.make:97: recipe for target 'cmTC_066ce' failed
make[1]: *** [cmTC_066ce] Error 1
make[1]: Leaving directory '/filespace/s/somashekhar/abso_proj/race_to_expiry/CMakeFiles/CMakeTmp'
Makefile:126: recipe for target 'cmTC_066ce/fast' failed
make: *** [cmTC_066ce/fast] Error 2

File /filespace/s/somashekhar/abso_proj/race_to_expiry/CMakeFiles/CMakeTmp/CheckSymbolExists.c:
/* */
#include <pthread.h>

int main(int argc, char** argv)
{
  (void)argv;
#ifndef pthread_create
  return ((int*)(&pthread_create))[argc];
#else
  (void)argc;
  return 0;
#endif
}

Determining if the function pthread_create exists in the pthreads failed with the following output:
Change Dir: /filespace/s/somashekhar/abso_proj/race_to_expiry/CMakeFiles/CMakeTmp

Run Build Command:"/usr/bin/make" "cmTC_b0768/fast"
/usr/bin/make -f CMakeFiles/cmTC_b0768.dir/build.make CMakeFiles/cmTC_b0768.dir/build
make[1]: Entering directory '/filespace/s/somashekhar/abso_proj/race_to_expiry/CMakeFiles/CMakeTmp'
Building C object CMakeFiles/cmTC_b0768.dir/CheckFunctionExists.c.o
/usr/bin/cc    -DCHECK_FUNCTION_EXISTS=pthread_create   -o CMakeFiles/cmTC_b0768.dir/CheckFunctionExists.c.o   -c /usr/share/cmake-3.7/Modules/CheckFunctionExists.c
Linking C executable cmTC_b0768
/usr/bin/cmake -E cmake_link_script CMakeFiles/cmTC_b0768.dir/link.txt --verbose=1
/usr/bin/cc   -DCHECK_FUNCTION_EXISTS=pthread_create    CMakeFiles/cmTC_b0768.dir/CheckFunctionExists.c.o  -o cmTC_b0768 -rdynamic -lpthreads 
/usr/bin/ld: cannot find -lpthreads
collect2: error: ld returned 1 exit status
CMakeFiles/cmTC_b0768.dir/build.make:97: recipe for target 'cmTC_b0768' failed
make[1]: *** [cmTC_b0768] Error 1
make[1]: Leaving directory '/filespace/s/somashekhar/abso_proj/race_to_expiry/CMakeFiles/CMakeTmp'
Makefile:126: recipe for target 'cmTC_b0768/fast' failed
make: *** [cmTC_b0768/fast] Error 2


Determining if the pthread_create exist failed with the following output:
Change Dir: /home/abso/abso_proj/data/race_to_expiry/CMakeFiles/CMakeTmp

Run Build Command:"/usr/bin/make" "cmTC_4ba67/fast"
/usr/bin/make -f CMakeFiles/cmTC_4ba67.dir/build.make CMakeFiles/cmTC_4ba67.dir/build
make[1]: Entering directory '/home/abso/abso_proj/data/race_to_expiry/CMakeFiles/CMakeTmp'
Building C object CMakeFiles/cmTC_4ba67.dir/CheckSymbolExists.c.o
/usr/bin/cc    -o CMakeFiles/cmTC_4ba67.dir/CheckSymbolExists.c.o   -c /home/abso/abso_proj/data/race_to_expiry/CMakeFiles/CMakeTmp/CheckSymbolExists.c
Linking C executable cmTC_4ba67
/usr/bin/cmake -E cmake_link_script CMakeFiles/cmTC_4ba67.dir/link.txt --verbose=1
/usr/bin/cc      -rdynamic CMakeFiles/cmTC_4ba67.dir/CheckSymbolExists.c.o  -o cmTC_4ba67 
CMakeFiles/cmTC_4ba67.dir/CheckSymbolExists.c.o: In function `main':
CheckSymbolExists.c:(.text+0x1b): undefined reference to `pthread_create'
collect2: error: ld returned 1 exit status
CMakeFiles/cmTC_4ba67.dir/build.make:97: recipe for target 'cmTC_4ba67' failed
make[1]: *** [cmTC_4ba67] Error 1
make[1]: Leaving directory '/home/abso/abso_proj/data/race_to_expiry/CMakeFiles/CMakeTmp'
Makefile:126: recipe for target 'cmTC_4ba67/fast' failed
make: *** [cmTC_4ba67/fast] Error 2

File /home/abso/abso_proj/data/race_to_expiry/CMakeFiles/CMakeTmp/CheckSymbolExists.c:
/* */
#include <pthread.h>

int main(int argc, char** argv)
{
  (void)argv;
#ifndef pthread_create
  return ((int*)(&pthread_create))[argc];
#else
  (void)argc;
  return 0;
#endif
}

Determining if the function pthread_create exists in the pthreads failed with the following output:
Change Dir: /home/abso/abso_proj/data/race_to_expiry/CMakeFiles/CMakeTmp

Run Build Command:"/usr/bin/make" "cmTC_a2905/fast"
/usr/bin/make -f CMakeFiles/cmTC_a2905.dir/build.make CMakeFiles/cmTC_a2905.dir/build
make[1]: Entering directory '/home/abso/abso_proj/data/race_to_expiry/CMakeFiles/CMakeTmp'
Building C object CMakeFiles/cmTC_a2905.dir/CheckFunctionExists.c.o
/usr/bin/cc   -DCHECK_FUNCTION_EXISTS=pthread_create   -o CMakeFiles/cmTC_a2905.dir/CheckFunctionExists.c.o   -c /usr/share/cmake-3.10/Modules/CheckFunctionExists.c
Linking C executable cmTC_a2905
/usr/bin/cmake -E cmake_link_script CMakeFiles/cmTC_a2905.dir/link.txt --verbose=1
/usr/bin/cc  -DCHECK_FUNCTION_EXISTS=pthread_create    -rdynamic CMakeFiles/cmTC_a2905.dir/CheckFunctionExists.c.o  -o cmTC_a2905 -lpthreads 
/usr/bin/ld: cannot find -lpthreads
collect2: error: ld returned 1 exit status
CMakeFiles/cmTC_a2905.dir/build.make:97: recipe for target 'cmTC_a2905' failed
make[1]: *** [cmTC_a2905] Error 1
make[1]: Leaving directory '/home/abso/abso_proj/data/race_to_expiry/CMakeFiles/CMakeTmp'
Makefile:126: recipe for target 'cmTC_a2905/fast' failed
make: *** [cmTC_a2905/fast] Error 2


Determining if the pthread_create exist failed with the following output:
Change Dir: /var/lib/condor/execute/slot1/dir_27888/race_to_expiry/CMakeFiles/CMakeTmp

Run Build Command(s):/usr/bin/gmake cmTC_c8b9d/fast 
/usr/bin/gmake -f CMakeFiles/cmTC_c8b9d.dir/build.make CMakeFiles/cmTC_c8b9d.dir/build
gmake[1]: Entering directory `/var/lib/condor/execute/slot1/dir_27888/race_to_expiry/CMakeFiles/CMakeTmp'
Building C object CMakeFiles/cmTC_c8b9d.dir/CheckSymbolExists.c.o
/software/chtc/eb/GCCcore/8.3.0/bin/cc    -o CMakeFiles/cmTC_c8b9d.dir/CheckSymbolExists.c.o   -c /var/lib/condor/execute/slot1/dir_27888/race_to_expiry/CMakeFiles/CMakeTmp/CheckSymbolExists.c
Linking C executable cmTC_c8b9d
/usr/bin/cmake3 -E cmake_link_script CMakeFiles/cmTC_c8b9d.dir/link.txt --verbose=1
/software/chtc/eb/GCCcore/8.3.0/bin/cc      -rdynamic CMakeFiles/cmTC_c8b9d.dir/CheckSymbolExists.c.o  -o cmTC_c8b9d 
CMakeFiles/cmTC_c8b9d.dir/CheckSymbolExists.c.o:CheckSymbolExists.c:function main: error: undefined reference to 'pthread_create'
collect2: error: ld returned 1 exit status
gmake[1]: *** [cmTC_c8b9d] Error 1
gmake[1]: Leaving directory `/var/lib/condor/execute/slot1/dir_27888/race_to_expiry/CMakeFiles/CMakeTmp'
gmake: *** [cmTC_c8b9d/fast] Error 2

File /var/lib/condor/execute/slot1/dir_27888/race_to_expiry/CMakeFiles/CMakeTmp/CheckSymbolExists.c:
/* */
#include <pthread.h>

int main(int argc, char** argv)
{
  (void)argv;
#ifndef pthread_create
  return ((int*)(&pthread_create))[argc];
#else
  (void)argc;
  return 0;
#endif
}

Determining if the function pthread_create exists in the pthreads failed with the following output:
Change Dir: /var/lib/condor/execute/slot1/dir_27888/race_to_expiry/CMakeFiles/CMakeTmp

Run Build Command(s):/usr/bin/gmake cmTC_070cd/fast 
/usr/bin/gmake -f CMakeFiles/cmTC_070cd.dir/build.make CMakeFiles/cmTC_070cd.dir/build
gmake[1]: Entering directory `/var/lib/condor/execute/slot1/dir_27888/race_to_expiry/CMakeFiles/CMakeTmp'
Building C object CMakeFiles/cmTC_070cd.dir/CheckFunctionExists.c.o
/software/chtc/eb/GCCcore/8.3.0/bin/cc   -DCHECK_FUNCTION_EXISTS=pthread_create   -o CMakeFiles/cmTC_070cd.dir/CheckFunctionExists.c.o   -c /usr/share/cmake3/Modules/CheckFunctionExists.c
Linking C executable cmTC_070cd
/usr/bin/cmake3 -E cmake_link_script CMakeFiles/cmTC_070cd.dir/link.txt --verbose=1
/software/chtc/eb/GCCcore/8.3.0/bin/cc  -DCHECK_FUNCTION_EXISTS=pthread_create    -rdynamic CMakeFiles/cmTC_070cd.dir/CheckFunctionExists.c.o  -o cmTC_070cd -lpthreads 
/software/chtc/eb/binutils/2.32-GCCcore-8.3.0/bin/ld.gold: error: cannot find -lpthreads
CMakeFiles/cmTC_070cd.dir/CheckFunctionExists.c.o:CheckFunctionExists.c:function main: error: undefined reference to 'pthread_create'
collect2: error: ld returned 1 exit status
gmake[1]: *** [cmTC_070cd] Error 1
gmake[1]: Leaving directory `/var/lib/condor/execute/slot1/dir_27888/race_to_expiry/CMakeFiles/CMakeTmp'
gmake: *** [cmTC_070cd/fast] Error 2


Determining if the pthread_create exist failed with the following output:
Change Dir: /var/lib/condor/execute/slot1/dir_27305/race_to_expiry/CMakeFiles/CMakeTmp

Run Build Command(s):/usr/bin/gmake cmTC_acb3c/fast 
/usr/bin/gmake -f CMakeFiles/cmTC_acb3c.dir/build.make CMakeFiles/cmTC_acb3c.dir/build
gmake[1]: Entering directory `/var/lib/condor/execute/slot1/dir_27305/race_to_expiry/CMakeFiles/CMakeTmp'
Building C object CMakeFiles/cmTC_acb3c.dir/CheckSymbolExists.c.o
/usr/bin/cc    -o CMakeFiles/cmTC_acb3c.dir/CheckSymbolExists.c.o   -c /var/lib/condor/execute/slot1/dir_27305/race_to_expiry/CMakeFiles/CMakeTmp/CheckSymbolExists.c
Linking C executable cmTC_acb3c
/usr/bin/cmake3 -E cmake_link_script CMakeFiles/cmTC_acb3c.dir/link.txt --verbose=1
/usr/bin/cc      -rdynamic CMakeFiles/cmTC_acb3c.dir/CheckSymbolExists.c.o  -o cmTC_acb3c 
CMakeFiles/cmTC_acb3c.dir/CheckSymbolExists.c.o: In function `main':
CheckSymbolExists.c:(.text+0x16): undefined reference to `pthread_create'
collect2: error: ld returned 1 exit status
gmake[1]: *** [cmTC_acb3c] Error 1
gmake[1]: Leaving directory `/var/lib/condor/execute/slot1/dir_27305/race_to_expiry/CMakeFiles/CMakeTmp'
gmake: *** [cmTC_acb3c/fast] Error 2

File /var/lib/condor/execute/slot1/dir_27305/race_to_expiry/CMakeFiles/CMakeTmp/CheckSymbolExists.c:
/* */
#include <pthread.h>

int main(int argc, char** argv)
{
  (void)argv;
#ifndef pthread_create
  return ((int*)(&pthread_create))[argc];
#else
  (void)argc;
  return 0;
#endif
}

Determining if the function pthread_create exists in the pthreads failed with the following output:
Change Dir: /var/lib/condor/execute/slot1/dir_27305/race_to_expiry/CMakeFiles/CMakeTmp

Run Build Command(s):/usr/bin/gmake cmTC_91011/fast 
/usr/bin/gmake -f CMakeFiles/cmTC_91011.dir/build.make CMakeFiles/cmTC_91011.dir/build
gmake[1]: Entering directory `/var/lib/condor/execute/slot1/dir_27305/race_to_expiry/CMakeFiles/CMakeTmp'
Building C object CMakeFiles/cmTC_91011.dir/CheckFunctionExists.c.o
/usr/bin/cc   -DCHECK_FUNCTION_EXISTS=pthread_create   -o CMakeFiles/cmTC_91011.dir/CheckFunctionExists.c.o   -c /usr/share/cmake3/Modules/CheckFunctionExists.c
Linking C executable cmTC_91011
/usr/bin/cmake3 -E cmake_link_script CMakeFiles/cmTC_91011.dir/link.txt --verbose=1
/usr/bin/cc  -DCHECK_FUNCTION_EXISTS=pthread_create    -rdynamic CMakeFiles/cmTC_91011.dir/CheckFunctionExists.c.o  -o cmTC_91011 -lpthreads 
/usr/bin/ld: cannot find -lpthreads
collect2: error: ld returned 1 exit status
gmake[1]: *** [cmTC_91011] Error 1
gmake[1]: Leaving directory `/var/lib/condor/execute/slot1/dir_27305/race_to_expiry/CMakeFiles/CMakeTmp'
gmake: *** [cmTC_91011/fast] Error 2


Determining if the pthread_create exist failed with the following output:
Change Dir: /var/lib/condor/execute/slot1/dir_27305/race_to_expiry/CMakeFiles/CMakeTmp

Run Build Command(s):/usr/bin/gmake cmTC_c519f/fast 
/usr/bin/gmake -f CMakeFiles/cmTC_c519f.dir/build.make CMakeFiles/cmTC_c519f.dir/build
gmake[1]: Entering directory `/var/lib/condor/execute/slot1/dir_27305/race_to_expiry/CMakeFiles/CMakeTmp'
Building C object CMakeFiles/cmTC_c519f.dir/CheckSymbolExists.c.o
/software/chtc/eb/GCCcore/8.3.0/bin/cc    -o CMakeFiles/cmTC_c519f.dir/CheckSymbolExists.c.o   -c /var/lib/condor/execute/slot1/dir_27305/race_to_expiry/CMakeFiles/CMakeTmp/CheckSymbolExists.c
Linking C executable cmTC_c519f
/usr/bin/cmake3 -E cmake_link_script CMakeFiles/cmTC_c519f.dir/link.txt --verbose=1
/software/chtc/eb/GCCcore/8.3.0/bin/cc      -rdynamic CMakeFiles/cmTC_c519f.dir/CheckSymbolExists.c.o  -o cmTC_c519f 
CMakeFiles/cmTC_c519f.dir/CheckSymbolExists.c.o:CheckSymbolExists.c:function main: error: undefined reference to 'pthread_create'
collect2: error: ld returned 1 exit status
gmake[1]: *** [cmTC_c519f] Error 1
gmake[1]: Leaving directory `/var/lib/condor/execute/slot1/dir_27305/race_to_expiry/CMakeFiles/CMakeTmp'
gmake: *** [cmTC_c519f/fast] Error 2

File /var/lib/condor/execute/slot1/dir_27305/race_to_expiry/CMakeFiles/CMakeTmp/CheckSymbolExists.c:
/* */
#include <pthread.h>

int main(int argc, char** argv)
{
  (void)argv;
#ifndef pthread_create
  return ((int*)(&pthread_create))[argc];
#else
  (void)argc;
  return 0;
#endif
}

Determining if the function pthread_create exists in the pthreads failed with the following output:
Change Dir: /var/lib/condor/execute/slot1/dir_27305/race_to_expiry/CMakeFiles/CMakeTmp

Run Build Command(s):/usr/bin/gmake cmTC_8a381/fast 
/usr/bin/gmake -f CMakeFiles/cmTC_8a381.dir/build.make CMakeFiles/cmTC_8a381.dir/build
gmake[1]: Entering directory `/var/lib/condor/execute/slot1/dir_27305/race_to_expiry/CMakeFiles/CMakeTmp'
Building C object CMakeFiles/cmTC_8a381.dir/CheckFunctionExists.c.o
/software/chtc/eb/GCCcore/8.3.0/bin/cc   -DCHECK_FUNCTION_EXISTS=pthread_create   -o CMakeFiles/cmTC_8a381.dir/CheckFunctionExists.c.o   -c /usr/share/cmake3/Modules/CheckFunctionExists.c
Linking C executable cmTC_8a381
/usr/bin/cmake3 -E cmake_link_script CMakeFiles/cmTC_8a381.dir/link.txt --verbose=1
/software/chtc/eb/GCCcore/8.3.0/bin/cc  -DCHECK_FUNCTION_EXISTS=pthread_create    -rdynamic CMakeFiles/cmTC_8a381.dir/CheckFunctionExists.c.o  -o cmTC_8a381 -lpthreads 
/software/chtc/eb/binutils/2.32-GCCcore-8.3.0/bin/ld.gold: error: cannot find -lpthreads
CMakeFiles/cmTC_8a381.dir/CheckFunctionExists.c.o:CheckFunctionExists.c:function main: error: undefined reference to 'pthread_create'
collect2: error: ld returned 1 exit status
gmake[1]: *** [cmTC_8a381] Error 1
gmake[1]: Leaving directory `/var/lib/condor/execute/slot1/dir_27305/race_to_expiry/CMakeFiles/CMakeTmp'
gmake: *** [cmTC_8a381/fast] Error 2


Determining if the pthread_create exist failed with the following output:
Change Dir: /var/lib/condor/execute/slot1/dir_2437/race_to_expiry/CMakeFiles/CMakeTmp

Run Build Command(s):/usr/bin/gmake cmTC_d830d/fast 
/usr/bin/gmake -f CMakeFiles/cmTC_d830d.dir/build.make CMakeFiles/cmTC_d830d.dir/build
gmake[1]: Entering directory `/var/lib/condor/execute/slot1/dir_2437/race_to_expiry/CMakeFiles/CMakeTmp'
Building C object CMakeFiles/cmTC_d830d.dir/CheckSymbolExists.c.o
/software/chtc/eb/GCCcore/8.3.0/bin/cc    -o CMakeFiles/cmTC_d830d.dir/CheckSymbolExists.c.o   -c /var/lib/condor/execute/slot1/dir_2437/race_to_expiry/CMakeFiles/CMakeTmp/CheckSymbolExists.c
Linking C executable cmTC_d830d
/usr/bin/cmake3 -E cmake_link_script CMakeFiles/cmTC_d830d.dir/link.txt --verbose=1
/software/chtc/eb/GCCcore/8.3.0/bin/cc      -rdynamic CMakeFiles/cmTC_d830d.dir/CheckSymbolExists.c.o  -o cmTC_d830d 
CMakeFiles/cmTC_d830d.dir/CheckSymbolExists.c.o:CheckSymbolExists.c:function main: error: undefined reference to 'pthread_create'
collect2: error: ld returned 1 exit status
gmake[1]: *** [cmTC_d830d] Error 1
gmake[1]: Leaving directory `/var/lib/condor/execute/slot1/dir_2437/race_to_expiry/CMakeFiles/CMakeTmp'
gmake: *** [cmTC_d830d/fast] Error 2

File /var/lib/condor/execute/slot1/dir_2437/race_to_expiry/CMakeFiles/CMakeTmp/CheckSymbolExists.c:
/* */
#include <pthread.h>

int main(int argc, char** argv)
{
  (void)argv;
#ifndef pthread_create
  return ((int*)(&pthread_create))[argc];
#else
  (void)argc;
  return 0;
#endif
}

Determining if the function pthread_create exists in the pthreads failed with the following output:
Change Dir: /var/lib/condor/execute/slot1/dir_2437/race_to_expiry/CMakeFiles/CMakeTmp

Run Build Command(s):/usr/bin/gmake cmTC_ccaa2/fast 
/usr/bin/gmake -f CMakeFiles/cmTC_ccaa2.dir/build.make CMakeFiles/cmTC_ccaa2.dir/build
gmake[1]: Entering directory `/var/lib/condor/execute/slot1/dir_2437/race_to_expiry/CMakeFiles/CMakeTmp'
Building C object CMakeFiles/cmTC_ccaa2.dir/CheckFunctionExists.c.o
/software/chtc/eb/GCCcore/8.3.0/bin/cc   -DCHECK_FUNCTION_EXISTS=pthread_create   -o CMakeFiles/cmTC_ccaa2.dir/CheckFunctionExists.c.o   -c /usr/share/cmake3/Modules/CheckFunctionExists.c
Linking C executable cmTC_ccaa2
/usr/bin/cmake3 -E cmake_link_script CMakeFiles/cmTC_ccaa2.dir/link.txt --verbose=1
/software/chtc/eb/GCCcore/8.3.0/bin/cc  -DCHECK_FUNCTION_EXISTS=pthread_create    -rdynamic CMakeFiles/cmTC_ccaa2.dir/CheckFunctionExists.c.o  -o cmTC_ccaa2 -lpthreads 
/software/chtc/eb/binutils/2.32-GCCcore-8.3.0/bin/ld.gold: error: cannot find -lpthreads
CMakeFiles/cmTC_ccaa2.dir/CheckFunctionExists.c.o:CheckFunctionExists.c:function main: error: undefined reference to 'pthread_create'
collect2: error: ld returned 1 exit status
gmake[1]: *** [cmTC_ccaa2] Error 1
gmake[1]: Leaving directory `/var/lib/condor/execute/slot1/dir_2437/race_to_expiry/CMakeFiles/CMakeTmp'
gmake: *** [cmTC_ccaa2/fast] Error 2


Determining if the pthread_create exist failed with the following output:
Change Dir: /var/lib/condor/execute/slot1/dir_11244/race_to_expiry/CMakeFiles/CMakeTmp

Run Build Command(s):/usr/bin/gmake cmTC_06bcd/fast 
/usr/bin/gmake -f CMakeFiles/cmTC_06bcd.dir/build.make CMakeFiles/cmTC_06bcd.dir/build
gmake[1]: Entering directory `/var/lib/condor/execute/slot1/dir_11244/race_to_expiry/CMakeFiles/CMakeTmp'
Building C object CMakeFiles/cmTC_06bcd.dir/CheckSymbolExists.c.o
/software/chtc/eb/GCCcore/8.3.0/bin/cc    -o CMakeFiles/cmTC_06bcd.dir/CheckSymbolExists.c.o   -c /var/lib/condor/execute/slot1/dir_11244/race_to_expiry/CMakeFiles/CMakeTmp/CheckSymbolExists.c
Linking C executable cmTC_06bcd
/usr/bin/cmake3 -E cmake_link_script CMakeFiles/cmTC_06bcd.dir/link.txt --verbose=1
/software/chtc/eb/GCCcore/8.3.0/bin/cc      -rdynamic CMakeFiles/cmTC_06bcd.dir/CheckSymbolExists.c.o  -o cmTC_06bcd 
CMakeFiles/cmTC_06bcd.dir/CheckSymbolExists.c.o:CheckSymbolExists.c:function main: error: undefined reference to 'pthread_create'
collect2: error: ld returned 1 exit status
gmake[1]: *** [cmTC_06bcd] Error 1
gmake[1]: Leaving directory `/var/lib/condor/execute/slot1/dir_11244/race_to_expiry/CMakeFiles/CMakeTmp'
gmake: *** [cmTC_06bcd/fast] Error 2

File /var/lib/condor/execute/slot1/dir_11244/race_to_expiry/CMakeFiles/CMakeTmp/CheckSymbolExists.c:
/* */
#include <pthread.h>

int main(int argc, char** argv)
{
  (void)argv;
#ifndef pthread_create
  return ((int*)(&pthread_create))[argc];
#else
  (void)argc;
  return 0;
#endif
}

Determining if the function pthread_create exists in the pthreads failed with the following output:
Change Dir: /var/lib/condor/execute/slot1/dir_11244/race_to_expiry/CMakeFiles/CMakeTmp

Run Build Command(s):/usr/bin/gmake cmTC_7f906/fast 
/usr/bin/gmake -f CMakeFiles/cmTC_7f906.dir/build.make CMakeFiles/cmTC_7f906.dir/build
gmake[1]: Entering directory `/var/lib/condor/execute/slot1/dir_11244/race_to_expiry/CMakeFiles/CMakeTmp'
Building C object CMakeFiles/cmTC_7f906.dir/CheckFunctionExists.c.o
/software/chtc/eb/GCCcore/8.3.0/bin/cc   -DCHECK_FUNCTION_EXISTS=pthread_create   -o CMakeFiles/cmTC_7f906.dir/CheckFunctionExists.c.o   -c /usr/share/cmake3/Modules/CheckFunctionExists.c
Linking C executable cmTC_7f906
/usr/bin/cmake3 -E cmake_link_script CMakeFiles/cmTC_7f906.dir/link.txt --verbose=1
/software/chtc/eb/GCCcore/8.3.0/bin/cc  -DCHECK_FUNCTION_EXISTS=pthread_create    -rdynamic CMakeFiles/cmTC_7f906.dir/CheckFunctionExists.c.o  -o cmTC_7f906 -lpthreads 
/software/chtc/eb/binutils/2.32-GCCcore-8.3.0/bin/ld.gold: error: cannot find -lpthreads
CMakeFiles/cmTC_7f906.dir/CheckFunctionExists.c.o:CheckFunctionExists.c:function main: error: undefined reference to 'pthread_create'
collect2: error: ld returned 1 exit status
gmake[1]: *** [cmTC_7f906] Error 1
gmake[1]: Leaving directory `/var/lib/condor/execute/slot1/dir_11244/race_to_expiry/CMakeFiles/CMakeTmp'
gmake: *** [cmTC_7f906/fast] Error 2


