000 (5664214.009.000) 2020-03-28 19:52:42 Job submitted from host: <128.104.101.92:9618?addrs=128.104.101.92-9618+[2607-f388-107c-501-a236-9fff-fe3c-caa8]-9618&alias=submit2.chtc.wisc.edu&noUDP&sock=schedd_3841921_d3c3>
...
040 (5664214.009.000) 2020-03-28 19:53:30 Started transferring input files
	Transferring to host: <128.105.245.187:9618?addrs=128.105.245.187-9618&alias=e2387.chtc.wisc.edu&noUDP&sock=starter_1433_6d93_89323>
...
040 (5664214.009.000) 2020-03-28 19:53:35 Finished transferring input files
...
001 (5664214.009.000) 2020-03-28 19:53:35 Job executing on host: <128.105.245.187:9618?addrs=128.105.245.187-9618&alias=e2387.chtc.wisc.edu&noUDP&sock=startd_12884_ee4a_3>
...
006 (5664214.009.000) 2020-03-28 19:53:44 Image size of job updated: 1
	0  -  MemoryUsage of job (MB)
	436  -  ResidentSetSize of job (KB)
...
040 (5664214.009.000) 2020-03-28 19:55:04 Started transferring output files
...
040 (5664214.009.000) 2020-03-28 19:55:04 Finished transferring output files
...
005 (5664214.009.000) 2020-03-28 19:55:04 Job terminated.
	(1) Normal termination (return value 0)
		Usr 0 00:00:00, Sys 0 00:00:00  -  Run Remote Usage
		Usr 0 00:00:00, Sys 0 00:00:00  -  Run Local Usage
		Usr 0 00:00:00, Sys 0 00:00:00  -  Total Remote Usage
		Usr 0 00:00:00, Sys 0 00:00:00  -  Total Local Usage
	119334  -  Run Bytes Sent By Job
	208764560  -  Run Bytes Received By Job
	119334  -  Total Bytes Sent By Job
	208764560  -  Total Bytes Received By Job
	Partitionable Resources :     Usage  Request Allocated 
	   Cpus                 :      0.01        1         1 
	   Disk (KB)            : 919391     4194304   5407701 
	   IoHeavy              :                            0 
	   Memory (MB)          :      0        4096      4096 

	Job terminated of its own accord at 2020-03-29T00:55:04Z.
...
