000 (5664199.014.000) 2020-03-28 16:07:29 Job submitted from host: <128.104.101.92:9618?addrs=128.104.101.92-9618+[2607-f388-107c-501-a236-9fff-fe3c-caa8]-9618&alias=submit2.chtc.wisc.edu&noUDP&sock=schedd_3841921_d3c3>
...
040 (5664199.014.000) 2020-03-28 16:13:42 Started transferring input files
	Transferring to host: <128.105.245.173:9618?addrs=128.105.245.173-9618&alias=e2373.chtc.wisc.edu&noUDP&sock=starter_19776_bb1d_89527>
...
040 (5664199.014.000) 2020-03-28 16:13:46 Finished transferring input files
...
001 (5664199.014.000) 2020-03-28 16:13:46 Job executing on host: <128.105.245.173:9618?addrs=128.105.245.173-9618&alias=e2373.chtc.wisc.edu&noUDP&sock=startd_4685_194a_3>
...
006 (5664199.014.000) 2020-03-28 16:18:58 Image size of job updated: 95
	95  -  MemoryUsage of job (MB)
	97336  -  ResidentSetSize of job (KB)
...
006 (5664199.014.000) 2020-03-28 16:39:01 Image size of job updated: 95
	95  -  MemoryUsage of job (MB)
	97368  -  ResidentSetSize of job (KB)
...
006 (5664199.014.000) 2020-03-28 17:24:06 Image size of job updated: 95
	95  -  MemoryUsage of job (MB)
	97472  -  ResidentSetSize of job (KB)
...
040 (5664199.014.000) 2020-03-28 19:33:50 Started transferring output files
...
040 (5664199.014.000) 2020-03-28 19:33:50 Finished transferring output files
...
005 (5664199.014.000) 2020-03-28 19:33:50 Job terminated.
	(1) Normal termination (return value 0)
		Usr 0 03:18:51, Sys 0 00:00:04  -  Run Remote Usage
		Usr 0 00:00:00, Sys 0 00:00:00  -  Run Local Usage
		Usr 0 03:18:51, Sys 0 00:00:04  -  Total Remote Usage
		Usr 0 00:00:00, Sys 0 00:00:00  -  Total Local Usage
	173754  -  Run Bytes Sent By Job
	209046736  -  Run Bytes Received By Job
	173754  -  Total Bytes Sent By Job
	209046736  -  Total Bytes Received By Job
	Partitionable Resources :    Usage  Request Allocated 
	   Cpus                 :        0        1         1 
	   Disk (KB)            :   919637  4194304   4681372 
	   IoHeavy              :                           0 
	   Memory (MB)          :       95     4096      4096 

	Job terminated of its own accord at 2020-03-29T00:33:50Z.
...
