000 (5664214.014.000) 2020-03-28 19:52:42 Job submitted from host: <128.104.101.92:9618?addrs=128.104.101.92-9618+[2607-f388-107c-501-a236-9fff-fe3c-caa8]-9618&alias=submit2.chtc.wisc.edu&noUDP&sock=schedd_3841921_d3c3>
...
040 (5664214.014.000) 2020-03-28 19:53:32 Started transferring input files
	Transferring to host: <128.104.58.197:9618?addrs=128.104.58.197-9618+[2607-f388-1086-0-16fe-b5ff-fec6-7a4a]-9618&alias=e1056.chtc.wisc.edu&noUDP&sock=starter_2353_a6b9_87102>
...
040 (5664214.014.000) 2020-03-28 19:53:36 Finished transferring input files
...
001 (5664214.014.000) 2020-03-28 19:53:36 Job executing on host: <128.104.58.197:9618?addrs=128.104.58.197-9618+[2607-f388-1086-0-16fe-b5ff-fec6-7a4a]-9618&alias=e1056.chtc.wisc.edu&noUDP&sock=startd_5436_38ea_3>
...
006 (5664214.014.000) 2020-03-28 19:53:44 Image size of job updated: 1
	0  -  MemoryUsage of job (MB)
	644  -  ResidentSetSize of job (KB)
...
006 (5664214.014.000) 2020-03-28 19:58:45 Image size of job updated: 95
	95  -  MemoryUsage of job (MB)
	98048  -  ResidentSetSize of job (KB)
...
040 (5664214.014.000) 2020-03-28 21:05:41 Started transferring output files
...
040 (5664214.014.000) 2020-03-28 21:05:41 Finished transferring output files
...
005 (5664214.014.000) 2020-03-28 21:05:42 Job terminated.
	(1) Normal termination (return value 0)
		Usr 0 01:11:34, Sys 0 00:00:02  -  Run Remote Usage
		Usr 0 00:00:00, Sys 0 00:00:00  -  Run Local Usage
		Usr 0 01:11:34, Sys 0 00:00:02  -  Total Remote Usage
		Usr 0 00:00:00, Sys 0 00:00:00  -  Total Local Usage
	135332  -  Run Bytes Sent By Job
	209047120  -  Run Bytes Received By Job
	135332  -  Total Bytes Sent By Job
	209047120  -  Total Bytes Received By Job
	Partitionable Resources :    Usage  Request Allocated 
	   Cpus                 :        0        1         1 
	   Disk (KB)            :  1014635  4194304   4622396 
	   IoHeavy              :                           0 
	   Memory (MB)          :       95     4096      4096 

	Job terminated of its own accord at 2020-03-29T02:05:41Z.
...
