000 (5664231.022.000) 2020-03-29 04:06:12 Job submitted from host: <128.104.101.92:9618?addrs=128.104.101.92-9618+[2607-f388-107c-501-a236-9fff-fe3c-caa8]-9618&alias=submit2.chtc.wisc.edu&noUDP&sock=schedd_3841921_d3c3>
...
040 (5664231.022.000) 2020-03-29 04:07:17 Started transferring input files
	Transferring to host: <128.104.55.169:9618?addrs=128.104.55.169-9618+[2607-f388-1086-0-221-28ff-fe40-18e]-9618&alias=e088.chtc.wisc.edu&noUDP&sock=starter_25063_e694_76731>
...
040 (5664231.022.000) 2020-03-29 04:07:20 Finished transferring input files
...
001 (5664231.022.000) 2020-03-29 04:07:21 Job executing on host: <128.104.55.169:9618?addrs=128.104.55.169-9618+[2607-f388-1086-0-221-28ff-fe40-18e]-9618&alias=e088.chtc.wisc.edu&noUDP&sock=startd_3785_c60e_3>
...
006 (5664231.022.000) 2020-03-29 04:09:01 Image size of job updated: 93
	93  -  MemoryUsage of job (MB)
	95324  -  ResidentSetSize of job (KB)
...
040 (5664231.022.000) 2020-03-29 04:09:01 Started transferring output files
...
040 (5664231.022.000) 2020-03-29 04:09:01 Finished transferring output files
...
005 (5664231.022.000) 2020-03-29 04:09:02 Job terminated.
	(1) Normal termination (return value 0)
		Usr 0 00:00:38, Sys 0 00:00:01  -  Run Remote Usage
		Usr 0 00:00:00, Sys 0 00:00:00  -  Run Local Usage
		Usr 0 00:00:38, Sys 0 00:00:01  -  Total Remote Usage
		Usr 0 00:00:00, Sys 0 00:00:00  -  Total Local Usage
	119337  -  Run Bytes Sent By Job
	208764880  -  Run Bytes Received By Job
	119337  -  Total Bytes Sent By Job
	208764880  -  Total Bytes Received By Job
	Partitionable Resources :     Usage  Request Allocated 
	   Cpus                 :      0.00        1         1 
	   Disk (KB)            : 919390     4194304   4524463 
	   IoHeavy              :                            0 
	   Memory (MB)          :     93        4096      4096 

	Job terminated of its own accord at 2020-03-29T09:09:01Z.
...
