000 (5664231.018.000) 2020-03-29 04:06:12 Job submitted from host: <128.104.101.92:9618?addrs=128.104.101.92-9618+[2607-f388-107c-501-a236-9fff-fe3c-caa8]-9618&alias=submit2.chtc.wisc.edu&noUDP&sock=schedd_3841921_d3c3>
...
040 (5664231.018.000) 2020-03-29 04:07:19 Started transferring input files
	Transferring to host: <128.105.244.23:9618?addrs=128.105.244.23-9618&alias=e154.chtc.wisc.edu&noUDP&sock=slot1_3_7989_b91e_19161>
...
040 (5664231.018.000) 2020-03-29 04:07:25 Finished transferring input files
...
001 (5664231.018.000) 2020-03-29 04:07:25 Job executing on host: <128.105.244.23:9618?addrs=128.105.244.23-9618&alias=e154.chtc.wisc.edu&noUDP&sock=startd_2758_564a>
...
006 (5664231.018.000) 2020-03-29 04:09:47 Image size of job updated: 95
	95  -  MemoryUsage of job (MB)
	97752  -  ResidentSetSize of job (KB)
...
040 (5664231.018.000) 2020-03-29 04:09:47 Started transferring output files
...
040 (5664231.018.000) 2020-03-29 04:09:47 Finished transferring output files
...
005 (5664231.018.000) 2020-03-29 04:09:48 Job terminated.
	(1) Normal termination (return value 0)
		Usr 0 00:01:24, Sys 0 00:00:01  -  Run Remote Usage
		Usr 0 00:00:00, Sys 0 00:00:00  -  Run Local Usage
		Usr 0 00:01:24, Sys 0 00:00:01  -  Total Remote Usage
		Usr 0 00:00:00, Sys 0 00:00:00  -  Total Local Usage
	120103  -  Run Bytes Sent By Job
	208769520  -  Run Bytes Received By Job
	120103  -  Total Bytes Sent By Job
	208769520  -  Total Bytes Received By Job
	Partitionable Resources :     Usage  Request Allocated 
	   Cpus                 :      0.00        1         1 
	   Disk (KB)            : 919394     4194304   5462744 
	   IoHeavy              :                            0 
	   Memory (MB)          :     95        4096      4096 

	Job terminated of its own accord at 2020-03-29T09:09:47Z.
...
