000 (5664214.013.000) 2020-03-28 19:52:42 Job submitted from host: <128.104.101.92:9618?addrs=128.104.101.92-9618+[2607-f388-107c-501-a236-9fff-fe3c-caa8]-9618&alias=submit2.chtc.wisc.edu&noUDP&sock=schedd_3841921_d3c3>
...
040 (5664214.013.000) 2020-03-28 19:53:32 Started transferring input files
	Transferring to host: <128.105.245.100:9618?addrs=128.105.245.100-9618&alias=e300.chtc.wisc.edu&noUDP&sock=starter_20588_dbbe_91401>
...
040 (5664214.013.000) 2020-03-28 19:53:35 Finished transferring input files
...
001 (5664214.013.000) 2020-03-28 19:53:35 Job executing on host: <128.105.245.100:9618?addrs=128.105.245.100-9618&alias=e300.chtc.wisc.edu&noUDP&sock=startd_7457_75d1_3>
...
006 (5664214.013.000) 2020-03-28 19:58:48 Image size of job updated: 95
	95  -  MemoryUsage of job (MB)
	97744  -  ResidentSetSize of job (KB)
...
006 (5664214.013.000) 2020-03-28 20:58:55 Image size of job updated: 95
	95  -  MemoryUsage of job (MB)
	97808  -  ResidentSetSize of job (KB)
...
006 (5664214.013.000) 2020-03-28 22:59:07 Image size of job updated: 95
	95  -  MemoryUsage of job (MB)
	98052  -  ResidentSetSize of job (KB)
...
040 (5664214.013.000) 2020-03-28 23:57:56 Started transferring output files
...
040 (5664214.013.000) 2020-03-28 23:57:56 Finished transferring output files
...
005 (5664214.013.000) 2020-03-28 23:57:57 Job terminated.
	(1) Normal termination (return value 0)
		Usr 0 04:03:18, Sys 0 00:00:06  -  Run Remote Usage
		Usr 0 00:00:00, Sys 0 00:00:00  -  Run Local Usage
		Usr 0 04:03:18, Sys 0 00:00:06  -  Total Remote Usage
		Usr 0 00:00:00, Sys 0 00:00:00  -  Total Local Usage
	4055431  -  Run Bytes Sent By Job
	208864896  -  Run Bytes Received By Job
	4055431  -  Total Bytes Sent By Job
	208864896  -  Total Bytes Received By Job
	Partitionable Resources :     Usage  Request Allocated 
	   Cpus                 :      0.00        1         1 
	   Disk (KB)            : 923331     4194304   4665115 
	   IoHeavy              :                            0 
	   Memory (MB)          :     95        4096      4096 

	Job terminated of its own accord at 2020-03-29T04:57:56Z.
...
