000 (5664199.013.000) 2020-03-28 16:07:29 Job submitted from host: <128.104.101.92:9618?addrs=128.104.101.92-9618+[2607-f388-107c-501-a236-9fff-fe3c-caa8]-9618&alias=submit2.chtc.wisc.edu&noUDP&sock=schedd_3841921_d3c3>
...
040 (5664199.013.000) 2020-03-28 16:13:41 Started transferring input files
	Transferring to host: <128.105.245.78:9618?addrs=128.105.245.78-9618&alias=e278.chtc.wisc.edu&noUDP&sock=starter_33281_39a2_90358>
...
040 (5664199.013.000) 2020-03-28 16:13:45 Finished transferring input files
...
001 (5664199.013.000) 2020-03-28 16:13:45 Job executing on host: <128.105.245.78:9618?addrs=128.105.245.78-9618&alias=e278.chtc.wisc.edu&noUDP&sock=startd_7138_a71b_3>
...
006 (5664199.013.000) 2020-03-28 16:18:55 Image size of job updated: 95
	95  -  MemoryUsage of job (MB)
	97704  -  ResidentSetSize of job (KB)
...
006 (5664199.013.000) 2020-03-28 16:23:56 Image size of job updated: 95
	95  -  MemoryUsage of job (MB)
	97856  -  ResidentSetSize of job (KB)
...
006 (5664199.013.000) 2020-03-28 18:04:07 Image size of job updated: 95
	95  -  MemoryUsage of job (MB)
	97928  -  ResidentSetSize of job (KB)
...
006 (5664199.013.000) 2020-03-28 20:44:24 Image size of job updated: 95
	95  -  MemoryUsage of job (MB)
	97960  -  ResidentSetSize of job (KB)
...
006 (5664199.013.000) 2020-03-28 21:14:27 Image size of job updated: 95
	95  -  MemoryUsage of job (MB)
	98000  -  ResidentSetSize of job (KB)
...
040 (5664199.013.000) 2020-03-28 22:20:57 Started transferring output files
...
040 (5664199.013.000) 2020-03-28 22:20:57 Finished transferring output files
...
005 (5664199.013.000) 2020-03-28 22:20:57 Job terminated.
	(1) Normal termination (return value 0)
		Usr 0 06:06:04, Sys 0 00:00:07  -  Run Remote Usage
		Usr 0 00:00:00, Sys 0 00:00:00  -  Run Local Usage
		Usr 0 06:06:04, Sys 0 00:00:07  -  Total Remote Usage
		Usr 0 00:00:00, Sys 0 00:00:00  -  Total Local Usage
	2112107  -  Run Bytes Sent By Job
	208864512  -  Run Bytes Received By Job
	2112107  -  Total Bytes Sent By Job
	208864512  -  Total Bytes Received By Job
	Partitionable Resources :    Usage  Request Allocated 
	   Cpus                 :        0        1         1 
	   Disk (KB)            :   921354  4194304   4675446 
	   IoHeavy              :                           0 
	   Memory (MB)          :       95     4096      4096 

	Job terminated of its own accord at 2020-03-29T03:20:57Z.
...
