000 (5664214.021.000) 2020-03-28 19:52:42 Job submitted from host: <128.104.101.92:9618?addrs=128.104.101.92-9618+[2607-f388-107c-501-a236-9fff-fe3c-caa8]-9618&alias=submit2.chtc.wisc.edu&noUDP&sock=schedd_3841921_d3c3>
...
040 (5664214.021.000) 2020-03-28 19:53:32 Started transferring input files
	Transferring to host: <128.105.245.153:9618?addrs=128.105.245.153-9618&alias=e2353.chtc.wisc.edu&noUDP&sock=starter_34848_5182_89409>
...
040 (5664214.021.000) 2020-03-28 19:53:37 Finished transferring input files
...
001 (5664214.021.000) 2020-03-28 19:53:37 Job executing on host: <128.105.245.153:9618?addrs=128.105.245.153-9618&alias=e2353.chtc.wisc.edu&noUDP&sock=startd_4648_b849_3>
...
006 (5664214.021.000) 2020-03-28 19:58:57 Image size of job updated: 95
	95  -  MemoryUsage of job (MB)
	97732  -  ResidentSetSize of job (KB)
...
040 (5664214.021.000) 2020-03-28 20:37:32 Started transferring output files
...
040 (5664214.021.000) 2020-03-28 20:37:32 Finished transferring output files
...
005 (5664214.021.000) 2020-03-28 20:37:32 Job terminated.
	(1) Normal termination (return value 0)
		Usr 0 00:42:48, Sys 0 00:00:02  -  Run Remote Usage
		Usr 0 00:00:00, Sys 0 00:00:00  -  Run Local Usage
		Usr 0 00:42:48, Sys 0 00:00:02  -  Total Remote Usage
		Usr 0 00:00:00, Sys 0 00:00:00  -  Total Local Usage
	176130  -  Run Bytes Sent By Job
	208817200  -  Run Bytes Received By Job
	176130  -  Total Bytes Sent By Job
	208817200  -  Total Bytes Received By Job
	Partitionable Resources :      Usage  Request Allocated 
	   Cpus                 :       0.00        1         1 
	   Disk (KB)            : 1014462     4194304   4676021 
	   IoHeavy              :                             0 
	   Memory (MB)          :      95        4096      4096 

	Job terminated of its own accord at 2020-03-29T01:37:32Z.
...
