000 (5664213.021.000) 2020-03-28 19:39:18 Job submitted from host: <128.104.101.92:9618?addrs=128.104.101.92-9618+[2607-f388-107c-501-a236-9fff-fe3c-caa8]-9618&alias=submit2.chtc.wisc.edu&noUDP&sock=schedd_3841921_d3c3>
...
040 (5664213.021.000) 2020-03-28 19:40:46 Started transferring input files
	Transferring to host: <128.105.245.63:9618?addrs=128.105.245.63-9618&alias=e263.chtc.wisc.edu&noUDP&sock=starter_15866_c83e_92508>
...
040 (5664213.021.000) 2020-03-28 19:40:58 Finished transferring input files
...
001 (5664213.021.000) 2020-03-28 19:40:58 Job executing on host: <128.105.245.63:9618?addrs=128.105.245.63-9618&alias=e263.chtc.wisc.edu&noUDP&sock=startd_4617_74d9_3>
...
006 (5664213.021.000) 2020-03-28 19:43:24 Image size of job updated: 1
	0  -  MemoryUsage of job (MB)
	512  -  ResidentSetSize of job (KB)
...
040 (5664213.021.000) 2020-03-28 19:43:24 Started transferring output files
...
040 (5664213.021.000) 2020-03-28 19:43:24 Finished transferring output files
...
005 (5664213.021.000) 2020-03-28 19:43:28 Job terminated.
	(1) Normal termination (return value 1)
		Usr 0 00:00:05, Sys 0 00:00:01  -  Run Remote Usage
		Usr 0 00:00:00, Sys 0 00:00:00  -  Run Local Usage
		Usr 0 00:00:05, Sys 0 00:00:01  -  Total Remote Usage
		Usr 0 00:00:00, Sys 0 00:00:00  -  Total Local Usage
	119735  -  Run Bytes Sent By Job
	208817184  -  Run Bytes Received By Job
	119735  -  Total Bytes Sent By Job
	208817184  -  Total Bytes Received By Job
	Partitionable Resources :    Usage  Request Allocated 
	   Cpus                 :        0        1         1 
	   Disk (KB)            :   919443  4194304   4660023 
	   IoHeavy              :                           0 
	   Memory (MB)          :        0     4096      4096 

	Job terminated of its own accord at 2020-03-29T00:43:24Z.
...
