000 (5664199.021.000) 2020-03-28 16:07:29 Job submitted from host: <128.104.101.92:9618?addrs=128.104.101.92-9618+[2607-f388-107c-501-a236-9fff-fe3c-caa8]-9618&alias=submit2.chtc.wisc.edu&noUDP&sock=schedd_3841921_d3c3>
...
040 (5664199.021.000) 2020-03-28 16:14:06 Started transferring input files
	Transferring to host: <128.105.245.67:9618?addrs=128.105.245.67-9618&alias=e267.chtc.wisc.edu&noUDP&sock=starter_7488_b92a_89894>
...
040 (5664199.021.000) 2020-03-28 16:14:09 Finished transferring input files
...
001 (5664199.021.000) 2020-03-28 16:14:09 Job executing on host: <128.105.245.67:9618?addrs=128.105.245.67-9618&alias=e267.chtc.wisc.edu&noUDP&sock=startd_4664_b1cd_3>
...
006 (5664199.021.000) 2020-03-28 16:14:19 Image size of job updated: 2
	0  -  MemoryUsage of job (MB)
	448  -  ResidentSetSize of job (KB)
...
006 (5664199.021.000) 2020-03-28 16:19:20 Image size of job updated: 95
	95  -  MemoryUsage of job (MB)
	97664  -  ResidentSetSize of job (KB)
...
006 (5664199.021.000) 2020-03-28 19:24:38 Image size of job updated: 95
	95  -  MemoryUsage of job (MB)
	97860  -  ResidentSetSize of job (KB)
...
040 (5664199.021.000) 2020-03-28 20:55:25 Started transferring output files
...
040 (5664199.021.000) 2020-03-28 20:55:25 Finished transferring output files
...
005 (5664199.021.000) 2020-03-28 20:55:25 Job terminated.
	(1) Normal termination (return value 0)
		Usr 0 04:40:42, Sys 0 00:00:04  -  Run Remote Usage
		Usr 0 00:00:00, Sys 0 00:00:00  -  Run Local Usage
		Usr 0 04:40:42, Sys 0 00:00:04  -  Total Remote Usage
		Usr 0 00:00:00, Sys 0 00:00:00  -  Total Local Usage
	237016  -  Run Bytes Sent By Job
	208816832  -  Run Bytes Received By Job
	237016  -  Total Bytes Sent By Job
	208816832  -  Total Bytes Received By Job
	Partitionable Resources :     Usage  Request Allocated 
	   Cpus                 :      0.00        1         1 
	   Disk (KB)            : 919474     4194304   4648743 
	   IoHeavy              :                            0 
	   Memory (MB)          :     95        4096      4096 

	Job terminated of its own accord at 2020-03-29T01:55:25Z.
...
