000 (5664207.000.000) 2020-03-28 19:08:43 Job submitted from host: <128.104.101.92:9618?addrs=128.104.101.92-9618+[2607-f388-107c-501-a236-9fff-fe3c-caa8]-9618&alias=submit2.chtc.wisc.edu&noUDP&sock=schedd_3841921_d3c3>
...
040 (5664207.000.000) 2020-03-28 19:09:18 Started transferring input files
	Transferring to host: <128.105.245.94:9618?addrs=128.105.245.94-9618&alias=e2294.chtc.wisc.edu&noUDP&sock=starter_14893_3737_91477>
...
040 (5664207.000.000) 2020-03-28 19:09:21 Finished transferring input files
...
001 (5664207.000.000) 2020-03-28 19:09:21 Job executing on host: <128.105.245.94:9618?addrs=128.105.245.94-9618&alias=e2294.chtc.wisc.edu&noUDP&sock=startd_2178_815c_3>
...
006 (5664207.000.000) 2020-03-28 19:10:01 Image size of job updated: 1
	0  -  MemoryUsage of job (MB)
	516  -  ResidentSetSize of job (KB)
...
040 (5664207.000.000) 2020-03-28 19:10:01 Started transferring output files
...
040 (5664207.000.000) 2020-03-28 19:10:01 Finished transferring output files
...
005 (5664207.000.000) 2020-03-28 19:10:01 Job terminated.
	(1) Normal termination (return value 1)
		Usr 0 00:00:01, Sys 0 00:00:00  -  Run Remote Usage
		Usr 0 00:00:00, Sys 0 00:00:00  -  Run Local Usage
		Usr 0 00:00:01, Sys 0 00:00:00  -  Total Remote Usage
		Usr 0 00:00:00, Sys 0 00:00:00  -  Total Local Usage
	119737  -  Run Bytes Sent By Job
	209106832  -  Run Bytes Received By Job
	119737  -  Total Bytes Sent By Job
	209106832  -  Total Bytes Received By Job
	Partitionable Resources :    Usage  Request Allocated 
	   Cpus                 :        0        1         1 
	   Disk (KB)            :   919724  4194304   4520217 
	   IoHeavy              :                           0 
	   Memory (MB)          :        0     4096      4096 

	Job terminated of its own accord at 2020-03-29T00:10:01Z.
...
