000 (5664214.000.000) 2020-03-28 19:52:42 Job submitted from host: <128.104.101.92:9618?addrs=128.104.101.92-9618+[2607-f388-107c-501-a236-9fff-fe3c-caa8]-9618&alias=submit2.chtc.wisc.edu&noUDP&sock=schedd_3841921_d3c3>
...
040 (5664214.000.000) 2020-03-28 19:53:33 Started transferring input files
	Transferring to host: <128.105.244.46:9618?addrs=128.105.244.46-9618&alias=e3177.chtc.wisc.edu&noUDP&sock=slot1_7_22187_7f9f_19018>
...
040 (5664214.000.000) 2020-03-28 19:53:44 Finished transferring input files
...
001 (5664214.000.000) 2020-03-28 19:53:44 Job executing on host: <128.105.244.46:9618?addrs=128.105.244.46-9618&alias=e3177.chtc.wisc.edu&noUDP&sock=startd_2739_4dfd>
...
006 (5664214.000.000) 2020-03-28 19:59:07 Image size of job updated: 95
	95  -  MemoryUsage of job (MB)
	97840  -  ResidentSetSize of job (KB)
...
006 (5664214.000.000) 2020-03-28 20:08:17 Image size of job updated: 95
	95  -  MemoryUsage of job (MB)
	97920  -  ResidentSetSize of job (KB)
...
040 (5664214.000.000) 2020-03-28 20:08:17 Started transferring output files
...
040 (5664214.000.000) 2020-03-28 20:08:17 Finished transferring output files
...
005 (5664214.000.000) 2020-03-28 20:08:18 Job terminated.
	(1) Normal termination (return value 0)
		Usr 0 00:13:27, Sys 0 00:00:02  -  Run Remote Usage
		Usr 0 00:00:00, Sys 0 00:00:00  -  Run Local Usage
		Usr 0 00:13:27, Sys 0 00:00:02  -  Total Remote Usage
		Usr 0 00:00:00, Sys 0 00:00:00  -  Total Local Usage
	208376  -  Run Bytes Sent By Job
	209106800  -  Run Bytes Received By Job
	208376  -  Total Bytes Sent By Job
	209106800  -  Total Bytes Received By Job
	Partitionable Resources :      Usage  Request Allocated 
	   Cpus                 :       0.00        1         1 
	   Disk (KB)            : 1014774     4194304   4763088 
	   IoHeavy              :                             0 
	   Memory (MB)          :      95        4096      4096 

	Job terminated of its own accord at 2020-03-29T01:08:17Z.
...
