000 (5664199.000.000) 2020-03-28 16:07:29 Job submitted from host: <128.104.101.92:9618?addrs=128.104.101.92-9618+[2607-f388-107c-501-a236-9fff-fe3c-caa8]-9618&alias=submit2.chtc.wisc.edu&noUDP&sock=schedd_3841921_d3c3>
...
040 (5664199.000.000) 2020-03-28 16:08:31 Started transferring input files
	Transferring to host: <128.105.245.135:9618?addrs=128.105.245.135-9618&alias=e335.chtc.wisc.edu&noUDP&sock=starter_17802_de8d_92286>
...
040 (5664199.000.000) 2020-03-28 16:08:34 Finished transferring input files
...
001 (5664199.000.000) 2020-03-28 16:08:34 Job executing on host: <128.105.245.135:9618?addrs=128.105.245.135-9618&alias=e335.chtc.wisc.edu&noUDP&sock=startd_2604_b4b4_3>
...
006 (5664199.000.000) 2020-03-28 16:13:44 Image size of job updated: 95
	95  -  MemoryUsage of job (MB)
	97764  -  ResidentSetSize of job (KB)
...
006 (5664199.000.000) 2020-03-28 17:33:53 Image size of job updated: 95
	95  -  MemoryUsage of job (MB)
	97932  -  ResidentSetSize of job (KB)
...
040 (5664199.000.000) 2020-03-28 19:47:51 Started transferring output files
...
040 (5664199.000.000) 2020-03-28 19:47:51 Finished transferring output files
...
005 (5664199.000.000) 2020-03-28 19:47:53 Job terminated.
	(1) Normal termination (return value 0)
		Usr 0 03:34:37, Sys 0 00:00:04  -  Run Remote Usage
		Usr 0 00:00:00, Sys 0 00:00:00  -  Run Local Usage
		Usr 0 03:34:37, Sys 0 00:00:04  -  Total Remote Usage
		Usr 0 00:00:00, Sys 0 00:00:00  -  Total Local Usage
	600523  -  Run Bytes Sent By Job
	209106416  -  Run Bytes Received By Job
	600523  -  Total Bytes Sent By Job
	209106416  -  Total Bytes Received By Job
	Partitionable Resources :     Usage  Request Allocated 
	   Cpus                 :      0.00        1         1 
	   Disk (KB)            : 920114     4194304   4646024 
	   IoHeavy              :                            0 
	   Memory (MB)          :     95        4096      4096 

	Job terminated of its own accord at 2020-03-29T00:47:51Z.
...
