000 (5664200.000.000) 2020-03-28 16:07:36 Job submitted from host: <128.104.101.92:9618?addrs=128.104.101.92-9618+[2607-f388-107c-501-a236-9fff-fe3c-caa8]-9618&alias=submit2.chtc.wisc.edu&noUDP&sock=schedd_3841921_d3c3>
...
040 (5664200.000.000) 2020-03-28 16:14:39 Started transferring input files
	Transferring to host: <128.105.245.142:9618?addrs=128.105.245.142-9618&alias=e342.chtc.wisc.edu&noUDP&sock=starter_9062_bfaa_52387>
...
040 (5664200.000.000) 2020-03-28 16:14:42 Finished transferring input files
...
001 (5664200.000.000) 2020-03-28 16:14:42 Job executing on host: <128.105.245.142:9618?addrs=128.105.245.142-9618&alias=e342.chtc.wisc.edu&noUDP&sock=startd_7134_e8ba_20>
...
006 (5664200.000.000) 2020-03-28 16:15:37 Image size of job updated: 1
	0  -  MemoryUsage of job (MB)
	384  -  ResidentSetSize of job (KB)
...
040 (5664200.000.000) 2020-03-28 16:15:37 Started transferring output files
...
040 (5664200.000.000) 2020-03-28 16:15:37 Finished transferring output files
...
005 (5664200.000.000) 2020-03-28 16:15:39 Job terminated.
	(1) Normal termination (return value 1)
		Usr 0 00:00:01, Sys 0 00:00:00  -  Run Remote Usage
		Usr 0 00:00:00, Sys 0 00:00:00  -  Run Local Usage
		Usr 0 00:00:01, Sys 0 00:00:00  -  Total Remote Usage
		Usr 0 00:00:00, Sys 0 00:00:00  -  Total Local Usage
	119737  -  Run Bytes Sent By Job
	209106080  -  Run Bytes Received By Job
	119737  -  Total Bytes Sent By Job
	209106080  -  Total Bytes Received By Job
	Partitionable Resources :     Usage  Request Allocated 
	   Cpus                 :      0.03        1         1 
	   Disk (KB)            : 919642     4194304   4658713 
	   IoHeavy              :                            0 
	   Memory (MB)          :      0        4096      4096 

	Job terminated of its own accord at 2020-03-28T21:15:37Z.
...
