000 (5664199.005.000) 2020-03-28 16:07:29 Job submitted from host: <128.104.101.92:9618?addrs=128.104.101.92-9618+[2607-f388-107c-501-a236-9fff-fe3c-caa8]-9618&alias=submit2.chtc.wisc.edu&noUDP&sock=schedd_3841921_d3c3>
...
040 (5664199.005.000) 2020-03-28 16:10:38 Started transferring input files
	Transferring to host: <128.104.101.122:9618?addrs=128.104.101.122-9618+[2607-f388-107c-501-4603-a7ff-fe29-9b27]-9618&alias=e122.chtc.wisc.edu&noUDP&sock=slot1_4_16119_0b29_20778>
...
040 (5664199.005.000) 2020-03-28 16:10:41 Finished transferring input files
...
001 (5664199.005.000) 2020-03-28 16:10:41 Job executing on host: <128.104.101.122:9618?addrs=128.104.101.122-9618+[2607-f388-107c-501-4603-a7ff-fe29-9b27]-9618&alias=e122.chtc.wisc.edu&noUDP&sock=startd_3693_ab57>
...
006 (5664199.005.000) 2020-03-28 16:10:49 Image size of job updated: 2
	0  -  MemoryUsage of job (MB)
	648  -  ResidentSetSize of job (KB)
...
006 (5664199.005.000) 2020-03-28 16:15:49 Image size of job updated: 95
	95  -  MemoryUsage of job (MB)
	98076  -  ResidentSetSize of job (KB)
...
040 (5664199.005.000) 2020-03-28 23:25:56 Started transferring output files
...
040 (5664199.005.000) 2020-03-28 23:25:56 Finished transferring output files
...
005 (5664199.005.000) 2020-03-28 23:25:59 Job terminated.
	(1) Normal termination (return value 0)
		Usr 0 00:00:00, Sys 0 00:00:00  -  Run Remote Usage
		Usr 0 00:00:00, Sys 0 00:00:00  -  Run Local Usage
		Usr 0 00:00:00, Sys 0 00:00:00  -  Total Remote Usage
		Usr 0 00:00:00, Sys 0 00:00:00  -  Total Local Usage
	1053512  -  Run Bytes Sent By Job
	209083936  -  Run Bytes Received By Job
	1053512  -  Total Bytes Sent By Job
	209083936  -  Total Bytes Received By Job
	Partitionable Resources :     Usage  Request Allocated 
	   Cpus                 :      0.00        1         1 
	   Disk (KB)            : 920532     4194304   5107680 
	   IoHeavy              :                            0 
	   Memory (MB)          :     95        4096      4096 

	Job terminated of its own accord at 2020-03-29T04:25:56Z.
...
