000 (5664214.005.000) 2020-03-28 19:52:42 Job submitted from host: <128.104.101.92:9618?addrs=128.104.101.92-9618+[2607-f388-107c-501-a236-9fff-fe3c-caa8]-9618&alias=submit2.chtc.wisc.edu&noUDP&sock=schedd_3841921_d3c3>
...
040 (5664214.005.000) 2020-03-28 19:53:31 Started transferring input files
	Transferring to host: <128.104.58.166:9618?addrs=128.104.58.166-9618+[2607-f388-1086-0-16fe-b5ff-fec6-6f2e]-9618&alias=e1018.chtc.wisc.edu&noUDP&sock=starter_47594_0748_86395>
...
040 (5664214.005.000) 2020-03-28 19:53:36 Finished transferring input files
...
001 (5664214.005.000) 2020-03-28 19:53:36 Job executing on host: <128.104.58.166:9618?addrs=128.104.58.166-9618+[2607-f388-1086-0-16fe-b5ff-fec6-6f2e]-9618&alias=e1018.chtc.wisc.edu&noUDP&sock=startd_8122_984c_3>
...
006 (5664214.005.000) 2020-03-28 19:59:10 Image size of job updated: 95
	95  -  MemoryUsage of job (MB)
	98056  -  ResidentSetSize of job (KB)
...
040 (5664214.005.000) 2020-03-28 20:01:49 Started transferring output files
...
040 (5664214.005.000) 2020-03-28 20:01:49 Finished transferring output files
...
005 (5664214.005.000) 2020-03-28 20:01:50 Job terminated.
	(1) Normal termination (return value 0)
		Usr 0 00:06:53, Sys 0 00:00:02  -  Run Remote Usage
		Usr 0 00:00:00, Sys 0 00:00:00  -  Run Local Usage
		Usr 0 00:06:53, Sys 0 00:00:02  -  Total Remote Usage
		Usr 0 00:00:00, Sys 0 00:00:00  -  Total Local Usage
	146675  -  Run Bytes Sent By Job
	209084320  -  Run Bytes Received By Job
	146675  -  Total Bytes Sent By Job
	209084320  -  Total Bytes Received By Job
	Partitionable Resources :      Usage  Request Allocated 
	   Cpus                 :       0.00        1         1 
	   Disk (KB)            : 1014685     4194304   4641386 
	   IoHeavy              :                             0 
	   Memory (MB)          :      95        4096      4096 

	Job terminated of its own accord at 2020-03-29T01:01:49Z.
...
