000 (5664200.005.000) 2020-03-28 16:07:36 Job submitted from host: <128.104.101.92:9618?addrs=128.104.101.92-9618+[2607-f388-107c-501-a236-9fff-fe3c-caa8]-9618&alias=submit2.chtc.wisc.edu&noUDP&sock=schedd_3841921_d3c3>
...
040 (5664200.005.000) 2020-03-28 16:15:42 Started transferring input files
	Transferring to host: <128.104.58.177:9618?addrs=128.104.58.177-9618+[2607-f388-1086-0-16fe-b5ff-fec6-73f6]-9618&alias=e1033.chtc.wisc.edu&noUDP&sock=starter_27902_3ba8_84037>
...
040 (5664200.005.000) 2020-03-28 16:15:46 Finished transferring input files
...
001 (5664200.005.000) 2020-03-28 16:15:46 Job executing on host: <128.104.58.177:9618?addrs=128.104.58.177-9618+[2607-f388-1086-0-16fe-b5ff-fec6-73f6]-9618&alias=e1033.chtc.wisc.edu&noUDP&sock=startd_8580_beac_3>
...
006 (5664200.005.000) 2020-03-28 16:15:56 Image size of job updated: 1
	0  -  MemoryUsage of job (MB)
	640  -  ResidentSetSize of job (KB)
...
040 (5664200.005.000) 2020-03-28 16:16:07 Started transferring output files
...
040 (5664200.005.000) 2020-03-28 16:16:07 Finished transferring output files
...
005 (5664200.005.000) 2020-03-28 16:16:09 Job terminated.
	(1) Normal termination (return value 1)
		Usr 0 00:00:00, Sys 0 00:00:00  -  Run Remote Usage
		Usr 0 00:00:00, Sys 0 00:00:00  -  Run Local Usage
		Usr 0 00:00:00, Sys 0 00:00:00  -  Total Remote Usage
		Usr 0 00:00:00, Sys 0 00:00:00  -  Total Local Usage
	119737  -  Run Bytes Sent By Job
	209083616  -  Run Bytes Received By Job
	119737  -  Total Bytes Sent By Job
	209083616  -  Total Bytes Received By Job
	Partitionable Resources :    Usage  Request Allocated 
	   Cpus                 :        0        1         1 
	   Disk (KB)            :   919620  4194304   4666320 
	   IoHeavy              :                           0 
	   Memory (MB)          :        0     4096      4096 

	Job terminated of its own accord at 2020-03-28T21:16:07Z.
...
