000 (5664199.018.000) 2020-03-28 16:07:29 Job submitted from host: <128.104.101.92:9618?addrs=128.104.101.92-9618+[2607-f388-107c-501-a236-9fff-fe3c-caa8]-9618&alias=submit2.chtc.wisc.edu&noUDP&sock=schedd_3841921_d3c3>
...
040 (5664199.018.000) 2020-03-28 16:13:42 Started transferring input files
	Transferring to host: <128.105.245.140:9618?addrs=128.105.245.140-9618&alias=e340.chtc.wisc.edu&noUDP&sock=starter_16958_31eb_87909>
...
040 (5664199.018.000) 2020-03-28 16:13:45 Finished transferring input files
...
001 (5664199.018.000) 2020-03-28 16:13:45 Job executing on host: <128.105.245.140:9618?addrs=128.105.245.140-9618&alias=e340.chtc.wisc.edu&noUDP&sock=startd_18873_e2fd_3>
...
006 (5664199.018.000) 2020-03-28 16:13:56 Image size of job updated: 2
	0  -  MemoryUsage of job (MB)
	516  -  ResidentSetSize of job (KB)
...
006 (5664199.018.000) 2020-03-28 16:16:16 Image size of job updated: 92
	92  -  MemoryUsage of job (MB)
	95132  -  ResidentSetSize of job (KB)
...
040 (5664199.018.000) 2020-03-28 16:16:16 Started transferring output files
...
040 (5664199.018.000) 2020-03-28 16:16:16 Finished transferring output files
...
005 (5664199.018.000) 2020-03-28 16:16:17 Job terminated.
	(1) Normal termination (return value 0)
		Usr 0 00:02:02, Sys 0 00:00:01  -  Run Remote Usage
		Usr 0 00:00:00, Sys 0 00:00:00  -  Run Local Usage
		Usr 0 00:02:02, Sys 0 00:00:01  -  Total Remote Usage
		Usr 0 00:00:00, Sys 0 00:00:00  -  Total Local Usage
	119329  -  Run Bytes Sent By Job
	208769248  -  Run Bytes Received By Job
	119329  -  Total Bytes Sent By Job
	208769248  -  Total Bytes Received By Job
	Partitionable Resources :    Usage  Request Allocated 
	   Cpus                 :        0        1         1 
	   Disk (KB)            :   919312  4194304   4655896 
	   IoHeavy              :                           0 
	   Memory (MB)          :       92     4096      4096 

	Job terminated of its own accord at 2020-03-28T21:16:16Z.
...
