000 (5664213.018.000) 2020-03-28 19:39:18 Job submitted from host: <128.104.101.92:9618?addrs=128.104.101.92-9618+[2607-f388-107c-501-a236-9fff-fe3c-caa8]-9618&alias=submit2.chtc.wisc.edu&noUDP&sock=schedd_3841921_d3c3>
...
040 (5664213.018.000) 2020-03-28 19:40:28 Started transferring input files
	Transferring to host: <128.104.58.203:9618?addrs=128.104.58.203-9618+[2607-f388-1086-0-8af0-31ff-feb3-dc28]-9618&alias=e459.chtc.wisc.edu&noUDP&sock=starter_9589_115f_97667>
...
040 (5664213.018.000) 2020-03-28 19:40:33 Finished transferring input files
...
001 (5664213.018.000) 2020-03-28 19:40:33 Job executing on host: <128.104.58.203:9618?addrs=128.104.58.203-9618+[2607-f388-1086-0-8af0-31ff-feb3-dc28]-9618&alias=e459.chtc.wisc.edu&noUDP&sock=startd_6962_ee70_3>
...
040 (5664213.018.000) 2020-03-28 19:41:34 Started transferring output files
...
040 (5664213.018.000) 2020-03-28 19:41:34 Finished transferring output files
...
005 (5664213.018.000) 2020-03-28 19:41:34 Job terminated.
	(1) Normal termination (return value 1)
		Usr 0 00:00:00, Sys 0 00:00:00  -  Run Remote Usage
		Usr 0 00:00:00, Sys 0 00:00:00  -  Run Local Usage
		Usr 0 00:00:00, Sys 0 00:00:00  -  Total Remote Usage
		Usr 0 00:00:00, Sys 0 00:00:00  -  Total Local Usage
	119733  -  Run Bytes Sent By Job
	208769616  -  Run Bytes Received By Job
	119733  -  Total Bytes Sent By Job
	208769616  -  Total Bytes Received By Job
	Partitionable Resources :    Usage  Request Allocated 
	   Cpus                 :        0        1         1 
	   Disk (KB)            :   919395  4194304   4656043 
	   IoHeavy              :                           0 
	   Memory (MB)          :              4096      4096 

	Job terminated of its own accord at 2020-03-29T00:41:33Z.
...
