000 (5664199.003.000) 2020-03-28 16:07:29 Job submitted from host: <128.104.101.92:9618?addrs=128.104.101.92-9618+[2607-f388-107c-501-a236-9fff-fe3c-caa8]-9618&alias=submit2.chtc.wisc.edu&noUDP&sock=schedd_3841921_d3c3>
...
040 (5664199.003.000) 2020-03-28 16:09:31 Started transferring input files
	Transferring to host: <128.104.58.157:9618?addrs=128.104.58.157-9618+[2607-f388-1086-0-16fe-b5ff-fec6-7582]-9618&alias=e1009.chtc.wisc.edu&noUDP&sock=starter_63548_1091_86961>
...
040 (5664199.003.000) 2020-03-28 16:09:35 Finished transferring input files
...
001 (5664199.003.000) 2020-03-28 16:09:35 Job executing on host: <128.104.58.157:9618?addrs=128.104.58.157-9618+[2607-f388-1086-0-16fe-b5ff-fec6-7582]-9618&alias=e1009.chtc.wisc.edu&noUDP&sock=startd_22816_74eb_3>
...
006 (5664199.003.000) 2020-03-28 16:17:26 Image size of job updated: 95
	95  -  MemoryUsage of job (MB)
	98072  -  ResidentSetSize of job (KB)
...
040 (5664199.003.000) 2020-03-28 20:57:39 Started transferring output files
...
040 (5664199.003.000) 2020-03-28 20:57:39 Finished transferring output files
...
005 (5664199.003.000) 2020-03-28 20:57:40 Job terminated.
	(1) Normal termination (return value 0)
		Usr 0 04:43:10, Sys 0 00:00:03  -  Run Remote Usage
		Usr 0 00:00:00, Sys 0 00:00:00  -  Run Local Usage
		Usr 0 04:43:10, Sys 0 00:00:03  -  Total Remote Usage
		Usr 0 00:00:00, Sys 0 00:00:00  -  Total Local Usage
	171882  -  Run Bytes Sent By Job
	208784848  -  Run Bytes Received By Job
	171882  -  Total Bytes Sent By Job
	208784848  -  Total Bytes Received By Job
	Partitionable Resources :    Usage  Request Allocated 
	   Cpus                 :        0        1         1 
	   Disk (KB)            :   919380  4194304   4536286 
	   IoHeavy              :                           0 
	   Memory (MB)          :       95     4096      4096 

	Job terminated of its own accord at 2020-03-29T01:57:39Z.
...
