000 (5664214.003.000) 2020-03-28 19:52:42 Job submitted from host: <128.104.101.92:9618?addrs=128.104.101.92-9618+[2607-f388-107c-501-a236-9fff-fe3c-caa8]-9618&alias=submit2.chtc.wisc.edu&noUDP&sock=schedd_3841921_d3c3>
...
040 (5664214.003.000) 2020-03-28 19:53:30 Started transferring input files
	Transferring to host: <128.105.245.152:9618?addrs=128.105.245.152-9618&alias=e2352.chtc.wisc.edu&noUDP&sock=starter_4589_1d94_88931>
...
040 (5664214.003.000) 2020-03-28 19:53:33 Finished transferring input files
...
001 (5664214.003.000) 2020-03-28 19:53:33 Job executing on host: <128.105.245.152:9618?addrs=128.105.245.152-9618&alias=e2352.chtc.wisc.edu&noUDP&sock=startd_4619_d40a_3>
...
006 (5664214.003.000) 2020-03-28 19:58:49 Image size of job updated: 95
	95  -  MemoryUsage of job (MB)
	97644  -  ResidentSetSize of job (KB)
...
040 (5664214.003.000) 2020-03-28 22:11:39 Started transferring output files
...
040 (5664214.003.000) 2020-03-28 22:11:39 Finished transferring output files
...
005 (5664214.003.000) 2020-03-28 22:11:39 Job terminated.
	(1) Normal termination (return value 0)
		Usr 0 02:16:57, Sys 0 00:00:02  -  Run Remote Usage
		Usr 0 00:00:00, Sys 0 00:00:00  -  Run Local Usage
		Usr 0 02:16:57, Sys 0 00:00:02  -  Total Remote Usage
		Usr 0 00:00:00, Sys 0 00:00:00  -  Total Local Usage
	319580  -  Run Bytes Sent By Job
	208785232  -  Run Bytes Received By Job
	319580  -  Total Bytes Sent By Job
	208785232  -  Total Bytes Received By Job
	Partitionable Resources :     Usage  Request Allocated 
	   Cpus                 :      0.00        1         1 
	   Disk (KB)            : 919607     4194304   4634083 
	   IoHeavy              :                            0 
	   Memory (MB)          :     95        4096      4096 

	Job terminated of its own accord at 2020-03-29T03:11:39Z.
...
