000 (5664231.020.000) 2020-03-29 04:06:12 Job submitted from host: <128.104.101.92:9618?addrs=128.104.101.92-9618+[2607-f388-107c-501-a236-9fff-fe3c-caa8]-9618&alias=submit2.chtc.wisc.edu&noUDP&sock=schedd_3841921_d3c3>
...
040 (5664231.020.000) 2020-03-29 04:07:19 Started transferring input files
	Transferring to host: <128.105.245.60:9618?addrs=128.105.245.60-9618&alias=e260.chtc.wisc.edu&noUDP&sock=starter_34161_43c6_86875>
...
040 (5664231.020.000) 2020-03-29 04:07:23 Finished transferring input files
...
001 (5664231.020.000) 2020-03-29 04:07:23 Job executing on host: <128.105.245.60:9618?addrs=128.105.245.60-9618&alias=e260.chtc.wisc.edu&noUDP&sock=startd_4586_316a_3>
...
006 (5664231.020.000) 2020-03-29 04:12:32 Image size of job updated: 95
	95  -  MemoryUsage of job (MB)
	97904  -  ResidentSetSize of job (KB)
...
006 (5664231.020.000) 2020-03-29 04:52:36 Image size of job updated: 95
	95  -  MemoryUsage of job (MB)
	98008  -  ResidentSetSize of job (KB)
...
006 (5664231.020.000) 2020-03-29 11:43:18 Image size of job updated: 95
	95  -  MemoryUsage of job (MB)
	98016  -  ResidentSetSize of job (KB)
...
040 (5664231.020.000) 2020-03-29 12:16:46 Started transferring output files
...
040 (5664231.020.000) 2020-03-29 12:16:46 Finished transferring output files
...
005 (5664231.020.000) 2020-03-29 12:16:47 Job terminated.
	(1) Normal termination (return value 0)
		Usr 0 08:07:54, Sys 0 00:00:12  -  Run Remote Usage
		Usr 0 00:00:00, Sys 0 00:00:00  -  Run Local Usage
		Usr 0 08:07:54, Sys 0 00:00:12  -  Total Remote Usage
		Usr 0 00:00:00, Sys 0 00:00:00  -  Total Local Usage
	10177229  -  Run Bytes Sent By Job
	208783744  -  Run Bytes Received By Job
	10177229  -  Total Bytes Sent By Job
	208783744  -  Total Bytes Received By Job
	Partitionable Resources :    Usage  Request Allocated 
	   Cpus                 :        0        1         1 
	   Disk (KB)            :   929232  4194304   4639237 
	   IoHeavy              :                           0 
	   Memory (MB)          :       95     4096      4096 

	Job terminated of its own accord at 2020-03-29T17:16:46Z.
...
