000 (5664200.022.000) 2020-03-28 16:07:36 Job submitted from host: <128.104.101.92:9618?addrs=128.104.101.92-9618+[2607-f388-107c-501-a236-9fff-fe3c-caa8]-9618&alias=submit2.chtc.wisc.edu&noUDP&sock=schedd_3841921_d3c3>
...
040 (5664200.022.000) 2020-03-28 16:16:44 Started transferring input files
	Transferring to host: <128.105.244.99:9618?addrs=128.105.244.99-9618&alias=e2004.chtc.wisc.edu&noUDP&sock=slot1_7_19237_f4e7_10329>
...
040 (5664200.022.000) 2020-03-28 16:16:47 Finished transferring input files
...
001 (5664200.022.000) 2020-03-28 16:16:47 Job executing on host: <128.105.244.99:9618?addrs=128.105.244.99-9618&alias=e2004.chtc.wisc.edu&noUDP&sock=startd_19112_d220>
...
006 (5664200.022.000) 2020-03-28 16:17:31 Image size of job updated: 1
	0  -  MemoryUsage of job (MB)
	304  -  ResidentSetSize of job (KB)
...
040 (5664200.022.000) 2020-03-28 16:17:31 Started transferring output files
...
040 (5664200.022.000) 2020-03-28 16:17:31 Finished transferring output files
...
005 (5664200.022.000) 2020-03-28 16:17:33 Job terminated.
	(1) Normal termination (return value 1)
		Usr 0 00:00:08, Sys 0 00:00:01  -  Run Remote Usage
		Usr 0 00:00:00, Sys 0 00:00:00  -  Run Local Usage
		Usr 0 00:00:08, Sys 0 00:00:01  -  Total Remote Usage
		Usr 0 00:00:00, Sys 0 00:00:00  -  Total Local Usage
	119737  -  Run Bytes Sent By Job
	208764288  -  Run Bytes Received By Job
	119737  -  Total Bytes Sent By Job
	208764288  -  Total Bytes Received By Job
	Partitionable Resources :     Usage  Request Allocated 
	   Cpus                 :      0.00        1         1 
	   Disk (KB)            : 919309     4194304   5835099 
	   IoHeavy              :                            0 
	   Memory (MB)          :      0        4096      4096 

	Job terminated of its own accord at 2020-03-28T21:17:31Z.
...
