000 (5664214.022.000) 2020-03-28 19:52:42 Job submitted from host: <128.104.101.92:9618?addrs=128.104.101.92-9618+[2607-f388-107c-501-a236-9fff-fe3c-caa8]-9618&alias=submit2.chtc.wisc.edu&noUDP&sock=schedd_3841921_d3c3>
...
040 (5664214.022.000) 2020-03-28 19:53:32 Started transferring input files
	Transferring to host: <128.105.245.122:9618?addrs=128.105.245.122-9618&alias=e322.chtc.wisc.edu&noUDP&sock=starter_19969_b785_72041>
...
040 (5664214.022.000) 2020-03-28 19:53:37 Finished transferring input files
...
001 (5664214.022.000) 2020-03-28 19:53:37 Job executing on host: <128.105.245.122:9618?addrs=128.105.245.122-9618&alias=e322.chtc.wisc.edu&noUDP&sock=startd_19845_990c_3>
...
006 (5664214.022.000) 2020-03-28 19:53:46 Image size of job updated: 1
	0  -  MemoryUsage of job (MB)
	420  -  ResidentSetSize of job (KB)
...
006 (5664214.022.000) 2020-03-28 19:55:10 Image size of job updated: 92
	92  -  MemoryUsage of job (MB)
	95008  -  ResidentSetSize of job (KB)
...
040 (5664214.022.000) 2020-03-28 19:55:10 Started transferring output files
...
040 (5664214.022.000) 2020-03-28 19:55:10 Finished transferring output files
...
005 (5664214.022.000) 2020-03-28 19:55:11 Job terminated.
	(1) Normal termination (return value 0)
		Usr 0 00:01:11, Sys 0 00:00:01  -  Run Remote Usage
		Usr 0 00:00:00, Sys 0 00:00:00  -  Run Local Usage
		Usr 0 00:01:11, Sys 0 00:00:01  -  Total Remote Usage
		Usr 0 00:00:00, Sys 0 00:00:00  -  Total Local Usage
	119337  -  Run Bytes Sent By Job
	208765008  -  Run Bytes Received By Job
	119337  -  Total Bytes Sent By Job
	208765008  -  Total Bytes Received By Job
	Partitionable Resources :    Usage  Request Allocated 
	   Cpus                 :        0        1         1 
	   Disk (KB)            :   919389  4194304   4658917 
	   IoHeavy              :                           0 
	   Memory (MB)          :       92     4096      4096 

	Job terminated of its own accord at 2020-03-29T00:55:10Z.
...
