000 (5664231.006.000) 2020-03-29 04:06:12 Job submitted from host: <128.104.101.92:9618?addrs=128.104.101.92-9618+[2607-f388-107c-501-a236-9fff-fe3c-caa8]-9618&alias=submit2.chtc.wisc.edu&noUDP&sock=schedd_3841921_d3c3>
...
040 (5664231.006.000) 2020-03-29 04:07:18 Started transferring input files
	Transferring to host: <128.104.101.129:9618?addrs=128.104.101.129-9618+[2607-f388-107c-501-4603-a7ff-fe29-9989]-9618&alias=e129.chtc.wisc.edu&noUDP&sock=slot1_25_20843_8769_22809>
...
040 (5664231.006.000) 2020-03-29 04:07:21 Finished transferring input files
...
001 (5664231.006.000) 2020-03-29 04:07:21 Job executing on host: <128.104.101.129:9618?addrs=128.104.101.129-9618+[2607-f388-107c-501-4603-a7ff-fe29-9989]-9618&alias=e129.chtc.wisc.edu&noUDP&sock=startd_3934_f9aa>
...
006 (5664231.006.000) 2020-03-29 04:07:30 Image size of job updated: 1
	0  -  MemoryUsage of job (MB)
	648  -  ResidentSetSize of job (KB)
...
006 (5664231.006.000) 2020-03-29 04:08:28 Image size of job updated: 95
	95  -  MemoryUsage of job (MB)
	98048  -  ResidentSetSize of job (KB)
...
040 (5664231.006.000) 2020-03-29 04:08:28 Started transferring output files
...
040 (5664231.006.000) 2020-03-29 04:08:28 Finished transferring output files
...
005 (5664231.006.000) 2020-03-29 04:08:31 Job terminated.
	(1) Normal termination (return value 0)
		Usr 0 00:01:00, Sys 0 00:00:01  -  Run Remote Usage
		Usr 0 00:00:00, Sys 0 00:00:00  -  Run Local Usage
		Usr 0 00:01:00, Sys 0 00:00:01  -  Total Remote Usage
		Usr 0 00:00:00, Sys 0 00:00:00  -  Total Local Usage
	119874  -  Run Bytes Sent By Job
	208764096  -  Run Bytes Received By Job
	119874  -  Total Bytes Sent By Job
	208764096  -  Total Bytes Received By Job
	Partitionable Resources :     Usage  Request Allocated 
	   Cpus                 :      0.01        1         1 
	   Disk (KB)            : 919389     4194304   5101721 
	   IoHeavy              :                            0 
	   Memory (MB)          :     95        4096      4096 

	Job terminated of its own accord at 2020-03-29T09:08:28Z.
...
