000 (5664214.012.000) 2020-03-28 19:52:42 Job submitted from host: <128.104.101.92:9618?addrs=128.104.101.92-9618+[2607-f388-107c-501-a236-9fff-fe3c-caa8]-9618&alias=submit2.chtc.wisc.edu&noUDP&sock=schedd_3841921_d3c3>
...
040 (5664214.012.000) 2020-03-28 19:53:31 Started transferring input files
	Transferring to host: <128.104.58.185:9618?addrs=128.104.58.185-9618+[2607-f388-1086-0-16fe-b5ff-fec6-80a7]-9618&alias=e1040.chtc.wisc.edu&noUDP&sock=starter_60649_74fb_85911>
...
040 (5664214.012.000) 2020-03-28 19:53:35 Finished transferring input files
...
001 (5664214.012.000) 2020-03-28 19:53:35 Job executing on host: <128.104.58.185:9618?addrs=128.104.58.185-9618+[2607-f388-1086-0-16fe-b5ff-fec6-80a7]-9618&alias=e1040.chtc.wisc.edu&noUDP&sock=startd_13066_c487_3>
...
006 (5664214.012.000) 2020-03-28 19:53:44 Image size of job updated: 1
	0  -  MemoryUsage of job (MB)
	652  -  ResidentSetSize of job (KB)
...
006 (5664214.012.000) 2020-03-28 19:55:30 Image size of job updated: 93
	93  -  MemoryUsage of job (MB)
	95400  -  ResidentSetSize of job (KB)
...
040 (5664214.012.000) 2020-03-28 19:55:30 Started transferring output files
...
040 (5664214.012.000) 2020-03-28 19:55:30 Finished transferring output files
...
005 (5664214.012.000) 2020-03-28 19:55:32 Job terminated.
	(1) Normal termination (return value 0)
		Usr 0 00:01:36, Sys 0 00:00:02  -  Run Remote Usage
		Usr 0 00:00:00, Sys 0 00:00:00  -  Run Local Usage
		Usr 0 00:01:36, Sys 0 00:00:02  -  Total Remote Usage
		Usr 0 00:00:00, Sys 0 00:00:00  -  Total Local Usage
	119326  -  Run Bytes Sent By Job
	209129040  -  Run Bytes Received By Job
	119326  -  Total Bytes Sent By Job
	209129040  -  Total Bytes Received By Job
	Partitionable Resources :     Usage  Request Allocated 
	   Cpus                 :      0.01        1         1 
	   Disk (KB)            : 919745     4194304   4422147 
	   IoHeavy              :                            0 
	   Memory (MB)          :     93        4096      4096 

	Job terminated of its own accord at 2020-03-29T00:55:30Z.
...
