000 (5664199.012.000) 2020-03-28 16:07:29 Job submitted from host: <128.104.101.92:9618?addrs=128.104.101.92-9618+[2607-f388-107c-501-a236-9fff-fe3c-caa8]-9618&alias=submit2.chtc.wisc.edu&noUDP&sock=schedd_3841921_d3c3>
...
040 (5664199.012.000) 2020-03-28 16:13:21 Started transferring input files
	Transferring to host: <128.104.58.191:9618?addrs=128.104.58.191-9618+[2607-f388-1086-0-16fe-b5ff-fec6-7579]-9618&alias=e1046.chtc.wisc.edu&noUDP&sock=starter_44399_dca7_86814>
...
040 (5664199.012.000) 2020-03-28 16:13:25 Finished transferring input files
...
001 (5664199.012.000) 2020-03-28 16:13:25 Job executing on host: <128.104.58.191:9618?addrs=128.104.58.191-9618+[2607-f388-1086-0-16fe-b5ff-fec6-7579]-9618&alias=e1046.chtc.wisc.edu&noUDP&sock=startd_8452_f28d_3>
...
006 (5664199.012.000) 2020-03-28 16:13:33 Image size of job updated: 2
	0  -  MemoryUsage of job (MB)
	636  -  ResidentSetSize of job (KB)
...
006 (5664199.012.000) 2020-03-28 16:16:58 Image size of job updated: 93
	93  -  MemoryUsage of job (MB)
	95416  -  ResidentSetSize of job (KB)
...
040 (5664199.012.000) 2020-03-28 16:16:58 Started transferring output files
...
040 (5664199.012.000) 2020-03-28 16:16:58 Finished transferring output files
...
005 (5664199.012.000) 2020-03-28 16:16:58 Job terminated.
	(1) Normal termination (return value 0)
		Usr 0 00:03:06, Sys 0 00:00:02  -  Run Remote Usage
		Usr 0 00:00:00, Sys 0 00:00:00  -  Run Local Usage
		Usr 0 00:03:06, Sys 0 00:00:02  -  Total Remote Usage
		Usr 0 00:00:00, Sys 0 00:00:00  -  Total Local Usage
	119317  -  Run Bytes Sent By Job
	209128656  -  Run Bytes Received By Job
	119317  -  Total Bytes Sent By Job
	209128656  -  Total Bytes Received By Job
	Partitionable Resources :    Usage  Request Allocated 
	   Cpus                 :        0        1         1 
	   Disk (KB)            :   919664  4194304   4637905 
	   IoHeavy              :                           0 
	   Memory (MB)          :       93     4096      4096 

	Job terminated of its own accord at 2020-03-28T21:16:58Z.
...
