Working dir : /var/lib/condor/execute/slot1/dir_17595
Cycle 0: instructions towards forward progress=0
cycle 14032: backup (idempotent_violation)
Cycle 14032: clank backup(Will Backup)
cycle 19472: backup (idempotent_violation)
Cycle 19472: clank backup(Will Backup)
cycle 26080: backup (idempotent_violation)
Cycle 26080: clank backup(Will Backup)
cycle 28869: backup (idempotent_violation)
Cycle 28869: clank backup(Will Backup)
cycle 34951: backup (idempotent_violation)
Cycle 34951: clank backup(Will Backup)
cycle 41210: backup (idempotent_violation)
Cycle 41210: clank backup(Will Backup)
cycle 43068: backup (idempotent_violation)
Cycle 43068: clank backup(Will Backup)
cycle 45535: backup (idempotent_violation)
Cycle 45535: clank backup(Will Backup)
cycle 48946: backup (idempotent_violation)
Cycle 48946: clank backup(Will Backup)
cycle 52027: backup (idempotent_violation)
Cycle 52027: clank backup(Will Backup)
cycle 58515: backup (idempotent_violation)
Cycle 58515: clank backup(Will Backup)
cycle 62531: backup (idempotent_violation)
Cycle 62531: clank backup(Will Backup)
cycle 65002: backup (idempotent_violation)
Cycle 65002: clank backup(Will Backup)
cycle 71494: backup (idempotent_violation)
Cycle 71494: clank backup(Will Backup)
cycle 74279: backup (idempotent_violation)
Cycle 74279: clank backup(Will Backup)
cycle 75201: backup (idempotent_violation)
Cycle 75201: clank backup(Will Backup)
cycle 77681: backup (idempotent_violation)
Cycle 77681: clank backup(Will Backup)
cycle 78925: backup (idempotent_violation)
Cycle 78925: clank backup(Will Backup)
cycle 79843: backup (idempotent_violation)
Cycle 79843: clank backup(Will Backup)
cycle 84477: backup (idempotent_violation)
Cycle 84477: clank backup(Will Backup)
cycle 86644: backup (idempotent_violation)
Cycle 86644: clank backup(Will Backup)
cycle 87575: backup (idempotent_violation)
Cycle 87575: clank backup(Will Backup)
cycle 89340: backup (idempotent_violation)
Cycle 89340: clank backup(Will Backup)
cycle 93449: backup (idempotent_violation)
Cycle 93449: clank backup(Will Backup)
cycle 99222: backup (idempotent_violation)
Cycle 99222: clank backup(Will Backup)
cycle 102721: backup (idempotent_violation)
Cycle 102721: clank backup(Will Backup)
cycle 103961: backup (idempotent_violation)
Cycle 103961: clank backup(Will Backup)
cycle 104734: backup (idempotent_violation)
Cycle 104734: clank backup(Will Backup)
cycle 111355: backup (idempotent_violation)
Cycle 111355: clank backup(Will Backup)
cycle 115202: backup (idempotent_violation)
Cycle 115202: clank backup(Will Backup)
cycle 117825: backup (idempotent_violation)
Cycle 117825: clank backup(Will Backup)
cycle 121522: backup (idempotent_violation)
Cycle 121522: clank backup(Will Backup)
cycle 125524: backup (idempotent_violation)
Cycle 125524: clank backup(Will Backup)
cycle 127105: backup (idempotent_violation)
Cycle 127105: clank backup(Will Backup)
cycle 129934: backup (idempotent_violation)
Cycle 129934: clank backup(Will Backup)
cycle 131297: backup (idempotent_violation)
Cycle 131297: clank backup(Will Backup)
cycle 133583: backup (idempotent_violation)
Cycle 133583: clank backup(Will Backup)
cycle 137783: backup (idempotent_violation)
Cycle 137783: clank backup(Will Backup)
cycle 138837: backup (idempotent_violation)
Cycle 138837: clank backup(Will Backup)
cycle 139895: backup (idempotent_violation)
Cycle 139895: clank backup(Will Backup)
cycle 141813: backup (idempotent_violation)
Cycle 141813: clank backup(Will Backup)
cycle 145668: backup (idempotent_violation)
Cycle 145668: clank backup(Will Backup)
cycle 149163: backup (idempotent_violation)
Cycle 149163: clank backup(Will Backup)
cycle 149872: backup (idempotent_violation)
Cycle 149872: clank backup(Will Backup)
cycle 155150: backup (idempotent_violation)
Cycle 155150: clank backup(Will Backup)
cycle 156699: backup (idempotent_violation)
Cycle 156699: clank backup(Will Backup)
cycle 160364: backup (idempotent_violation)
Cycle 160364: clank backup(Will Backup)
cycle 164897: backup (idempotent_violation)
Cycle 164897: clank backup(Will Backup)
cycle 167179: backup (idempotent_violation)
Cycle 167179: clank backup(Will Backup)
cycle 169275: backup (idempotent_violation)
Cycle 169275: clank backup(Will Backup)
cycle 172425: backup (idempotent_violation)
Cycle 172425: clank backup(Will Backup)
cycle 177148: backup (idempotent_violation)
Cycle 177148: clank backup(Will Backup)
cycle 180108: backup (idempotent_violation)
Cycle 180108: clank backup(Will Backup)
cycle 184486: backup (idempotent_violation)
Cycle 184486: clank backup(Will Backup)
cycle 189736: backup (idempotent_violation)
Cycle 189736: clank backup(Will Backup)
cycle 192181: backup (idempotent_violation)
Cycle 192181: clank backup(Will Backup)
cycle 196283: backup (idempotent_violation)
Cycle 196283: clank backup(Will Backup)
cycle 200046: backup (idempotent_violation)
Cycle 200046: clank backup(Will Backup)
cycle 204943: backup (idempotent_violation)
Cycle 204943: clank backup(Will Backup)
cycle 206516: backup (idempotent_violation)
Cycle 206516: clank backup(Will Backup)
cycle 207566: backup (idempotent_violation)
Cycle 207566: clank backup(Will Backup)
cycle 209666: backup (idempotent_violation)
Cycle 209666: clank backup(Will Backup)
cycle 213886: backup (idempotent_violation)
Cycle 213886: clank backup(Will Backup)
cycle 216485: backup (idempotent_violation)
Cycle 216485: clank backup(Will Backup)
cycle 219453: backup (idempotent_violation)
Cycle 219453: clank backup(Will Backup)
cycle 221557: backup (idempotent_violation)
Cycle 221557: clank backup(Will Backup)
cycle 222084: backup (idempotent_violation)
Cycle 222084: clank backup(Will Backup)
cycle 228562: backup (idempotent_violation)
Cycle 228562: clank backup(Will Backup)
cycle 234319: backup (idempotent_violation)
Cycle 234319: clank backup(Will Backup)
cycle 238860: backup (idempotent_violation)
Cycle 238860: clank backup(Will Backup)
cycle 242014: backup (idempotent_violation)
Cycle 242014: clank backup(Will Backup)
cycle 245865: backup (idempotent_violation)
Cycle 245865: clank backup(Will Backup)
cycle 247783: backup (idempotent_violation)
Cycle 247783: clank backup(Will Backup)
cycle 252688: backup (idempotent_violation)
Cycle 252688: clank backup(Will Backup)
cycle 255870: backup (idempotent_violation)
Cycle 255870: clank backup(Will Backup)
cycle 259329: backup (idempotent_violation)
Cycle 259329: clank backup(Will Backup)
cycle 261611: backup (idempotent_violation)
Cycle 261611: clank backup(Will Backup)
cycle 264056: backup (idempotent_violation)
Cycle 264056: clank backup(Will Backup)
cycle 266156: backup (idempotent_violation)
Cycle 266156: clank backup(Will Backup)
cycle 270875: backup (idempotent_violation)
Cycle 270875: clank backup(Will Backup)
cycle 272658: backup (idempotent_violation)
Cycle 272658: clank backup(Will Backup)
cycle 281034: backup (idempotent_violation)
Cycle 281034: clank backup(Will Backup)
cycle 283118: backup (idempotent_violation)
Cycle 283118: clank backup(Will Backup)
cycle 288360: backup (idempotent_violation)
Cycle 288360: clank backup(Will Backup)
cycle 289933: backup (idempotent_violation)
Cycle 289933: clank backup(Will Backup)
cycle 291332: backup (idempotent_violation)
Cycle 291332: clank backup(Will Backup)
cycle 293428: backup (idempotent_violation)
Cycle 293428: clank backup(Will Backup)
cycle 296233: backup (idempotent_violation)
Cycle 296233: clank backup(Will Backup)
cycle 301994: backup (idempotent_violation)
Cycle 301994: clank backup(Will Backup)
cycle 308100: backup (idempotent_violation)
Cycle 308100: clank backup(Will Backup)
cycle 312815: backup (idempotent_violation)
Cycle 312815: clank backup(Will Backup)
cycle 314598: backup (idempotent_violation)
Cycle 314598: clank backup(Will Backup)
cycle 317538: backup (idempotent_violation)
Cycle 317538: clank backup(Will Backup)
cycle 320347: backup (idempotent_violation)
Cycle 320347: clank backup(Will Backup)
cycle 323838: backup (idempotent_violation)
Cycle 323838: clank backup(Will Backup)
cycle 326643: backup (idempotent_violation)
Cycle 326643: clank backup(Will Backup)
cycle 328224: backup (idempotent_violation)
Cycle 328224: clank backup(Will Backup)
cycle 330142: backup (idempotent_violation)
Cycle 330142: clank backup(Will Backup)
cycle 331402: backup (idempotent_violation)
Cycle 331402: clank backup(Will Backup)
cycle 334001: backup (idempotent_violation)
Cycle 334001: clank backup(Will Backup)
cycle 337670: backup (idempotent_violation)
Cycle 337670: clank backup(Will Backup)
cycle 339798: backup (idempotent_violation)
Cycle 339798: clank backup(Will Backup)
cycle 345020: backup (idempotent_violation)
Cycle 345020: clank backup(Will Backup)
cycle 348202: backup (idempotent_violation)
Cycle 348202: clank backup(Will Backup)
cycle 353412: backup (idempotent_violation)
Cycle 353412: clank backup(Will Backup)
cycle 354993: backup (idempotent_violation)
Cycle 354993: clank backup(Will Backup)
cycle 357430: backup (idempotent_violation)
Cycle 357430: clank backup(Will Backup)
cycle 359003: backup (idempotent_violation)
Cycle 359003: clank backup(Will Backup)
cycle 361293: backup (idempotent_violation)
Cycle 361293: clank backup(Will Backup)
cycle 366353: backup (idempotent_violation)
Cycle 366353: clank backup(Will Backup)
cycle 368453: backup (idempotent_violation)
Cycle 368453: clank backup(Will Backup)
cycle 370026: backup (idempotent_violation)
Cycle 370026: clank backup(Will Backup)
cycle 371781: backup (idempotent_violation)
Cycle 371781: clank backup(Will Backup)
cycle 373877: backup (idempotent_violation)
Cycle 373877: clank backup(Will Backup)
cycle 375450: backup (idempotent_violation)
Cycle 375450: clank backup(Will Backup)
cycle 379468: backup (idempotent_violation)
Cycle 379468: clank backup(Will Backup)
cycle 382614: backup (idempotent_violation)
Cycle 382614: clank backup(Will Backup)
cycle 383668: backup (idempotent_violation)
Cycle 383668: clank backup(Will Backup)
cycle 385764: backup (idempotent_violation)
Cycle 385764: clank backup(Will Backup)
cycle 390673: backup (idempotent_violation)
Cycle 390673: clank backup(Will Backup)
cycle 391727: backup (idempotent_violation)
Cycle 391727: clank backup(Will Backup)
cycle 399065: backup (idempotent_violation)
Cycle 399065: clank backup(Will Backup)
cycle 402033: backup (idempotent_violation)
Cycle 402033: clank backup(Will Backup)
cycle 405892: backup (idempotent_violation)
Cycle 405892: clank backup(Will Backup)
cycle 406942: backup (idempotent_violation)
Cycle 406942: clank backup(Will Backup)
cycle 408333: backup (idempotent_violation)
Cycle 408333: clank backup(Will Backup)
cycle 410088: backup (idempotent_violation)
Cycle 410088: clank backup(Will Backup)
cycle 412533: backup (idempotent_violation)
Cycle 412533: clank backup(Will Backup)
cycle 415362: backup (idempotent_violation)
Cycle 415362: clank backup(Will Backup)
cycle 420065: backup (idempotent_violation)
Cycle 420065: clank backup(Will Backup)
cycle 421468: backup (idempotent_violation)
Cycle 421468: clank backup(Will Backup)
cycle 424610: backup (idempotent_violation)
Cycle 424610: clank backup(Will Backup)
cycle 426714: backup (idempotent_violation)
Cycle 426714: clank backup(Will Backup)
cycle 428477: backup (idempotent_violation)
Cycle 428477: clank backup(Will Backup)
cycle 432178: backup (idempotent_violation)
Cycle 432178: clank backup(Will Backup)
cycle 435118: backup (idempotent_violation)
Cycle 435118: clank backup(Will Backup)
cycle 437745: backup (idempotent_violation)
Cycle 437745: clank backup(Will Backup)
cycle 444219: backup (idempotent_violation)
Cycle 444219: clank backup(Will Backup)
cycle 449814: backup (idempotent_violation)
Cycle 449814: clank backup(Will Backup)
cycle 451387: backup (idempotent_violation)
Cycle 451387: clank backup(Will Backup)
cycle 453673: backup (idempotent_violation)
Cycle 453673: clank backup(Will Backup)
cycle 459442: backup (idempotent_violation)
Cycle 459442: clank backup(Will Backup)
cycle 460496: backup (idempotent_violation)
Cycle 460496: clank backup(Will Backup)
cycle 463654: backup (idempotent_violation)
Cycle 463654: clank backup(Will Backup)
cycle 465786: backup (idempotent_violation)
Cycle 465786: clank backup(Will Backup)
cycle 473088: backup (idempotent_violation)
Cycle 473088: clank backup(Will Backup)
cycle 474170: backup (idempotent_violation)
Cycle 474170: clank backup(Will Backup)
cycle 479388: backup (idempotent_violation)
Cycle 479388: clank backup(Will Backup)
cycle 481484: backup (idempotent_violation)
Cycle 481484: clank backup(Will Backup)
cycle 484448: backup (idempotent_violation)
Cycle 484448: clank backup(Will Backup)
cycle 488830: backup (idempotent_violation)
Cycle 488830: clank backup(Will Backup)
cycle 490407: backup (idempotent_violation)
Cycle 490407: clank backup(Will Backup)
cycle 491798: backup (idempotent_violation)
Cycle 491798: clank backup(Will Backup)
cycle 492507: backup (idempotent_violation)
Cycle 492507: clank backup(Will Backup)
cycle 494944: backup (idempotent_violation)
Cycle 494944: clank backup(Will Backup)
cycle 495994: backup (idempotent_violation)
Cycle 495994: clank backup(Will Backup)
cycle 497571: backup (idempotent_violation)
Cycle 497571: clank backup(Will Backup)
cycle 500190: backup (idempotent_violation)
Cycle 500190: clank backup(Will Backup)
cycle 501426: backup (idempotent_violation)
Cycle 501426: clank backup(Will Backup)
cycle 505107: backup (idempotent_violation)
Cycle 505107: clank backup(Will Backup)
cycle 507029: backup (idempotent_violation)
Cycle 507029: clank backup(Will Backup)
cycle 509648: backup (idempotent_violation)
Cycle 509648: clank backup(Will Backup)
cycle 511225: backup (idempotent_violation)
Cycle 511225: clank backup(Will Backup)
cycle 513507: backup (idempotent_violation)
Cycle 513507: clank backup(Will Backup)
cycle 516126: backup (idempotent_violation)
Cycle 516126: clank backup(Will Backup)
cycle 518567: backup (idempotent_violation)
Cycle 518567: clank backup(Will Backup)
cycle 521190: backup (idempotent_violation)
Cycle 521190: clank backup(Will Backup)
cycle 521899: backup (idempotent_violation)
Cycle 521899: clank backup(Will Backup)
cycle 528714: backup (idempotent_violation)
Cycle 528714: clank backup(Will Backup)
cycle 530299: backup (idempotent_violation)
Cycle 530299: clank backup(Will Backup)
cycle 532930: backup (idempotent_violation)
Cycle 532930: clank backup(Will Backup)
cycle 536425: backup (idempotent_violation)
Cycle 536425: clank backup(Will Backup)
cycle 541362: backup (idempotent_violation)
Cycle 541362: clank backup(Will Backup)
cycle 544306: backup (idempotent_violation)
Cycle 544306: clank backup(Will Backup)
cycle 546065: backup (idempotent_violation)
Cycle 546065: clank backup(Will Backup)
cycle 548510: backup (idempotent_violation)
Cycle 548510: clank backup(Will Backup)
cycle 551850: backup (idempotent_violation)
Cycle 551850: clank backup(Will Backup)
cycle 555008: backup (idempotent_violation)
Cycle 555008: clank backup(Will Backup)
cycle 558503: backup (idempotent_violation)
Cycle 558503: clank backup(Will Backup)
cycle 559557: backup (idempotent_violation)
Cycle 559557: clank backup(Will Backup)
cycle 562699: backup (idempotent_violation)
Cycle 562699: clank backup(Will Backup)
cycle 563931: backup (idempotent_violation)
Cycle 563931: clank backup(Will Backup)
cycle 566550: backup (idempotent_violation)
Cycle 566550: clank backup(Will Backup)
cycle 572129: backup (idempotent_violation)
Cycle 572129: clank backup(Will Backup)
cycle 573365: backup (idempotent_violation)
Cycle 573365: clank backup(Will Backup)
cycle 575810: backup (idempotent_violation)
Cycle 575810: clank backup(Will Backup)
cycle 577565: backup (idempotent_violation)
Cycle 577565: clank backup(Will Backup)
cycle 583350: backup (idempotent_violation)
Cycle 583350: clank backup(Will Backup)
cycle 586472: backup (idempotent_violation)
Cycle 586472: clank backup(Will Backup)
cycle 588917: backup (idempotent_violation)
Cycle 588917: clank backup(Will Backup)
cycle 592067: backup (idempotent_violation)
Cycle 592067: clank backup(Will Backup)
cycle 594349: backup (idempotent_violation)
Cycle 594349: clank backup(Will Backup)
cycle 596790: backup (idempotent_violation)
Cycle 596790: clank backup(Will Backup)
cycle 597852: backup (idempotent_violation)
Cycle 597852: clank backup(Will Backup)
cycle 600158: backup (idempotent_violation)
Cycle 600158: clank backup(Will Backup)
cycle 605380: backup (idempotent_violation)
Cycle 605380: clank backup(Will Backup)
cycle 608530: backup (idempotent_violation)
Cycle 608530: clank backup(Will Backup)
cycle 610107: backup (idempotent_violation)
Cycle 610107: clank backup(Will Backup)
cycle 616213: backup (idempotent_violation)
Cycle 616213: clank backup(Will Backup)
cycle 620064: backup (idempotent_violation)
Cycle 620064: clank backup(Will Backup)
cycle 622180: backup (idempotent_violation)
Cycle 622180: clank backup(Will Backup)
cycle 624527: backup (idempotent_violation)
Cycle 624527: clank backup(Will Backup)
cycle 626907: backup (idempotent_violation)
Cycle 626907: clank backup(Will Backup)
cycle 628821: backup (idempotent_violation)
Cycle 628821: clank backup(Will Backup)
cycle 633746: backup (idempotent_violation)
Cycle 633746: clank backup(Will Backup)
cycle 635636: backup (idempotent_violation)
Cycle 635636: clank backup(Will Backup)
cycle 638778: backup (idempotent_violation)
Cycle 638778: clank backup(Will Backup)
cycle 642130: backup (idempotent_violation)
Cycle 642130: clank backup(Will Backup)
cycle 647693: backup (idempotent_violation)
Cycle 647693: clank backup(Will Backup)
cycle 649699: backup (idempotent_violation)
Cycle 649699: clank backup(Will Backup)
cycle 650506: backup (idempotent_violation)
Cycle 650506: clank backup(Will Backup)
cycle 655570: backup (idempotent_violation)
Cycle 655570: clank backup(Will Backup)
cycle 658898: backup (idempotent_violation)
Cycle 658898: clank backup(Will Backup)
cycle 663439: backup (idempotent_violation)
Cycle 663439: clank backup(Will Backup)
cycle 664679: backup (idempotent_violation)
Cycle 664679: clank backup(Will Backup)
cycle 666601: backup (idempotent_violation)
Cycle 666601: clank backup(Will Backup)
cycle 671316: backup (idempotent_violation)
Cycle 671316: clank backup(Will Backup)
cycle 672893: backup (idempotent_violation)
Cycle 672893: clank backup(Will Backup)
cycle 674133: backup (idempotent_violation)
Cycle 674133: clank backup(Will Backup)
cycle 675187: backup (idempotent_violation)
Cycle 675187: clank backup(Will Backup)
cycle 680766: backup (idempotent_violation)
Cycle 680766: clank backup(Will Backup)
cycle 681998: backup (idempotent_violation)
Cycle 681998: clank backup(Will Backup)
cycle 683575: backup (idempotent_violation)
Cycle 683575: clank backup(Will Backup)
cycle 687074: backup (idempotent_violation)
Cycle 687074: clank backup(Will Backup)
cycle 688655: backup (idempotent_violation)
Cycle 688655: clank backup(Will Backup)
cycle 692530: backup (idempotent_violation)
Cycle 692530: clank backup(Will Backup)
cycle 696175: backup (idempotent_violation)
Cycle 696175: clank backup(Will Backup)
cycle 698275: backup (idempotent_violation)
Cycle 698275: clank backup(Will Backup)
cycle 700922: backup (idempotent_violation)
Cycle 700922: clank backup(Will Backup)
cycle 703862: backup (idempotent_violation)
Cycle 703862: clank backup(Will Backup)
cycle 705966: backup (idempotent_violation)
Cycle 705966: clank backup(Will Backup)
cycle 709290: backup (idempotent_violation)
Cycle 709290: clank backup(Will Backup)
cycle 711917: backup (idempotent_violation)
Cycle 711917: clank backup(Will Backup)
cycle 714544: backup (idempotent_violation)
Cycle 714544: clank backup(Will Backup)
cycle 718043: backup (idempotent_violation)
Cycle 718043: clank backup(Will Backup)
cycle 721193: backup (idempotent_violation)
Cycle 721193: clank backup(Will Backup)
cycle 722425: backup (idempotent_violation)
Cycle 722425: clank backup(Will Backup)
cycle 725295: backup (idempotent_violation)
Cycle 725295: clank backup(Will Backup)
cycle 728202: backup (idempotent_violation)
Cycle 728202: clank backup(Will Backup)
cycle 730639: backup (idempotent_violation)
Cycle 730639: clank backup(Will Backup)
cycle 733967: backup (idempotent_violation)
Cycle 733967: clank backup(Will Backup)
cycle 737458: backup (idempotent_violation)
Cycle 737458: clank backup(Will Backup)
cycle 741309: backup (idempotent_violation)
Cycle 741309: clank backup(Will Backup)
cycle 742910: backup (idempotent_violation)
Cycle 742910: clank backup(Will Backup)
cycle 746377: backup (idempotent_violation)
Cycle 746377: clank backup(Will Backup)
cycle 750475: backup (idempotent_violation)
Cycle 750475: clank backup(Will Backup)
cycle 751282: backup (idempotent_violation)
Cycle 751282: clank backup(Will Backup)
cycle 756346: backup (idempotent_violation)
Cycle 756346: clank backup(Will Backup)
cycle 759702: backup (idempotent_violation)
Cycle 759702: clank backup(Will Backup)
cycle 767349: backup (idempotent_violation)
Cycle 767349: clank backup(Will Backup)
cycle 768399: backup (idempotent_violation)
Cycle 768399: clank backup(Will Backup)
cycle 773823: backup (idempotent_violation)
Cycle 773823: clank backup(Will Backup)
cycle 777500: backup (idempotent_violation)
Cycle 777500: clank backup(Will Backup)
cycle 780654: backup (idempotent_violation)
Cycle 780654: clank backup(Will Backup)
cycle 783095: backup (idempotent_violation)
Cycle 783095: clank backup(Will Backup)
cycle 784878: backup (idempotent_violation)
Cycle 784878: clank backup(Will Backup)
cycle 786950: backup (idempotent_violation)
Cycle 786950: clank backup(Will Backup)
cycle 793274: backup (idempotent_violation)
Cycle 793274: clank backup(Will Backup)
cycle 797256: backup (idempotent_violation)
Cycle 797256: clank backup(Will Backup)
cycle 799360: backup (idempotent_violation)
Cycle 799360: clank backup(Will Backup)
cycle 800592: backup (idempotent_violation)
Cycle 800592: clank backup(Will Backup)
cycle 803560: backup (idempotent_violation)
Cycle 803560: clank backup(Will Backup)
cycle 807934: backup (idempotent_violation)
Cycle 807934: clank backup(Will Backup)
cycle 811603: backup (idempotent_violation)
Cycle 811603: clank backup(Will Backup)
cycle 814230: backup (idempotent_violation)
Cycle 814230: clank backup(Will Backup)
cycle 820863: backup (idempotent_violation)
Cycle 820863: clank backup(Will Backup)
cycle 825582: backup (idempotent_violation)
Cycle 825582: clank backup(Will Backup)
cycle 826632: backup (idempotent_violation)
Cycle 826632: clank backup(Will Backup)
cycle 827341: backup (idempotent_violation)
Cycle 827341: clank backup(Will Backup)
Cycle 827454: spendthrift backup(Will Backup)
Cycle 827472: spendthrift backup(Will Backup)
Cycle 827486: spendthrift backup(Will Backup)
Cycle 827500: spendthrift backup(Will Backup)
Cycle 827514: spendthrift backup(Will Backup)
Cycle 827528: spendthrift backup(Will Backup)
Cycle 827542: spendthrift backup(Will Backup)
Cycle 827556: spendthrift backup(Will Backup)
Cycle 827570: spendthrift backup(Will Backup)
Cycle 827584: spendthrift backup(Will Backup)
cycle 827584: POWER OFF - is_active()
cycle 835064: backup (idempotent_violation)
Cycle 835064: clank backup(Will Backup)
cycle 837683: backup (idempotent_violation)
Cycle 837683: clank backup(Will Backup)
cycle 840825: backup (idempotent_violation)
Cycle 840825: clank backup(Will Backup)
cycle 842402: backup (idempotent_violation)
Cycle 842402: clank backup(Will Backup)
cycle 843662: backup (idempotent_violation)
Cycle 843662: clank backup(Will Backup)
cycle 850263: backup (idempotent_violation)
Cycle 850263: clank backup(Will Backup)
cycle 852050: backup (idempotent_violation)
Cycle 852050: clank backup(Will Backup)
cycle 858128: backup (idempotent_violation)
Cycle 858128: clank backup(Will Backup)
cycle 859178: backup (idempotent_violation)
Cycle 859178: clank backup(Will Backup)
cycle 860937: backup (idempotent_violation)
Cycle 860937: clank backup(Will Backup)
cycle 864610: backup (idempotent_violation)
Cycle 864610: clank backup(Will Backup)
cycle 866195: backup (idempotent_violation)
Cycle 866195: clank backup(Will Backup)
cycle 869337: backup (idempotent_violation)
Cycle 869337: clank backup(Will Backup)
cycle 871259: backup (idempotent_violation)
Cycle 871259: clank backup(Will Backup)
cycle 872317: backup (idempotent_violation)
Cycle 872317: clank backup(Will Backup)
cycle 875990: backup (idempotent_violation)
Cycle 875990: clank backup(Will Backup)
cycle 879136: backup (idempotent_violation)
Cycle 879136: clank backup(Will Backup)
cycle 880709: backup (idempotent_violation)
Cycle 880709: clank backup(Will Backup)
cycle 881763: backup (idempotent_violation)
Cycle 881763: clank backup(Will Backup)
cycle 884390: backup (idempotent_violation)
Cycle 884390: clank backup(Will Backup)
cycle 886676: backup (idempotent_violation)
Cycle 886676: clank backup(Will Backup)
cycle 892790: backup (idempotent_violation)
Cycle 892790: clank backup(Will Backup)
cycle 894050: backup (idempotent_violation)
Cycle 894050: clank backup(Will Backup)
cycle 896986: backup (idempotent_violation)
Cycle 896986: clank backup(Will Backup)
cycle 898745: backup (idempotent_violation)
Cycle 898745: clank backup(Will Backup)
cycle 899803: backup (idempotent_violation)
Cycle 899803: clank backup(Will Backup)
cycle 902426: backup (idempotent_violation)
Cycle 902426: clank backup(Will Backup)
cycle 904871: backup (idempotent_violation)
Cycle 904871: clank backup(Will Backup)
cycle 906448: backup (idempotent_violation)
Cycle 906448: clank backup(Will Backup)
cycle 907157: backup (idempotent_violation)
Cycle 907157: clank backup(Will Backup)
cycle 909261: backup (idempotent_violation)
Cycle 909261: clank backup(Will Backup)
cycle 910870: backup (idempotent_violation)
Cycle 910870: clank backup(Will Backup)
cycle 914337: backup (idempotent_violation)
Cycle 914337: clank backup(Will Backup)
cycle 918545: backup (idempotent_violation)
Cycle 918545: clank backup(Will Backup)
cycle 921362: backup (idempotent_violation)
Cycle 921362: clank backup(Will Backup)
cycle 925043: backup (idempotent_violation)
Cycle 925043: clank backup(Will Backup)
cycle 927702: backup (idempotent_violation)
Cycle 927702: clank backup(Will Backup)
cycle 931704: backup (idempotent_violation)
Cycle 931704: clank backup(Will Backup)
cycle 933281: backup (idempotent_violation)
Cycle 933281: clank backup(Will Backup)
cycle 935571: backup (idempotent_violation)
Cycle 935571: clank backup(Will Backup)
cycle 938717: backup (idempotent_violation)
Cycle 938717: clank backup(Will Backup)
cycle 941348: backup (idempotent_violation)
Cycle 941348: clank backup(Will Backup)
cycle 944526: backup (idempotent_violation)
Cycle 944526: clank backup(Will Backup)
cycle 949229: backup (idempotent_violation)
Cycle 949229: clank backup(Will Backup)
cycle 949756: backup (idempotent_violation)
Cycle 949756: clank backup(Will Backup)
cycle 952930: backup (idempotent_violation)
Cycle 952930: clank backup(Will Backup)
cycle 954832: backup (idempotent_violation)
Cycle 954832: clank backup(Will Backup)
cycle 956932: backup (idempotent_violation)
Cycle 956932: clank backup(Will Backup)
cycle 958513: backup (idempotent_violation)
Cycle 958513: clank backup(Will Backup)
cycle 961837: backup (idempotent_violation)
Cycle 961837: clank backup(Will Backup)
cycle 963937: backup (idempotent_violation)
Cycle 963937: clank backup(Will Backup)
cycle 967614: backup (idempotent_violation)
Cycle 967614: clank backup(Will Backup)
cycle 969742: backup (idempotent_violation)
Cycle 969742: clank backup(Will Backup)
cycle 971640: backup (idempotent_violation)
Cycle 971640: clank backup(Will Backup)
cycle 974449: backup (idempotent_violation)
Cycle 974449: clank backup(Will Backup)
cycle 977944: backup (idempotent_violation)
Cycle 977944: clank backup(Will Backup)
cycle 979699: backup (idempotent_violation)
Cycle 979699: clank backup(Will Backup)
cycle 983891: backup (idempotent_violation)
Cycle 983891: clank backup(Will Backup)
cycle 985711: backup (idempotent_violation)
Cycle 985711: clank backup(Will Backup)
cycle 988440: backup (idempotent_violation)
Cycle 988440: clank backup(Will Backup)
cycle 992822: backup (idempotent_violation)
Cycle 992822: clank backup(Will Backup)
cycle 994399: backup (idempotent_violation)
Cycle 994399: clank backup(Will Backup)
cycle 995980: backup (idempotent_violation)
Cycle 995980: clank backup(Will Backup)
cycle 999134: backup (idempotent_violation)
Cycle 999134: clank backup(Will Backup)
cycle 1001757: backup (idempotent_violation)
Cycle 1001757: clank backup(Will Backup)
cycle 1005953: backup (idempotent_violation)
Cycle 1005953: clank backup(Will Backup)
cycle 1008402: backup (idempotent_violation)
Cycle 1008402: clank backup(Will Backup)
cycle 1010165: backup (idempotent_violation)
Cycle 1010165: clank backup(Will Backup)
cycle 1012788: backup (idempotent_violation)
Cycle 1012788: clank backup(Will Backup)
cycle 1019319: backup (idempotent_violation)
Cycle 1019319: clank backup(Will Backup)
cycle 1023094: backup (idempotent_violation)
Cycle 1023094: clank backup(Will Backup)
cycle 1025899: backup (idempotent_violation)
Cycle 1025899: clank backup(Will Backup)
cycle 1028554: backup (idempotent_violation)
Cycle 1028554: clank backup(Will Backup)
cycle 1030444: backup (idempotent_violation)
Cycle 1030444: clank backup(Will Backup)
cycle 1031498: backup (idempotent_violation)
Cycle 1031498: clank backup(Will Backup)
cycle 1033075: backup (idempotent_violation)
Cycle 1033075: clank backup(Will Backup)
cycle 1035171: backup (idempotent_violation)
Cycle 1035171: clank backup(Will Backup)
cycle 1035880: backup (idempotent_violation)
Cycle 1035880: clank backup(Will Backup)
cycle 1037461: backup (idempotent_violation)
Cycle 1037461: clank backup(Will Backup)
cycle 1039565: backup (idempotent_violation)
Cycle 1039565: clank backup(Will Backup)
cycle 1042529: backup (idempotent_violation)
Cycle 1042529: clank backup(Will Backup)
cycle 1044815: backup (idempotent_violation)
Cycle 1044815: clank backup(Will Backup)
cycle 1050065: backup (idempotent_violation)
Cycle 1050065: clank backup(Will Backup)
cycle 1053754: backup (idempotent_violation)
Cycle 1053754: clank backup(Will Backup)
cycle 1055648: backup (idempotent_violation)
Cycle 1055648: clank backup(Will Backup)
cycle 1056892: backup (idempotent_violation)
Cycle 1056892: clank backup(Will Backup)
cycle 1059333: backup (idempotent_violation)
Cycle 1059333: clank backup(Will Backup)
cycle 1060914: backup (idempotent_violation)
Cycle 1060914: clank backup(Will Backup)
cycle 1061635: backup (idempotent_violation)
Cycle 1061635: clank backup(Will Backup)
cycle 1064084: backup (idempotent_violation)
Cycle 1064084: clank backup(Will Backup)
cycle 1065843: backup (idempotent_violation)
Cycle 1065843: clank backup(Will Backup)
cycle 1067424: backup (idempotent_violation)
Cycle 1067424: clank backup(Will Backup)
cycle 1070051: backup (idempotent_violation)
Cycle 1070051: clank backup(Will Backup)
cycle 1072147: backup (idempotent_violation)
Cycle 1072147: clank backup(Will Backup)
cycle 1076870: backup (idempotent_violation)
Cycle 1076870: clank backup(Will Backup)
cycle 1078443: backup (idempotent_violation)
Cycle 1078443: clank backup(Will Backup)
cycle 1078970: backup (idempotent_violation)
Cycle 1078970: clank backup(Will Backup)
cycle 1082120: backup (idempotent_violation)
Cycle 1082120: clank backup(Will Backup)
cycle 1085096: backup (idempotent_violation)
Cycle 1085096: clank backup(Will Backup)
cycle 1086328: backup (idempotent_violation)
Cycle 1086328: clank backup(Will Backup)
cycle 1088773: backup (idempotent_violation)
Cycle 1088773: clank backup(Will Backup)
cycle 1091923: backup (idempotent_violation)
Cycle 1091923: clank backup(Will Backup)
cycle 1094979: backup (idempotent_violation)
Cycle 1094979: clank backup(Will Backup)
cycle 1096840: backup (idempotent_violation)
Cycle 1096840: clank backup(Will Backup)
cycle 1100513: backup (idempotent_violation)
Cycle 1100513: clank backup(Will Backup)
cycle 1104206: backup (idempotent_violation)
Cycle 1104206: clank backup(Will Backup)
cycle 1106100: backup (idempotent_violation)
Cycle 1106100: clank backup(Will Backup)
cycle 1108200: backup (idempotent_violation)
Cycle 1108200: clank backup(Will Backup)
cycle 1110490: backup (idempotent_violation)
Cycle 1110490: clank backup(Will Backup)
cycle 1113644: backup (idempotent_violation)
Cycle 1113644: clank backup(Will Backup)
cycle 1115744: backup (idempotent_violation)
Cycle 1115744: clank backup(Will Backup)
cycle 1117852: backup (idempotent_violation)
Cycle 1117852: clank backup(Will Backup)
cycle 1121038: backup (idempotent_violation)
Cycle 1121038: clank backup(Will Backup)
cycle 1122940: backup (idempotent_violation)
Cycle 1122940: clank backup(Will Backup)
cycle 1127853: backup (idempotent_violation)
Cycle 1127853: clank backup(Will Backup)
cycle 1129458: backup (idempotent_violation)
Cycle 1129458: clank backup(Will Backup)
cycle 1131011: backup (idempotent_violation)
Cycle 1131011: clank backup(Will Backup)
cycle 1133115: backup (idempotent_violation)
Cycle 1133115: clank backup(Will Backup)
cycle 1137315: backup (idempotent_violation)
Cycle 1137315: clank backup(Will Backup)
cycle 1139233: backup (idempotent_violation)
Cycle 1139233: clank backup(Will Backup)
cycle 1139942: backup (idempotent_violation)
Cycle 1139942: clank backup(Will Backup)
cycle 1142387: backup (idempotent_violation)
Cycle 1142387: clank backup(Will Backup)
cycle 1144669: backup (idempotent_violation)
Cycle 1144669: clank backup(Will Backup)
cycle 1147292: backup (idempotent_violation)
Cycle 1147292: clank backup(Will Backup)
cycle 1148687: backup (idempotent_violation)
Cycle 1148687: clank backup(Will Backup)
cycle 1149737: backup (idempotent_violation)
Cycle 1149737: clank backup(Will Backup)
cycle 1151500: backup (idempotent_violation)
Cycle 1151500: clank backup(Will Backup)
cycle 1153847: backup (idempotent_violation)
Cycle 1153847: clank backup(Will Backup)
cycle 1157812: backup (idempotent_violation)
Cycle 1157812: clank backup(Will Backup)
cycle 1162255: backup (idempotent_violation)
Cycle 1162255: clank backup(Will Backup)
cycle 1164120: backup (idempotent_violation)
Cycle 1164120: clank backup(Will Backup)
cycle 1168657: backup (idempotent_violation)
Cycle 1168657: clank backup(Will Backup)
cycle 1169707: backup (idempotent_violation)
Cycle 1169707: clank backup(Will Backup)
cycle 1173372: backup (idempotent_violation)
Cycle 1173372: clank backup(Will Backup)
cycle 1174081: backup (idempotent_violation)
Cycle 1174081: clank backup(Will Backup)
cycle 1176538: backup (idempotent_violation)
Cycle 1176538: clank backup(Will Backup)
cycle 1178642: backup (idempotent_violation)
Cycle 1178642: clank backup(Will Backup)
cycle 1187749: backup (idempotent_violation)
Cycle 1187749: clank backup(Will Backup)
cycle 1193189: backup (idempotent_violation)
Cycle 1193189: clank backup(Will Backup)
cycle 1198629: backup (idempotent_violation)
Cycle 1198629: clank backup(Will Backup)
cycle 1205254: backup (idempotent_violation)
Cycle 1205254: clank backup(Will Backup)
cycle 1208953: backup (idempotent_violation)
Cycle 1208953: clank backup(Will Backup)
cycle 1211336: backup (idempotent_violation)
Cycle 1211336: clank backup(Will Backup)
cycle 1216664: backup (idempotent_violation)
Cycle 1216664: clank backup(Will Backup)
cycle 1221603: backup (idempotent_violation)
Cycle 1221603: clank backup(Will Backup)
cycle 1223774: backup (idempotent_violation)
Cycle 1223774: clank backup(Will Backup)
cycle 1225327: backup (idempotent_violation)
Cycle 1225327: clank backup(Will Backup)
cycle 1226554: backup (idempotent_violation)
Cycle 1226554: clank backup(Will Backup)
cycle 1228412: backup (idempotent_violation)
Cycle 1228412: clank backup(Will Backup)
cycle 1230274: backup (idempotent_violation)
Cycle 1230274: clank backup(Will Backup)
cycle 1232749: backup (idempotent_violation)
Cycle 1232749: clank backup(Will Backup)
cycle 1236761: backup (idempotent_violation)
Cycle 1236761: clank backup(Will Backup)
cycle 1238310: backup (idempotent_violation)
Cycle 1238310: clank backup(Will Backup)
cycle 1240992: backup (idempotent_violation)
Cycle 1240992: clank backup(Will Backup)
cycle 1246651: backup (idempotent_violation)
Cycle 1246651: clank backup(Will Backup)
cycle 1251590: backup (idempotent_violation)
Cycle 1251590: clank backup(Will Backup)
cycle 1253757: backup (idempotent_violation)
Cycle 1253757: clank backup(Will Backup)
cycle 1255623: backup (idempotent_violation)
Cycle 1255623: clank backup(Will Backup)
cycle 1260562: backup (idempotent_violation)
Cycle 1260562: clank backup(Will Backup)
cycle 1261484: backup (idempotent_violation)
Cycle 1261484: clank backup(Will Backup)
cycle 1263968: backup (idempotent_violation)
Cycle 1263968: clank backup(Will Backup)
cycle 1264590: backup (idempotent_violation)
Cycle 1264590: clank backup(Will Backup)
cycle 1267370: backup (idempotent_violation)
Cycle 1267370: clank backup(Will Backup)
cycle 1271695: backup (idempotent_violation)
Cycle 1271695: clank backup(Will Backup)
cycle 1272935: backup (idempotent_violation)
Cycle 1272935: clank backup(Will Backup)
cycle 1274484: backup (idempotent_violation)
Cycle 1274484: clank backup(Will Backup)
cycle 1276638: backup (idempotent_violation)
Cycle 1276638: clank backup(Will Backup)
cycle 1280597: backup (idempotent_violation)
Cycle 1280597: clank backup(Will Backup)
cycle 1282646: backup (idempotent_violation)
Cycle 1282646: clank backup(Will Backup)
cycle 1285872: backup (idempotent_violation)
Cycle 1285872: clank backup(Will Backup)
cycle 1288361: backup (idempotent_violation)
Cycle 1288361: clank backup(Will Backup)
cycle 1289435: backup (idempotent_violation)
Cycle 1289435: clank backup(Will Backup)
cycle 1291046: backup (idempotent_violation)
Cycle 1291046: clank backup(Will Backup)
cycle 1291787: backup (idempotent_violation)
Cycle 1291787: clank backup(Will Backup)
cycle 1294464: backup (idempotent_violation)
Cycle 1294464: clank backup(Will Backup)
cycle 1297781: backup (idempotent_violation)
Cycle 1297781: clank backup(Will Backup)
cycle 1298764: backup (idempotent_violation)
Cycle 1298764: clank backup(Will Backup)
cycle 1302315: backup (idempotent_violation)
Cycle 1302315: clank backup(Will Backup)
cycle 1303926: backup (idempotent_violation)
Cycle 1303926: clank backup(Will Backup)
cycle 1305725: backup (idempotent_violation)
Cycle 1305725: clank backup(Will Backup)
cycle 1307340: backup (idempotent_violation)
Cycle 1307340: clank backup(Will Backup)
cycle 1310903: backup (idempotent_violation)
Cycle 1310903: clank backup(Will Backup)
cycle 1312506: backup (idempotent_violation)
Cycle 1312506: clank backup(Will Backup)
cycle 1314646: backup (idempotent_violation)
Cycle 1314646: clank backup(Will Backup)
cycle 1315486: backup (idempotent_violation)
Cycle 1315486: clank backup(Will Backup)
cycle 1316994: backup (idempotent_violation)
Cycle 1316994: clank backup(Will Backup)
cycle 1318942: backup (idempotent_violation)
Cycle 1318942: clank backup(Will Backup)
cycle 1322689: backup (idempotent_violation)
Cycle 1322689: clank backup(Will Backup)
cycle 1323987: backup (idempotent_violation)
Cycle 1323987: clank backup(Will Backup)
cycle 1326103: backup (idempotent_violation)
Cycle 1326103: clank backup(Will Backup)
cycle 1327181: backup (idempotent_violation)
Cycle 1327181: clank backup(Will Backup)
cycle 1329674: backup (idempotent_violation)
Cycle 1329674: clank backup(Will Backup)
cycle 1331285: backup (idempotent_violation)
Cycle 1331285: clank backup(Will Backup)
cycle 1332121: backup (idempotent_violation)
Cycle 1332121: clank backup(Will Backup)
cycle 1338004: backup (idempotent_violation)
Cycle 1338004: clank backup(Will Backup)
cycle 1340590: backup (idempotent_violation)
Cycle 1340590: clank backup(Will Backup)
cycle 1342205: backup (idempotent_violation)
Cycle 1342205: clank backup(Will Backup)
cycle 1345219: backup (idempotent_violation)
Cycle 1345219: clank backup(Will Backup)
cycle 1347030: backup (idempotent_violation)
Cycle 1347030: clank backup(Will Backup)
cycle 1348637: backup (idempotent_violation)
Cycle 1348637: clank backup(Will Backup)
cycle 1350256: backup (idempotent_violation)
Cycle 1350256: clank backup(Will Backup)
cycle 1354548: backup (idempotent_violation)
Cycle 1354548: clank backup(Will Backup)
cycle 1357033: backup (idempotent_violation)
Cycle 1357033: clank backup(Will Backup)
cycle 1358303: backup (idempotent_violation)
Cycle 1358303: clank backup(Will Backup)
cycle 1361321: backup (idempotent_violation)
Cycle 1361321: clank backup(Will Backup)
cycle 1362391: backup (idempotent_violation)
Cycle 1362391: clank backup(Will Backup)
cycle 1363132: backup (idempotent_violation)
Cycle 1363132: clank backup(Will Backup)
cycle 1365617: backup (idempotent_violation)
Cycle 1365617: clank backup(Will Backup)
cycle 1366453: backup (idempotent_violation)
Cycle 1366453: clank backup(Will Backup)
cycle 1367973: backup (idempotent_violation)
Cycle 1367973: clank backup(Will Backup)
cycle 1372057: backup (idempotent_violation)
Cycle 1372057: clank backup(Will Backup)
cycle 1374201: backup (idempotent_violation)
Cycle 1374201: clank backup(Will Backup)
cycle 1375041: backup (idempotent_violation)
Cycle 1375041: clank backup(Will Backup)
cycle 1376357: backup (idempotent_violation)
Cycle 1376357: clank backup(Will Backup)
cycle 1378509: backup (idempotent_violation)
Cycle 1378509: clank backup(Will Backup)
cycle 1381382: backup (idempotent_violation)
Cycle 1381382: clank backup(Will Backup)
cycle 1383621: backup (idempotent_violation)
Cycle 1383621: clank backup(Will Backup)
cycle 1385133: backup (idempotent_violation)
Cycle 1385133: clank backup(Will Backup)
cycle 1386207: backup (idempotent_violation)
Cycle 1386207: clank backup(Will Backup)
cycle 1388347: backup (idempotent_violation)
Cycle 1388347: clank backup(Will Backup)
cycle 1391024: backup (idempotent_violation)
Cycle 1391024: clank backup(Will Backup)
cycle 1393172: backup (idempotent_violation)
Cycle 1393172: clank backup(Will Backup)
cycle 1395849: backup (idempotent_violation)
Cycle 1395849: clank backup(Will Backup)
cycle 1398001: backup (idempotent_violation)
Cycle 1398001: clank backup(Will Backup)
cycle 1400392: backup (idempotent_violation)
Cycle 1400392: clank backup(Will Backup)
cycle 1401231: backup (idempotent_violation)
Cycle 1401231: clank backup(Will Backup)
cycle 1404978: backup (idempotent_violation)
Cycle 1404978: clank backup(Will Backup)
cycle 1408192: backup (idempotent_violation)
Cycle 1408192: clank backup(Will Backup)
cycle 1413538: backup (idempotent_violation)
Cycle 1413538: clank backup(Will Backup)
Cycle 1417081: instructions towards forward progress=100000
cycle 1417622: backup (idempotent_violation)
Cycle 1417622: clank backup(Will Backup)
cycle 1418900: backup (idempotent_violation)
Cycle 1418900: clank backup(Will Backup)
cycle 1421040: backup (idempotent_violation)
Cycle 1421040: clank backup(Will Backup)
cycle 1426202: backup (idempotent_violation)
Cycle 1426202: clank backup(Will Backup)
cycle 1429420: backup (idempotent_violation)
Cycle 1429420: clank backup(Will Backup)
cycle 1431572: backup (idempotent_violation)
Cycle 1431572: clank backup(Will Backup)
cycle 1433716: backup (idempotent_violation)
Cycle 1433716: clank backup(Will Backup)
cycle 1434692: backup (idempotent_violation)
Cycle 1434692: clank backup(Will Backup)
cycle 1436605: backup (idempotent_violation)
Cycle 1436605: clank backup(Will Backup)
cycle 1438753: backup (idempotent_violation)
Cycle 1438753: clank backup(Will Backup)
cycle 1441434: backup (idempotent_violation)
Cycle 1441434: clank backup(Will Backup)
cycle 1443677: backup (idempotent_violation)
Cycle 1443677: clank backup(Will Backup)
cycle 1446059: backup (idempotent_violation)
Cycle 1446059: clank backup(Will Backup)
cycle 1448740: backup (idempotent_violation)
Cycle 1448740: clank backup(Will Backup)
cycle 1451421: backup (idempotent_violation)
Cycle 1451421: clank backup(Will Backup)
cycle 1452806: backup (idempotent_violation)
Cycle 1452806: clank backup(Will Backup)
cycle 1456254: backup (idempotent_violation)
Cycle 1456254: clank backup(Will Backup)
cycle 1457861: backup (idempotent_violation)
Cycle 1457861: clank backup(Will Backup)
cycle 1460205: backup (idempotent_violation)
Cycle 1460205: clank backup(Will Backup)
cycle 1460742: backup (idempotent_violation)
Cycle 1460742: clank backup(Will Backup)
cycle 1463968: backup (idempotent_violation)
Cycle 1463968: clank backup(Will Backup)
cycle 1466990: backup (idempotent_violation)
Cycle 1466990: clank backup(Will Backup)
cycle 1468597: backup (idempotent_violation)
Cycle 1468597: clank backup(Will Backup)
cycle 1470208: backup (idempotent_violation)
Cycle 1470208: clank backup(Will Backup)
cycle 1471282: backup (idempotent_violation)
Cycle 1471282: clank backup(Will Backup)
cycle 1475233: backup (idempotent_violation)
Cycle 1475233: clank backup(Will Backup)
cycle 1477189: backup (idempotent_violation)
Cycle 1477189: clank backup(Will Backup)
cycle 1478503: backup (idempotent_violation)
Cycle 1478503: clank backup(Will Backup)
cycle 1480086: backup (idempotent_violation)
Cycle 1480086: clank backup(Will Backup)
cycle 1484170: backup (idempotent_violation)
Cycle 1484170: clank backup(Will Backup)
cycle 1486851: backup (idempotent_violation)
Cycle 1486851: clank backup(Will Backup)
cycle 1487929: backup (idempotent_violation)
Cycle 1487929: clank backup(Will Backup)
cycle 1489728: backup (idempotent_violation)
Cycle 1489728: clank backup(Will Backup)
cycle 1493812: backup (idempotent_violation)
Cycle 1493812: clank backup(Will Backup)
cycle 1494788: backup (idempotent_violation)
Cycle 1494788: clank backup(Will Backup)
cycle 1496160: backup (idempotent_violation)
Cycle 1496160: clank backup(Will Backup)
cycle 1499178: backup (idempotent_violation)
Cycle 1499178: clank backup(Will Backup)
cycle 1501871: backup (idempotent_violation)
Cycle 1501871: clank backup(Will Backup)
cycle 1503384: backup (idempotent_violation)
Cycle 1503384: clank backup(Will Backup)
cycle 1504768: backup (idempotent_violation)
Cycle 1504768: clank backup(Will Backup)
cycle 1507978: backup (idempotent_violation)
Cycle 1507978: clank backup(Will Backup)
cycle 1510988: backup (idempotent_violation)
Cycle 1510988: clank backup(Will Backup)
cycle 1511964: backup (idempotent_violation)
Cycle 1511964: clank backup(Will Backup)
cycle 1514935: backup (idempotent_violation)
Cycle 1514935: clank backup(Will Backup)
cycle 1516542: backup (idempotent_violation)
Cycle 1516542: clank backup(Will Backup)
cycle 1517957: backup (idempotent_violation)
Cycle 1517957: clank backup(Will Backup)
cycle 1519031: backup (idempotent_violation)
Cycle 1519031: clank backup(Will Backup)
cycle 1520646: backup (idempotent_violation)
Cycle 1520646: clank backup(Will Backup)
cycle 1521724: backup (idempotent_violation)
Cycle 1521724: clank backup(Will Backup)
cycle 1522798: backup (idempotent_violation)
Cycle 1522798: clank backup(Will Backup)
cycle 1525471: backup (idempotent_violation)
Cycle 1525471: clank backup(Will Backup)
cycle 1526848: backup (idempotent_violation)
Cycle 1526848: clank backup(Will Backup)
cycle 1529226: backup (idempotent_violation)
Cycle 1529226: clank backup(Will Backup)
cycle 1532644: backup (idempotent_violation)
Cycle 1532644: clank backup(Will Backup)
cycle 1536928: backup (idempotent_violation)
Cycle 1536928: clank backup(Will Backup)
cycle 1540150: backup (idempotent_violation)
Cycle 1540150: clank backup(Will Backup)
cycle 1543368: backup (idempotent_violation)
Cycle 1543368: clank backup(Will Backup)
cycle 1544979: backup (idempotent_violation)
Cycle 1544979: clank backup(Will Backup)
cycle 1546390: backup (idempotent_violation)
Cycle 1546390: clank backup(Will Backup)
cycle 1550341: backup (idempotent_violation)
Cycle 1550341: clank backup(Will Backup)
cycle 1554100: backup (idempotent_violation)
Cycle 1554100: clank backup(Will Backup)
cycle 1555715: backup (idempotent_violation)
Cycle 1555715: clank backup(Will Backup)
cycle 1557851: backup (idempotent_violation)
Cycle 1557851: clank backup(Will Backup)
cycle 1561935: backup (idempotent_violation)
Cycle 1561935: clank backup(Will Backup)
Cycle 1561949: spendthrift backup(Will Backup)
Cycle 1561963: spendthrift backup(Will Backup)
Cycle 1561977: spendthrift backup(Will Backup)
Cycle 1561991: spendthrift backup(Will Backup)
Cycle 1562005: spendthrift backup(Will Backup)
Cycle 1562019: spendthrift backup(Will Backup)
cycle 1562019: POWER OFF - is_active()
cycle 1567525: backup (idempotent_violation)
Cycle 1567525: clank backup(Will Backup)
cycle 1570202: backup (idempotent_violation)
Cycle 1570202: clank backup(Will Backup)
cycle 1572891: backup (idempotent_violation)
Cycle 1572891: clank backup(Will Backup)
cycle 1573432: backup (idempotent_violation)
Cycle 1573432: clank backup(Will Backup)
cycle 1580405: backup (idempotent_violation)
Cycle 1580405: clank backup(Will Backup)
cycle 1581820: backup (idempotent_violation)
Cycle 1581820: clank backup(Will Backup)
cycle 1585034: backup (idempotent_violation)
Cycle 1585034: clank backup(Will Backup)
cycle 1587382: backup (idempotent_violation)
Cycle 1587382: clank backup(Will Backup)
cycle 1589232: backup (idempotent_violation)
Cycle 1589232: clank backup(Will Backup)
cycle 1590067: backup (idempotent_violation)
Cycle 1590067: clank backup(Will Backup)
cycle 1591478: backup (idempotent_violation)
Cycle 1591478: clank backup(Will Backup)
cycle 1593285: backup (idempotent_violation)
Cycle 1593285: clank backup(Will Backup)
cycle 1595770: backup (idempotent_violation)
Cycle 1595770: clank backup(Will Backup)
cycle 1596507: backup (idempotent_violation)
Cycle 1596507: clank backup(Will Backup)
cycle 1598996: backup (idempotent_violation)
Cycle 1598996: clank backup(Will Backup)
cycle 1603288: backup (idempotent_violation)
Cycle 1603288: clank backup(Will Backup)
cycle 1604370: backup (idempotent_violation)
Cycle 1604370: clank backup(Will Backup)
cycle 1605981: backup (idempotent_violation)
Cycle 1605981: clank backup(Will Backup)
cycle 1607059: backup (idempotent_violation)
Cycle 1607059: clank backup(Will Backup)
cycle 1608329: backup (idempotent_violation)
Cycle 1608329: clank backup(Will Backup)
cycle 1610493: backup (idempotent_violation)
Cycle 1610493: clank backup(Will Backup)
cycle 1613182: backup (idempotent_violation)
Cycle 1613182: clank backup(Will Backup)
cycle 1615891: backup (idempotent_violation)
Cycle 1615891: clank backup(Will Backup)
cycle 1618885: backup (idempotent_violation)
Cycle 1618885: clank backup(Will Backup)
cycle 1621570: backup (idempotent_violation)
Cycle 1621570: clank backup(Will Backup)
cycle 1623624: backup (idempotent_violation)
Cycle 1623624: clank backup(Will Backup)
cycle 1624491: backup (idempotent_violation)
Cycle 1624491: clank backup(Will Backup)
cycle 1626940: backup (idempotent_violation)
Cycle 1626940: clank backup(Will Backup)
cycle 1628317: backup (idempotent_violation)
Cycle 1628317: clank backup(Will Backup)
cycle 1631781: backup (idempotent_violation)
Cycle 1631781: clank backup(Will Backup)
cycle 1633079: backup (idempotent_violation)
Cycle 1633079: clank backup(Will Backup)
cycle 1635540: backup (idempotent_violation)
Cycle 1635540: clank backup(Will Backup)
cycle 1637892: backup (idempotent_violation)
Cycle 1637892: clank backup(Will Backup)
cycle 1640808: backup (idempotent_violation)
Cycle 1640808: clank backup(Will Backup)
cycle 1641988: backup (idempotent_violation)
Cycle 1641988: clank backup(Will Backup)
cycle 1643599: backup (idempotent_violation)
Cycle 1643599: clank backup(Will Backup)
cycle 1644877: backup (idempotent_violation)
Cycle 1644877: clank backup(Will Backup)
cycle 1648095: backup (idempotent_violation)
Cycle 1648095: clank backup(Will Backup)
cycle 1649710: backup (idempotent_violation)
Cycle 1649710: clank backup(Will Backup)
cycle 1651325: backup (idempotent_violation)
Cycle 1651325: clank backup(Will Backup)
cycle 1652399: backup (idempotent_violation)
Cycle 1652399: clank backup(Will Backup)
cycle 1654010: backup (idempotent_violation)
Cycle 1654010: clank backup(Will Backup)
cycle 1658863: backup (idempotent_violation)
Cycle 1658863: clank backup(Will Backup)
cycle 1659917: backup (idempotent_violation)
Cycle 1659917: clank backup(Will Backup)
cycle 1662935: backup (idempotent_violation)
Cycle 1662935: clank backup(Will Backup)
cycle 1664205: backup (idempotent_violation)
Cycle 1664205: clank backup(Will Backup)
cycle 1666349: backup (idempotent_violation)
Cycle 1666349: clank backup(Will Backup)
cycle 1668505: backup (idempotent_violation)
Cycle 1668505: clank backup(Will Backup)
cycle 1673138: backup (idempotent_violation)
Cycle 1673138: clank backup(Will Backup)
cycle 1674416: backup (idempotent_violation)
Cycle 1674416: clank backup(Will Backup)
cycle 1676901: backup (idempotent_violation)
Cycle 1676901: clank backup(Will Backup)
cycle 1680115: backup (idempotent_violation)
Cycle 1680115: clank backup(Will Backup)
cycle 1680848: backup (idempotent_violation)
Cycle 1680848: clank backup(Will Backup)
cycle 1683000: backup (idempotent_violation)
Cycle 1683000: clank backup(Will Backup)
cycle 1684639: backup (idempotent_violation)
Cycle 1684639: clank backup(Will Backup)
cycle 1686222: backup (idempotent_violation)
Cycle 1686222: clank backup(Will Backup)
cycle 1687833: backup (idempotent_violation)
Cycle 1687833: clank backup(Will Backup)
cycle 1691051: backup (idempotent_violation)
Cycle 1691051: clank backup(Will Backup)
cycle 1692470: backup (idempotent_violation)
Cycle 1692470: clank backup(Will Backup)
cycle 1694818: backup (idempotent_violation)
Cycle 1694818: clank backup(Will Backup)
cycle 1696233: backup (idempotent_violation)
Cycle 1696233: clank backup(Will Backup)
cycle 1699114: backup (idempotent_violation)
Cycle 1699114: clank backup(Will Backup)
cycle 1700525: backup (idempotent_violation)
Cycle 1700525: clank backup(Will Backup)
cycle 1701365: backup (idempotent_violation)
Cycle 1701365: clank backup(Will Backup)
cycle 1702881: backup (idempotent_violation)
Cycle 1702881: clank backup(Will Backup)
cycle 1706961: backup (idempotent_violation)
Cycle 1706961: clank backup(Will Backup)
cycle 1707694: backup (idempotent_violation)
Cycle 1707694: clank backup(Will Backup)
cycle 1709638: backup (idempotent_violation)
Cycle 1709638: clank backup(Will Backup)
cycle 1711257: backup (idempotent_violation)
Cycle 1711257: clank backup(Will Backup)
cycle 1713401: backup (idempotent_violation)
Cycle 1713401: clank backup(Will Backup)
cycle 1714671: backup (idempotent_violation)
Cycle 1714671: clank backup(Will Backup)
cycle 1718136: backup (idempotent_violation)
Cycle 1718136: clank backup(Will Backup)
cycle 1718979: backup (idempotent_violation)
Cycle 1718979: clank backup(Will Backup)
cycle 1720390: backup (idempotent_violation)
Cycle 1720390: clank backup(Will Backup)
cycle 1721127: backup (idempotent_violation)
Cycle 1721127: clank backup(Will Backup)
cycle 1723279: backup (idempotent_violation)
Cycle 1723279: clank backup(Will Backup)
cycle 1726497: backup (idempotent_violation)
Cycle 1726497: clank backup(Will Backup)
cycle 1729186: backup (idempotent_violation)
Cycle 1729186: clank backup(Will Backup)
cycle 1730597: backup (idempotent_violation)
Cycle 1730597: clank backup(Will Backup)
cycle 1732400: backup (idempotent_violation)
Cycle 1732400: clank backup(Will Backup)
cycle 1734544: backup (idempotent_violation)
Cycle 1734544: clank backup(Will Backup)
cycle 1735085: backup (idempotent_violation)
Cycle 1735085: clank backup(Will Backup)
cycle 1737778: backup (idempotent_violation)
Cycle 1737778: clank backup(Will Backup)
cycle 1740796: backup (idempotent_violation)
Cycle 1740796: clank backup(Will Backup)
cycle 1742066: backup (idempotent_violation)
Cycle 1742066: clank backup(Will Backup)
cycle 1743477: backup (idempotent_violation)
Cycle 1743477: clank backup(Will Backup)
cycle 1745096: backup (idempotent_violation)
Cycle 1745096: clank backup(Will Backup)
cycle 1746170: backup (idempotent_violation)
Cycle 1746170: clank backup(Will Backup)
cycle 1746903: backup (idempotent_violation)
Cycle 1746903: clank backup(Will Backup)
cycle 1747981: backup (idempotent_violation)
Cycle 1747981: clank backup(Will Backup)
cycle 1750658: backup (idempotent_violation)
Cycle 1750658: clank backup(Will Backup)
cycle 1753339: backup (idempotent_violation)
Cycle 1753339: clank backup(Will Backup)
cycle 1756357: backup (idempotent_violation)
Cycle 1756357: clank backup(Will Backup)
cycle 1757631: backup (idempotent_violation)
Cycle 1757631: clank backup(Will Backup)
cycle 1758709: backup (idempotent_violation)
Cycle 1758709: clank backup(Will Backup)
cycle 1760324: backup (idempotent_violation)
Cycle 1760324: clank backup(Will Backup)
cycle 1762284: backup (idempotent_violation)
Cycle 1762284: clank backup(Will Backup)
cycle 1764624: backup (idempotent_violation)
Cycle 1764624: clank backup(Will Backup)
cycle 1768367: backup (idempotent_violation)
Cycle 1768367: clank backup(Will Backup)
cycle 1770852: backup (idempotent_violation)
Cycle 1770852: clank backup(Will Backup)
cycle 1771930: backup (idempotent_violation)
Cycle 1771930: clank backup(Will Backup)
cycle 1773737: backup (idempotent_violation)
Cycle 1773737: clank backup(Will Backup)
cycle 1776759: backup (idempotent_violation)
Cycle 1776759: clank backup(Will Backup)
cycle 1777837: backup (idempotent_violation)
Cycle 1777837: clank backup(Will Backup)
cycle 1780518: backup (idempotent_violation)
Cycle 1780518: clank backup(Will Backup)
cycle 1781255: backup (idempotent_violation)
Cycle 1781255: clank backup(Will Backup)
cycle 1783744: backup (idempotent_violation)
Cycle 1783744: clank backup(Will Backup)
cycle 1785355: backup (idempotent_violation)
Cycle 1785355: clank backup(Will Backup)
cycle 1786958: backup (idempotent_violation)
Cycle 1786958: clank backup(Will Backup)
cycle 1788569: backup (idempotent_violation)
Cycle 1788569: clank backup(Will Backup)
cycle 1789310: backup (idempotent_violation)
Cycle 1789310: clank backup(Will Backup)
cycle 1793061: backup (idempotent_violation)
Cycle 1793061: clank backup(Will Backup)
cycle 1796279: backup (idempotent_violation)
Cycle 1796279: clank backup(Will Backup)
cycle 1798538: backup (idempotent_violation)
Cycle 1798538: clank backup(Will Backup)
cycle 1802186: backup (idempotent_violation)
Cycle 1802186: clank backup(Will Backup)
cycle 1804441: backup (idempotent_violation)
Cycle 1804441: clank backup(Will Backup)
cycle 1807356: backup (idempotent_violation)
Cycle 1807356: clank backup(Will Backup)
cycle 1809171: backup (idempotent_violation)
Cycle 1809171: clank backup(Will Backup)
cycle 1812730: backup (idempotent_violation)
Cycle 1812730: clank backup(Will Backup)
cycle 1813812: backup (idempotent_violation)
Cycle 1813812: clank backup(Will Backup)
cycle 1816148: backup (idempotent_violation)
Cycle 1816148: clank backup(Will Backup)
cycle 1818300: backup (idempotent_violation)
Cycle 1818300: clank backup(Will Backup)
cycle 1821629: backup (idempotent_violation)
Cycle 1821629: clank backup(Will Backup)
cycle 1824552: backup (idempotent_violation)
Cycle 1824552: clank backup(Will Backup)
cycle 1826363: backup (idempotent_violation)
Cycle 1826363: clank backup(Will Backup)
cycle 1828507: backup (idempotent_violation)
Cycle 1828507: clank backup(Will Backup)
cycle 1831733: backup (idempotent_violation)
Cycle 1831733: clank backup(Will Backup)
cycle 1838161: backup (idempotent_violation)
Cycle 1838161: clank backup(Will Backup)
cycle 1839247: backup (idempotent_violation)
Cycle 1839247: clank backup(Will Backup)
cycle 1843864: backup (idempotent_violation)
Cycle 1843864: clank backup(Will Backup)
cycle 1846008: backup (idempotent_violation)
Cycle 1846008: clank backup(Will Backup)
cycle 1847278: backup (idempotent_violation)
Cycle 1847278: clank backup(Will Backup)
cycle 1850837: backup (idempotent_violation)
Cycle 1850837: clank backup(Will Backup)
cycle 1852452: backup (idempotent_violation)
Cycle 1852452: clank backup(Will Backup)
cycle 1853730: backup (idempotent_violation)
Cycle 1853730: clank backup(Will Backup)
cycle 1855686: backup (idempotent_violation)
Cycle 1855686: clank backup(Will Backup)
cycle 1857834: backup (idempotent_violation)
Cycle 1857834: clank backup(Will Backup)
cycle 1860511: backup (idempotent_violation)
Cycle 1860511: clank backup(Will Backup)
cycle 1862122: backup (idempotent_violation)
Cycle 1862122: clank backup(Will Backup)
cycle 1862859: backup (idempotent_violation)
Cycle 1862859: clank backup(Will Backup)
cycle 1864581: backup (idempotent_violation)
Cycle 1864581: clank backup(Will Backup)
cycle 1866434: backup (idempotent_violation)
Cycle 1866434: clank backup(Will Backup)
cycle 1868041: backup (idempotent_violation)
Cycle 1868041: clank backup(Will Backup)
cycle 1868774: backup (idempotent_violation)
Cycle 1868774: clank backup(Will Backup)
cycle 1871455: backup (idempotent_violation)
Cycle 1871455: clank backup(Will Backup)
cycle 1873169: backup (idempotent_violation)
Cycle 1873169: clank backup(Will Backup)
cycle 1874685: backup (idempotent_violation)
Cycle 1874685: clank backup(Will Backup)
cycle 1876629: backup (idempotent_violation)
Cycle 1876629: clank backup(Will Backup)
cycle 1878436: backup (idempotent_violation)
Cycle 1878436: clank backup(Will Backup)
cycle 1882219: backup (idempotent_violation)
Cycle 1882219: clank backup(Will Backup)
cycle 1884131: backup (idempotent_violation)
Cycle 1884131: clank backup(Will Backup)
cycle 1885209: backup (idempotent_violation)
Cycle 1885209: clank backup(Will Backup)
cycle 1887016: backup (idempotent_violation)
Cycle 1887016: clank backup(Will Backup)
cycle 1890325: backup (idempotent_violation)
Cycle 1890325: clank backup(Will Backup)
cycle 1893789: backup (idempotent_violation)
Cycle 1893789: clank backup(Will Backup)
cycle 1895937: backup (idempotent_violation)
Cycle 1895937: clank backup(Will Backup)
cycle 1897552: backup (idempotent_violation)
Cycle 1897552: clank backup(Will Backup)
cycle 1898830: backup (idempotent_violation)
Cycle 1898830: clank backup(Will Backup)
cycle 1902056: backup (idempotent_violation)
Cycle 1902056: clank backup(Will Backup)
cycle 1904737: backup (idempotent_violation)
Cycle 1904737: clank backup(Will Backup)
cycle 1907234: backup (idempotent_violation)
Cycle 1907234: clank backup(Will Backup)
cycle 1908308: backup (idempotent_violation)
Cycle 1908308: clank backup(Will Backup)
cycle 1909919: backup (idempotent_violation)
Cycle 1909919: clank backup(Will Backup)
cycle 1911526: backup (idempotent_violation)
Cycle 1911526: clank backup(Will Backup)
cycle 1912792: backup (idempotent_violation)
Cycle 1912792: clank backup(Will Backup)
cycle 1914736: backup (idempotent_violation)
Cycle 1914736: clank backup(Will Backup)
cycle 1916547: backup (idempotent_violation)
Cycle 1916547: clank backup(Will Backup)
cycle 1920302: backup (idempotent_violation)
Cycle 1920302: clank backup(Will Backup)
cycle 1921717: backup (idempotent_violation)
Cycle 1921717: clank backup(Will Backup)
cycle 1923524: backup (idempotent_violation)
Cycle 1923524: clank backup(Will Backup)
cycle 1924602: backup (idempotent_violation)
Cycle 1924602: clank backup(Will Backup)
cycle 1926754: backup (idempotent_violation)
Cycle 1926754: clank backup(Will Backup)
cycle 1929239: backup (idempotent_violation)
Cycle 1929239: clank backup(Will Backup)
cycle 1930513: backup (idempotent_violation)
Cycle 1930513: clank backup(Will Backup)
cycle 1935142: backup (idempotent_violation)
Cycle 1935142: clank backup(Will Backup)
cycle 1936420: backup (idempotent_violation)
Cycle 1936420: clank backup(Will Backup)
cycle 1937498: backup (idempotent_violation)
Cycle 1937498: clank backup(Will Backup)
cycle 1939987: backup (idempotent_violation)
Cycle 1939987: clank backup(Will Backup)
cycle 1942147: backup (idempotent_violation)
Cycle 1942147: clank backup(Will Backup)
cycle 1944495: backup (idempotent_violation)
Cycle 1944495: clank backup(Will Backup)
cycle 1947176: backup (idempotent_violation)
Cycle 1947176: clank backup(Will Backup)
cycle 1950975: backup (idempotent_violation)
Cycle 1950975: clank backup(Will Backup)
cycle 1952558: backup (idempotent_violation)
Cycle 1952558: clank backup(Will Backup)
cycle 1953973: backup (idempotent_violation)
Cycle 1953973: clank backup(Will Backup)
cycle 1958798: backup (idempotent_violation)
Cycle 1958798: clank backup(Will Backup)
cycle 1960072: backup (idempotent_violation)
Cycle 1960072: clank backup(Will Backup)
cycle 1962020: backup (idempotent_violation)
Cycle 1962020: clank backup(Will Backup)
cycle 1965426: backup (idempotent_violation)
Cycle 1965426: clank backup(Will Backup)
cycle 1967582: backup (idempotent_violation)
Cycle 1967582: clank backup(Will Backup)
cycle 1968664: backup (idempotent_violation)
Cycle 1968664: clank backup(Will Backup)
cycle 1972423: backup (idempotent_violation)
Cycle 1972423: clank backup(Will Backup)
cycle 1976743: backup (idempotent_violation)
Cycle 1976743: clank backup(Will Backup)
cycle 1978330: backup (idempotent_violation)
Cycle 1978330: clank backup(Will Backup)
cycle 1983155: backup (idempotent_violation)
Cycle 1983155: clank backup(Will Backup)
cycle 1984869: backup (idempotent_violation)
Cycle 1984869: clank backup(Will Backup)
cycle 1987558: backup (idempotent_violation)
Cycle 1987558: clank backup(Will Backup)
cycle 1991210: backup (idempotent_violation)
Cycle 1991210: clank backup(Will Backup)
cycle 1992924: backup (idempotent_violation)
Cycle 1992924: clank backup(Will Backup)
cycle 1996051: backup (idempotent_violation)
Cycle 1996051: clank backup(Will Backup)
cycle 1999269: backup (idempotent_violation)
Cycle 1999269: clank backup(Will Backup)
cycle 2001750: backup (idempotent_violation)
Cycle 2001750: clank backup(Will Backup)
cycle 2004102: backup (idempotent_violation)
Cycle 2004102: clank backup(Will Backup)
cycle 2006787: backup (idempotent_violation)
Cycle 2006787: clank backup(Will Backup)
cycle 2008743: backup (idempotent_violation)
Cycle 2008743: clank backup(Will Backup)
cycle 2011107: backup (idempotent_violation)
Cycle 2011107: clank backup(Will Backup)
cycle 2013556: backup (idempotent_violation)
Cycle 2013556: clank backup(Will Backup)
cycle 2017295: backup (idempotent_violation)
Cycle 2017295: clank backup(Will Backup)
cycle 2018365: backup (idempotent_violation)
Cycle 2018365: clank backup(Will Backup)
cycle 2019209: backup (idempotent_violation)
Cycle 2019209: clank backup(Will Backup)
cycle 2020188: backup (idempotent_violation)
Cycle 2020188: clank backup(Will Backup)
cycle 2027690: backup (idempotent_violation)
Cycle 2027690: clank backup(Will Backup)
cycle 2030371: backup (idempotent_violation)
Cycle 2030371: clank backup(Will Backup)
cycle 2032319: backup (idempotent_violation)
Cycle 2032319: clank backup(Will Backup)
cycle 2035729: backup (idempotent_violation)
Cycle 2035729: clank backup(Will Backup)
cycle 2038226: backup (idempotent_violation)
Cycle 2038226: clank backup(Will Backup)
cycle 2039300: backup (idempotent_violation)
Cycle 2039300: clank backup(Will Backup)
cycle 2043247: backup (idempotent_violation)
Cycle 2043247: clank backup(Will Backup)
cycle 2044666: backup (idempotent_violation)
Cycle 2044666: clank backup(Will Backup)
cycle 2046281: backup (idempotent_violation)
Cycle 2046281: clank backup(Will Backup)
cycle 2047551: backup (idempotent_violation)
Cycle 2047551: clank backup(Will Backup)
cycle 2050765: backup (idempotent_violation)
Cycle 2050765: clank backup(Will Backup)
cycle 2052709: backup (idempotent_violation)
Cycle 2052709: clank backup(Will Backup)
cycle 2054015: backup (idempotent_violation)
Cycle 2054015: clank backup(Will Backup)
cycle 2056468: backup (idempotent_violation)
Cycle 2056468: clank backup(Will Backup)
cycle 2058804: backup (idempotent_violation)
Cycle 2058804: clank backup(Will Backup)
cycle 2059890: backup (idempotent_violation)
Cycle 2059890: clank backup(Will Backup)
cycle 2062129: backup (idempotent_violation)
Cycle 2062129: clank backup(Will Backup)
cycle 2064170: backup (idempotent_violation)
Cycle 2064170: clank backup(Will Backup)
cycle 2066130: backup (idempotent_violation)
Cycle 2066130: clank backup(Will Backup)
cycle 2067745: backup (idempotent_violation)
Cycle 2067745: clank backup(Will Backup)
cycle 2068482: backup (idempotent_violation)
Cycle 2068482: clank backup(Will Backup)
cycle 2069893: backup (idempotent_violation)
Cycle 2069893: clank backup(Will Backup)
cycle 2070725: backup (idempotent_violation)
Cycle 2070725: clank backup(Will Backup)
cycle 2072770: backup (idempotent_violation)
Cycle 2072770: clank backup(Will Backup)
cycle 2075459: backup (idempotent_violation)
Cycle 2075459: clank backup(Will Backup)
cycle 2079006: backup (idempotent_violation)
Cycle 2079006: clank backup(Will Backup)
cycle 2080084: backup (idempotent_violation)
Cycle 2080084: clank backup(Will Backup)
cycle 2083314: backup (idempotent_violation)
Cycle 2083314: clank backup(Will Backup)
cycle 2086187: backup (idempotent_violation)
Cycle 2086187: clank backup(Will Backup)
cycle 2088335: backup (idempotent_violation)
Cycle 2088335: clank backup(Will Backup)
cycle 2093164: backup (idempotent_violation)
Cycle 2093164: clank backup(Will Backup)
cycle 2096719: backup (idempotent_violation)
Cycle 2096719: clank backup(Will Backup)
cycle 2097460: backup (idempotent_violation)
Cycle 2097460: clank backup(Will Backup)
cycle 2101019: backup (idempotent_violation)
Cycle 2101019: clank backup(Will Backup)
cycle 2101752: backup (idempotent_violation)
Cycle 2101752: clank backup(Will Backup)
cycle 2104672: backup (idempotent_violation)
Cycle 2104672: clank backup(Will Backup)
cycle 2105311: backup (idempotent_violation)
Cycle 2105311: clank backup(Will Backup)
cycle 2107651: backup (idempotent_violation)
Cycle 2107651: clank backup(Will Backup)
cycle 2112829: backup (idempotent_violation)
Cycle 2112829: clank backup(Will Backup)
cycle 2113911: backup (idempotent_violation)
Cycle 2113911: clank backup(Will Backup)
cycle 2115518: backup (idempotent_violation)
Cycle 2115518: clank backup(Will Backup)
cycle 2117866: backup (idempotent_violation)
Cycle 2117866: clank backup(Will Backup)
cycle 2119277: backup (idempotent_violation)
Cycle 2119277: clank backup(Will Backup)
cycle 2120892: backup (idempotent_violation)
Cycle 2120892: clank backup(Will Backup)
cycle 2121966: backup (idempotent_violation)
Cycle 2121966: clank backup(Will Backup)
cycle 2123589: backup (idempotent_violation)
Cycle 2123589: clank backup(Will Backup)
cycle 2124863: backup (idempotent_violation)
Cycle 2124863: clank backup(Will Backup)
cycle 2127352: backup (idempotent_violation)
Cycle 2127352: clank backup(Will Backup)
cycle 2129688: backup (idempotent_violation)
Cycle 2129688: clank backup(Will Backup)
cycle 2131303: backup (idempotent_violation)
Cycle 2131303: clank backup(Will Backup)
cycle 2134317: backup (idempotent_violation)
Cycle 2134317: clank backup(Will Backup)
cycle 2135391: backup (idempotent_violation)
Cycle 2135391: clank backup(Will Backup)
cycle 2136128: backup (idempotent_violation)
Cycle 2136128: clank backup(Will Backup)
cycle 2141490: backup (idempotent_violation)
Cycle 2141490: clank backup(Will Backup)
cycle 2144716: backup (idempotent_violation)
Cycle 2144716: clank backup(Will Backup)
cycle 2148021: backup (idempotent_violation)
Cycle 2148021: clank backup(Will Backup)
cycle 2150411: backup (idempotent_violation)
Cycle 2150411: clank backup(Will Backup)
cycle 2152563: backup (idempotent_violation)
Cycle 2152563: clank backup(Will Backup)
cycle 2154170: backup (idempotent_violation)
Cycle 2154170: clank backup(Will Backup)
cycle 2155240: backup (idempotent_violation)
Cycle 2155240: clank backup(Will Backup)
cycle 2156314: backup (idempotent_violation)
Cycle 2156314: clank backup(Will Backup)
cycle 2158991: backup (idempotent_violation)
Cycle 2158991: clank backup(Will Backup)
cycle 2159724: backup (idempotent_violation)
Cycle 2159724: clank backup(Will Backup)
cycle 2161676: backup (idempotent_violation)
Cycle 2161676: clank backup(Will Backup)
cycle 2163475: backup (idempotent_violation)
Cycle 2163475: clank backup(Will Backup)
cycle 2165181: backup (idempotent_violation)
Cycle 2165181: clank backup(Will Backup)
cycle 2167026: backup (idempotent_violation)
Cycle 2167026: clank backup(Will Backup)
cycle 2169166: backup (idempotent_violation)
Cycle 2169166: clank backup(Will Backup)
cycle 2173654: backup (idempotent_violation)
Cycle 2173654: clank backup(Will Backup)
cycle 2175802: backup (idempotent_violation)
Cycle 2175802: clank backup(Will Backup)
cycle 2180070: backup (idempotent_violation)
Cycle 2180070: clank backup(Will Backup)
cycle 2181924: backup (idempotent_violation)
Cycle 2181924: clank backup(Will Backup)
cycle 2184715: backup (idempotent_violation)
Cycle 2184715: clank backup(Will Backup)
cycle 2189195: backup (idempotent_violation)
Cycle 2189195: clank backup(Will Backup)
cycle 2190512: backup (idempotent_violation)
Cycle 2190512: clank backup(Will Backup)
cycle 2192429: backup (idempotent_violation)
Cycle 2192429: clank backup(Will Backup)
cycle 2194573: backup (idempotent_violation)
Cycle 2194573: clank backup(Will Backup)
cycle 2195655: backup (idempotent_violation)
Cycle 2195655: clank backup(Will Backup)
cycle 2198328: backup (idempotent_violation)
Cycle 2198328: clank backup(Will Backup)
cycle 2199751: backup (idempotent_violation)
Cycle 2199751: clank backup(Will Backup)
cycle 2202620: backup (idempotent_violation)
Cycle 2202620: clank backup(Will Backup)
cycle 2205309: backup (idempotent_violation)
Cycle 2205309: clank backup(Will Backup)
cycle 2207453: backup (idempotent_violation)
Cycle 2207453: clank backup(Will Backup)
cycle 2209605: backup (idempotent_violation)
Cycle 2209605: clank backup(Will Backup)
cycle 2212278: backup (idempotent_violation)
Cycle 2212278: clank backup(Will Backup)
cycle 2214422: backup (idempotent_violation)
Cycle 2214422: clank backup(Will Backup)
cycle 2216370: backup (idempotent_violation)
Cycle 2216370: clank backup(Will Backup)
cycle 2220321: backup (idempotent_violation)
Cycle 2220321: clank backup(Will Backup)
Cycle 2220335: spendthrift backup(Will Backup)
Cycle 2220349: spendthrift backup(Will Backup)
Cycle 2220363: spendthrift backup(Will Backup)
Cycle 2220377: spendthrift backup(Will Backup)
Cycle 2220392: spendthrift backup(Will Backup)
Cycle 2220406: spendthrift backup(Will Backup)
Cycle 2220420: spendthrift backup(Will Backup)
cycle 2220420: POWER OFF - is_active()
cycle 2223908: backup (idempotent_violation)
Cycle 2223908: clank backup(Will Backup)
cycle 2225719: backup (idempotent_violation)
Cycle 2225719: clank backup(Will Backup)
cycle 2227867: backup (idempotent_violation)
Cycle 2227867: clank backup(Will Backup)
cycle 2229470: backup (idempotent_violation)
Cycle 2229470: clank backup(Will Backup)
cycle 2231077: backup (idempotent_violation)
Cycle 2231077: clank backup(Will Backup)
cycle 2232492: backup (idempotent_violation)
Cycle 2232492: clank backup(Will Backup)
cycle 2234331: backup (idempotent_violation)
Cycle 2234331: clank backup(Will Backup)
cycle 2236443: backup (idempotent_violation)
Cycle 2236443: clank backup(Will Backup)
cycle 2237858: backup (idempotent_violation)
Cycle 2237858: clank backup(Will Backup)
cycle 2239128: backup (idempotent_violation)
Cycle 2239128: clank backup(Will Backup)
cycle 2242048: backup (idempotent_violation)
Cycle 2242048: clank backup(Will Backup)
cycle 2243228: backup (idempotent_violation)
Cycle 2243228: clank backup(Will Backup)
cycle 2245568: backup (idempotent_violation)
Cycle 2245568: clank backup(Will Backup)
cycle 2248249: backup (idempotent_violation)
Cycle 2248249: clank backup(Will Backup)
cycle 2248786: backup (idempotent_violation)
Cycle 2248786: clank backup(Will Backup)
cycle 2250640: backup (idempotent_violation)
Cycle 2250640: clank backup(Will Backup)
cycle 2251499: backup (idempotent_violation)
Cycle 2251499: clank backup(Will Backup)
cycle 2253615: backup (idempotent_violation)
Cycle 2253615: clank backup(Will Backup)
cycle 2261979: backup (idempotent_violation)
Cycle 2261979: clank backup(Will Backup)
cycle 2264319: backup (idempotent_violation)
Cycle 2264319: clank backup(Will Backup)
cycle 2268623: backup (idempotent_violation)
Cycle 2268623: clank backup(Will Backup)
cycle 2271280: backup (idempotent_violation)
Cycle 2271280: clank backup(Will Backup)
cycle 2273424: backup (idempotent_violation)
Cycle 2273424: clank backup(Will Backup)
cycle 2276638: backup (idempotent_violation)
Cycle 2276638: clank backup(Will Backup)
cycle 2278786: backup (idempotent_violation)
Cycle 2278786: clank backup(Will Backup)
cycle 2280734: backup (idempotent_violation)
Cycle 2280734: clank backup(Will Backup)
cycle 2282890: backup (idempotent_violation)
Cycle 2282890: clank backup(Will Backup)
cycle 2284168: backup (idempotent_violation)
Cycle 2284168: clank backup(Will Backup)
cycle 2286124: backup (idempotent_violation)
Cycle 2286124: clank backup(Will Backup)
cycle 2288801: backup (idempotent_violation)
Cycle 2288801: clank backup(Will Backup)
cycle 2291474: backup (idempotent_violation)
Cycle 2291474: clank backup(Will Backup)
cycle 2293618: backup (idempotent_violation)
Cycle 2293618: clank backup(Will Backup)
cycle 2295429: backup (idempotent_violation)
Cycle 2295429: clank backup(Will Backup)
cycle 2299509: backup (idempotent_violation)
Cycle 2299509: clank backup(Will Backup)
cycle 2302485: backup (idempotent_violation)
Cycle 2302485: clank backup(Will Backup)
cycle 2307211: backup (idempotent_violation)
Cycle 2307211: clank backup(Will Backup)
cycle 2309355: backup (idempotent_violation)
Cycle 2309355: clank backup(Will Backup)
cycle 2311069: backup (idempotent_violation)
Cycle 2311069: clank backup(Will Backup)
cycle 2314184: backup (idempotent_violation)
Cycle 2314184: clank backup(Will Backup)
cycle 2316665: backup (idempotent_violation)
Cycle 2316665: clank backup(Will Backup)
cycle 2319342: backup (idempotent_violation)
Cycle 2319342: clank backup(Will Backup)
cycle 2320961: backup (idempotent_violation)
Cycle 2320961: clank backup(Will Backup)
cycle 2323838: backup (idempotent_violation)
Cycle 2323838: clank backup(Will Backup)
cycle 2325790: backup (idempotent_violation)
Cycle 2325790: clank backup(Will Backup)
cycle 2326872: backup (idempotent_violation)
Cycle 2326872: clank backup(Will Backup)
cycle 2327609: backup (idempotent_violation)
Cycle 2327609: clank backup(Will Backup)
cycle 2328711: backup (idempotent_violation)
Cycle 2328711: clank backup(Will Backup)
cycle 2331697: backup (idempotent_violation)
Cycle 2331697: clank backup(Will Backup)
cycle 2332434: backup (idempotent_violation)
Cycle 2332434: clank backup(Will Backup)
cycle 2335456: backup (idempotent_violation)
Cycle 2335456: clank backup(Will Backup)
cycle 2336436: backup (idempotent_violation)
Cycle 2336436: clank backup(Will Backup)
cycle 2338145: backup (idempotent_violation)
Cycle 2338145: clank backup(Will Backup)
cycle 2339223: backup (idempotent_violation)
Cycle 2339223: clank backup(Will Backup)
cycle 2340838: backup (idempotent_violation)
Cycle 2340838: clank backup(Will Backup)
cycle 2341916: backup (idempotent_violation)
Cycle 2341916: clank backup(Will Backup)
cycle 2345417: backup (idempotent_violation)
Cycle 2345417: clank backup(Will Backup)
cycle 2347470: backup (idempotent_violation)
Cycle 2347470: clank backup(Will Backup)
cycle 2349967: backup (idempotent_violation)
Cycle 2349967: clank backup(Will Backup)
cycle 2351578: backup (idempotent_violation)
Cycle 2351578: clank backup(Will Backup)
cycle 2353718: backup (idempotent_violation)
Cycle 2353718: clank backup(Will Backup)
cycle 2354455: backup (idempotent_violation)
Cycle 2354455: clank backup(Will Backup)
cycle 2357469: backup (idempotent_violation)
Cycle 2357469: clank backup(Will Backup)
cycle 2359613: backup (idempotent_violation)
Cycle 2359613: clank backup(Will Backup)
cycle 2360683: backup (idempotent_violation)
Cycle 2360683: clank backup(Will Backup)
cycle 2362486: backup (idempotent_violation)
Cycle 2362486: clank backup(Will Backup)
cycle 2364204: backup (idempotent_violation)
Cycle 2364204: clank backup(Will Backup)
cycle 2366586: backup (idempotent_violation)
Cycle 2366586: clank backup(Will Backup)
cycle 2369996: backup (idempotent_violation)
Cycle 2369996: clank backup(Will Backup)
cycle 2372481: backup (idempotent_violation)
Cycle 2372481: clank backup(Will Backup)
cycle 2374625: backup (idempotent_violation)
Cycle 2374625: clank backup(Will Backup)
cycle 2376240: backup (idempotent_violation)
Cycle 2376240: clank backup(Will Backup)
cycle 2379348: backup (idempotent_violation)
Cycle 2379348: clank backup(Will Backup)
cycle 2385525: backup (idempotent_violation)
Cycle 2385525: clank backup(Will Backup)
done
CPU instructions executed: 193130
CPU instructions executed towards forward progress: 193130
Number of true positives: 400
Number of false positives: 83
Number of times renamed: 0
Number of times reclaimed: 0
CPU time (cycles): 2742435
Total time (ns): 221540639843849
Energy harvested (J): 0.00112483
Energy remaining (J): 0.000161265
