000 (5664231.021.000) 2020-03-29 04:06:12 Job submitted from host: <128.104.101.92:9618?addrs=128.104.101.92-9618+[2607-f388-107c-501-a236-9fff-fe3c-caa8]-9618&alias=submit2.chtc.wisc.edu&noUDP&sock=schedd_3841921_d3c3>
...
040 (5664231.021.000) 2020-03-29 04:07:19 Started transferring input files
	Transferring to host: <128.104.58.224:9618?addrs=128.104.58.224-9618+[2607-f388-1086-0-2269-e2ff-febb-d0a]-9618&alias=e1091.chtc.wisc.edu&noUDP&sock=starter_27331_e970_75891>
...
040 (5664231.021.000) 2020-03-29 04:07:22 Finished transferring input files
...
001 (5664231.021.000) 2020-03-29 04:07:22 Job executing on host: <128.104.58.224:9618?addrs=128.104.58.224-9618+[2607-f388-1086-0-2269-e2ff-febb-d0a]-9618&alias=e1091.chtc.wisc.edu&noUDP&sock=startd_4321_6cd1_3>
...
006 (5664231.021.000) 2020-03-29 04:13:17 Image size of job updated: 95
	95  -  MemoryUsage of job (MB)
	97672  -  ResidentSetSize of job (KB)
...
006 (5664231.021.000) 2020-03-29 04:33:19 Image size of job updated: 95
	95  -  MemoryUsage of job (MB)
	97840  -  ResidentSetSize of job (KB)
...
040 (5664231.021.000) 2020-03-29 04:59:56 Started transferring output files
...
040 (5664231.021.000) 2020-03-29 04:59:56 Finished transferring output files
...
005 (5664231.021.000) 2020-03-29 04:59:56 Job terminated.
	(1) Normal termination (return value 0)
		Usr 0 00:50:27, Sys 0 00:00:02  -  Run Remote Usage
		Usr 0 00:00:00, Sys 0 00:00:00  -  Run Local Usage
		Usr 0 00:50:27, Sys 0 00:00:02  -  Total Remote Usage
		Usr 0 00:00:00, Sys 0 00:00:00  -  Total Local Usage
	176127  -  Run Bytes Sent By Job
	208817088  -  Run Bytes Received By Job
	176127  -  Total Bytes Sent By Job
	208817088  -  Total Bytes Received By Job
	Partitionable Resources :    Usage  Request Allocated 
	   Cpus                 :        0        1         1 
	   Disk (KB)            :  1014460  4194304  11035494 
	   IoHeavy              :                           0 
	   Memory (MB)          :       95     4096      4096 

	Job terminated of its own accord at 2020-03-29T09:59:56Z.
...
