000 (5664231.009.000) 2020-03-29 04:06:12 Job submitted from host: <128.104.101.92:9618?addrs=128.104.101.92-9618+[2607-f388-107c-501-a236-9fff-fe3c-caa8]-9618&alias=submit2.chtc.wisc.edu&noUDP&sock=schedd_3841921_d3c3>
...
040 (5664231.009.000) 2020-03-29 04:07:18 Started transferring input files
	Transferring to host: <128.104.58.113:9618?addrs=128.104.58.113-9618+[2607-f388-1086-0-ea9a-8fff-fe83-b4ee]-9618&alias=e473.chtc.wisc.edu&noUDP&sock=starter_3106_3537_76668>
...
040 (5664231.009.000) 2020-03-29 04:07:21 Finished transferring input files
...
001 (5664231.009.000) 2020-03-29 04:07:21 Job executing on host: <128.104.58.113:9618?addrs=128.104.58.113-9618+[2607-f388-1086-0-ea9a-8fff-fe83-b4ee]-9618&alias=e473.chtc.wisc.edu&noUDP&sock=startd_22443_9c18_3>
...
006 (5664231.009.000) 2020-03-29 04:09:34 Image size of job updated: 95
	95  -  MemoryUsage of job (MB)
	98040  -  ResidentSetSize of job (KB)
...
040 (5664231.009.000) 2020-03-29 04:09:34 Started transferring output files
...
040 (5664231.009.000) 2020-03-29 04:09:34 Finished transferring output files
...
005 (5664231.009.000) 2020-03-29 04:09:37 Job terminated.
	(1) Normal termination (return value 0)
		Usr 0 00:01:24, Sys 0 00:00:01  -  Run Remote Usage
		Usr 0 00:00:00, Sys 0 00:00:00  -  Run Local Usage
		Usr 0 00:01:24, Sys 0 00:00:01  -  Total Remote Usage
		Usr 0 00:00:00, Sys 0 00:00:00  -  Total Local Usage
	119334  -  Run Bytes Sent By Job
	208764432  -  Run Bytes Received By Job
	119334  -  Total Bytes Sent By Job
	208764432  -  Total Bytes Received By Job
	Partitionable Resources :    Usage  Request Allocated 
	   Cpus                 :        0        1         1 
	   Disk (KB)            :   919389  4194304  14710230 
	   IoHeavy              :                           0 
	   Memory (MB)          :       95     4096      4096 

	Job terminated of its own accord at 2020-03-29T09:09:34Z.
...
