Working dir : /var/lib/condor/execute/slot1/dir_12055
Cycle 0: instructions towards forward progress=0
cycle 67781: backup (idempotent_violation)
Cycle 67781: clank backup(Will Backup)
cycle 81107: backup (idempotent_violation)
Cycle 81107: clank backup(Will Backup)
cycle 94149: backup (idempotent_violation)
Cycle 94149: clank backup(Will Backup)
cycle 107410: backup (idempotent_violation)
Cycle 107410: clank backup(Will Backup)
cycle 120709: backup (idempotent_violation)
Cycle 120709: clank backup(Will Backup)
cycle 133780: backup (idempotent_violation)
Cycle 133780: clank backup(Will Backup)
cycle 146902: backup (idempotent_violation)
Cycle 146902: clank backup(Will Backup)
cycle 160175: backup (idempotent_violation)
Cycle 160175: clank backup(Will Backup)
cycle 173571: backup (idempotent_violation)
Cycle 173571: clank backup(Will Backup)
cycle 186544: backup (idempotent_violation)
Cycle 186544: clank backup(Will Backup)
cycle 199830: backup (idempotent_violation)
Cycle 199830: clank backup(Will Backup)
cycle 213018: backup (idempotent_violation)
Cycle 213018: clank backup(Will Backup)
cycle 226115: backup (idempotent_violation)
Cycle 226115: clank backup(Will Backup)
cycle 239376: backup (idempotent_violation)
Cycle 239376: clank backup(Will Backup)
cycle 252691: backup (idempotent_violation)
Cycle 252691: clank backup(Will Backup)
cycle 266098: backup (idempotent_violation)
Cycle 266098: clank backup(Will Backup)
cycle 279018: backup (idempotent_violation)
Cycle 279018: clank backup(Will Backup)
cycle 292303: backup (idempotent_violation)
Cycle 292303: clank backup(Will Backup)
cycle 305196: backup (idempotent_violation)
Cycle 305196: clank backup(Will Backup)
cycle 318454: backup (idempotent_violation)
Cycle 318454: clank backup(Will Backup)
cycle 331429: backup (idempotent_violation)
Cycle 331429: clank backup(Will Backup)
cycle 344591: backup (idempotent_violation)
Cycle 344591: clank backup(Will Backup)
cycle 357945: backup (idempotent_violation)
Cycle 357945: clank backup(Will Backup)
cycle 371055: backup (idempotent_violation)
Cycle 371055: clank backup(Will Backup)
cycle 384149: backup (idempotent_violation)
Cycle 384149: clank backup(Will Backup)
cycle 397367: backup (idempotent_violation)
Cycle 397367: clank backup(Will Backup)
cycle 410555: backup (idempotent_violation)
Cycle 410555: clank backup(Will Backup)
cycle 423827: backup (idempotent_violation)
Cycle 423827: clank backup(Will Backup)
cycle 436949: backup (idempotent_violation)
Cycle 436949: clank backup(Will Backup)
cycle 450236: backup (idempotent_violation)
Cycle 450236: clank backup(Will Backup)
cycle 463305: backup (idempotent_violation)
Cycle 463305: clank backup(Will Backup)
cycle 476524: backup (idempotent_violation)
Cycle 476524: clank backup(Will Backup)
cycle 489905: backup (idempotent_violation)
Cycle 489905: clank backup(Will Backup)
cycle 503192: backup (idempotent_violation)
Cycle 503192: clank backup(Will Backup)
cycle 516317: backup (idempotent_violation)
Cycle 516317: clank backup(Will Backup)
cycle 529480: backup (idempotent_violation)
Cycle 529480: clank backup(Will Backup)
cycle 542656: backup (idempotent_violation)
Cycle 542656: clank backup(Will Backup)
cycle 555900: backup (idempotent_violation)
Cycle 555900: clank backup(Will Backup)
cycle 569170: backup (idempotent_violation)
Cycle 569170: clank backup(Will Backup)
cycle 582416: backup (idempotent_violation)
Cycle 582416: clank backup(Will Backup)
cycle 595403: backup (idempotent_violation)
Cycle 595403: clank backup(Will Backup)
cycle 608539: backup (idempotent_violation)
Cycle 608539: clank backup(Will Backup)
cycle 621744: backup (idempotent_violation)
Cycle 621744: clank backup(Will Backup)
cycle 635016: backup (idempotent_violation)
Cycle 635016: clank backup(Will Backup)
cycle 648247: backup (idempotent_violation)
Cycle 648247: clank backup(Will Backup)
cycle 661451: backup (idempotent_violation)
Cycle 661451: clank backup(Will Backup)
cycle 674561: backup (idempotent_violation)
Cycle 674561: clank backup(Will Backup)
cycle 687684: backup (idempotent_violation)
Cycle 687684: clank backup(Will Backup)
cycle 700889: backup (idempotent_violation)
Cycle 700889: clank backup(Will Backup)
cycle 714257: backup (idempotent_violation)
Cycle 714257: clank backup(Will Backup)
cycle 727381: backup (idempotent_violation)
Cycle 727381: clank backup(Will Backup)
cycle 740560: backup (idempotent_violation)
Cycle 740560: clank backup(Will Backup)
cycle 753519: backup (idempotent_violation)
Cycle 753519: clank backup(Will Backup)
cycle 766765: backup (idempotent_violation)
Cycle 766765: clank backup(Will Backup)
cycle 779914: backup (idempotent_violation)
Cycle 779914: clank backup(Will Backup)
cycle 793118: backup (idempotent_violation)
Cycle 793118: clank backup(Will Backup)
cycle 806201: backup (idempotent_violation)
Cycle 806201: clank backup(Will Backup)
cycle 819556: backup (idempotent_violation)
Cycle 819556: clank backup(Will Backup)
cycle 892702: backup (idempotent_violation)
Cycle 892702: clank backup(Will Backup)
cycle 905987: backup (idempotent_violation)
Cycle 905987: clank backup(Will Backup)
cycle 919030: backup (idempotent_violation)
Cycle 919030: clank backup(Will Backup)
cycle 932370: backup (idempotent_violation)
Cycle 932370: clank backup(Will Backup)
cycle 945398: backup (idempotent_violation)
Cycle 945398: clank backup(Will Backup)
cycle 958655: backup (idempotent_violation)
Cycle 958655: clank backup(Will Backup)
cycle 971724: backup (idempotent_violation)
Cycle 971724: clank backup(Will Backup)
cycle 985132: backup (idempotent_violation)
Cycle 985132: clank backup(Will Backup)
cycle 998457: backup (idempotent_violation)
Cycle 998457: clank backup(Will Backup)
cycle 1011704: backup (idempotent_violation)
Cycle 1011704: clank backup(Will Backup)
cycle 1024921: backup (idempotent_violation)
Cycle 1024921: clank backup(Will Backup)
cycle 1038359: backup (idempotent_violation)
Cycle 1038359: clank backup(Will Backup)
cycle 1051468: backup (idempotent_violation)
Cycle 1051468: clank backup(Will Backup)
cycle 1064645: backup (idempotent_violation)
Cycle 1064645: clank backup(Will Backup)
cycle 1077605: backup (idempotent_violation)
Cycle 1077605: clank backup(Will Backup)
cycle 1090808: backup (idempotent_violation)
Cycle 1090808: clank backup(Will Backup)
cycle 1104054: backup (idempotent_violation)
Cycle 1104054: clank backup(Will Backup)
cycle 1117122: backup (idempotent_violation)
Cycle 1117122: clank backup(Will Backup)
cycle 1130178: backup (idempotent_violation)
Cycle 1130178: clank backup(Will Backup)
cycle 1143301: backup (idempotent_violation)
Cycle 1143301: clank backup(Will Backup)
cycle 1156410: backup (idempotent_violation)
Cycle 1156410: clank backup(Will Backup)
cycle 1169573: backup (idempotent_violation)
Cycle 1169573: clank backup(Will Backup)
cycle 1182710: backup (idempotent_violation)
Cycle 1182710: clank backup(Will Backup)
cycle 1195683: backup (idempotent_violation)
Cycle 1195683: clank backup(Will Backup)
cycle 1209187: backup (idempotent_violation)
Cycle 1209187: clank backup(Will Backup)
cycle 1222489: backup (idempotent_violation)
Cycle 1222489: clank backup(Will Backup)
cycle 1235586: backup (idempotent_violation)
Cycle 1235586: clank backup(Will Backup)
cycle 1248937: backup (idempotent_violation)
Cycle 1248937: clank backup(Will Backup)
cycle 1261966: backup (idempotent_violation)
Cycle 1261966: clank backup(Will Backup)
cycle 1275144: backup (idempotent_violation)
Cycle 1275144: clank backup(Will Backup)
cycle 1288251: backup (idempotent_violation)
Cycle 1288251: clank backup(Will Backup)
cycle 1301495: backup (idempotent_violation)
Cycle 1301495: clank backup(Will Backup)
cycle 1314565: backup (idempotent_violation)
Cycle 1314565: clank backup(Will Backup)
cycle 1327769: backup (idempotent_violation)
Cycle 1327769: clank backup(Will Backup)
cycle 1341067: backup (idempotent_violation)
Cycle 1341067: clank backup(Will Backup)
cycle 1354109: backup (idempotent_violation)
Cycle 1354109: clank backup(Will Backup)
cycle 1367260: backup (idempotent_violation)
Cycle 1367260: clank backup(Will Backup)
cycle 1380425: backup (idempotent_violation)
Cycle 1380425: clank backup(Will Backup)
cycle 1393521: backup (idempotent_violation)
Cycle 1393521: clank backup(Will Backup)
cycle 1406659: backup (idempotent_violation)
Cycle 1406659: clank backup(Will Backup)
cycle 1419987: backup (idempotent_violation)
Cycle 1419987: clank backup(Will Backup)
cycle 1433315: backup (idempotent_violation)
Cycle 1433315: clank backup(Will Backup)
Cycle 1444832: instructions towards forward progress=100000
cycle 1446507: backup (idempotent_violation)
Cycle 1446507: clank backup(Will Backup)
cycle 1459713: backup (idempotent_violation)
Cycle 1459713: clank backup(Will Backup)
cycle 1472834: backup (idempotent_violation)
Cycle 1472834: clank backup(Will Backup)
cycle 1485958: backup (idempotent_violation)
Cycle 1485958: clank backup(Will Backup)
cycle 1499271: backup (idempotent_violation)
Cycle 1499271: clank backup(Will Backup)
cycle 1512382: backup (idempotent_violation)
Cycle 1512382: clank backup(Will Backup)
cycle 1525694: backup (idempotent_violation)
Cycle 1525694: clank backup(Will Backup)
cycle 1539022: backup (idempotent_violation)
Cycle 1539022: clank backup(Will Backup)
cycle 1552282: backup (idempotent_violation)
Cycle 1552282: clank backup(Will Backup)
cycle 1565364: backup (idempotent_violation)
Cycle 1565364: clank backup(Will Backup)
cycle 1578405: backup (idempotent_violation)
Cycle 1578405: clank backup(Will Backup)
cycle 1591569: backup (idempotent_violation)
Cycle 1591569: clank backup(Will Backup)
cycle 1605046: backup (idempotent_violation)
Cycle 1605046: clank backup(Will Backup)
cycle 1618183: backup (idempotent_violation)
Cycle 1618183: clank backup(Will Backup)
cycle 1631452: backup (idempotent_violation)
Cycle 1631452: clank backup(Will Backup)
cycle 1644441: backup (idempotent_violation)
Cycle 1644441: clank backup(Will Backup)
cycle 1717677: backup (idempotent_violation)
Cycle 1717677: clank backup(Will Backup)
cycle 1731006: backup (idempotent_violation)
Cycle 1731006: clank backup(Will Backup)
cycle 1744006: backup (idempotent_violation)
Cycle 1744006: clank backup(Will Backup)
cycle 1757334: backup (idempotent_violation)
Cycle 1757334: clank backup(Will Backup)
cycle 1770607: backup (idempotent_violation)
Cycle 1770607: clank backup(Will Backup)
cycle 1783934: backup (idempotent_violation)
Cycle 1783934: clank backup(Will Backup)
cycle 1797084: backup (idempotent_violation)
Cycle 1797084: clank backup(Will Backup)
cycle 1810371: backup (idempotent_violation)
Cycle 1810371: clank backup(Will Backup)
Cycle 1822841: spendthrift backup(Will Backup)
Cycle 1822855: spendthrift backup(Will Backup)
Cycle 1822869: spendthrift backup(Will Backup)
Cycle 1822887: spendthrift backup(Will Backup)
Cycle 1822901: spendthrift backup(Will Backup)
Cycle 1822915: spendthrift backup(Will Backup)
Cycle 1822929: spendthrift backup(Will Backup)
Cycle 1822947: spendthrift backup(Will Backup)
Cycle 1822961: spendthrift backup(Will Backup)
cycle 1822961: POWER OFF - is_active()
cycle 1916166: backup (idempotent_violation)
Cycle 1916166: clank backup(Will Backup)
cycle 1929194: backup (idempotent_violation)
Cycle 1929194: clank backup(Will Backup)
cycle 1942413: backup (idempotent_violation)
Cycle 1942413: clank backup(Will Backup)
cycle 1955672: backup (idempotent_violation)
Cycle 1955672: clank backup(Will Backup)
cycle 1968878: backup (idempotent_violation)
Cycle 1968878: clank backup(Will Backup)
cycle 1981880: backup (idempotent_violation)
Cycle 1981880: clank backup(Will Backup)
cycle 1995235: backup (idempotent_violation)
Cycle 1995235: clank backup(Will Backup)
cycle 2008277: backup (idempotent_violation)
Cycle 2008277: clank backup(Will Backup)
cycle 2021398: backup (idempotent_violation)
Cycle 2021398: clank backup(Will Backup)
cycle 2034562: backup (idempotent_violation)
Cycle 2034562: clank backup(Will Backup)
cycle 2047576: backup (idempotent_violation)
Cycle 2047576: clank backup(Will Backup)
cycle 2060837: backup (idempotent_violation)
Cycle 2060837: clank backup(Will Backup)
cycle 2074137: backup (idempotent_violation)
Cycle 2074137: clank backup(Will Backup)
cycle 2087275: backup (idempotent_violation)
Cycle 2087275: clank backup(Will Backup)
cycle 2100412: backup (idempotent_violation)
Cycle 2100412: clank backup(Will Backup)
cycle 2113735: backup (idempotent_violation)
Cycle 2113735: clank backup(Will Backup)
cycle 2127119: backup (idempotent_violation)
Cycle 2127119: clank backup(Will Backup)
cycle 2140214: backup (idempotent_violation)
Cycle 2140214: clank backup(Will Backup)
cycle 2153323: backup (idempotent_violation)
Cycle 2153323: clank backup(Will Backup)
cycle 2166694: backup (idempotent_violation)
Cycle 2166694: clank backup(Will Backup)
cycle 2179912: backup (idempotent_violation)
Cycle 2179912: clank backup(Will Backup)
cycle 2192995: backup (idempotent_violation)
Cycle 2192995: clank backup(Will Backup)
cycle 2206319: backup (idempotent_violation)
Cycle 2206319: clank backup(Will Backup)
cycle 2219563: backup (idempotent_violation)
Cycle 2219563: clank backup(Will Backup)
cycle 2232688: backup (idempotent_violation)
Cycle 2232688: clank backup(Will Backup)
cycle 2245906: backup (idempotent_violation)
Cycle 2245906: clank backup(Will Backup)
cycle 2259056: backup (idempotent_violation)
Cycle 2259056: clank backup(Will Backup)
cycle 2272232: backup (idempotent_violation)
Cycle 2272232: clank backup(Will Backup)
cycle 2285478: backup (idempotent_violation)
Cycle 2285478: clank backup(Will Backup)
cycle 2298575: backup (idempotent_violation)
Cycle 2298575: clank backup(Will Backup)
cycle 2311998: backup (idempotent_violation)
Cycle 2311998: clank backup(Will Backup)
cycle 2325132: backup (idempotent_violation)
Cycle 2325132: clank backup(Will Backup)
cycle 2338378: backup (idempotent_violation)
Cycle 2338378: clank backup(Will Backup)
cycle 2351501: backup (idempotent_violation)
Cycle 2351501: clank backup(Will Backup)
cycle 2364746: backup (idempotent_violation)
Cycle 2364746: clank backup(Will Backup)
cycle 2377841: backup (idempotent_violation)
Cycle 2377841: clank backup(Will Backup)
cycle 2390870: backup (idempotent_violation)
Cycle 2390870: clank backup(Will Backup)
cycle 2403829: backup (idempotent_violation)
Cycle 2403829: clank backup(Will Backup)
cycle 2417049: backup (idempotent_violation)
Cycle 2417049: clank backup(Will Backup)
cycle 2430267: backup (idempotent_violation)
Cycle 2430267: clank backup(Will Backup)
cycle 2443485: backup (idempotent_violation)
Cycle 2443485: clank backup(Will Backup)
cycle 2456608: backup (idempotent_violation)
Cycle 2456608: clank backup(Will Backup)
cycle 2469895: backup (idempotent_violation)
Cycle 2469895: clank backup(Will Backup)
cycle 2477270: backup (idempotent_violation)
Cycle 2477270: clank backup(Will Backup)
cycle 2490381: backup (idempotent_violation)
Cycle 2490381: clank backup(Will Backup)
cycle 2503614: backup (idempotent_violation)
Cycle 2503614: clank backup(Will Backup)
cycle 2516739: backup (idempotent_violation)
Cycle 2516739: clank backup(Will Backup)
cycle 2529997: backup (idempotent_violation)
Cycle 2529997: clank backup(Will Backup)
cycle 2543215: backup (idempotent_violation)
Cycle 2543215: clank backup(Will Backup)
cycle 2556582: backup (idempotent_violation)
Cycle 2556582: clank backup(Will Backup)
cycle 2569856: backup (idempotent_violation)
Cycle 2569856: clank backup(Will Backup)
cycle 2583266: backup (idempotent_violation)
Cycle 2583266: clank backup(Will Backup)
cycle 2596431: backup (idempotent_violation)
Cycle 2596431: clank backup(Will Backup)
cycle 2609786: backup (idempotent_violation)
Cycle 2609786: clank backup(Will Backup)
cycle 2623126: backup (idempotent_violation)
Cycle 2623126: clank backup(Will Backup)
cycle 2636616: backup (idempotent_violation)
Cycle 2636616: clank backup(Will Backup)
cycle 2649877: backup (idempotent_violation)
Cycle 2649877: clank backup(Will Backup)
cycle 2662972: backup (idempotent_violation)
Cycle 2662972: clank backup(Will Backup)
cycle 2742525: backup (idempotent_violation)
Cycle 2742525: clank backup(Will Backup)
cycle 2755717: backup (idempotent_violation)
Cycle 2755717: clank backup(Will Backup)
cycle 2768975: backup (idempotent_violation)
Cycle 2768975: clank backup(Will Backup)
cycle 2782342: backup (idempotent_violation)
Cycle 2782342: clank backup(Will Backup)
cycle 2795561: backup (idempotent_violation)
Cycle 2795561: clank backup(Will Backup)
cycle 2808726: backup (idempotent_violation)
Cycle 2808726: clank backup(Will Backup)
cycle 2821971: backup (idempotent_violation)
Cycle 2821971: clank backup(Will Backup)
cycle 2835120: backup (idempotent_violation)
Cycle 2835120: clank backup(Will Backup)
cycle 2848269: backup (idempotent_violation)
Cycle 2848269: clank backup(Will Backup)
cycle 2861461: backup (idempotent_violation)
Cycle 2861461: clank backup(Will Backup)
cycle 2874530: backup (idempotent_violation)
Cycle 2874530: clank backup(Will Backup)
cycle 2887911: backup (idempotent_violation)
Cycle 2887911: clank backup(Will Backup)
Cycle 2889518: instructions towards forward progress=200000
cycle 2900966: backup (idempotent_violation)
Cycle 2900966: clank backup(Will Backup)
cycle 2914238: backup (idempotent_violation)
Cycle 2914238: clank backup(Will Backup)
cycle 2927511: backup (idempotent_violation)
Cycle 2927511: clank backup(Will Backup)
cycle 2940593: backup (idempotent_violation)
Cycle 2940593: clank backup(Will Backup)
cycle 2953825: backup (idempotent_violation)
Cycle 2953825: clank backup(Will Backup)
cycle 2966922: backup (idempotent_violation)
Cycle 2966922: clank backup(Will Backup)
cycle 2980165: backup (idempotent_violation)
Cycle 2980165: clank backup(Will Backup)
cycle 2993450: backup (idempotent_violation)
Cycle 2993450: clank backup(Will Backup)
cycle 3006616: backup (idempotent_violation)
Cycle 3006616: clank backup(Will Backup)
cycle 3019834: backup (idempotent_violation)
Cycle 3019834: clank backup(Will Backup)
cycle 3033091: backup (idempotent_violation)
Cycle 3033091: clank backup(Will Backup)
cycle 3046243: backup (idempotent_violation)
Cycle 3046243: clank backup(Will Backup)
cycle 3059581: backup (idempotent_violation)
Cycle 3059581: clank backup(Will Backup)
cycle 3073003: backup (idempotent_violation)
Cycle 3073003: clank backup(Will Backup)
cycle 3086115: backup (idempotent_violation)
Cycle 3086115: clank backup(Will Backup)
cycle 3099413: backup (idempotent_violation)
Cycle 3099413: clank backup(Will Backup)
cycle 3112577: backup (idempotent_violation)
Cycle 3112577: clank backup(Will Backup)
cycle 3125850: backup (idempotent_violation)
Cycle 3125850: clank backup(Will Backup)
cycle 3138892: backup (idempotent_violation)
Cycle 3138892: clank backup(Will Backup)
cycle 3152271: backup (idempotent_violation)
Cycle 3152271: clank backup(Will Backup)
cycle 3165272: backup (idempotent_violation)
Cycle 3165272: clank backup(Will Backup)
cycle 3178438: backup (idempotent_violation)
Cycle 3178438: clank backup(Will Backup)
cycle 3191588: backup (idempotent_violation)
Cycle 3191588: clank backup(Will Backup)
cycle 3204846: backup (idempotent_violation)
Cycle 3204846: clank backup(Will Backup)
cycle 3217997: backup (idempotent_violation)
Cycle 3217997: clank backup(Will Backup)
cycle 3231472: backup (idempotent_violation)
Cycle 3231472: clank backup(Will Backup)
cycle 3244526: backup (idempotent_violation)
Cycle 3244526: clank backup(Will Backup)
cycle 3257567: backup (idempotent_violation)
Cycle 3257567: clank backup(Will Backup)
cycle 3270811: backup (idempotent_violation)
Cycle 3270811: clank backup(Will Backup)
cycle 3284002: backup (idempotent_violation)
Cycle 3284002: clank backup(Will Backup)
cycle 3297166: backup (idempotent_violation)
Cycle 3297166: clank backup(Will Backup)
cycle 3304555: backup (idempotent_violation)
Cycle 3304555: clank backup(Will Backup)
cycle 3317732: backup (idempotent_violation)
Cycle 3317732: clank backup(Will Backup)
cycle 3331017: backup (idempotent_violation)
Cycle 3331017: clank backup(Will Backup)
cycle 3344070: backup (idempotent_violation)
Cycle 3344070: clank backup(Will Backup)
cycle 3357085: backup (idempotent_violation)
Cycle 3357085: clank backup(Will Backup)
cycle 3370372: backup (idempotent_violation)
Cycle 3370372: clank backup(Will Backup)
cycle 3383698: backup (idempotent_violation)
Cycle 3383698: clank backup(Will Backup)
cycle 3396917: backup (idempotent_violation)
Cycle 3396917: clank backup(Will Backup)
cycle 3409985: backup (idempotent_violation)
Cycle 3409985: clank backup(Will Backup)
cycle 3423149: backup (idempotent_violation)
Cycle 3423149: clank backup(Will Backup)
cycle 3436340: backup (idempotent_violation)
Cycle 3436340: clank backup(Will Backup)
cycle 3449504: backup (idempotent_violation)
Cycle 3449504: clank backup(Will Backup)
cycle 3462709: backup (idempotent_violation)
Cycle 3462709: clank backup(Will Backup)
cycle 3475874: backup (idempotent_violation)
Cycle 3475874: clank backup(Will Backup)
cycle 3488982: backup (idempotent_violation)
Cycle 3488982: clank backup(Will Backup)
cycle 3568066: backup (idempotent_violation)
Cycle 3568066: clank backup(Will Backup)
cycle 3581268: backup (idempotent_violation)
Cycle 3581268: clank backup(Will Backup)
cycle 3594460: backup (idempotent_violation)
Cycle 3594460: clank backup(Will Backup)
cycle 3607625: backup (idempotent_violation)
Cycle 3607625: clank backup(Will Backup)
cycle 3620992: backup (idempotent_violation)
Cycle 3620992: clank backup(Will Backup)
cycle 3634346: backup (idempotent_violation)
Cycle 3634346: clank backup(Will Backup)
cycle 3647699: backup (idempotent_violation)
Cycle 3647699: clank backup(Will Backup)
Cycle 3650044: spendthrift backup(Will Backup)
Cycle 3650058: spendthrift backup(Will Backup)
Cycle 3650072: spendthrift backup(Will Backup)
Cycle 3650086: spendthrift backup(Will Backup)
Cycle 3650100: spendthrift backup(Will Backup)
Cycle 3650114: spendthrift backup(Will Backup)
Cycle 3650128: spendthrift backup(Will Backup)
Cycle 3650142: spendthrift backup(Will Backup)
cycle 3650142: POWER OFF - is_active()
cycle 3740201: backup (idempotent_violation)
Cycle 3740201: clank backup(Will Backup)
cycle 3753363: backup (idempotent_violation)
Cycle 3753363: clank backup(Will Backup)
cycle 3766705: backup (idempotent_violation)
Cycle 3766705: clank backup(Will Backup)
cycle 3779842: backup (idempotent_violation)
Cycle 3779842: clank backup(Will Backup)
cycle 3793196: backup (idempotent_violation)
Cycle 3793196: clank backup(Will Backup)
cycle 3806387: backup (idempotent_violation)
Cycle 3806387: clank backup(Will Backup)
cycle 3819500: backup (idempotent_violation)
Cycle 3819500: clank backup(Will Backup)
cycle 3832607: backup (idempotent_violation)
Cycle 3832607: clank backup(Will Backup)
cycle 3845864: backup (idempotent_violation)
Cycle 3845864: clank backup(Will Backup)
cycle 3858838: backup (idempotent_violation)
Cycle 3858838: clank backup(Will Backup)
cycle 3872123: backup (idempotent_violation)
Cycle 3872123: clank backup(Will Backup)
cycle 3885354: backup (idempotent_violation)
Cycle 3885354: clank backup(Will Backup)
cycle 3898288: backup (idempotent_violation)
Cycle 3898288: clank backup(Will Backup)
cycle 3911641: backup (idempotent_violation)
Cycle 3911641: clank backup(Will Backup)
cycle 3924913: backup (idempotent_violation)
Cycle 3924913: clank backup(Will Backup)
cycle 3938052: backup (idempotent_violation)
Cycle 3938052: clank backup(Will Backup)
cycle 3951350: backup (idempotent_violation)
Cycle 3951350: clank backup(Will Backup)
cycle 3964705: backup (idempotent_violation)
Cycle 3964705: clank backup(Will Backup)
cycle 3977951: backup (idempotent_violation)
Cycle 3977951: clank backup(Will Backup)
cycle 3991127: backup (idempotent_violation)
Cycle 3991127: clank backup(Will Backup)
cycle 4004492: backup (idempotent_violation)
Cycle 4004492: clank backup(Will Backup)
cycle 4017752: backup (idempotent_violation)
Cycle 4017752: clank backup(Will Backup)
cycle 4030698: backup (idempotent_violation)
Cycle 4030698: clank backup(Will Backup)
cycle 4043970: backup (idempotent_violation)
Cycle 4043970: clank backup(Will Backup)
cycle 4057052: backup (idempotent_violation)
Cycle 4057052: clank backup(Will Backup)
cycle 4070244: backup (idempotent_violation)
Cycle 4070244: clank backup(Will Backup)
cycle 4083350: backup (idempotent_violation)
Cycle 4083350: clank backup(Will Backup)
cycle 4096434: backup (idempotent_violation)
Cycle 4096434: clank backup(Will Backup)
cycle 4109611: backup (idempotent_violation)
Cycle 4109611: clank backup(Will Backup)
cycle 4122748: backup (idempotent_violation)
Cycle 4122748: clank backup(Will Backup)
cycle 4130166: backup (idempotent_violation)
Cycle 4130166: clank backup(Will Backup)
cycle 4143385: backup (idempotent_violation)
Cycle 4143385: clank backup(Will Backup)
cycle 4156453: backup (idempotent_violation)
Cycle 4156453: clank backup(Will Backup)
cycle 4169682: backup (idempotent_violation)
Cycle 4169682: clank backup(Will Backup)
cycle 4182766: backup (idempotent_violation)
Cycle 4182766: clank backup(Will Backup)
cycle 4196064: backup (idempotent_violation)
Cycle 4196064: clank backup(Will Backup)
cycle 4209189: backup (idempotent_violation)
Cycle 4209189: clank backup(Will Backup)
cycle 4222504: backup (idempotent_violation)
Cycle 4222504: clank backup(Will Backup)
cycle 4235775: backup (idempotent_violation)
Cycle 4235775: clank backup(Will Backup)
cycle 4249073: backup (idempotent_violation)
Cycle 4249073: clank backup(Will Backup)
cycle 4262276: backup (idempotent_violation)
Cycle 4262276: clank backup(Will Backup)
cycle 4275521: backup (idempotent_violation)
Cycle 4275521: clank backup(Will Backup)
cycle 4288672: backup (idempotent_violation)
Cycle 4288672: clank backup(Will Backup)
cycle 4302065: backup (idempotent_violation)
Cycle 4302065: clank backup(Will Backup)
cycle 4315217: backup (idempotent_violation)
Cycle 4315217: clank backup(Will Backup)
cycle 4328460: backup (idempotent_violation)
Cycle 4328460: clank backup(Will Backup)
Cycle 4334201: instructions towards forward progress=300000
cycle 4341703: backup (idempotent_violation)
Cycle 4341703: clank backup(Will Backup)
cycle 4354828: backup (idempotent_violation)
Cycle 4354828: clank backup(Will Backup)
cycle 4368073: backup (idempotent_violation)
Cycle 4368073: clank backup(Will Backup)
cycle 4381344: backup (idempotent_violation)
Cycle 4381344: clank backup(Will Backup)
cycle 4394712: backup (idempotent_violation)
Cycle 4394712: clank backup(Will Backup)
cycle 4408039: backup (idempotent_violation)
Cycle 4408039: clank backup(Will Backup)
cycle 4421188: backup (idempotent_violation)
Cycle 4421188: clank backup(Will Backup)
cycle 4434383: backup (idempotent_violation)
Cycle 4434383: clank backup(Will Backup)
cycle 4447560: backup (idempotent_violation)
Cycle 4447560: clank backup(Will Backup)
cycle 4460682: backup (idempotent_violation)
Cycle 4460682: clank backup(Will Backup)
cycle 4473942: backup (idempotent_violation)
Cycle 4473942: clank backup(Will Backup)
cycle 4487066: backup (idempotent_violation)
Cycle 4487066: clank backup(Will Backup)
cycle 4566202: backup (idempotent_violation)
Cycle 4566202: clank backup(Will Backup)
cycle 4579625: backup (idempotent_violation)
Cycle 4579625: clank backup(Will Backup)
cycle 4592938: backup (idempotent_violation)
Cycle 4592938: clank backup(Will Backup)
cycle 4606092: backup (idempotent_violation)
Cycle 4606092: clank backup(Will Backup)
cycle 4619336: backup (idempotent_violation)
Cycle 4619336: clank backup(Will Backup)
cycle 4632499: backup (idempotent_violation)
Cycle 4632499: clank backup(Will Backup)
cycle 4645690: backup (idempotent_violation)
Cycle 4645690: clank backup(Will Backup)
cycle 4658934: backup (idempotent_violation)
Cycle 4658934: clank backup(Will Backup)
cycle 4672277: backup (idempotent_violation)
Cycle 4672277: clank backup(Will Backup)
cycle 4685590: backup (idempotent_violation)
Cycle 4685590: clank backup(Will Backup)
cycle 4698877: backup (idempotent_violation)
Cycle 4698877: clank backup(Will Backup)
cycle 4712068: backup (idempotent_violation)
Cycle 4712068: clank backup(Will Backup)
cycle 4725437: backup (idempotent_violation)
Cycle 4725437: clank backup(Will Backup)
cycle 4738643: backup (idempotent_violation)
Cycle 4738643: clank backup(Will Backup)
cycle 4751820: backup (idempotent_violation)
Cycle 4751820: clank backup(Will Backup)
cycle 4764998: backup (idempotent_violation)
Cycle 4764998: clank backup(Will Backup)
cycle 4778135: backup (idempotent_violation)
Cycle 4778135: clank backup(Will Backup)
cycle 4791311: backup (idempotent_violation)
Cycle 4791311: clank backup(Will Backup)
cycle 4804368: backup (idempotent_violation)
Cycle 4804368: clank backup(Will Backup)
cycle 4817613: backup (idempotent_violation)
Cycle 4817613: clank backup(Will Backup)
cycle 4830819: backup (idempotent_violation)
Cycle 4830819: clank backup(Will Backup)
cycle 4844107: backup (idempotent_violation)
Cycle 4844107: clank backup(Will Backup)
cycle 4857323: backup (idempotent_violation)
Cycle 4857323: clank backup(Will Backup)
cycle 4870527: backup (idempotent_violation)
Cycle 4870527: clank backup(Will Backup)
cycle 4883774: backup (idempotent_violation)
Cycle 4883774: clank backup(Will Backup)
cycle 4896854: backup (idempotent_violation)
Cycle 4896854: clank backup(Will Backup)
cycle 4910004: backup (idempotent_violation)
Cycle 4910004: clank backup(Will Backup)
cycle 4923262: backup (idempotent_violation)
Cycle 4923262: clank backup(Will Backup)
cycle 4936343: backup (idempotent_violation)
Cycle 4936343: clank backup(Will Backup)
cycle 4949387: backup (idempotent_violation)
Cycle 4949387: clank backup(Will Backup)
cycle 4956844: backup (idempotent_violation)
Cycle 4956844: clank backup(Will Backup)
cycle 4970240: backup (idempotent_violation)
Cycle 4970240: clank backup(Will Backup)
cycle 4983443: backup (idempotent_violation)
Cycle 4983443: clank backup(Will Backup)
cycle 4996431: backup (idempotent_violation)
Cycle 4996431: clank backup(Will Backup)
cycle 5009702: backup (idempotent_violation)
Cycle 5009702: clank backup(Will Backup)
cycle 5022975: backup (idempotent_violation)
Cycle 5022975: clank backup(Will Backup)
cycle 5036234: backup (idempotent_violation)
Cycle 5036234: clank backup(Will Backup)
cycle 5049426: backup (idempotent_violation)
Cycle 5049426: clank backup(Will Backup)
cycle 5062741: backup (idempotent_violation)
Cycle 5062741: clank backup(Will Backup)
cycle 5076054: backup (idempotent_violation)
Cycle 5076054: clank backup(Will Backup)
cycle 5089245: backup (idempotent_violation)
Cycle 5089245: clank backup(Will Backup)
cycle 5102599: backup (idempotent_violation)
Cycle 5102599: clank backup(Will Backup)
cycle 5115887: backup (idempotent_violation)
Cycle 5115887: clank backup(Will Backup)
cycle 5129145: backup (idempotent_violation)
Cycle 5129145: clank backup(Will Backup)
cycle 5142321: backup (idempotent_violation)
Cycle 5142321: clank backup(Will Backup)
cycle 5155525: backup (idempotent_violation)
Cycle 5155525: clank backup(Will Backup)
cycle 5168647: backup (idempotent_violation)
Cycle 5168647: clank backup(Will Backup)
cycle 5181945: backup (idempotent_violation)
Cycle 5181945: clank backup(Will Backup)
cycle 5195176: backup (idempotent_violation)
Cycle 5195176: clank backup(Will Backup)
cycle 5208355: backup (idempotent_violation)
Cycle 5208355: clank backup(Will Backup)
cycle 5221571: backup (idempotent_violation)
Cycle 5221571: clank backup(Will Backup)
cycle 5234775: backup (idempotent_violation)
Cycle 5234775: clank backup(Will Backup)
cycle 5247982: backup (idempotent_violation)
Cycle 5247982: clank backup(Will Backup)
cycle 5261349: backup (idempotent_violation)
Cycle 5261349: clank backup(Will Backup)
cycle 5274690: backup (idempotent_violation)
Cycle 5274690: clank backup(Will Backup)
cycle 5287745: backup (idempotent_violation)
Cycle 5287745: clank backup(Will Backup)
cycle 5300962: backup (idempotent_violation)
Cycle 5300962: clank backup(Will Backup)
cycle 5314140: backup (idempotent_violation)
Cycle 5314140: clank backup(Will Backup)
cycle 5393595: backup (idempotent_violation)
Cycle 5393595: clank backup(Will Backup)
cycle 5406827: backup (idempotent_violation)
Cycle 5406827: clank backup(Will Backup)
cycle 5420059: backup (idempotent_violation)
Cycle 5420059: clank backup(Will Backup)
cycle 5433318: backup (idempotent_violation)
Cycle 5433318: clank backup(Will Backup)
cycle 5446523: backup (idempotent_violation)
Cycle 5446523: clank backup(Will Backup)
cycle 5459823: backup (idempotent_violation)
Cycle 5459823: clank backup(Will Backup)
cycle 5473027: backup (idempotent_violation)
Cycle 5473027: clank backup(Will Backup)
Cycle 5475358: spendthrift backup(Will Backup)
Cycle 5475376: spendthrift backup(Will Backup)
Cycle 5475390: spendthrift backup(Will Backup)
Cycle 5475405: spendthrift backup(Will Backup)
Cycle 5475419: spendthrift backup(Will Backup)
Cycle 5475433: spendthrift backup(Will Backup)
Cycle 5475448: spendthrift backup(Will Backup)
Cycle 5475462: spendthrift backup(Will Backup)
Cycle 5475476: spendthrift backup(Will Backup)
Cycle 5475494: spendthrift backup(Will Backup)
cycle 5475494: POWER OFF - is_active()
cycle 5566143: backup (idempotent_violation)
Cycle 5566143: clank backup(Will Backup)
cycle 5579509: backup (idempotent_violation)
Cycle 5579509: clank backup(Will Backup)
cycle 5592675: backup (idempotent_violation)
Cycle 5592675: clank backup(Will Backup)
cycle 5605675: backup (idempotent_violation)
Cycle 5605675: clank backup(Will Backup)
cycle 5618825: backup (idempotent_violation)
Cycle 5618825: clank backup(Will Backup)
cycle 5632112: backup (idempotent_violation)
Cycle 5632112: clank backup(Will Backup)
cycle 5645316: backup (idempotent_violation)
Cycle 5645316: clank backup(Will Backup)
cycle 5658534: backup (idempotent_violation)
Cycle 5658534: clank backup(Will Backup)
cycle 5671658: backup (idempotent_violation)
Cycle 5671658: clank backup(Will Backup)
cycle 5684863: backup (idempotent_violation)
Cycle 5684863: clank backup(Will Backup)
cycle 5698325: backup (idempotent_violation)
Cycle 5698325: clank backup(Will Backup)
cycle 5711449: backup (idempotent_violation)
Cycle 5711449: clank backup(Will Backup)
cycle 5724585: backup (idempotent_violation)
Cycle 5724585: clank backup(Will Backup)
cycle 5737765: backup (idempotent_violation)
Cycle 5737765: clank backup(Will Backup)
cycle 5751119: backup (idempotent_violation)
Cycle 5751119: clank backup(Will Backup)
cycle 5764338: backup (idempotent_violation)
Cycle 5764338: clank backup(Will Backup)
cycle 5777706: backup (idempotent_violation)
Cycle 5777706: clank backup(Will Backup)
Cycle 5778760: instructions towards forward progress=400000
cycle 5785122: backup (idempotent_violation)
Cycle 5785122: clank backup(Will Backup)
cycle 5798572: backup (idempotent_violation)
Cycle 5798572: clank backup(Will Backup)
cycle 5811667: backup (idempotent_violation)
Cycle 5811667: clank backup(Will Backup)
cycle 5824804: backup (idempotent_violation)
Cycle 5824804: clank backup(Will Backup)
cycle 5837923: backup (idempotent_violation)
Cycle 5837923: clank backup(Will Backup)
cycle 5850991: backup (idempotent_violation)
Cycle 5850991: clank backup(Will Backup)
cycle 5864114: backup (idempotent_violation)
Cycle 5864114: clank backup(Will Backup)
cycle 5877359: backup (idempotent_violation)
Cycle 5877359: clank backup(Will Backup)
cycle 5890673: backup (idempotent_violation)
Cycle 5890673: clank backup(Will Backup)
cycle 5903753: backup (idempotent_violation)
Cycle 5903753: clank backup(Will Backup)
cycle 5916997: backup (idempotent_violation)
Cycle 5916997: clank backup(Will Backup)
cycle 5930122: backup (idempotent_violation)
Cycle 5930122: clank backup(Will Backup)
cycle 5943342: backup (idempotent_violation)
Cycle 5943342: clank backup(Will Backup)
cycle 5956490: backup (idempotent_violation)
Cycle 5956490: clank backup(Will Backup)
cycle 5969791: backup (idempotent_violation)
Cycle 5969791: clank backup(Will Backup)
cycle 5982859: backup (idempotent_violation)
Cycle 5982859: clank backup(Will Backup)
cycle 5995953: backup (idempotent_violation)
Cycle 5995953: clank backup(Will Backup)
cycle 6009226: backup (idempotent_violation)
Cycle 6009226: clank backup(Will Backup)
cycle 6022336: backup (idempotent_violation)
Cycle 6022336: clank backup(Will Backup)
cycle 6035730: backup (idempotent_violation)
Cycle 6035730: clank backup(Will Backup)
cycle 6048948: backup (idempotent_violation)
Cycle 6048948: clank backup(Will Backup)
cycle 6062179: backup (idempotent_violation)
Cycle 6062179: clank backup(Will Backup)
cycle 6075453: backup (idempotent_violation)
Cycle 6075453: clank backup(Will Backup)
cycle 6088671: backup (idempotent_violation)
Cycle 6088671: clank backup(Will Backup)
cycle 6101917: backup (idempotent_violation)
Cycle 6101917: clank backup(Will Backup)
cycle 6115068: backup (idempotent_violation)
Cycle 6115068: clank backup(Will Backup)
cycle 6128327: backup (idempotent_violation)
Cycle 6128327: clank backup(Will Backup)
cycle 6141490: backup (idempotent_violation)
Cycle 6141490: clank backup(Will Backup)
cycle 6154600: backup (idempotent_violation)
Cycle 6154600: clank backup(Will Backup)
cycle 6167817: backup (idempotent_violation)
Cycle 6167817: clank backup(Will Backup)
cycle 6181023: backup (idempotent_violation)
Cycle 6181023: clank backup(Will Backup)
cycle 6194319: backup (idempotent_violation)
Cycle 6194319: clank backup(Will Backup)
cycle 6207715: backup (idempotent_violation)
Cycle 6207715: clank backup(Will Backup)
cycle 6221083: backup (idempotent_violation)
Cycle 6221083: clank backup(Will Backup)
cycle 6234151: backup (idempotent_violation)
Cycle 6234151: clank backup(Will Backup)
cycle 6247300: backup (idempotent_violation)
Cycle 6247300: clank backup(Will Backup)
cycle 6260438: backup (idempotent_violation)
Cycle 6260438: clank backup(Will Backup)
cycle 6273697: backup (idempotent_violation)
Cycle 6273697: clank backup(Will Backup)
cycle 6286944: backup (idempotent_violation)
Cycle 6286944: clank backup(Will Backup)
cycle 6300163: backup (idempotent_violation)
Cycle 6300163: clank backup(Will Backup)
cycle 6313435: backup (idempotent_violation)
Cycle 6313435: clank backup(Will Backup)
cycle 6392414: backup (idempotent_violation)
Cycle 6392414: clank backup(Will Backup)
cycle 6405741: backup (idempotent_violation)
Cycle 6405741: clank backup(Will Backup)
cycle 6418930: backup (idempotent_violation)
Cycle 6418930: clank backup(Will Backup)
cycle 6432215: backup (idempotent_violation)
Cycle 6432215: clank backup(Will Backup)
cycle 6445364: backup (idempotent_violation)
Cycle 6445364: clank backup(Will Backup)
cycle 6458637: backup (idempotent_violation)
Cycle 6458637: clank backup(Will Backup)
cycle 6471911: backup (idempotent_violation)
Cycle 6471911: clank backup(Will Backup)
cycle 6484910: backup (idempotent_violation)
Cycle 6484910: clank backup(Will Backup)
cycle 6498076: backup (idempotent_violation)
Cycle 6498076: clank backup(Will Backup)
cycle 6511279: backup (idempotent_violation)
Cycle 6511279: clank backup(Will Backup)
cycle 6524550: backup (idempotent_violation)
Cycle 6524550: clank backup(Will Backup)
cycle 6537686: backup (idempotent_violation)
Cycle 6537686: clank backup(Will Backup)
cycle 6550891: backup (idempotent_violation)
Cycle 6550891: clank backup(Will Backup)
cycle 6564352: backup (idempotent_violation)
Cycle 6564352: clank backup(Will Backup)
cycle 6577585: backup (idempotent_violation)
Cycle 6577585: clank backup(Will Backup)
cycle 6590721: backup (idempotent_violation)
Cycle 6590721: clank backup(Will Backup)
cycle 6603817: backup (idempotent_violation)
Cycle 6603817: clank backup(Will Backup)
cycle 6611220: backup (idempotent_violation)
Cycle 6611220: clank backup(Will Backup)
cycle 6624533: backup (idempotent_violation)
Cycle 6624533: clank backup(Will Backup)
cycle 6637792: backup (idempotent_violation)
Cycle 6637792: clank backup(Will Backup)
cycle 6650928: backup (idempotent_violation)
Cycle 6650928: clank backup(Will Backup)
cycle 6664173: backup (idempotent_violation)
Cycle 6664173: clank backup(Will Backup)
cycle 6677403: backup (idempotent_violation)
Cycle 6677403: clank backup(Will Backup)
cycle 6690512: backup (idempotent_violation)
Cycle 6690512: clank backup(Will Backup)
cycle 6703513: backup (idempotent_violation)
Cycle 6703513: clank backup(Will Backup)
cycle 6716962: backup (idempotent_violation)
Cycle 6716962: clank backup(Will Backup)
cycle 6730167: backup (idempotent_violation)
Cycle 6730167: clank backup(Will Backup)
cycle 6743385: backup (idempotent_violation)
Cycle 6743385: clank backup(Will Backup)
cycle 6756659: backup (idempotent_violation)
Cycle 6756659: clank backup(Will Backup)
cycle 6770108: backup (idempotent_violation)
Cycle 6770108: clank backup(Will Backup)
cycle 6783382: backup (idempotent_violation)
Cycle 6783382: clank backup(Will Backup)
cycle 6796681: backup (idempotent_violation)
Cycle 6796681: clank backup(Will Backup)
cycle 6809802: backup (idempotent_violation)
Cycle 6809802: clank backup(Will Backup)
cycle 6823035: backup (idempotent_violation)
Cycle 6823035: clank backup(Will Backup)
cycle 6836267: backup (idempotent_violation)
Cycle 6836267: clank backup(Will Backup)
cycle 6849432: backup (idempotent_violation)
Cycle 6849432: clank backup(Will Backup)
cycle 6862463: backup (idempotent_violation)
Cycle 6862463: clank backup(Will Backup)
cycle 6875600: backup (idempotent_violation)
Cycle 6875600: clank backup(Will Backup)
cycle 6888668: backup (idempotent_violation)
Cycle 6888668: clank backup(Will Backup)
cycle 6901874: backup (idempotent_violation)
Cycle 6901874: clank backup(Will Backup)
cycle 6915149: backup (idempotent_violation)
Cycle 6915149: clank backup(Will Backup)
cycle 6928542: backup (idempotent_violation)
Cycle 6928542: clank backup(Will Backup)
cycle 6941802: backup (idempotent_violation)
Cycle 6941802: clank backup(Will Backup)
cycle 6955019: backup (idempotent_violation)
Cycle 6955019: clank backup(Will Backup)
cycle 6968238: backup (idempotent_violation)
Cycle 6968238: clank backup(Will Backup)
cycle 6981538: backup (idempotent_violation)
Cycle 6981538: clank backup(Will Backup)
cycle 6994838: backup (idempotent_violation)
Cycle 6994838: clank backup(Will Backup)
cycle 7007973: backup (idempotent_violation)
Cycle 7007973: clank backup(Will Backup)
cycle 7021042: backup (idempotent_violation)
Cycle 7021042: clank backup(Will Backup)
cycle 7034192: backup (idempotent_violation)
Cycle 7034192: clank backup(Will Backup)
cycle 7047437: backup (idempotent_violation)
Cycle 7047437: clank backup(Will Backup)
cycle 7060643: backup (idempotent_violation)
Cycle 7060643: clank backup(Will Backup)
cycle 7073901: backup (idempotent_violation)
Cycle 7073901: clank backup(Will Backup)
cycle 7087254: backup (idempotent_violation)
Cycle 7087254: clank backup(Will Backup)
cycle 7100324: backup (idempotent_violation)
Cycle 7100324: clank backup(Will Backup)
cycle 7113650: backup (idempotent_violation)
Cycle 7113650: clank backup(Will Backup)
cycle 7126854: backup (idempotent_violation)
Cycle 7126854: clank backup(Will Backup)
cycle 7140059: backup (idempotent_violation)
Cycle 7140059: clank backup(Will Backup)
cycle 7219475: backup (idempotent_violation)
Cycle 7219475: clank backup(Will Backup)
Cycle 7223371: instructions towards forward progress=500000
cycle 7232545: backup (idempotent_violation)
Cycle 7232545: clank backup(Will Backup)
cycle 7245856: backup (idempotent_violation)
Cycle 7245856: clank backup(Will Backup)
cycle 7258995: backup (idempotent_violation)
Cycle 7258995: clank backup(Will Backup)
cycle 7272404: backup (idempotent_violation)
Cycle 7272404: clank backup(Will Backup)
cycle 7285661: backup (idempotent_violation)
Cycle 7285661: clank backup(Will Backup)
cycle 7298825: backup (idempotent_violation)
Cycle 7298825: clank backup(Will Backup)
Cycle 7300631: spendthrift backup(Will Backup)
Cycle 7300645: spendthrift backup(Will Backup)
Cycle 7300659: spendthrift backup(Will Backup)
Cycle 7300673: spendthrift backup(Will Backup)
Cycle 7300691: spendthrift backup(Will Backup)
Cycle 7300705: spendthrift backup(Will Backup)
Cycle 7300719: spendthrift backup(Will Backup)
Cycle 7300734: spendthrift backup(Will Backup)
Cycle 7300748: spendthrift backup(Will Backup)
Cycle 7300762: spendthrift backup(Will Backup)
cycle 7300762: POWER OFF - is_active()
cycle 7391630: backup (idempotent_violation)
Cycle 7391630: clank backup(Will Backup)
cycle 7405079: backup (idempotent_violation)
Cycle 7405079: clank backup(Will Backup)
cycle 7418161: backup (idempotent_violation)
Cycle 7418161: clank backup(Will Backup)
cycle 7431407: backup (idempotent_violation)
Cycle 7431407: clank backup(Will Backup)
cycle 7438742: backup (idempotent_violation)
Cycle 7438742: clank backup(Will Backup)
cycle 7451839: backup (idempotent_violation)
Cycle 7451839: clank backup(Will Backup)
cycle 7465043: backup (idempotent_violation)
Cycle 7465043: clank backup(Will Backup)
cycle 7478368: backup (idempotent_violation)
Cycle 7478368: clank backup(Will Backup)
cycle 7491519: backup (idempotent_violation)
Cycle 7491519: clank backup(Will Backup)
cycle 7504858: backup (idempotent_violation)
Cycle 7504858: clank backup(Will Backup)
cycle 7518184: backup (idempotent_violation)
Cycle 7518184: clank backup(Will Backup)
cycle 7531295: backup (idempotent_violation)
Cycle 7531295: clank backup(Will Backup)
cycle 7544608: backup (idempotent_violation)
Cycle 7544608: clank backup(Will Backup)
cycle 7557745: backup (idempotent_violation)
Cycle 7557745: clank backup(Will Backup)
cycle 7570897: backup (idempotent_violation)
Cycle 7570897: clank backup(Will Backup)
cycle 7584086: backup (idempotent_violation)
Cycle 7584086: clank backup(Will Backup)
cycle 7597153: backup (idempotent_violation)
Cycle 7597153: clank backup(Will Backup)
cycle 7610386: backup (idempotent_violation)
Cycle 7610386: clank backup(Will Backup)
cycle 7623602: backup (idempotent_violation)
Cycle 7623602: clank backup(Will Backup)
cycle 7636901: backup (idempotent_violation)
Cycle 7636901: clank backup(Will Backup)
cycle 7649999: backup (idempotent_violation)
Cycle 7649999: clank backup(Will Backup)
cycle 7663095: backup (idempotent_violation)
Cycle 7663095: clank backup(Will Backup)
cycle 7676284: backup (idempotent_violation)
Cycle 7676284: clank backup(Will Backup)
cycle 7689232: backup (idempotent_violation)
Cycle 7689232: clank backup(Will Backup)
cycle 7702369: backup (idempotent_violation)
Cycle 7702369: clank backup(Will Backup)
cycle 7715505: backup (idempotent_violation)
Cycle 7715505: clank backup(Will Backup)
cycle 7728724: backup (idempotent_violation)
Cycle 7728724: clank backup(Will Backup)
cycle 7741750: backup (idempotent_violation)
Cycle 7741750: clank backup(Will Backup)
cycle 7755020: backup (idempotent_violation)
Cycle 7755020: clank backup(Will Backup)
cycle 7768197: backup (idempotent_violation)
Cycle 7768197: clank backup(Will Backup)
cycle 7781468: backup (idempotent_violation)
Cycle 7781468: clank backup(Will Backup)
cycle 7794700: backup (idempotent_violation)
Cycle 7794700: clank backup(Will Backup)
cycle 7807905: backup (idempotent_violation)
Cycle 7807905: clank backup(Will Backup)
cycle 7821136: backup (idempotent_violation)
Cycle 7821136: clank backup(Will Backup)
cycle 7834271: backup (idempotent_violation)
Cycle 7834271: clank backup(Will Backup)
cycle 7847434: backup (idempotent_violation)
Cycle 7847434: clank backup(Will Backup)
cycle 7860556: backup (idempotent_violation)
Cycle 7860556: clank backup(Will Backup)
cycle 7873721: backup (idempotent_violation)
Cycle 7873721: clank backup(Will Backup)
cycle 7887034: backup (idempotent_violation)
Cycle 7887034: clank backup(Will Backup)
cycle 7900310: backup (idempotent_violation)
Cycle 7900310: clank backup(Will Backup)
cycle 7913556: backup (idempotent_violation)
Cycle 7913556: clank backup(Will Backup)
cycle 7926760: backup (idempotent_violation)
Cycle 7926760: clank backup(Will Backup)
cycle 7939899: backup (idempotent_violation)
Cycle 7939899: clank backup(Will Backup)
cycle 7953198: backup (idempotent_violation)
Cycle 7953198: clank backup(Will Backup)
cycle 7966336: backup (idempotent_violation)
Cycle 7966336: clank backup(Will Backup)
cycle 7979540: backup (idempotent_violation)
Cycle 7979540: clank backup(Will Backup)
cycle 7992597: backup (idempotent_violation)
Cycle 7992597: clank backup(Will Backup)
cycle 8005926: backup (idempotent_violation)
Cycle 8005926: clank backup(Will Backup)
cycle 8019157: backup (idempotent_violation)
Cycle 8019157: clank backup(Will Backup)
cycle 8032443: backup (idempotent_violation)
Cycle 8032443: clank backup(Will Backup)
cycle 8045812: backup (idempotent_violation)
Cycle 8045812: clank backup(Will Backup)
cycle 8058839: backup (idempotent_violation)
Cycle 8058839: clank backup(Will Backup)
cycle 8071962: backup (idempotent_violation)
Cycle 8071962: clank backup(Will Backup)
cycle 8085153: backup (idempotent_violation)
Cycle 8085153: clank backup(Will Backup)
cycle 8098318: backup (idempotent_violation)
Cycle 8098318: clank backup(Will Backup)
cycle 8111549: backup (idempotent_violation)
Cycle 8111549: clank backup(Will Backup)
cycle 8124834: backup (idempotent_violation)
Cycle 8124834: clank backup(Will Backup)
cycle 8138133: backup (idempotent_violation)
Cycle 8138133: clank backup(Will Backup)
cycle 8217713: backup (idempotent_violation)
Cycle 8217713: clank backup(Will Backup)
cycle 8230825: backup (idempotent_violation)
Cycle 8230825: clank backup(Will Backup)
cycle 8244287: backup (idempotent_violation)
Cycle 8244287: clank backup(Will Backup)
cycle 8257397: backup (idempotent_violation)
Cycle 8257397: clank backup(Will Backup)
cycle 8264706: backup (idempotent_violation)
Cycle 8264706: clank backup(Will Backup)
cycle 8277879: backup (idempotent_violation)
Cycle 8277879: clank backup(Will Backup)
cycle 8290975: backup (idempotent_violation)
Cycle 8290975: clank backup(Will Backup)
cycle 8304042: backup (idempotent_violation)
Cycle 8304042: clank backup(Will Backup)
cycle 8317275: backup (idempotent_violation)
Cycle 8317275: clank backup(Will Backup)
cycle 8330276: backup (idempotent_violation)
Cycle 8330276: clank backup(Will Backup)
cycle 8343360: backup (idempotent_violation)
Cycle 8343360: clank backup(Will Backup)
cycle 8356785: backup (idempotent_violation)
Cycle 8356785: clank backup(Will Backup)
cycle 8370247: backup (idempotent_violation)
Cycle 8370247: clank backup(Will Backup)
cycle 8383464: backup (idempotent_violation)
Cycle 8383464: clank backup(Will Backup)
cycle 8396722: backup (idempotent_violation)
Cycle 8396722: clank backup(Will Backup)
cycle 8409968: backup (idempotent_violation)
Cycle 8409968: clank backup(Will Backup)
cycle 8423061: backup (idempotent_violation)
Cycle 8423061: clank backup(Will Backup)
cycle 8436238: backup (idempotent_violation)
Cycle 8436238: clank backup(Will Backup)
cycle 8449483: backup (idempotent_violation)
Cycle 8449483: clank backup(Will Backup)
cycle 8462689: backup (idempotent_violation)
Cycle 8462689: clank backup(Will Backup)
cycle 8475950: backup (idempotent_violation)
Cycle 8475950: clank backup(Will Backup)
cycle 8489262: backup (idempotent_violation)
Cycle 8489262: clank backup(Will Backup)
cycle 8502292: backup (idempotent_violation)
Cycle 8502292: clank backup(Will Backup)
cycle 8515686: backup (idempotent_violation)
Cycle 8515686: clank backup(Will Backup)
cycle 8528767: backup (idempotent_violation)
Cycle 8528767: clank backup(Will Backup)
cycle 8541794: backup (idempotent_violation)
Cycle 8541794: clank backup(Will Backup)
cycle 8555189: backup (idempotent_violation)
Cycle 8555189: clank backup(Will Backup)
cycle 8568353: backup (idempotent_violation)
Cycle 8568353: clank backup(Will Backup)
cycle 8581626: backup (idempotent_violation)
Cycle 8581626: clank backup(Will Backup)
cycle 8594925: backup (idempotent_violation)
Cycle 8594925: clank backup(Will Backup)
cycle 8608213: backup (idempotent_violation)
Cycle 8608213: clank backup(Will Backup)
cycle 8621567: backup (idempotent_violation)
Cycle 8621567: clank backup(Will Backup)
cycle 8634866: backup (idempotent_violation)
Cycle 8634866: clank backup(Will Backup)
cycle 8648152: backup (idempotent_violation)
Cycle 8648152: clank backup(Will Backup)
cycle 8661304: backup (idempotent_violation)
Cycle 8661304: clank backup(Will Backup)
Cycle 8668005: instructions towards forward progress=600000
cycle 8674631: backup (idempotent_violation)
Cycle 8674631: clank backup(Will Backup)
cycle 8687942: backup (idempotent_violation)
Cycle 8687942: clank backup(Will Backup)
cycle 8701159: backup (idempotent_violation)
Cycle 8701159: clank backup(Will Backup)
cycle 8714431: backup (idempotent_violation)
Cycle 8714431: clank backup(Will Backup)
cycle 8727568: backup (idempotent_violation)
Cycle 8727568: clank backup(Will Backup)
cycle 8740733: backup (idempotent_violation)
Cycle 8740733: clank backup(Will Backup)
cycle 8754017: backup (idempotent_violation)
Cycle 8754017: clank backup(Will Backup)
cycle 8767292: backup (idempotent_violation)
Cycle 8767292: clank backup(Will Backup)
cycle 8780564: backup (idempotent_violation)
Cycle 8780564: clank backup(Will Backup)
cycle 8793771: backup (idempotent_violation)
Cycle 8793771: clank backup(Will Backup)
cycle 8807071: backup (idempotent_violation)
Cycle 8807071: clank backup(Will Backup)
cycle 8820399: backup (idempotent_violation)
Cycle 8820399: clank backup(Will Backup)
cycle 8833522: backup (idempotent_violation)
Cycle 8833522: clank backup(Will Backup)
cycle 8846764: backup (idempotent_violation)
Cycle 8846764: clank backup(Will Backup)
cycle 8859864: backup (idempotent_violation)
Cycle 8859864: clank backup(Will Backup)
cycle 8873066: backup (idempotent_violation)
Cycle 8873066: clank backup(Will Backup)
cycle 8886325: backup (idempotent_violation)
Cycle 8886325: clank backup(Will Backup)
cycle 8899420: backup (idempotent_violation)
Cycle 8899420: clank backup(Will Backup)
cycle 8912730: backup (idempotent_violation)
Cycle 8912730: clank backup(Will Backup)
cycle 8925826: backup (idempotent_violation)
Cycle 8925826: clank backup(Will Backup)
cycle 8939155: backup (idempotent_violation)
Cycle 8939155: clank backup(Will Backup)
cycle 8952603: backup (idempotent_violation)
Cycle 8952603: clank backup(Will Backup)
cycle 8965805: backup (idempotent_violation)
Cycle 8965805: clank backup(Will Backup)
cycle 9045034: backup (idempotent_violation)
Cycle 9045034: clank backup(Will Backup)
cycle 9058266: backup (idempotent_violation)
Cycle 9058266: clank backup(Will Backup)
cycle 9071375: backup (idempotent_violation)
Cycle 9071375: clank backup(Will Backup)
cycle 9084621: backup (idempotent_violation)
Cycle 9084621: clank backup(Will Backup)
cycle 9091954: backup (idempotent_violation)
Cycle 9091954: clank backup(Will Backup)
cycle 9105184: backup (idempotent_violation)
Cycle 9105184: clank backup(Will Backup)
cycle 9118348: backup (idempotent_violation)
Cycle 9118348: clank backup(Will Backup)
Cycle 9126320: spendthrift backup(Will Backup)
Cycle 9126335: spendthrift backup(Will Backup)
Cycle 9126349: spendthrift backup(Will Backup)
Cycle 9126363: spendthrift backup(Will Backup)
Cycle 9126377: spendthrift backup(Will Backup)
Cycle 9126392: spendthrift backup(Will Backup)
Cycle 9126406: spendthrift backup(Will Backup)
Cycle 9126424: spendthrift backup(Will Backup)
Cycle 9126438: spendthrift backup(Will Backup)
cycle 9126438: POWER OFF - is_active()
cycle 9224014: backup (idempotent_violation)
Cycle 9224014: clank backup(Will Backup)
cycle 9237111: backup (idempotent_violation)
Cycle 9237111: clank backup(Will Backup)
cycle 9250179: backup (idempotent_violation)
Cycle 9250179: clank backup(Will Backup)
cycle 9263411: backup (idempotent_violation)
Cycle 9263411: clank backup(Will Backup)
cycle 9276806: backup (idempotent_violation)
Cycle 9276806: clank backup(Will Backup)
cycle 9290022: backup (idempotent_violation)
Cycle 9290022: clank backup(Will Backup)
cycle 9303079: backup (idempotent_violation)
Cycle 9303079: clank backup(Will Backup)
cycle 9316240: backup (idempotent_violation)
Cycle 9316240: clank backup(Will Backup)
cycle 9329337: backup (idempotent_violation)
Cycle 9329337: clank backup(Will Backup)
cycle 9342566: backup (idempotent_violation)
Cycle 9342566: clank backup(Will Backup)
cycle 9355839: backup (idempotent_violation)
Cycle 9355839: clank backup(Will Backup)
cycle 9369083: backup (idempotent_violation)
Cycle 9369083: clank backup(Will Backup)
cycle 9382300: backup (idempotent_violation)
Cycle 9382300: clank backup(Will Backup)
cycle 9395423: backup (idempotent_violation)
Cycle 9395423: clank backup(Will Backup)
cycle 9408623: backup (idempotent_violation)
Cycle 9408623: clank backup(Will Backup)
cycle 9421857: backup (idempotent_violation)
Cycle 9421857: clank backup(Will Backup)
cycle 9435047: backup (idempotent_violation)
Cycle 9435047: clank backup(Will Backup)
cycle 9448129: backup (idempotent_violation)
Cycle 9448129: clank backup(Will Backup)
cycle 9461292: backup (idempotent_violation)
Cycle 9461292: clank backup(Will Backup)
cycle 9474467: backup (idempotent_violation)
Cycle 9474467: clank backup(Will Backup)
cycle 9487591: backup (idempotent_violation)
Cycle 9487591: clank backup(Will Backup)
cycle 9501026: backup (idempotent_violation)
Cycle 9501026: clank backup(Will Backup)
cycle 9514205: backup (idempotent_violation)
Cycle 9514205: clank backup(Will Backup)
cycle 9527586: backup (idempotent_violation)
Cycle 9527586: clank backup(Will Backup)
cycle 9541008: backup (idempotent_violation)
Cycle 9541008: clank backup(Will Backup)
cycle 9554272: backup (idempotent_violation)
Cycle 9554272: clank backup(Will Backup)
cycle 9567570: backup (idempotent_violation)
Cycle 9567570: clank backup(Will Backup)
cycle 9580668: backup (idempotent_violation)
Cycle 9580668: clank backup(Will Backup)
cycle 9594005: backup (idempotent_violation)
Cycle 9594005: clank backup(Will Backup)
cycle 9607267: backup (idempotent_violation)
Cycle 9607267: clank backup(Will Backup)
cycle 9620364: backup (idempotent_violation)
Cycle 9620364: clank backup(Will Backup)
cycle 9633581: backup (idempotent_violation)
Cycle 9633581: clank backup(Will Backup)
cycle 9646800: backup (idempotent_violation)
Cycle 9646800: clank backup(Will Backup)
cycle 9660109: backup (idempotent_violation)
Cycle 9660109: clank backup(Will Backup)
cycle 9673193: backup (idempotent_violation)
Cycle 9673193: clank backup(Will Backup)
cycle 9686357: backup (idempotent_violation)
Cycle 9686357: clank backup(Will Backup)
cycle 9699684: backup (idempotent_violation)
Cycle 9699684: clank backup(Will Backup)
cycle 9712780: backup (idempotent_violation)
Cycle 9712780: clank backup(Will Backup)
cycle 9726063: backup (idempotent_violation)
Cycle 9726063: clank backup(Will Backup)
cycle 9739203: backup (idempotent_violation)
Cycle 9739203: clank backup(Will Backup)
cycle 9752557: backup (idempotent_violation)
Cycle 9752557: clank backup(Will Backup)
cycle 9765816: backup (idempotent_violation)
Cycle 9765816: clank backup(Will Backup)
cycle 9779156: backup (idempotent_violation)
Cycle 9779156: clank backup(Will Backup)
cycle 9792400: backup (idempotent_violation)
Cycle 9792400: clank backup(Will Backup)
cycle 9805593: backup (idempotent_violation)
Cycle 9805593: clank backup(Will Backup)
cycle 9818715: backup (idempotent_violation)
Cycle 9818715: clank backup(Will Backup)
cycle 9831869: backup (idempotent_violation)
Cycle 9831869: clank backup(Will Backup)
cycle 9845181: backup (idempotent_violation)
Cycle 9845181: clank backup(Will Backup)
cycle 9858358: backup (idempotent_violation)
Cycle 9858358: clank backup(Will Backup)
cycle 9871603: backup (idempotent_violation)
Cycle 9871603: clank backup(Will Backup)
cycle 9884767: backup (idempotent_violation)
Cycle 9884767: clank backup(Will Backup)
cycle 9897917: backup (idempotent_violation)
Cycle 9897917: clank backup(Will Backup)
cycle 9911023: backup (idempotent_violation)
Cycle 9911023: clank backup(Will Backup)
cycle 9918277: backup (idempotent_violation)
Cycle 9918277: clank backup(Will Backup)
cycle 9931442: backup (idempotent_violation)
Cycle 9931442: clank backup(Will Backup)
cycle 9944726: backup (idempotent_violation)
Cycle 9944726: clank backup(Will Backup)
cycle 9957834: backup (idempotent_violation)
Cycle 9957834: clank backup(Will Backup)
cycle 9970998: backup (idempotent_violation)
Cycle 9970998: clank backup(Will Backup)
cycle 10050452: backup (idempotent_violation)
Cycle 10050452: clank backup(Will Backup)
cycle 10063686: backup (idempotent_violation)
Cycle 10063686: clank backup(Will Backup)
cycle 10076916: backup (idempotent_violation)
Cycle 10076916: clank backup(Will Backup)
cycle 10089984: backup (idempotent_violation)
Cycle 10089984: clank backup(Will Backup)
cycle 10103177: backup (idempotent_violation)
Cycle 10103177: clank backup(Will Backup)
Cycle 10112602: instructions towards forward progress=700000
cycle 10116436: backup (idempotent_violation)
Cycle 10116436: clank backup(Will Backup)
cycle 10129547: backup (idempotent_violation)
Cycle 10129547: clank backup(Will Backup)
cycle 10142725: backup (idempotent_violation)
Cycle 10142725: clank backup(Will Backup)
cycle 10155902: backup (idempotent_violation)
Cycle 10155902: clank backup(Will Backup)
cycle 10168955: backup (idempotent_violation)
Cycle 10168955: clank backup(Will Backup)
cycle 10182104: backup (idempotent_violation)
Cycle 10182104: clank backup(Will Backup)
cycle 10195226: backup (idempotent_violation)
Cycle 10195226: clank backup(Will Backup)
cycle 10208348: backup (idempotent_violation)
Cycle 10208348: clank backup(Will Backup)
cycle 10221484: backup (idempotent_violation)
Cycle 10221484: clank backup(Will Backup)
cycle 10234715: backup (idempotent_violation)
Cycle 10234715: clank backup(Will Backup)
cycle 10247934: backup (idempotent_violation)
Cycle 10247934: clank backup(Will Backup)
cycle 10261276: backup (idempotent_violation)
Cycle 10261276: clank backup(Will Backup)
cycle 10274602: backup (idempotent_violation)
Cycle 10274602: clank backup(Will Backup)
cycle 10287969: backup (idempotent_violation)
Cycle 10287969: clank backup(Will Backup)
cycle 10301254: backup (idempotent_violation)
Cycle 10301254: clank backup(Will Backup)
cycle 10314582: backup (idempotent_violation)
Cycle 10314582: clank backup(Will Backup)
cycle 10327717: backup (idempotent_violation)
Cycle 10327717: clank backup(Will Backup)
cycle 10341032: backup (idempotent_violation)
Cycle 10341032: clank backup(Will Backup)
cycle 10354207: backup (idempotent_violation)
Cycle 10354207: clank backup(Will Backup)
cycle 10367424: backup (idempotent_violation)
Cycle 10367424: clank backup(Will Backup)
cycle 10380655: backup (idempotent_violation)
Cycle 10380655: clank backup(Will Backup)
cycle 10393779: backup (idempotent_violation)
Cycle 10393779: clank backup(Will Backup)
cycle 10406941: backup (idempotent_violation)
Cycle 10406941: clank backup(Will Backup)
cycle 10420266: backup (idempotent_violation)
Cycle 10420266: clank backup(Will Backup)
cycle 10433349: backup (idempotent_violation)
Cycle 10433349: clank backup(Will Backup)
cycle 10446416: backup (idempotent_violation)
Cycle 10446416: clank backup(Will Backup)
cycle 10459784: backup (idempotent_violation)
Cycle 10459784: clank backup(Will Backup)
cycle 10472973: backup (idempotent_violation)
Cycle 10472973: clank backup(Will Backup)
cycle 10486135: backup (idempotent_violation)
Cycle 10486135: clank backup(Will Backup)
cycle 10499190: backup (idempotent_violation)
Cycle 10499190: clank backup(Will Backup)
cycle 10512382: backup (idempotent_violation)
Cycle 10512382: clank backup(Will Backup)
cycle 10525642: backup (idempotent_violation)
Cycle 10525642: clank backup(Will Backup)
cycle 10538941: backup (idempotent_violation)
Cycle 10538941: clank backup(Will Backup)
cycle 10551914: backup (idempotent_violation)
Cycle 10551914: clank backup(Will Backup)
cycle 10565147: backup (idempotent_violation)
Cycle 10565147: clank backup(Will Backup)
cycle 10578449: backup (idempotent_violation)
Cycle 10578449: clank backup(Will Backup)
cycle 10591749: backup (idempotent_violation)
Cycle 10591749: clank backup(Will Backup)
cycle 10605034: backup (idempotent_violation)
Cycle 10605034: clank backup(Will Backup)
cycle 10618251: backup (idempotent_violation)
Cycle 10618251: clank backup(Will Backup)
cycle 10631565: backup (idempotent_violation)
Cycle 10631565: clank backup(Will Backup)
cycle 10644837: backup (idempotent_violation)
Cycle 10644837: clank backup(Will Backup)
cycle 10658000: backup (idempotent_violation)
Cycle 10658000: clank backup(Will Backup)
cycle 10671258: backup (idempotent_violation)
Cycle 10671258: clank backup(Will Backup)
cycle 10684502: backup (idempotent_violation)
Cycle 10684502: clank backup(Will Backup)
cycle 10697694: backup (idempotent_violation)
Cycle 10697694: clank backup(Will Backup)
cycle 10710843: backup (idempotent_violation)
Cycle 10710843: clank backup(Will Backup)
cycle 10724167: backup (idempotent_violation)
Cycle 10724167: clank backup(Will Backup)
cycle 10737453: backup (idempotent_violation)
Cycle 10737453: clank backup(Will Backup)
cycle 10744844: backup (idempotent_violation)
Cycle 10744844: clank backup(Will Backup)
cycle 10757953: backup (idempotent_violation)
Cycle 10757953: clank backup(Will Backup)
cycle 10771157: backup (idempotent_violation)
Cycle 10771157: clank backup(Will Backup)
cycle 10784360: backup (idempotent_violation)
Cycle 10784360: clank backup(Will Backup)
cycle 10797673: backup (idempotent_violation)
Cycle 10797673: clank backup(Will Backup)
cycle 10876937: backup (idempotent_violation)
Cycle 10876937: clank backup(Will Backup)
cycle 10890223: backup (idempotent_violation)
Cycle 10890223: clank backup(Will Backup)
cycle 10903562: backup (idempotent_violation)
Cycle 10903562: clank backup(Will Backup)
cycle 10916916: backup (idempotent_violation)
Cycle 10916916: clank backup(Will Backup)
cycle 10930093: backup (idempotent_violation)
Cycle 10930093: clank backup(Will Backup)
cycle 10943285: backup (idempotent_violation)
Cycle 10943285: clank backup(Will Backup)
Cycle 10954382: spendthrift backup(Will Backup)
Cycle 10954396: spendthrift backup(Will Backup)
Cycle 10954410: spendthrift backup(Will Backup)
Cycle 10954424: spendthrift backup(Will Backup)
Cycle 10954438: spendthrift backup(Will Backup)
Cycle 10954452: spendthrift backup(Will Backup)
Cycle 10954466: spendthrift backup(Will Backup)
Cycle 10954481: spendthrift backup(Will Backup)
Cycle 10954495: spendthrift backup(Will Backup)
cycle 10954495: POWER OFF - is_active()
cycle 11048956: backup (idempotent_violation)
Cycle 11048956: clank backup(Will Backup)
cycle 11062269: backup (idempotent_violation)
Cycle 11062269: clank backup(Will Backup)
cycle 11075608: backup (idempotent_violation)
Cycle 11075608: clank backup(Will Backup)
cycle 11088841: backup (idempotent_violation)
Cycle 11088841: clank backup(Will Backup)
cycle 11102182: backup (idempotent_violation)
Cycle 11102182: clank backup(Will Backup)
cycle 11115413: backup (idempotent_violation)
Cycle 11115413: clank backup(Will Backup)
cycle 11128495: backup (idempotent_violation)
Cycle 11128495: clank backup(Will Backup)
cycle 11141726: backup (idempotent_violation)
Cycle 11141726: clank backup(Will Backup)
cycle 11155009: backup (idempotent_violation)
Cycle 11155009: clank backup(Will Backup)
cycle 11168146: backup (idempotent_violation)
Cycle 11168146: clank backup(Will Backup)
cycle 11181351: backup (idempotent_violation)
Cycle 11181351: clank backup(Will Backup)
cycle 11194596: backup (idempotent_violation)
Cycle 11194596: clank backup(Will Backup)
cycle 11207732: backup (idempotent_violation)
Cycle 11207732: clank backup(Will Backup)
cycle 11220948: backup (idempotent_violation)
Cycle 11220948: clank backup(Will Backup)
cycle 11234072: backup (idempotent_violation)
Cycle 11234072: clank backup(Will Backup)
cycle 11247386: backup (idempotent_violation)
Cycle 11247386: clank backup(Will Backup)
cycle 11260594: backup (idempotent_violation)
Cycle 11260594: clank backup(Will Backup)
cycle 11273963: backup (idempotent_violation)
Cycle 11273963: clank backup(Will Backup)
cycle 11287208: backup (idempotent_violation)
Cycle 11287208: clank backup(Will Backup)
cycle 11300494: backup (idempotent_violation)
Cycle 11300494: clank backup(Will Backup)
cycle 11313737: backup (idempotent_violation)
Cycle 11313737: clank backup(Will Backup)
cycle 11326901: backup (idempotent_violation)
Cycle 11326901: clank backup(Will Backup)
cycle 11340062: backup (idempotent_violation)
Cycle 11340062: clank backup(Will Backup)
cycle 11353240: backup (idempotent_violation)
Cycle 11353240: clank backup(Will Backup)
cycle 11366363: backup (idempotent_violation)
Cycle 11366363: clank backup(Will Backup)
cycle 11379514: backup (idempotent_violation)
Cycle 11379514: clank backup(Will Backup)
cycle 11392770: backup (idempotent_violation)
Cycle 11392770: clank backup(Will Backup)
cycle 11406001: backup (idempotent_violation)
Cycle 11406001: clank backup(Will Backup)
cycle 11419138: backup (idempotent_violation)
Cycle 11419138: clank backup(Will Backup)
cycle 11432370: backup (idempotent_violation)
Cycle 11432370: clank backup(Will Backup)
cycle 11445492: backup (idempotent_violation)
Cycle 11445492: clank backup(Will Backup)
cycle 11458627: backup (idempotent_violation)
Cycle 11458627: clank backup(Will Backup)
cycle 11471802: backup (idempotent_violation)
Cycle 11471802: clank backup(Will Backup)
cycle 11484924: backup (idempotent_violation)
Cycle 11484924: clank backup(Will Backup)
cycle 11498224: backup (idempotent_violation)
Cycle 11498224: clank backup(Will Backup)
cycle 11511621: backup (idempotent_violation)
Cycle 11511621: clank backup(Will Backup)
cycle 11524798: backup (idempotent_violation)
Cycle 11524798: clank backup(Will Backup)
cycle 11538111: backup (idempotent_violation)
Cycle 11538111: clank backup(Will Backup)
cycle 11551519: backup (idempotent_violation)
Cycle 11551519: clank backup(Will Backup)
Cycle 11557164: instructions towards forward progress=800000
cycle 11564779: backup (idempotent_violation)
Cycle 11564779: clank backup(Will Backup)
cycle 11572073: backup (idempotent_violation)
Cycle 11572073: clank backup(Will Backup)
cycle 11585235: backup (idempotent_violation)
Cycle 11585235: clank backup(Will Backup)
cycle 11598440: backup (idempotent_violation)
Cycle 11598440: clank backup(Will Backup)
cycle 11611656: backup (idempotent_violation)
Cycle 11611656: clank backup(Will Backup)
cycle 11624902: backup (idempotent_violation)
Cycle 11624902: clank backup(Will Backup)
cycle 11637970: backup (idempotent_violation)
Cycle 11637970: clank backup(Will Backup)
cycle 11651281: backup (idempotent_violation)
Cycle 11651281: clank backup(Will Backup)
cycle 11664472: backup (idempotent_violation)
Cycle 11664472: clank backup(Will Backup)
cycle 11677621: backup (idempotent_violation)
Cycle 11677621: clank backup(Will Backup)
cycle 11690907: backup (idempotent_violation)
Cycle 11690907: clank backup(Will Backup)
cycle 11704222: backup (idempotent_violation)
Cycle 11704222: clank backup(Will Backup)
cycle 11717385: backup (idempotent_violation)
Cycle 11717385: clank backup(Will Backup)
cycle 11730616: backup (idempotent_violation)
Cycle 11730616: clank backup(Will Backup)
cycle 11743794: backup (idempotent_violation)
Cycle 11743794: clank backup(Will Backup)
cycle 11756999: backup (idempotent_violation)
Cycle 11756999: clank backup(Will Backup)
cycle 11770242: backup (idempotent_violation)
Cycle 11770242: clank backup(Will Backup)
cycle 11783378: backup (idempotent_violation)
Cycle 11783378: clank backup(Will Backup)
cycle 11796733: backup (idempotent_violation)
Cycle 11796733: clank backup(Will Backup)
cycle 11876000: backup (idempotent_violation)
Cycle 11876000: clank backup(Will Backup)
cycle 11889314: backup (idempotent_violation)
Cycle 11889314: clank backup(Will Backup)
cycle 11902639: backup (idempotent_violation)
Cycle 11902639: clank backup(Will Backup)
cycle 11915872: backup (idempotent_violation)
Cycle 11915872: clank backup(Will Backup)
cycle 11929157: backup (idempotent_violation)
Cycle 11929157: clank backup(Will Backup)
cycle 11942280: backup (idempotent_violation)
Cycle 11942280: clank backup(Will Backup)
cycle 11955486: backup (idempotent_violation)
Cycle 11955486: clank backup(Will Backup)
cycle 11968854: backup (idempotent_violation)
Cycle 11968854: clank backup(Will Backup)
cycle 11982002: backup (idempotent_violation)
Cycle 11982002: clank backup(Will Backup)
cycle 11995290: backup (idempotent_violation)
Cycle 11995290: clank backup(Will Backup)
cycle 12008552: backup (idempotent_violation)
Cycle 12008552: clank backup(Will Backup)
cycle 12021835: backup (idempotent_violation)
Cycle 12021835: clank backup(Will Backup)
cycle 12034878: backup (idempotent_violation)
Cycle 12034878: clank backup(Will Backup)
cycle 12048162: backup (idempotent_violation)
Cycle 12048162: clank backup(Will Backup)
cycle 12061313: backup (idempotent_violation)
Cycle 12061313: clank backup(Will Backup)
cycle 12074422: backup (idempotent_violation)
Cycle 12074422: clank backup(Will Backup)
cycle 12087924: backup (idempotent_violation)
Cycle 12087924: clank backup(Will Backup)
cycle 12101063: backup (idempotent_violation)
Cycle 12101063: clank backup(Will Backup)
cycle 12114456: backup (idempotent_violation)
Cycle 12114456: clank backup(Will Backup)
cycle 12127620: backup (idempotent_violation)
Cycle 12127620: clank backup(Will Backup)
cycle 12140989: backup (idempotent_violation)
Cycle 12140989: clank backup(Will Backup)
cycle 12154209: backup (idempotent_violation)
Cycle 12154209: clank backup(Will Backup)
cycle 12167617: backup (idempotent_violation)
Cycle 12167617: clank backup(Will Backup)
cycle 12181038: backup (idempotent_violation)
Cycle 12181038: clank backup(Will Backup)
cycle 12194092: backup (idempotent_violation)
Cycle 12194092: clank backup(Will Backup)
cycle 12207391: backup (idempotent_violation)
Cycle 12207391: clank backup(Will Backup)
cycle 12220447: backup (idempotent_violation)
Cycle 12220447: clank backup(Will Backup)
cycle 12233661: backup (idempotent_violation)
Cycle 12233661: clank backup(Will Backup)
cycle 12246840: backup (idempotent_violation)
Cycle 12246840: clank backup(Will Backup)
cycle 12260083: backup (idempotent_violation)
Cycle 12260083: clank backup(Will Backup)
cycle 12273397: backup (idempotent_violation)
Cycle 12273397: clank backup(Will Backup)
cycle 12286739: backup (idempotent_violation)
Cycle 12286739: clank backup(Will Backup)
cycle 12299928: backup (idempotent_violation)
Cycle 12299928: clank backup(Will Backup)
cycle 12313147: backup (idempotent_violation)
Cycle 12313147: clank backup(Will Backup)
cycle 12326416: backup (idempotent_violation)
Cycle 12326416: clank backup(Will Backup)
cycle 12339551: backup (idempotent_violation)
Cycle 12339551: clank backup(Will Backup)
cycle 12352822: backup (idempotent_violation)
Cycle 12352822: clank backup(Will Backup)
cycle 12366052: backup (idempotent_violation)
Cycle 12366052: clank backup(Will Backup)
cycle 12379353: backup (idempotent_violation)
Cycle 12379353: clank backup(Will Backup)
cycle 12392595: backup (idempotent_violation)
Cycle 12392595: clank backup(Will Backup)
cycle 12400028: backup (idempotent_violation)
Cycle 12400028: clank backup(Will Backup)
cycle 12413246: backup (idempotent_violation)
Cycle 12413246: clank backup(Will Backup)
cycle 12426299: backup (idempotent_violation)
Cycle 12426299: clank backup(Will Backup)
cycle 12439247: backup (idempotent_violation)
Cycle 12439247: clank backup(Will Backup)
cycle 12452572: backup (idempotent_violation)
Cycle 12452572: clank backup(Will Backup)
cycle 12465808: backup (idempotent_violation)
Cycle 12465808: clank backup(Will Backup)
cycle 12479051: backup (idempotent_violation)
Cycle 12479051: clank backup(Will Backup)
cycle 12492310: backup (idempotent_violation)
Cycle 12492310: clank backup(Will Backup)
cycle 12505352: backup (idempotent_violation)
Cycle 12505352: clank backup(Will Backup)
cycle 12518663: backup (idempotent_violation)
Cycle 12518663: clank backup(Will Backup)
cycle 12531842: backup (idempotent_violation)
Cycle 12531842: clank backup(Will Backup)
cycle 12545114: backup (idempotent_violation)
Cycle 12545114: clank backup(Will Backup)
cycle 12558414: backup (idempotent_violation)
Cycle 12558414: clank backup(Will Backup)
cycle 12571715: backup (idempotent_violation)
Cycle 12571715: clank backup(Will Backup)
cycle 12585081: backup (idempotent_violation)
Cycle 12585081: clank backup(Will Backup)
cycle 12598435: backup (idempotent_violation)
Cycle 12598435: clank backup(Will Backup)
cycle 12611650: backup (idempotent_violation)
Cycle 12611650: clank backup(Will Backup)
cycle 12624719: backup (idempotent_violation)
Cycle 12624719: clank backup(Will Backup)
cycle 12703860: backup (idempotent_violation)
Cycle 12703860: clank backup(Will Backup)
cycle 12717148: backup (idempotent_violation)
Cycle 12717148: clank backup(Will Backup)
cycle 12730447: backup (idempotent_violation)
Cycle 12730447: clank backup(Will Backup)
cycle 12743719: backup (idempotent_violation)
Cycle 12743719: clank backup(Will Backup)
cycle 12756802: backup (idempotent_violation)
Cycle 12756802: clank backup(Will Backup)
cycle 12770089: backup (idempotent_violation)
Cycle 12770089: clank backup(Will Backup)
cycle 12783267: backup (idempotent_violation)
Cycle 12783267: clank backup(Will Backup)
Cycle 12783281: spendthrift backup(Will Backup)
Cycle 12783295: spendthrift backup(Will Backup)
Cycle 12783309: spendthrift backup(Will Backup)
Cycle 12783323: spendthrift backup(Will Backup)
Cycle 12783338: spendthrift backup(Will Backup)
Cycle 12783352: spendthrift backup(Will Backup)
Cycle 12783366: spendthrift backup(Will Backup)
Cycle 12783380: spendthrift backup(Will Backup)
cycle 12783380: POWER OFF - is_active()
cycle 12875809: backup (idempotent_violation)
Cycle 12875809: clank backup(Will Backup)
cycle 12889026: backup (idempotent_violation)
Cycle 12889026: clank backup(Will Backup)
cycle 12902067: backup (idempotent_violation)
Cycle 12902067: clank backup(Will Backup)
cycle 12915245: backup (idempotent_violation)
Cycle 12915245: clank backup(Will Backup)
cycle 12928541: backup (idempotent_violation)
Cycle 12928541: clank backup(Will Backup)
cycle 12941705: backup (idempotent_violation)
Cycle 12941705: clank backup(Will Backup)
cycle 12954800: backup (idempotent_violation)
Cycle 12954800: clank backup(Will Backup)
cycle 12968031: backup (idempotent_violation)
Cycle 12968031: clank backup(Will Backup)
cycle 12981439: backup (idempotent_violation)
Cycle 12981439: clank backup(Will Backup)
cycle 12994522: backup (idempotent_violation)
Cycle 12994522: clank backup(Will Backup)
Cycle 13001684: instructions towards forward progress=900000
cycle 13007658: backup (idempotent_violation)
Cycle 13007658: clank backup(Will Backup)
cycle 13020916: backup (idempotent_violation)
Cycle 13020916: clank backup(Will Backup)
cycle 13034079: backup (idempotent_violation)
Cycle 13034079: clank backup(Will Backup)
cycle 13047228: backup (idempotent_violation)
Cycle 13047228: clank backup(Will Backup)
cycle 13060202: backup (idempotent_violation)
Cycle 13060202: clank backup(Will Backup)
cycle 13073650: backup (idempotent_violation)
Cycle 13073650: clank backup(Will Backup)
cycle 13086841: backup (idempotent_violation)
Cycle 13086841: clank backup(Will Backup)
cycle 13100143: backup (idempotent_violation)
Cycle 13100143: clank backup(Will Backup)
cycle 13113416: backup (idempotent_violation)
Cycle 13113416: clank backup(Will Backup)
cycle 13126593: backup (idempotent_violation)
Cycle 13126593: clank backup(Will Backup)
cycle 13139810: backup (idempotent_violation)
Cycle 13139810: clank backup(Will Backup)
cycle 13153025: backup (idempotent_violation)
Cycle 13153025: clank backup(Will Backup)
cycle 13166283: backup (idempotent_violation)
Cycle 13166283: clank backup(Will Backup)
cycle 13179554: backup (idempotent_violation)
Cycle 13179554: clank backup(Will Backup)
cycle 13192800: backup (idempotent_violation)
Cycle 13192800: clank backup(Will Backup)
cycle 13205801: backup (idempotent_violation)
Cycle 13205801: clank backup(Will Backup)
cycle 13218871: backup (idempotent_violation)
Cycle 13218871: clank backup(Will Backup)
cycle 13226153: backup (idempotent_violation)
Cycle 13226153: clank backup(Will Backup)
cycle 13239398: backup (idempotent_violation)
Cycle 13239398: clank backup(Will Backup)
cycle 13252724: backup (idempotent_violation)
Cycle 13252724: clank backup(Will Backup)
cycle 13266134: backup (idempotent_violation)
Cycle 13266134: clank backup(Will Backup)
cycle 13279392: backup (idempotent_violation)
Cycle 13279392: clank backup(Will Backup)
cycle 13292719: backup (idempotent_violation)
Cycle 13292719: clank backup(Will Backup)
cycle 13305814: backup (idempotent_violation)
Cycle 13305814: clank backup(Will Backup)
cycle 13319007: backup (idempotent_violation)
Cycle 13319007: clank backup(Will Backup)
cycle 13332142: backup (idempotent_violation)
Cycle 13332142: clank backup(Will Backup)
cycle 13345318: backup (idempotent_violation)
Cycle 13345318: clank backup(Will Backup)
cycle 13358469: backup (idempotent_violation)
Cycle 13358469: clank backup(Will Backup)
cycle 13371701: backup (idempotent_violation)
Cycle 13371701: clank backup(Will Backup)
cycle 13384918: backup (idempotent_violation)
Cycle 13384918: clank backup(Will Backup)
cycle 13398040: backup (idempotent_violation)
Cycle 13398040: clank backup(Will Backup)
cycle 13411108: backup (idempotent_violation)
Cycle 13411108: clank backup(Will Backup)
cycle 13424340: backup (idempotent_violation)
Cycle 13424340: clank backup(Will Backup)
cycle 13437572: backup (idempotent_violation)
Cycle 13437572: clank backup(Will Backup)
cycle 13450803: backup (idempotent_violation)
Cycle 13450803: clank backup(Will Backup)
cycle 13463967: backup (idempotent_violation)
Cycle 13463967: clank backup(Will Backup)
cycle 13477471: backup (idempotent_violation)
Cycle 13477471: clank backup(Will Backup)
cycle 13490757: backup (idempotent_violation)
Cycle 13490757: clank backup(Will Backup)
cycle 13503935: backup (idempotent_violation)
Cycle 13503935: clank backup(Will Backup)
cycle 13517084: backup (idempotent_violation)
Cycle 13517084: clank backup(Will Backup)
cycle 13530247: backup (idempotent_violation)
Cycle 13530247: clank backup(Will Backup)
cycle 13543613: backup (idempotent_violation)
Cycle 13543613: clank backup(Will Backup)
cycle 13556900: backup (idempotent_violation)
Cycle 13556900: clank backup(Will Backup)
cycle 13570105: backup (idempotent_violation)
Cycle 13570105: clank backup(Will Backup)
cycle 13583347: backup (idempotent_violation)
Cycle 13583347: clank backup(Will Backup)
cycle 13596539: backup (idempotent_violation)
Cycle 13596539: clank backup(Will Backup)
cycle 13609838: backup (idempotent_violation)
Cycle 13609838: clank backup(Will Backup)
cycle 13623016: backup (idempotent_violation)
Cycle 13623016: clank backup(Will Backup)
cycle 13702505: backup (idempotent_violation)
Cycle 13702505: clank backup(Will Backup)
cycle 13715697: backup (idempotent_violation)
Cycle 13715697: clank backup(Will Backup)
cycle 13728928: backup (idempotent_violation)
Cycle 13728928: clank backup(Will Backup)
cycle 13742309: backup (idempotent_violation)
Cycle 13742309: clank backup(Will Backup)
cycle 13755529: backup (idempotent_violation)
Cycle 13755529: clank backup(Will Backup)
cycle 13768706: backup (idempotent_violation)
Cycle 13768706: clank backup(Will Backup)
cycle 13781784: backup (idempotent_violation)
Cycle 13781784: clank backup(Will Backup)
cycle 13794908: backup (idempotent_violation)
Cycle 13794908: clank backup(Will Backup)
cycle 13808124: backup (idempotent_violation)
Cycle 13808124: clank backup(Will Backup)
cycle 13821222: backup (idempotent_violation)
Cycle 13821222: clank backup(Will Backup)
cycle 13834494: backup (idempotent_violation)
Cycle 13834494: clank backup(Will Backup)
cycle 13847698: backup (idempotent_violation)
Cycle 13847698: clank backup(Will Backup)
cycle 13860834: backup (idempotent_violation)
Cycle 13860834: clank backup(Will Backup)
cycle 13873956: backup (idempotent_violation)
Cycle 13873956: clank backup(Will Backup)
cycle 13887325: backup (idempotent_violation)
Cycle 13887325: clank backup(Will Backup)
cycle 13900473: backup (idempotent_violation)
Cycle 13900473: clank backup(Will Backup)
cycle 13913640: backup (idempotent_violation)
Cycle 13913640: clank backup(Will Backup)
cycle 13926856: backup (idempotent_violation)
Cycle 13926856: clank backup(Will Backup)
cycle 13939952: backup (idempotent_violation)
Cycle 13939952: clank backup(Will Backup)
cycle 13953130: backup (idempotent_violation)
Cycle 13953130: clank backup(Will Backup)
cycle 13966199: backup (idempotent_violation)
Cycle 13966199: clank backup(Will Backup)
cycle 13979339: backup (idempotent_violation)
Cycle 13979339: clank backup(Will Backup)
cycle 13992487: backup (idempotent_violation)
Cycle 13992487: clank backup(Will Backup)
cycle 14005679: backup (idempotent_violation)
Cycle 14005679: clank backup(Will Backup)
cycle 14018936: backup (idempotent_violation)
Cycle 14018936: clank backup(Will Backup)
cycle 14032126: backup (idempotent_violation)
Cycle 14032126: clank backup(Will Backup)
cycle 14045275: backup (idempotent_violation)
Cycle 14045275: clank backup(Will Backup)
cycle 14052719: backup (idempotent_violation)
Cycle 14052719: clank backup(Will Backup)
cycle 14065910: backup (idempotent_violation)
Cycle 14065910: clank backup(Will Backup)
cycle 14079102: backup (idempotent_violation)
Cycle 14079102: clank backup(Will Backup)
cycle 14092358: backup (idempotent_violation)
Cycle 14092358: clank backup(Will Backup)
cycle 14105551: backup (idempotent_violation)
Cycle 14105551: clank backup(Will Backup)
cycle 14119068: backup (idempotent_violation)
Cycle 14119068: clank backup(Will Backup)
cycle 14132218: backup (idempotent_violation)
Cycle 14132218: clank backup(Will Backup)
cycle 14145503: backup (idempotent_violation)
Cycle 14145503: clank backup(Will Backup)
cycle 14158678: backup (idempotent_violation)
Cycle 14158678: clank backup(Will Backup)
cycle 14171814: backup (idempotent_violation)
Cycle 14171814: clank backup(Will Backup)
cycle 14185071: backup (idempotent_violation)
Cycle 14185071: clank backup(Will Backup)
cycle 14198139: backup (idempotent_violation)
Cycle 14198139: clank backup(Will Backup)
cycle 14211275: backup (idempotent_violation)
Cycle 14211275: clank backup(Will Backup)
cycle 14224399: backup (idempotent_violation)
Cycle 14224399: clank backup(Will Backup)
cycle 14237493: backup (idempotent_violation)
Cycle 14237493: clank backup(Will Backup)
cycle 14250712: backup (idempotent_violation)
Cycle 14250712: clank backup(Will Backup)
cycle 14263930: backup (idempotent_violation)
Cycle 14263930: clank backup(Will Backup)
cycle 14277335: backup (idempotent_violation)
Cycle 14277335: clank backup(Will Backup)
cycle 14290568: backup (idempotent_violation)
Cycle 14290568: clank backup(Will Backup)
cycle 14303826: backup (idempotent_violation)
Cycle 14303826: clank backup(Will Backup)
cycle 14316853: backup (idempotent_violation)
Cycle 14316853: clank backup(Will Backup)
cycle 14330098: backup (idempotent_violation)
Cycle 14330098: clank backup(Will Backup)
cycle 14343234: backup (idempotent_violation)
Cycle 14343234: clank backup(Will Backup)
cycle 14356562: backup (idempotent_violation)
Cycle 14356562: clank backup(Will Backup)
cycle 14369726: backup (idempotent_violation)
Cycle 14369726: clank backup(Will Backup)
cycle 14382944: backup (idempotent_violation)
Cycle 14382944: clank backup(Will Backup)
cycle 14395998: backup (idempotent_violation)
Cycle 14395998: clank backup(Will Backup)
cycle 14409270: backup (idempotent_violation)
Cycle 14409270: clank backup(Will Backup)
cycle 14422447: backup (idempotent_violation)
Cycle 14422447: clank backup(Will Backup)
cycle 14435639: backup (idempotent_violation)
Cycle 14435639: clank backup(Will Backup)
Cycle 14446322: instructions towards forward progress=1000000
cycle 14448925: backup (idempotent_violation)
Cycle 14448925: clank backup(Will Backup)
cycle 14528097: backup (idempotent_violation)
Cycle 14528097: clank backup(Will Backup)
cycle 14541181: backup (idempotent_violation)
Cycle 14541181: clank backup(Will Backup)
cycle 14554562: backup (idempotent_violation)
Cycle 14554562: clank backup(Will Backup)
cycle 14567617: backup (idempotent_violation)
Cycle 14567617: clank backup(Will Backup)
cycle 14580836: backup (idempotent_violation)
Cycle 14580836: clank backup(Will Backup)
cycle 14593985: backup (idempotent_violation)
Cycle 14593985: clank backup(Will Backup)
cycle 14607081: backup (idempotent_violation)
Cycle 14607081: clank backup(Will Backup)
Cycle 14610639: spendthrift backup(Will Backup)
Cycle 14610654: spendthrift backup(Will Backup)
Cycle 14610668: spendthrift backup(Will Backup)
Cycle 14610682: spendthrift backup(Will Backup)
Cycle 14610696: spendthrift backup(Will Backup)
Cycle 14610710: spendthrift backup(Will Backup)
Cycle 14610724: spendthrift backup(Will Backup)
Cycle 14610738: spendthrift backup(Will Backup)
Cycle 14610753: spendthrift backup(Will Backup)
