Working dir : /var/lib/condor/execute/slot1/dir_6582
Cycle 0: instructions towards forward progress=0
cycle 17940: backup (idempotent_violation)
Cycle 17940: clank backup(Will Backup)
cycle 1174812: backup (idempotent_violation)
Cycle 1174812: clank backup(Will Backup)
cycle 1280168: backup (idempotent_violation)
Cycle 1280168: clank backup(Will Backup)
cycle 1384832: backup (idempotent_violation)
Cycle 1384832: clank backup(Will Backup)
cycle 1490539: backup (idempotent_violation)
Cycle 1490539: clank backup(Will Backup)
Cycle 1504760: instructions towards forward progress=100000
cycle 1596451: backup (idempotent_violation)
Cycle 1596451: clank backup(Will Backup)
cycle 1702777: backup (idempotent_violation)
Cycle 1702777: clank backup(Will Backup)
cycle 1808893: backup (idempotent_violation)
Cycle 1808893: clank backup(Will Backup)
cycle 1915135: backup (idempotent_violation)
Cycle 1915135: clank backup(Will Backup)
Cycle 1980803: spendthrift backup(Will Backup)
Cycle 1980817: spendthrift backup(Will Backup)
Cycle 1980831: spendthrift backup(Will Backup)
Cycle 1980845: spendthrift backup(Will Backup)
Cycle 1980890: spendthrift backup(Will Backup)
Cycle 1980935: spendthrift backup(Will Backup)
Cycle 1980949: spendthrift backup(Will Backup)
Cycle 1980963: spendthrift backup(Will Backup)
cycle 1980963: POWER OFF - is_active()
Cycle 3009975: instructions towards forward progress=200000
Cycle 4014676: spendthrift backup(Will Backup)
Cycle 4014690: spendthrift backup(Will Backup)
Cycle 4014704: spendthrift backup(Will Backup)
Cycle 4014718: spendthrift backup(Will Backup)
Cycle 4014732: spendthrift backup(Will Backup)
Cycle 4014746: spendthrift backup(Will Backup)
Cycle 4014760: spendthrift backup(Will Backup)
cycle 4014760: POWER OFF - is_active()
Cycle 4515061: instructions towards forward progress=300000
Cycle 6020045: instructions towards forward progress=400000
Cycle 6048578: spendthrift backup(Will Backup)
Cycle 6048592: spendthrift backup(Will Backup)
Cycle 6048606: spendthrift backup(Will Backup)
Cycle 6048620: spendthrift backup(Will Backup)
Cycle 6048634: spendthrift backup(Will Backup)
Cycle 6048648: spendthrift backup(Will Backup)
Cycle 6048662: spendthrift backup(Will Backup)
cycle 6048662: POWER OFF - is_active()
Cycle 7524143: instructions towards forward progress=500000
Cycle 8082424: spendthrift backup(Will Backup)
Cycle 8082438: spendthrift backup(Will Backup)
Cycle 8082452: spendthrift backup(Will Backup)
Cycle 8082466: spendthrift backup(Will Backup)
Cycle 8082480: spendthrift backup(Will Backup)
Cycle 8082494: spendthrift backup(Will Backup)
Cycle 8082508: spendthrift backup(Will Backup)
cycle 8082508: POWER OFF - is_active()
Cycle 9028561: instructions towards forward progress=600000
Cycle 10114909: spendthrift backup(Will Backup)
Cycle 10114923: spendthrift backup(Will Backup)
Cycle 10114938: spendthrift backup(Will Backup)
Cycle 10114952: spendthrift backup(Will Backup)
Cycle 10114967: spendthrift backup(Will Backup)
Cycle 10114981: spendthrift backup(Will Backup)
Cycle 10114996: spendthrift backup(Will Backup)
cycle 10114996: POWER OFF - is_active()
Cycle 10532859: instructions towards forward progress=700000
Cycle 12038035: instructions towards forward progress=800000
Cycle 12147681: spendthrift backup(Will Backup)
Cycle 12147695: spendthrift backup(Will Backup)
Cycle 12147709: spendthrift backup(Will Backup)
Cycle 12147723: spendthrift backup(Will Backup)
Cycle 12147737: spendthrift backup(Will Backup)
Cycle 12147751: spendthrift backup(Will Backup)
Cycle 12147765: spendthrift backup(Will Backup)
cycle 12147765: POWER OFF - is_active()
Cycle 13543078: instructions towards forward progress=900000
Cycle 14181241: spendthrift backup(Will Backup)
Cycle 14181255: spendthrift backup(Will Backup)
Cycle 14181269: spendthrift backup(Will Backup)
Cycle 14181283: spendthrift backup(Will Backup)
Cycle 14181297: spendthrift backup(Will Backup)
Cycle 14181342: spendthrift backup(Will Backup)
Cycle 14181356: spendthrift backup(Will Backup)
cycle 14181356: POWER OFF - is_active()
Cycle 15047904: instructions towards forward progress=1000000
Cycle 16214340: spendthrift backup(Will Backup)
Cycle 16214354: spendthrift backup(Will Backup)
Cycle 16214368: spendthrift backup(Will Backup)
Cycle 16214382: spendthrift backup(Will Backup)
Cycle 16214396: spendthrift backup(Will Backup)
Cycle 16214410: spendthrift backup(Will Backup)
Cycle 16214424: spendthrift backup(Will Backup)
cycle 16214424: POWER OFF - is_active()
Cycle 16552241: instructions towards forward progress=1100000
Cycle 18056339: instructions towards forward progress=1200000
Cycle 18247026: spendthrift backup(Will Backup)
Cycle 18247041: spendthrift backup(Will Backup)
Cycle 18247055: spendthrift backup(Will Backup)
Cycle 18247069: spendthrift backup(Will Backup)
Cycle 18247083: spendthrift backup(Will Backup)
Cycle 18247097: spendthrift backup(Will Backup)
Cycle 18247111: spendthrift backup(Will Backup)
cycle 18247111: POWER OFF - is_active()
Cycle 19560777: instructions towards forward progress=1300000
Cycle 20280506: spendthrift backup(Will Backup)
Cycle 20280520: spendthrift backup(Will Backup)
Cycle 20280534: spendthrift backup(Will Backup)
Cycle 20280548: spendthrift backup(Will Backup)
Cycle 20280562: spendthrift backup(Will Backup)
Cycle 20280576: spendthrift backup(Will Backup)
Cycle 20280590: spendthrift backup(Will Backup)
cycle 20280590: POWER OFF - is_active()
Cycle 21065194: instructions towards forward progress=1400000
Cycle 22313810: spendthrift backup(Will Backup)
Cycle 22313824: spendthrift backup(Will Backup)
Cycle 22313838: spendthrift backup(Will Backup)
Cycle 22313852: spendthrift backup(Will Backup)
Cycle 22313866: spendthrift backup(Will Backup)
Cycle 22313880: spendthrift backup(Will Backup)
Cycle 22313894: spendthrift backup(Will Backup)
cycle 22313894: POWER OFF - is_active()
Cycle 22570524: instructions towards forward progress=1500000
Cycle 24075376: instructions towards forward progress=1600000
Cycle 24347129: spendthrift backup(Will Backup)
Cycle 24347143: spendthrift backup(Will Backup)
Cycle 24347157: spendthrift backup(Will Backup)
Cycle 24347171: spendthrift backup(Will Backup)
Cycle 24347216: spendthrift backup(Will Backup)
Cycle 24347230: spendthrift backup(Will Backup)
Cycle 24347244: spendthrift backup(Will Backup)
cycle 24347244: POWER OFF - is_active()
Cycle 25576828: instructions towards forward progress=1700000
Cycle 26388639: spendthrift backup(Will Backup)
Cycle 26388653: spendthrift backup(Will Backup)
Cycle 26388667: spendthrift backup(Will Backup)
Cycle 26388681: spendthrift backup(Will Backup)
Cycle 26388695: spendthrift backup(Will Backup)
Cycle 26388709: spendthrift backup(Will Backup)
cycle 26388709: POWER OFF - is_active()
Cycle 27075501: instructions towards forward progress=1800000
Cycle 28431802: spendthrift backup(Will Backup)
Cycle 28431816: spendthrift backup(Will Backup)
Cycle 28431830: spendthrift backup(Will Backup)
Cycle 28431844: spendthrift backup(Will Backup)
Cycle 28431858: spendthrift backup(Will Backup)
Cycle 28431872: spendthrift backup(Will Backup)
Cycle 28431886: spendthrift backup(Will Backup)
 POWER OFF: Not enough energy to store data into RAM: address=0x407ff160
Cycle 1b40281: instructions towards forward progress=1900000
Cycle 30079045: instructions towards forward progress=2000000
Cycle 30465274: spendthrift backup(Will Backup)
Cycle 30465288: spendthrift backup(Will Backup)
Cycle 30465302: spendthrift backup(Will Backup)
Cycle 30465316: spendthrift backup(Will Backup)
Cycle 30465330: spendthrift backup(Will Backup)
Cycle 30465344: spendthrift backup(Will Backup)
Cycle 30465358: spendthrift backup(Will Backup)
cycle 30465358: POWER OFF - is_active()
Cycle 31582982: instructions towards forward progress=2100000
Cycle 32498093: spendthrift backup(Will Backup)
Cycle 32498107: spendthrift backup(Will Backup)
Cycle 32498121: spendthrift backup(Will Backup)
Cycle 32498135: spendthrift backup(Will Backup)
Cycle 32498149: spendthrift backup(Will Backup)
Cycle 32498163: spendthrift backup(Will Backup)
Cycle 32498177: spendthrift backup(Will Backup)
cycle 32498177: POWER OFF - is_active()
Cycle 33087372: instructions towards forward progress=2200000
Cycle 34532137: spendthrift backup(Will Backup)
Cycle 34532151: spendthrift backup(Will Backup)
Cycle 34532165: spendthrift backup(Will Backup)
Cycle 34532179: spendthrift backup(Will Backup)
Cycle 34532194: spendthrift backup(Will Backup)
Cycle 34532208: spendthrift backup(Will Backup)
cycle 34532208: POWER OFF - is_active()
Cycle 34591721: instructions towards forward progress=2300000
Cycle 36096386: instructions towards forward progress=2400000
Cycle 36564211: spendthrift backup(Will Backup)
Cycle 36564225: spendthrift backup(Will Backup)
Cycle 36564239: spendthrift backup(Will Backup)
Cycle 36564253: spendthrift backup(Will Backup)
Cycle 36564267: spendthrift backup(Will Backup)
Cycle 36564281: spendthrift backup(Will Backup)
Cycle 36564295: spendthrift backup(Will Backup)
Cycle 36564309: spendthrift backup(Will Backup)
cycle 36564309: POWER OFF - is_active()
Cycle 37601643: instructions towards forward progress=2500000
Cycle 38599300: spendthrift backup(Will Backup)
Cycle 38599314: spendthrift backup(Will Backup)
Cycle 38599328: spendthrift backup(Will Backup)
Cycle 38599342: spendthrift backup(Will Backup)
Cycle 38599356: spendthrift backup(Will Backup)
Cycle 38599370: spendthrift backup(Will Backup)
cycle 38599370: POWER OFF - is_active()
Cycle 39106278: instructions towards forward progress=2600000
Cycle 40610967: instructions towards forward progress=2700000
Cycle 40633364: spendthrift backup(Will Backup)
Cycle 40633378: spendthrift backup(Will Backup)
Cycle 40633392: spendthrift backup(Will Backup)
Cycle 40633437: spendthrift backup(Will Backup)
Cycle 40633451: spendthrift backup(Will Backup)
Cycle 40633465: spendthrift backup(Will Backup)
Cycle 40633479: spendthrift backup(Will Backup)
cycle 40633479: POWER OFF - is_active()
Cycle 42115007: instructions towards forward progress=2800000
Cycle 42666951: spendthrift backup(Will Backup)
Cycle 42666965: spendthrift backup(Will Backup)
Cycle 42666979: spendthrift backup(Will Backup)
Cycle 42666993: spendthrift backup(Will Backup)
Cycle 42667007: spendthrift backup(Will Backup)
Cycle 42667021: spendthrift backup(Will Backup)
Cycle 42667035: spendthrift backup(Will Backup)
cycle 42667035: POWER OFF - is_active()
Cycle 43619287: instructions towards forward progress=2900000
Cycle 44699555: spendthrift backup(Will Backup)
Cycle 44699569: spendthrift backup(Will Backup)
Cycle 44699583: spendthrift backup(Will Backup)
Cycle 44699628: spendthrift backup(Will Backup)
Cycle 44699642: spendthrift backup(Will Backup)
Cycle 44699656: spendthrift backup(Will Backup)
Cycle 44699670: spendthrift backup(Will Backup)
cycle 44699670: POWER OFF - is_active()
Cycle 45124347: instructions towards forward progress=3000000
Cycle 46629352: instructions towards forward progress=3100000
Cycle 46733218: spendthrift backup(Will Backup)
Cycle 46733232: spendthrift backup(Will Backup)
Cycle 46733246: spendthrift backup(Will Backup)
Cycle 46733264: spendthrift backup(Will Backup)
Cycle 46733278: spendthrift backup(Will Backup)
Cycle 46733292: spendthrift backup(Will Backup)
Cycle 46733306: spendthrift backup(Will Backup)
cycle 46733306: POWER OFF - is_active()
Cycle 48134453: instructions towards forward progress=3200000
Cycle 48766170: spendthrift backup(Will Backup)
Cycle 48766188: spendthrift backup(Will Backup)
Cycle 48766202: spendthrift backup(Will Backup)
Cycle 48766216: spendthrift backup(Will Backup)
Cycle 48766230: spendthrift backup(Will Backup)
Cycle 48766244: spendthrift backup(Will Backup)
Cycle 48766258: spendthrift backup(Will Backup)
cycle 48766258: POWER OFF - is_active()
Cycle 49639108: instructions towards forward progress=3300000
Cycle 50799433: spendthrift backup(Will Backup)
Cycle 50799447: spendthrift backup(Will Backup)
Cycle 50799461: spendthrift backup(Will Backup)
Cycle 50799475: spendthrift backup(Will Backup)
Cycle 50799489: spendthrift backup(Will Backup)
Cycle 50799503: spendthrift backup(Will Backup)
Cycle 50799517: spendthrift backup(Will Backup)
cycle 50799517: POWER OFF - is_active()
Cycle 51143148: instructions towards forward progress=3400000
Cycle 52647919: instructions towards forward progress=3500000
Cycle 52832874: spendthrift backup(Will Backup)
Cycle 52832889: spendthrift backup(Will Backup)
Cycle 52832903: spendthrift backup(Will Backup)
Cycle 52832917: spendthrift backup(Will Backup)
Cycle 52832932: spendthrift backup(Will Backup)
Cycle 52832946: spendthrift backup(Will Backup)
Cycle 52832961: spendthrift backup(Will Backup)
cycle 52832961: POWER OFF - is_active()
cycle 53588195: backup (idempotent_violation)
Cycle 53588195: clank backup(Will Backup)
cycle 53596398: backup (idempotent_violation)
Cycle 53596398: clank backup(Will Backup)
cycle 53600523: backup (idempotent_violation)
Cycle 53600523: clank backup(Will Backup)
cycle 53602599: backup (idempotent_violation)
Cycle 53602599: clank backup(Will Backup)
cycle 53607174: backup (idempotent_violation)
Cycle 53607174: clank backup(Will Backup)
cycle 53609025: backup (idempotent_violation)
Cycle 53609025: clank backup(Will Backup)
cycle 53613825: backup (idempotent_violation)
Cycle 53613825: clank backup(Will Backup)
cycle 53615676: backup (idempotent_violation)
Cycle 53615676: clank backup(Will Backup)
cycle 53620476: backup (idempotent_violation)
Cycle 53620476: clank backup(Will Backup)
cycle 53622327: backup (idempotent_violation)
Cycle 53622327: clank backup(Will Backup)
cycle 53627403: backup (idempotent_violation)
Cycle 53627403: clank backup(Will Backup)
cycle 53631378: backup (idempotent_violation)
Cycle 53631378: clank backup(Will Backup)
cycle 53633604: backup (idempotent_violation)
Cycle 53633604: clank backup(Will Backup)
cycle 53638029: backup (idempotent_violation)
Cycle 53638029: clank backup(Will Backup)
cycle 53639880: backup (idempotent_violation)
Cycle 53639880: clank backup(Will Backup)
cycle 53644680: backup (idempotent_violation)
Cycle 53644680: clank backup(Will Backup)
cycle 53646531: backup (idempotent_violation)
Cycle 53646531: clank backup(Will Backup)
cycle 53651331: backup (idempotent_violation)
Cycle 53651331: clank backup(Will Backup)
cycle 53653182: backup (idempotent_violation)
Cycle 53653182: clank backup(Will Backup)
cycle 53658408: backup (idempotent_violation)
Cycle 53658408: clank backup(Will Backup)
cycle 53662233: backup (idempotent_violation)
Cycle 53662233: clank backup(Will Backup)
cycle 53664609: backup (idempotent_violation)
Cycle 53664609: clank backup(Will Backup)
cycle 53668884: backup (idempotent_violation)
Cycle 53668884: clank backup(Will Backup)
cycle 53670810: backup (idempotent_violation)
Cycle 53670810: clank backup(Will Backup)
cycle 53675535: backup (idempotent_violation)
Cycle 53675535: clank backup(Will Backup)
cycle 53677386: backup (idempotent_violation)
Cycle 53677386: clank backup(Will Backup)
cycle 53682186: backup (idempotent_violation)
Cycle 53682186: clank backup(Will Backup)
cycle 53684037: backup (idempotent_violation)
Cycle 53684037: clank backup(Will Backup)
cycle 53688837: backup (idempotent_violation)
Cycle 53688837: clank backup(Will Backup)
cycle 53693088: backup (idempotent_violation)
Cycle 53693088: clank backup(Will Backup)
cycle 53695614: backup (idempotent_violation)
Cycle 53695614: clank backup(Will Backup)
cycle 53699739: backup (idempotent_violation)
Cycle 53699739: clank backup(Will Backup)
cycle 53701815: backup (idempotent_violation)
Cycle 53701815: clank backup(Will Backup)
cycle 53706390: backup (idempotent_violation)
Cycle 53706390: clank backup(Will Backup)
cycle 53708241: backup (idempotent_violation)
Cycle 53708241: clank backup(Will Backup)
cycle 53713041: backup (idempotent_violation)
Cycle 53713041: clank backup(Will Backup)
cycle 53714892: backup (idempotent_violation)
Cycle 53714892: clank backup(Will Backup)
cycle 53719692: backup (idempotent_violation)
Cycle 53719692: clank backup(Will Backup)
cycle 53721543: backup (idempotent_violation)
Cycle 53721543: clank backup(Will Backup)
cycle 53726619: backup (idempotent_violation)
Cycle 53726619: clank backup(Will Backup)
cycle 53730594: backup (idempotent_violation)
Cycle 53730594: clank backup(Will Backup)
cycle 53732820: backup (idempotent_violation)
Cycle 53732820: clank backup(Will Backup)
cycle 53737245: backup (idempotent_violation)
Cycle 53737245: clank backup(Will Backup)
cycle 53739096: backup (idempotent_violation)
Cycle 53739096: clank backup(Will Backup)
cycle 53743896: backup (idempotent_violation)
Cycle 53743896: clank backup(Will Backup)
cycle 53745747: backup (idempotent_violation)
Cycle 53745747: clank backup(Will Backup)
cycle 53750547: backup (idempotent_violation)
Cycle 53750547: clank backup(Will Backup)
cycle 53752398: backup (idempotent_violation)
Cycle 53752398: clank backup(Will Backup)
cycle 53757624: backup (idempotent_violation)
Cycle 53757624: clank backup(Will Backup)
cycle 53761449: backup (idempotent_violation)
Cycle 53761449: clank backup(Will Backup)
cycle 53763825: backup (idempotent_violation)
Cycle 53763825: clank backup(Will Backup)
cycle 53768100: backup (idempotent_violation)
Cycle 53768100: clank backup(Will Backup)
cycle 53770026: backup (idempotent_violation)
Cycle 53770026: clank backup(Will Backup)
cycle 53774751: backup (idempotent_violation)
Cycle 53774751: clank backup(Will Backup)
cycle 53776602: backup (idempotent_violation)
Cycle 53776602: clank backup(Will Backup)
cycle 53781402: backup (idempotent_violation)
Cycle 53781402: clank backup(Will Backup)
cycle 53783253: backup (idempotent_violation)
Cycle 53783253: clank backup(Will Backup)
cycle 53788053: backup (idempotent_violation)
Cycle 53788053: clank backup(Will Backup)
cycle 53792304: backup (idempotent_violation)
Cycle 53792304: clank backup(Will Backup)
cycle 53794830: backup (idempotent_violation)
Cycle 53794830: clank backup(Will Backup)
cycle 53798955: backup (idempotent_violation)
Cycle 53798955: clank backup(Will Backup)
cycle 53801031: backup (idempotent_violation)
Cycle 53801031: clank backup(Will Backup)
cycle 53805606: backup (idempotent_violation)
Cycle 53805606: clank backup(Will Backup)
cycle 53807457: backup (idempotent_violation)
Cycle 53807457: clank backup(Will Backup)
cycle 53812257: backup (idempotent_violation)
Cycle 53812257: clank backup(Will Backup)
cycle 53814108: backup (idempotent_violation)
Cycle 53814108: clank backup(Will Backup)
cycle 53818908: backup (idempotent_violation)
Cycle 53818908: clank backup(Will Backup)
cycle 53820759: backup (idempotent_violation)
Cycle 53820759: clank backup(Will Backup)
cycle 53825835: backup (idempotent_violation)
Cycle 53825835: clank backup(Will Backup)
cycle 53829810: backup (idempotent_violation)
Cycle 53829810: clank backup(Will Backup)
cycle 53832036: backup (idempotent_violation)
Cycle 53832036: clank backup(Will Backup)
cycle 53836461: backup (idempotent_violation)
Cycle 53836461: clank backup(Will Backup)
cycle 53838312: backup (idempotent_violation)
Cycle 53838312: clank backup(Will Backup)
cycle 53843112: backup (idempotent_violation)
Cycle 53843112: clank backup(Will Backup)
cycle 53844963: backup (idempotent_violation)
Cycle 53844963: clank backup(Will Backup)
cycle 53849763: backup (idempotent_violation)
Cycle 53849763: clank backup(Will Backup)
cycle 53851614: backup (idempotent_violation)
Cycle 53851614: clank backup(Will Backup)
cycle 53856840: backup (idempotent_violation)
Cycle 53856840: clank backup(Will Backup)
cycle 53860665: backup (idempotent_violation)
Cycle 53860665: clank backup(Will Backup)
cycle 53863041: backup (idempotent_violation)
Cycle 53863041: clank backup(Will Backup)
cycle 53867316: backup (idempotent_violation)
Cycle 53867316: clank backup(Will Backup)
cycle 53869242: backup (idempotent_violation)
Cycle 53869242: clank backup(Will Backup)
cycle 53873967: backup (idempotent_violation)
Cycle 53873967: clank backup(Will Backup)
cycle 53875818: backup (idempotent_violation)
Cycle 53875818: clank backup(Will Backup)
cycle 53880618: backup (idempotent_violation)
Cycle 53880618: clank backup(Will Backup)
cycle 53882469: backup (idempotent_violation)
Cycle 53882469: clank backup(Will Backup)
cycle 53887269: backup (idempotent_violation)
Cycle 53887269: clank backup(Will Backup)
cycle 53891520: backup (idempotent_violation)
Cycle 53891520: clank backup(Will Backup)
cycle 53894046: backup (idempotent_violation)
Cycle 53894046: clank backup(Will Backup)
cycle 53898171: backup (idempotent_violation)
Cycle 53898171: clank backup(Will Backup)
cycle 53900247: backup (idempotent_violation)
Cycle 53900247: clank backup(Will Backup)
cycle 53904822: backup (idempotent_violation)
Cycle 53904822: clank backup(Will Backup)
cycle 53906673: backup (idempotent_violation)
Cycle 53906673: clank backup(Will Backup)
cycle 53911473: backup (idempotent_violation)
Cycle 53911473: clank backup(Will Backup)
cycle 53913324: backup (idempotent_violation)
Cycle 53913324: clank backup(Will Backup)
cycle 53918124: backup (idempotent_violation)
Cycle 53918124: clank backup(Will Backup)
cycle 53919975: backup (idempotent_violation)
Cycle 53919975: clank backup(Will Backup)
cycle 53925051: backup (idempotent_violation)
Cycle 53925051: clank backup(Will Backup)
cycle 53929026: backup (idempotent_violation)
Cycle 53929026: clank backup(Will Backup)
cycle 53931252: backup (idempotent_violation)
Cycle 53931252: clank backup(Will Backup)
cycle 53935677: backup (idempotent_violation)
Cycle 53935677: clank backup(Will Backup)
cycle 53937528: backup (idempotent_violation)
Cycle 53937528: clank backup(Will Backup)
cycle 53942328: backup (idempotent_violation)
Cycle 53942328: clank backup(Will Backup)
cycle 53944179: backup (idempotent_violation)
Cycle 53944179: clank backup(Will Backup)
cycle 53948979: backup (idempotent_violation)
Cycle 53948979: clank backup(Will Backup)
cycle 53950830: backup (idempotent_violation)
Cycle 53950830: clank backup(Will Backup)
cycle 53956056: backup (idempotent_violation)
Cycle 53956056: clank backup(Will Backup)
cycle 53959881: backup (idempotent_violation)
Cycle 53959881: clank backup(Will Backup)
cycle 53962257: backup (idempotent_violation)
Cycle 53962257: clank backup(Will Backup)
cycle 53966532: backup (idempotent_violation)
Cycle 53966532: clank backup(Will Backup)
cycle 53968458: backup (idempotent_violation)
Cycle 53968458: clank backup(Will Backup)
cycle 53973183: backup (idempotent_violation)
Cycle 53973183: clank backup(Will Backup)
cycle 53975034: backup (idempotent_violation)
Cycle 53975034: clank backup(Will Backup)
cycle 53979834: backup (idempotent_violation)
Cycle 53979834: clank backup(Will Backup)
cycle 53981685: backup (idempotent_violation)
Cycle 53981685: clank backup(Will Backup)
cycle 53986485: backup (idempotent_violation)
Cycle 53986485: clank backup(Will Backup)
cycle 53990736: backup (idempotent_violation)
Cycle 53990736: clank backup(Will Backup)
cycle 53993262: backup (idempotent_violation)
Cycle 53993262: clank backup(Will Backup)
cycle 53997387: backup (idempotent_violation)
Cycle 53997387: clank backup(Will Backup)
cycle 53999463: backup (idempotent_violation)
Cycle 53999463: clank backup(Will Backup)
cycle 54004038: backup (idempotent_violation)
Cycle 54004038: clank backup(Will Backup)
cycle 54005889: backup (idempotent_violation)
Cycle 54005889: clank backup(Will Backup)
cycle 54010689: backup (idempotent_violation)
Cycle 54010689: clank backup(Will Backup)
cycle 54012540: backup (idempotent_violation)
Cycle 54012540: clank backup(Will Backup)
cycle 54017340: backup (idempotent_violation)
Cycle 54017340: clank backup(Will Backup)
cycle 54019191: backup (idempotent_violation)
Cycle 54019191: clank backup(Will Backup)
cycle 54024267: backup (idempotent_violation)
Cycle 54024267: clank backup(Will Backup)
cycle 54028242: backup (idempotent_violation)
Cycle 54028242: clank backup(Will Backup)
cycle 54030468: backup (idempotent_violation)
Cycle 54030468: clank backup(Will Backup)
cycle 54034893: backup (idempotent_violation)
Cycle 54034893: clank backup(Will Backup)
cycle 54036744: backup (idempotent_violation)
Cycle 54036744: clank backup(Will Backup)
cycle 54041544: backup (idempotent_violation)
Cycle 54041544: clank backup(Will Backup)
cycle 54043395: backup (idempotent_violation)
Cycle 54043395: clank backup(Will Backup)
cycle 54048195: backup (idempotent_violation)
Cycle 54048195: clank backup(Will Backup)
cycle 54050046: backup (idempotent_violation)
Cycle 54050046: clank backup(Will Backup)
cycle 54055272: backup (idempotent_violation)
Cycle 54055272: clank backup(Will Backup)
cycle 54059097: backup (idempotent_violation)
Cycle 54059097: clank backup(Will Backup)
cycle 54061473: backup (idempotent_violation)
Cycle 54061473: clank backup(Will Backup)
cycle 54065748: backup (idempotent_violation)
Cycle 54065748: clank backup(Will Backup)
cycle 54067674: backup (idempotent_violation)
Cycle 54067674: clank backup(Will Backup)
cycle 54072399: backup (idempotent_violation)
Cycle 54072399: clank backup(Will Backup)
cycle 54074250: backup (idempotent_violation)
Cycle 54074250: clank backup(Will Backup)
cycle 54079050: backup (idempotent_violation)
Cycle 54079050: clank backup(Will Backup)
cycle 54080901: backup (idempotent_violation)
Cycle 54080901: clank backup(Will Backup)
cycle 54085701: backup (idempotent_violation)
Cycle 54085701: clank backup(Will Backup)
cycle 54089952: backup (idempotent_violation)
Cycle 54089952: clank backup(Will Backup)
cycle 54092478: backup (idempotent_violation)
Cycle 54092478: clank backup(Will Backup)
cycle 54096603: backup (idempotent_violation)
Cycle 54096603: clank backup(Will Backup)
cycle 54098679: backup (idempotent_violation)
Cycle 54098679: clank backup(Will Backup)
cycle 54103254: backup (idempotent_violation)
Cycle 54103254: clank backup(Will Backup)
cycle 54105105: backup (idempotent_violation)
Cycle 54105105: clank backup(Will Backup)
cycle 54109905: backup (idempotent_violation)
Cycle 54109905: clank backup(Will Backup)
cycle 54111756: backup (idempotent_violation)
Cycle 54111756: clank backup(Will Backup)
cycle 54116556: backup (idempotent_violation)
Cycle 54116556: clank backup(Will Backup)
cycle 54118407: backup (idempotent_violation)
Cycle 54118407: clank backup(Will Backup)
cycle 54123483: backup (idempotent_violation)
Cycle 54123483: clank backup(Will Backup)
cycle 54127458: backup (idempotent_violation)
Cycle 54127458: clank backup(Will Backup)
cycle 54129684: backup (idempotent_violation)
Cycle 54129684: clank backup(Will Backup)
cycle 54134109: backup (idempotent_violation)
Cycle 54134109: clank backup(Will Backup)
cycle 54135960: backup (idempotent_violation)
Cycle 54135960: clank backup(Will Backup)
cycle 54140760: backup (idempotent_violation)
Cycle 54140760: clank backup(Will Backup)
cycle 54142611: backup (idempotent_violation)
Cycle 54142611: clank backup(Will Backup)
cycle 54147411: backup (idempotent_violation)
Cycle 54147411: clank backup(Will Backup)
cycle 54149262: backup (idempotent_violation)
Cycle 54149262: clank backup(Will Backup)
cycle 54154488: backup (idempotent_violation)
Cycle 54154488: clank backup(Will Backup)
Cycle 54154549: instructions towards forward progress=3600000
cycle 54158313: backup (idempotent_violation)
Cycle 54158313: clank backup(Will Backup)
cycle 54160689: backup (idempotent_violation)
Cycle 54160689: clank backup(Will Backup)
cycle 54164964: backup (idempotent_violation)
Cycle 54164964: clank backup(Will Backup)
cycle 54166890: backup (idempotent_violation)
Cycle 54166890: clank backup(Will Backup)
cycle 54171615: backup (idempotent_violation)
Cycle 54171615: clank backup(Will Backup)
cycle 54173466: backup (idempotent_violation)
Cycle 54173466: clank backup(Will Backup)
cycle 54178266: backup (idempotent_violation)
Cycle 54178266: clank backup(Will Backup)
cycle 54180117: backup (idempotent_violation)
Cycle 54180117: clank backup(Will Backup)
cycle 54184917: backup (idempotent_violation)
Cycle 54184917: clank backup(Will Backup)
cycle 54189279: backup (idempotent_violation)
Cycle 54189279: clank backup(Will Backup)
cycle 54191790: backup (idempotent_violation)
Cycle 54191790: clank backup(Will Backup)
cycle 54196665: backup (idempotent_violation)
Cycle 54196665: clank backup(Will Backup)
cycle 54199974: backup (idempotent_violation)
Cycle 54199974: clank backup(Will Backup)
cycle 54204135: backup (idempotent_violation)
Cycle 54204135: clank backup(Will Backup)
cycle 54208260: backup (idempotent_violation)
Cycle 54208260: clank backup(Will Backup)
cycle 54210669: backup (idempotent_violation)
Cycle 54210669: clank backup(Will Backup)
cycle 54215469: backup (idempotent_violation)
Cycle 54215469: clank backup(Will Backup)
cycle 54216480: backup (idempotent_violation)
Cycle 54216480: clank backup(Will Backup)
cycle 54221055: backup (idempotent_violation)
Cycle 54221055: clank backup(Will Backup)
cycle 54222639: backup (idempotent_violation)
Cycle 54222639: clank backup(Will Backup)
cycle 54227364: backup (idempotent_violation)
Cycle 54227364: clank backup(Will Backup)
cycle 54229050: backup (idempotent_violation)
Cycle 54229050: clank backup(Will Backup)
cycle 54233850: backup (idempotent_violation)
Cycle 54233850: clank backup(Will Backup)
cycle 54234984: backup (idempotent_violation)
Cycle 54234984: clank backup(Will Backup)
cycle 54239259: backup (idempotent_violation)
Cycle 54239259: clank backup(Will Backup)
cycle 54241845: backup (idempotent_violation)
Cycle 54241845: clank backup(Will Backup)
cycle 54246645: backup (idempotent_violation)
Cycle 54246645: clank backup(Will Backup)
cycle 54247329: backup (idempotent_violation)
Cycle 54247329: clank backup(Will Backup)
cycle 54251154: backup (idempotent_violation)
Cycle 54251154: clank backup(Will Backup)
cycle 54254640: backup (idempotent_violation)
Cycle 54254640: clank backup(Will Backup)
cycle 54259674: backup (idempotent_violation)
Cycle 54259674: clank backup(Will Backup)
cycle 54264249: backup (idempotent_violation)
Cycle 54264249: clank backup(Will Backup)
cycle 54268635: backup (idempotent_violation)
Cycle 54268635: clank backup(Will Backup)
cycle 54271787: backup (idempotent_violation)
Cycle 54271787: clank backup(Will Backup)
Cycle 54271801: spendthrift backup(Will Backup)
Cycle 54271815: spendthrift backup(Will Backup)
Cycle 54271829: spendthrift backup(Will Backup)
Cycle 54271843: spendthrift backup(Will Backup)
Cycle 54271857: spendthrift backup(Will Backup)
Cycle 54271902: spendthrift backup(Will Backup)
Cycle 54271916: spendthrift backup(Will Backup)
Cycle 54271930: spendthrift backup(Will Backup)
cycle 54271930: POWER OFF - is_active()
cycle 54275155: backup (idempotent_violation)
Cycle 54275155: clank backup(Will Backup)
cycle 54276186: backup (idempotent_violation)
Cycle 54276186: clank backup(Will Backup)
cycle 54277260: backup (idempotent_violation)
Cycle 54277260: clank backup(Will Backup)
cycle 54278287: backup (idempotent_violation)
Cycle 54278287: clank backup(Will Backup)
cycle 54279361: backup (idempotent_violation)
Cycle 54279361: clank backup(Will Backup)
cycle 54280392: backup (idempotent_violation)
Cycle 54280392: clank backup(Will Backup)
cycle 54281462: backup (idempotent_violation)
Cycle 54281462: clank backup(Will Backup)
cycle 54282493: backup (idempotent_violation)
Cycle 54282493: clank backup(Will Backup)
cycle 54283567: backup (idempotent_violation)
Cycle 54283567: clank backup(Will Backup)
cycle 54284594: backup (idempotent_violation)
Cycle 54284594: clank backup(Will Backup)
cycle 54285668: backup (idempotent_violation)
Cycle 54285668: clank backup(Will Backup)
cycle 54286510: backup (idempotent_violation)
Cycle 54286510: clank backup(Will Backup)
cycle 54287541: backup (idempotent_violation)
Cycle 54287541: clank backup(Will Backup)
cycle 54288611: backup (idempotent_violation)
Cycle 54288611: clank backup(Will Backup)
cycle 54289642: backup (idempotent_violation)
Cycle 54289642: clank backup(Will Backup)
cycle 54290716: backup (idempotent_violation)
Cycle 54290716: clank backup(Will Backup)
cycle 54291743: backup (idempotent_violation)
Cycle 54291743: clank backup(Will Backup)
cycle 54292817: backup (idempotent_violation)
Cycle 54292817: clank backup(Will Backup)
cycle 54293848: backup (idempotent_violation)
Cycle 54293848: clank backup(Will Backup)
cycle 54294918: backup (idempotent_violation)
Cycle 54294918: clank backup(Will Backup)
cycle 54295949: backup (idempotent_violation)
Cycle 54295949: clank backup(Will Backup)
cycle 54297023: backup (idempotent_violation)
Cycle 54297023: clank backup(Will Backup)
cycle 54298050: backup (idempotent_violation)
Cycle 54298050: clank backup(Will Backup)
cycle 54299124: backup (idempotent_violation)
Cycle 54299124: clank backup(Will Backup)
cycle 54299966: backup (idempotent_violation)
Cycle 54299966: clank backup(Will Backup)
cycle 54300997: backup (idempotent_violation)
Cycle 54300997: clank backup(Will Backup)
cycle 54302067: backup (idempotent_violation)
Cycle 54302067: clank backup(Will Backup)
cycle 54303098: backup (idempotent_violation)
Cycle 54303098: clank backup(Will Backup)
cycle 54304172: backup (idempotent_violation)
Cycle 54304172: clank backup(Will Backup)
cycle 54305199: backup (idempotent_violation)
Cycle 54305199: clank backup(Will Backup)
cycle 54306273: backup (idempotent_violation)
Cycle 54306273: clank backup(Will Backup)
cycle 54307304: backup (idempotent_violation)
Cycle 54307304: clank backup(Will Backup)
cycle 54308374: backup (idempotent_violation)
Cycle 54308374: clank backup(Will Backup)
cycle 54309405: backup (idempotent_violation)
Cycle 54309405: clank backup(Will Backup)
cycle 54310479: backup (idempotent_violation)
Cycle 54310479: clank backup(Will Backup)
cycle 54311506: backup (idempotent_violation)
Cycle 54311506: clank backup(Will Backup)
cycle 54312580: backup (idempotent_violation)
Cycle 54312580: clank backup(Will Backup)
cycle 54313422: backup (idempotent_violation)
Cycle 54313422: clank backup(Will Backup)
cycle 54314453: backup (idempotent_violation)
Cycle 54314453: clank backup(Will Backup)
cycle 54315523: backup (idempotent_violation)
Cycle 54315523: clank backup(Will Backup)
cycle 54316554: backup (idempotent_violation)
Cycle 54316554: clank backup(Will Backup)
cycle 54317901: backup (idempotent_violation)
Cycle 54317901: clank backup(Will Backup)
cycle 54318971: backup (idempotent_violation)
Cycle 54318971: clank backup(Will Backup)
cycle 54321894: backup (idempotent_violation)
Cycle 54321894: clank backup(Will Backup)
cycle 54323157: backup (idempotent_violation)
Cycle 54323157: clank backup(Will Backup)
cycle 54324188: backup (idempotent_violation)
Cycle 54324188: clank backup(Will Backup)
cycle 54325258: backup (idempotent_violation)
Cycle 54325258: clank backup(Will Backup)
cycle 54326289: backup (idempotent_violation)
Cycle 54326289: clank backup(Will Backup)
cycle 54327363: backup (idempotent_violation)
Cycle 54327363: clank backup(Will Backup)
cycle 54328390: backup (idempotent_violation)
Cycle 54328390: clank backup(Will Backup)
cycle 54329464: backup (idempotent_violation)
Cycle 54329464: clank backup(Will Backup)
cycle 54330306: backup (idempotent_violation)
Cycle 54330306: clank backup(Will Backup)
cycle 54331986: backup (idempotent_violation)
Cycle 54331986: clank backup(Will Backup)
cycle 54333017: backup (idempotent_violation)
Cycle 54333017: clank backup(Will Backup)
cycle 54334091: backup (idempotent_violation)
Cycle 54334091: clank backup(Will Backup)
cycle 54335118: backup (idempotent_violation)
Cycle 54335118: clank backup(Will Backup)
cycle 54336192: backup (idempotent_violation)
Cycle 54336192: clank backup(Will Backup)
cycle 54337034: backup (idempotent_violation)
Cycle 54337034: clank backup(Will Backup)
cycle 54338714: backup (idempotent_violation)
Cycle 54338714: clank backup(Will Backup)
cycle 54339745: backup (idempotent_violation)
Cycle 54339745: clank backup(Will Backup)
cycle 54340819: backup (idempotent_violation)
Cycle 54340819: clank backup(Will Backup)
cycle 54341846: backup (idempotent_violation)
Cycle 54341846: clank backup(Will Backup)
cycle 54342920: backup (idempotent_violation)
Cycle 54342920: clank backup(Will Backup)
cycle 54343762: backup (idempotent_violation)
Cycle 54343762: clank backup(Will Backup)
cycle 54345442: backup (idempotent_violation)
Cycle 54345442: clank backup(Will Backup)
cycle 54346473: backup (idempotent_violation)
Cycle 54346473: clank backup(Will Backup)
cycle 54347547: backup (idempotent_violation)
Cycle 54347547: clank backup(Will Backup)
cycle 54348574: backup (idempotent_violation)
Cycle 54348574: clank backup(Will Backup)
cycle 54349648: backup (idempotent_violation)
Cycle 54349648: clank backup(Will Backup)
cycle 54350490: backup (idempotent_violation)
Cycle 54350490: clank backup(Will Backup)
cycle 54352170: backup (idempotent_violation)
Cycle 54352170: clank backup(Will Backup)
cycle 54353201: backup (idempotent_violation)
Cycle 54353201: clank backup(Will Backup)
cycle 54354275: backup (idempotent_violation)
Cycle 54354275: clank backup(Will Backup)
cycle 54355302: backup (idempotent_violation)
Cycle 54355302: clank backup(Will Backup)
cycle 54356376: backup (idempotent_violation)
Cycle 54356376: clank backup(Will Backup)
cycle 54357218: backup (idempotent_violation)
Cycle 54357218: clank backup(Will Backup)
cycle 54358898: backup (idempotent_violation)
Cycle 54358898: clank backup(Will Backup)
cycle 54359929: backup (idempotent_violation)
Cycle 54359929: clank backup(Will Backup)
cycle 54361003: backup (idempotent_violation)
Cycle 54361003: clank backup(Will Backup)
cycle 54362030: backup (idempotent_violation)
Cycle 54362030: clank backup(Will Backup)
cycle 54363104: backup (idempotent_violation)
Cycle 54363104: clank backup(Will Backup)
cycle 54364447: backup (idempotent_violation)
Cycle 54364447: clank backup(Will Backup)
cycle 54367146: backup (idempotent_violation)
Cycle 54367146: clank backup(Will Backup)
cycle 54369058: backup (idempotent_violation)
Cycle 54369058: clank backup(Will Backup)
cycle 54370089: backup (idempotent_violation)
Cycle 54370089: clank backup(Will Backup)
cycle 54371159: backup (idempotent_violation)
Cycle 54371159: clank backup(Will Backup)
cycle 54372190: backup (idempotent_violation)
Cycle 54372190: clank backup(Will Backup)
cycle 54373264: backup (idempotent_violation)
Cycle 54373264: clank backup(Will Backup)
cycle 54374291: backup (idempotent_violation)
Cycle 54374291: clank backup(Will Backup)
cycle 54375365: backup (idempotent_violation)
Cycle 54375365: clank backup(Will Backup)
cycle 54376207: backup (idempotent_violation)
Cycle 54376207: clank backup(Will Backup)
cycle 54377887: backup (idempotent_violation)
Cycle 54377887: clank backup(Will Backup)
cycle 54378918: backup (idempotent_violation)
Cycle 54378918: clank backup(Will Backup)
cycle 54379992: backup (idempotent_violation)
Cycle 54379992: clank backup(Will Backup)
cycle 54381019: backup (idempotent_violation)
Cycle 54381019: clank backup(Will Backup)
cycle 54382093: backup (idempotent_violation)
Cycle 54382093: clank backup(Will Backup)
cycle 54382935: backup (idempotent_violation)
Cycle 54382935: clank backup(Will Backup)
cycle 54384615: backup (idempotent_violation)
Cycle 54384615: clank backup(Will Backup)
cycle 54385646: backup (idempotent_violation)
Cycle 54385646: clank backup(Will Backup)
cycle 54386720: backup (idempotent_violation)
Cycle 54386720: clank backup(Will Backup)
cycle 54387747: backup (idempotent_violation)
Cycle 54387747: clank backup(Will Backup)
cycle 54388821: backup (idempotent_violation)
Cycle 54388821: clank backup(Will Backup)
cycle 54389663: backup (idempotent_violation)
Cycle 54389663: clank backup(Will Backup)
cycle 54391343: backup (idempotent_violation)
Cycle 54391343: clank backup(Will Backup)
cycle 54392374: backup (idempotent_violation)
Cycle 54392374: clank backup(Will Backup)
cycle 54393448: backup (idempotent_violation)
Cycle 54393448: clank backup(Will Backup)
cycle 54394475: backup (idempotent_violation)
Cycle 54394475: clank backup(Will Backup)
cycle 54395549: backup (idempotent_violation)
Cycle 54395549: clank backup(Will Backup)
cycle 54396391: backup (idempotent_violation)
Cycle 54396391: clank backup(Will Backup)
cycle 54398071: backup (idempotent_violation)
Cycle 54398071: clank backup(Will Backup)
cycle 54399102: backup (idempotent_violation)
Cycle 54399102: clank backup(Will Backup)
cycle 54400176: backup (idempotent_violation)
Cycle 54400176: clank backup(Will Backup)
cycle 54401203: backup (idempotent_violation)
Cycle 54401203: clank backup(Will Backup)
cycle 54402277: backup (idempotent_violation)
Cycle 54402277: clank backup(Will Backup)
cycle 54403119: backup (idempotent_violation)
Cycle 54403119: clank backup(Will Backup)
cycle 54404799: backup (idempotent_violation)
Cycle 54404799: clank backup(Will Backup)
cycle 54405830: backup (idempotent_violation)
Cycle 54405830: clank backup(Will Backup)
cycle 54406904: backup (idempotent_violation)
Cycle 54406904: clank backup(Will Backup)
cycle 54407931: backup (idempotent_violation)
Cycle 54407931: clank backup(Will Backup)
cycle 54409005: backup (idempotent_violation)
Cycle 54409005: clank backup(Will Backup)
cycle 54410352: backup (idempotent_violation)
Cycle 54410352: clank backup(Will Backup)
cycle 54412028: backup (idempotent_violation)
Cycle 54412028: clank backup(Will Backup)
cycle 54414731: backup (idempotent_violation)
Cycle 54414731: clank backup(Will Backup)
cycle 54415994: backup (idempotent_violation)
Cycle 54415994: clank backup(Will Backup)
cycle 54417068: backup (idempotent_violation)
Cycle 54417068: clank backup(Will Backup)
cycle 54418095: backup (idempotent_violation)
Cycle 54418095: clank backup(Will Backup)
cycle 54419169: backup (idempotent_violation)
Cycle 54419169: clank backup(Will Backup)
cycle 54420011: backup (idempotent_violation)
Cycle 54420011: clank backup(Will Backup)
cycle 54421691: backup (idempotent_violation)
Cycle 54421691: clank backup(Will Backup)
cycle 54422722: backup (idempotent_violation)
Cycle 54422722: clank backup(Will Backup)
cycle 54423796: backup (idempotent_violation)
Cycle 54423796: clank backup(Will Backup)
cycle 54424823: backup (idempotent_violation)
Cycle 54424823: clank backup(Will Backup)
cycle 54425897: backup (idempotent_violation)
Cycle 54425897: clank backup(Will Backup)
cycle 54426739: backup (idempotent_violation)
Cycle 54426739: clank backup(Will Backup)
cycle 54428419: backup (idempotent_violation)
Cycle 54428419: clank backup(Will Backup)
cycle 54429450: backup (idempotent_violation)
Cycle 54429450: clank backup(Will Backup)
cycle 54430524: backup (idempotent_violation)
Cycle 54430524: clank backup(Will Backup)
cycle 54431551: backup (idempotent_violation)
Cycle 54431551: clank backup(Will Backup)
cycle 54432625: backup (idempotent_violation)
Cycle 54432625: clank backup(Will Backup)
cycle 54433467: backup (idempotent_violation)
Cycle 54433467: clank backup(Will Backup)
cycle 54435147: backup (idempotent_violation)
Cycle 54435147: clank backup(Will Backup)
cycle 54436178: backup (idempotent_violation)
Cycle 54436178: clank backup(Will Backup)
cycle 54437252: backup (idempotent_violation)
Cycle 54437252: clank backup(Will Backup)
cycle 54438279: backup (idempotent_violation)
Cycle 54438279: clank backup(Will Backup)
cycle 54439353: backup (idempotent_violation)
Cycle 54439353: clank backup(Will Backup)
cycle 54440195: backup (idempotent_violation)
Cycle 54440195: clank backup(Will Backup)
cycle 54441875: backup (idempotent_violation)
Cycle 54441875: clank backup(Will Backup)
cycle 54442906: backup (idempotent_violation)
Cycle 54442906: clank backup(Will Backup)
cycle 54443980: backup (idempotent_violation)
Cycle 54443980: clank backup(Will Backup)
cycle 54445007: backup (idempotent_violation)
Cycle 54445007: clank backup(Will Backup)
cycle 54446081: backup (idempotent_violation)
Cycle 54446081: clank backup(Will Backup)
cycle 54446923: backup (idempotent_violation)
Cycle 54446923: clank backup(Will Backup)
cycle 54448603: backup (idempotent_violation)
Cycle 54448603: clank backup(Will Backup)
cycle 54449634: backup (idempotent_violation)
Cycle 54449634: clank backup(Will Backup)
cycle 54450708: backup (idempotent_violation)
Cycle 54450708: clank backup(Will Backup)
cycle 54451735: backup (idempotent_violation)
Cycle 54451735: clank backup(Will Backup)
cycle 54452809: backup (idempotent_violation)
Cycle 54452809: clank backup(Will Backup)
cycle 54453651: backup (idempotent_violation)
Cycle 54453651: clank backup(Will Backup)
cycle 54455415: backup (idempotent_violation)
Cycle 54455415: clank backup(Will Backup)
cycle 54456257: backup (idempotent_violation)
Cycle 54456257: clank backup(Will Backup)
cycle 54457701: backup (idempotent_violation)
Cycle 54457701: clank backup(Will Backup)
cycle 54460034: backup (idempotent_violation)
Cycle 54460034: clank backup(Will Backup)
cycle 54460872: backup (idempotent_violation)
Cycle 54460872: clank backup(Will Backup)
cycle 54461903: backup (idempotent_violation)
Cycle 54461903: clank backup(Will Backup)
cycle 54462977: backup (idempotent_violation)
Cycle 54462977: clank backup(Will Backup)
cycle 54464004: backup (idempotent_violation)
Cycle 54464004: clank backup(Will Backup)
cycle 54465078: backup (idempotent_violation)
Cycle 54465078: clank backup(Will Backup)
cycle 54465920: backup (idempotent_violation)
Cycle 54465920: clank backup(Will Backup)
cycle 54467600: backup (idempotent_violation)
Cycle 54467600: clank backup(Will Backup)
cycle 54468631: backup (idempotent_violation)
Cycle 54468631: clank backup(Will Backup)
cycle 54469705: backup (idempotent_violation)
Cycle 54469705: clank backup(Will Backup)
cycle 54470732: backup (idempotent_violation)
Cycle 54470732: clank backup(Will Backup)
cycle 54471806: backup (idempotent_violation)
Cycle 54471806: clank backup(Will Backup)
cycle 54472648: backup (idempotent_violation)
Cycle 54472648: clank backup(Will Backup)
cycle 54474328: backup (idempotent_violation)
Cycle 54474328: clank backup(Will Backup)
cycle 54475359: backup (idempotent_violation)
Cycle 54475359: clank backup(Will Backup)
cycle 54476433: backup (idempotent_violation)
Cycle 54476433: clank backup(Will Backup)
cycle 54477460: backup (idempotent_violation)
Cycle 54477460: clank backup(Will Backup)
cycle 54478534: backup (idempotent_violation)
Cycle 54478534: clank backup(Will Backup)
cycle 54479376: backup (idempotent_violation)
Cycle 54479376: clank backup(Will Backup)
cycle 54481056: backup (idempotent_violation)
Cycle 54481056: clank backup(Will Backup)
cycle 54482087: backup (idempotent_violation)
Cycle 54482087: clank backup(Will Backup)
cycle 54483161: backup (idempotent_violation)
Cycle 54483161: clank backup(Will Backup)
cycle 54484188: backup (idempotent_violation)
Cycle 54484188: clank backup(Will Backup)
cycle 54485262: backup (idempotent_violation)
Cycle 54485262: clank backup(Will Backup)
cycle 54486104: backup (idempotent_violation)
Cycle 54486104: clank backup(Will Backup)
cycle 54487784: backup (idempotent_violation)
Cycle 54487784: clank backup(Will Backup)
cycle 54488815: backup (idempotent_violation)
Cycle 54488815: clank backup(Will Backup)
cycle 54489889: backup (idempotent_violation)
Cycle 54489889: clank backup(Will Backup)
cycle 54490916: backup (idempotent_violation)
Cycle 54490916: clank backup(Will Backup)
cycle 54491990: backup (idempotent_violation)
Cycle 54491990: clank backup(Will Backup)
cycle 54492832: backup (idempotent_violation)
Cycle 54492832: clank backup(Will Backup)
cycle 54494512: backup (idempotent_violation)
Cycle 54494512: clank backup(Will Backup)
cycle 54495543: backup (idempotent_violation)
Cycle 54495543: clank backup(Will Backup)
cycle 54496617: backup (idempotent_violation)
Cycle 54496617: clank backup(Will Backup)
cycle 54497644: backup (idempotent_violation)
Cycle 54497644: clank backup(Will Backup)
cycle 54498718: backup (idempotent_violation)
Cycle 54498718: clank backup(Will Backup)
cycle 54499560: backup (idempotent_violation)
Cycle 54499560: clank backup(Will Backup)
cycle 54501324: backup (idempotent_violation)
Cycle 54501324: clank backup(Will Backup)
cycle 54502162: backup (idempotent_violation)
Cycle 54502162: clank backup(Will Backup)
cycle 54503004: backup (idempotent_violation)
Cycle 54503004: clank backup(Will Backup)
cycle 54505522: backup (idempotent_violation)
Cycle 54505522: clank backup(Will Backup)
cycle 54506785: backup (idempotent_violation)
Cycle 54506785: clank backup(Will Backup)
cycle 54508465: backup (idempotent_violation)
Cycle 54508465: clank backup(Will Backup)
cycle 54509307: backup (idempotent_violation)
Cycle 54509307: clank backup(Will Backup)
cycle 54511176: backup (idempotent_violation)
Cycle 54511176: clank backup(Will Backup)
cycle 54512888: backup (idempotent_violation)
Cycle 54512888: clank backup(Will Backup)
cycle 54513934: backup (idempotent_violation)
Cycle 54513934: clank backup(Will Backup)
cycle 54515193: backup (idempotent_violation)
Cycle 54515193: clank backup(Will Backup)
cycle 54516035: backup (idempotent_violation)
Cycle 54516035: clank backup(Will Backup)
cycle 54517904: backup (idempotent_violation)
Cycle 54517904: clank backup(Will Backup)
cycle 54519616: backup (idempotent_violation)
Cycle 54519616: clank backup(Will Backup)
cycle 54520662: backup (idempotent_violation)
Cycle 54520662: clank backup(Will Backup)
cycle 54521921: backup (idempotent_violation)
Cycle 54521921: clank backup(Will Backup)
cycle 54522763: backup (idempotent_violation)
Cycle 54522763: clank backup(Will Backup)
cycle 54524632: backup (idempotent_violation)
Cycle 54524632: clank backup(Will Backup)
cycle 54526344: backup (idempotent_violation)
Cycle 54526344: clank backup(Will Backup)
cycle 54527390: backup (idempotent_violation)
Cycle 54527390: clank backup(Will Backup)
cycle 54528649: backup (idempotent_violation)
Cycle 54528649: clank backup(Will Backup)
cycle 54529491: backup (idempotent_violation)
Cycle 54529491: clank backup(Will Backup)
cycle 54531360: backup (idempotent_violation)
Cycle 54531360: clank backup(Will Backup)
cycle 54533072: backup (idempotent_violation)
Cycle 54533072: clank backup(Will Backup)
cycle 54534118: backup (idempotent_violation)
Cycle 54534118: clank backup(Will Backup)
cycle 54535377: backup (idempotent_violation)
Cycle 54535377: clank backup(Will Backup)
cycle 54536219: backup (idempotent_violation)
Cycle 54536219: clank backup(Will Backup)
cycle 54538088: backup (idempotent_violation)
Cycle 54538088: clank backup(Will Backup)
cycle 54539800: backup (idempotent_violation)
Cycle 54539800: clank backup(Will Backup)
cycle 54540846: backup (idempotent_violation)
Cycle 54540846: clank backup(Will Backup)
cycle 54542105: backup (idempotent_violation)
Cycle 54542105: clank backup(Will Backup)
cycle 54542947: backup (idempotent_violation)
Cycle 54542947: clank backup(Will Backup)
cycle 54544816: backup (idempotent_violation)
Cycle 54544816: clank backup(Will Backup)
cycle 54546528: backup (idempotent_violation)
Cycle 54546528: clank backup(Will Backup)
cycle 54548079: backup (idempotent_violation)
Cycle 54548079: clank backup(Will Backup)
cycle 54548921: backup (idempotent_violation)
Cycle 54548921: clank backup(Will Backup)
cycle 54551439: backup (idempotent_violation)
Cycle 54551439: clank backup(Will Backup)
cycle 54552702: backup (idempotent_violation)
Cycle 54552702: clank backup(Will Backup)
cycle 54554382: backup (idempotent_violation)
Cycle 54554382: clank backup(Will Backup)
cycle 54555224: backup (idempotent_violation)
Cycle 54555224: clank backup(Will Backup)
cycle 54557093: backup (idempotent_violation)
Cycle 54557093: clank backup(Will Backup)
cycle 54558805: backup (idempotent_violation)
Cycle 54558805: clank backup(Will Backup)
cycle 54559851: backup (idempotent_violation)
Cycle 54559851: clank backup(Will Backup)
cycle 54561110: backup (idempotent_violation)
Cycle 54561110: clank backup(Will Backup)
cycle 54561952: backup (idempotent_violation)
Cycle 54561952: clank backup(Will Backup)
cycle 54563821: backup (idempotent_violation)
Cycle 54563821: clank backup(Will Backup)
cycle 54565533: backup (idempotent_violation)
Cycle 54565533: clank backup(Will Backup)
cycle 54566579: backup (idempotent_violation)
Cycle 54566579: clank backup(Will Backup)
cycle 54567838: backup (idempotent_violation)
Cycle 54567838: clank backup(Will Backup)
cycle 54568680: backup (idempotent_violation)
Cycle 54568680: clank backup(Will Backup)
cycle 54570549: backup (idempotent_violation)
Cycle 54570549: clank backup(Will Backup)
cycle 54572261: backup (idempotent_violation)
Cycle 54572261: clank backup(Will Backup)
cycle 54573307: backup (idempotent_violation)
Cycle 54573307: clank backup(Will Backup)
cycle 54574566: backup (idempotent_violation)
Cycle 54574566: clank backup(Will Backup)
cycle 54575408: backup (idempotent_violation)
Cycle 54575408: clank backup(Will Backup)
cycle 54577277: backup (idempotent_violation)
Cycle 54577277: clank backup(Will Backup)
cycle 54578989: backup (idempotent_violation)
Cycle 54578989: clank backup(Will Backup)
cycle 54580035: backup (idempotent_violation)
Cycle 54580035: clank backup(Will Backup)
cycle 54581294: backup (idempotent_violation)
Cycle 54581294: clank backup(Will Backup)
cycle 54582136: backup (idempotent_violation)
Cycle 54582136: clank backup(Will Backup)
cycle 54584005: backup (idempotent_violation)
Cycle 54584005: clank backup(Will Backup)
cycle 54585717: backup (idempotent_violation)
Cycle 54585717: clank backup(Will Backup)
cycle 54586763: backup (idempotent_violation)
Cycle 54586763: clank backup(Will Backup)
cycle 54588022: backup (idempotent_violation)
Cycle 54588022: clank backup(Will Backup)
cycle 54588864: backup (idempotent_violation)
Cycle 54588864: clank backup(Will Backup)
cycle 54590733: backup (idempotent_violation)
Cycle 54590733: clank backup(Will Backup)
cycle 54592445: backup (idempotent_violation)
Cycle 54592445: clank backup(Will Backup)
cycle 54593236: backup (idempotent_violation)
Cycle 54593236: clank backup(Will Backup)
cycle 54601993: backup (idempotent_violation)
Cycle 54601993: clank backup(Will Backup)
cycle 54691696: backup (idempotent_violation)
Cycle 54691696: clank backup(Will Backup)
cycle 54694318: backup (idempotent_violation)
Cycle 54694318: clank backup(Will Backup)
cycle 54698889: backup (idempotent_violation)
Cycle 54698889: clank backup(Will Backup)
cycle 54705487: backup (idempotent_violation)
Cycle 54705487: clank backup(Will Backup)
cycle 54793778: backup (idempotent_violation)
Cycle 54793778: clank backup(Will Backup)
cycle 54796400: backup (idempotent_violation)
Cycle 54796400: clank backup(Will Backup)
cycle 54800971: backup (idempotent_violation)
Cycle 54800971: clank backup(Will Backup)
cycle 54807542: backup (idempotent_violation)
Cycle 54807542: clank backup(Will Backup)
cycle 54896245: backup (idempotent_violation)
Cycle 54896245: clank backup(Will Backup)
cycle 54898867: backup (idempotent_violation)
Cycle 54898867: clank backup(Will Backup)
cycle 54903438: backup (idempotent_violation)
Cycle 54903438: clank backup(Will Backup)
cycle 54909982: backup (idempotent_violation)
Cycle 54909982: clank backup(Will Backup)
cycle 54998924: backup (idempotent_violation)
Cycle 54998924: clank backup(Will Backup)
cycle 55001546: backup (idempotent_violation)
Cycle 55001546: clank backup(Will Backup)
cycle 55006366: backup (idempotent_violation)
Cycle 55006366: clank backup(Will Backup)
cycle 55012964: backup (idempotent_violation)
Cycle 55012964: clank backup(Will Backup)
Cycle 55056907: spendthrift backup(Will Backup)
Cycle 55056921: spendthrift backup(Will Backup)
Cycle 55056935: spendthrift backup(Will Backup)
Cycle 55056949: spendthrift backup(Will Backup)
Cycle 55056963: spendthrift backup(Will Backup)
Cycle 55056977: spendthrift backup(Will Backup)
Cycle 55056991: spendthrift backup(Will Backup)
Cycle 55057005: spendthrift backup(Will Backup)
cycle 55057005: POWER OFF - is_active()
Cycle 55695174: instructions towards forward progress=3700000
cycle 56141157: backup (idempotent_violation)
Cycle 56141157: clank backup(Will Backup)
Cycle 57081871: spendthrift backup(Will Backup)
Cycle 57081885: spendthrift backup(Will Backup)
Cycle 57081899: spendthrift backup(Will Backup)
Cycle 57081913: spendthrift backup(Will Backup)
Cycle 57081927: spendthrift backup(Will Backup)
Cycle 57081941: spendthrift backup(Will Backup)
Cycle 57081959: spendthrift backup(Will Backup)
Cycle 57081973: spendthrift backup(Will Backup)
cycle 57081973: POWER OFF - is_active()
Cycle 57201353: instructions towards forward progress=3800000
cycle 57683979: backup (idempotent_violation)
Cycle 57683979: clank backup(Will Backup)
Cycle 58707417: instructions towards forward progress=3900000
Cycle 59104877: spendthrift backup(Will Backup)
Cycle 59104891: spendthrift backup(Will Backup)
Cycle 59104905: spendthrift backup(Will Backup)
Cycle 59104919: spendthrift backup(Will Backup)
Cycle 59104933: spendthrift backup(Will Backup)
Cycle 59104947: spendthrift backup(Will Backup)
Cycle 59104961: spendthrift backup(Will Backup)
Cycle 59104975: spendthrift backup(Will Backup)
