Working dir : /var/lib/condor/execute/slot1/dir_34994
Cycle 0: instructions towards forward progress=0
Cycle 1434523: instructions towards forward progress=100000
Cycle 2155669: spendthrift backup(Will Backup)
Cycle 2155683: spendthrift backup(Will Backup)
Cycle 2155697: spendthrift backup(Will Backup)
Cycle 2155711: spendthrift backup(Will Backup)
Cycle 2155725: spendthrift backup(Will Backup)
Cycle 2155739: spendthrift backup(Will Backup)
Cycle 2155753: spendthrift backup(Will Backup)
Cycle 2155767: spendthrift backup(Will Backup)
cycle 2155767: POWER OFF - is_active()
Cycle 2869019: instructions towards forward progress=200000
Cycle 4303504: instructions towards forward progress=300000
Cycle 4311679: spendthrift backup(Will Backup)
Cycle 4311693: spendthrift backup(Will Backup)
Cycle 4311707: spendthrift backup(Will Backup)
Cycle 4311721: spendthrift backup(Will Backup)
Cycle 4311735: spendthrift backup(Will Backup)
Cycle 4311749: spendthrift backup(Will Backup)
Cycle 4311763: spendthrift backup(Will Backup)
Cycle 4311777: spendthrift backup(Will Backup)
cycle 4311777: POWER OFF - is_active()
Cycle 5737989: instructions towards forward progress=400000
Cycle 6467237: spendthrift backup(Will Backup)
Cycle 6467251: spendthrift backup(Will Backup)
Cycle 6467266: spendthrift backup(Will Backup)
Cycle 6467280: spendthrift backup(Will Backup)
Cycle 6467294: spendthrift backup(Will Backup)
Cycle 6467308: spendthrift backup(Will Backup)
Cycle 6467324: spendthrift backup(Will Backup)
Cycle 6467338: spendthrift backup(Will Backup)
cycle 6467338: POWER OFF - is_active()
Cycle 7172476: instructions towards forward progress=500000
Cycle 8606957: instructions towards forward progress=600000
Cycle 8624027: spendthrift backup(Will Backup)
Cycle 8624041: spendthrift backup(Will Backup)
Cycle 8624056: spendthrift backup(Will Backup)
Cycle 8624074: spendthrift backup(Will Backup)
Cycle 8624088: spendthrift backup(Will Backup)
Cycle 8624102: spendthrift backup(Will Backup)
Cycle 8624116: spendthrift backup(Will Backup)
Cycle 8624130: spendthrift backup(Will Backup)
cycle 8624130: POWER OFF - is_active()
Cycle 10041455: instructions towards forward progress=700000
Cycle 10779827: spendthrift backup(Will Backup)
Cycle 10779841: spendthrift backup(Will Backup)
Cycle 10779855: spendthrift backup(Will Backup)
Cycle 10779869: spendthrift backup(Will Backup)
Cycle 10779883: spendthrift backup(Will Backup)
Cycle 10779897: spendthrift backup(Will Backup)
Cycle 10779911: spendthrift backup(Will Backup)
Cycle 10779926: spendthrift backup(Will Backup)
Cycle 10779940: spendthrift backup(Will Backup)
cycle 10779940: POWER OFF - is_active()
Cycle 11475950: instructions towards forward progress=800000
Cycle 12910433: instructions towards forward progress=900000
Cycle 12934674: spendthrift backup(Will Backup)
Cycle 12934692: spendthrift backup(Will Backup)
Cycle 12934706: spendthrift backup(Will Backup)
Cycle 12934720: spendthrift backup(Will Backup)
Cycle 12934734: spendthrift backup(Will Backup)
Cycle 12934748: spendthrift backup(Will Backup)
Cycle 12934762: spendthrift backup(Will Backup)
Cycle 12934776: spendthrift backup(Will Backup)
Cycle 12934790: spendthrift backup(Will Backup)
cycle 12934790: POWER OFF - is_active()
Cycle 14344927: instructions towards forward progress=1000000
Cycle 15090057: spendthrift backup(Will Backup)
Cycle 15090071: spendthrift backup(Will Backup)
Cycle 15090085: spendthrift backup(Will Backup)
Cycle 15090099: spendthrift backup(Will Backup)
Cycle 15090113: spendthrift backup(Will Backup)
Cycle 15090128: spendthrift backup(Will Backup)
Cycle 15090142: spendthrift backup(Will Backup)
Cycle 15090157: spendthrift backup(Will Backup)
Cycle 15090171: spendthrift backup(Will Backup)
cycle 15090171: POWER OFF - is_active()
Cycle 15779420: instructions towards forward progress=1100000
Cycle 17213904: instructions towards forward progress=1200000
Cycle 17245490: spendthrift backup(Will Backup)
Cycle 17245504: spendthrift backup(Will Backup)
Cycle 17245520: spendthrift backup(Will Backup)
Cycle 17245534: spendthrift backup(Will Backup)
Cycle 17245548: spendthrift backup(Will Backup)
Cycle 17245562: spendthrift backup(Will Backup)
Cycle 17245577: spendthrift backup(Will Backup)
Cycle 17245591: spendthrift backup(Will Backup)
Cycle 17245605: spendthrift backup(Will Backup)
cycle 17245605: POWER OFF - is_active()
Cycle 18648389: instructions towards forward progress=1300000
Cycle 19400933: spendthrift backup(Will Backup)
Cycle 19400947: spendthrift backup(Will Backup)
Cycle 19400961: spendthrift backup(Will Backup)
Cycle 19400975: spendthrift backup(Will Backup)
Cycle 19400989: spendthrift backup(Will Backup)
Cycle 19401004: spendthrift backup(Will Backup)
Cycle 19401022: spendthrift backup(Will Backup)
Cycle 19401036: spendthrift backup(Will Backup)
Cycle 19401050: spendthrift backup(Will Backup)
cycle 19401050: POWER OFF - is_active()
Cycle 20082887: instructions towards forward progress=1400000
Cycle 21517368: instructions towards forward progress=1500000
Cycle 21556056: spendthrift backup(Will Backup)
Cycle 21556071: spendthrift backup(Will Backup)
Cycle 21556085: spendthrift backup(Will Backup)
Cycle 21556099: spendthrift backup(Will Backup)
Cycle 21556113: spendthrift backup(Will Backup)
Cycle 21556129: spendthrift backup(Will Backup)
Cycle 21556143: spendthrift backup(Will Backup)
Cycle 21556157: spendthrift backup(Will Backup)
Cycle 21556171: spendthrift backup(Will Backup)
cycle 21556171: POWER OFF - is_active()
Cycle 22951855: instructions towards forward progress=1600000
Cycle 23712117: spendthrift backup(Will Backup)
Cycle 23712131: spendthrift backup(Will Backup)
Cycle 23712145: spendthrift backup(Will Backup)
Cycle 23712159: spendthrift backup(Will Backup)
Cycle 23712174: spendthrift backup(Will Backup)
Cycle 23712188: spendthrift backup(Will Backup)
Cycle 23712203: spendthrift backup(Will Backup)
Cycle 23712217: spendthrift backup(Will Backup)
Cycle 23712231: spendthrift backup(Will Backup)
cycle 23712231: POWER OFF - is_active()
Cycle 24386345: instructions towards forward progress=1700000
Cycle 25820830: instructions towards forward progress=1800000
Cycle 25867707: spendthrift backup(Will Backup)
Cycle 25867721: spendthrift backup(Will Backup)
Cycle 25867735: spendthrift backup(Will Backup)
Cycle 25867750: spendthrift backup(Will Backup)
Cycle 25867768: spendthrift backup(Will Backup)
Cycle 25867782: spendthrift backup(Will Backup)
Cycle 25867796: spendthrift backup(Will Backup)
Cycle 25867810: spendthrift backup(Will Backup)
Cycle 25867824: spendthrift backup(Will Backup)
cycle 25867824: POWER OFF - is_active()
Cycle 27255325: instructions towards forward progress=1900000
Cycle 28022357: spendthrift backup(Will Backup)
Cycle 28022372: spendthrift backup(Will Backup)
Cycle 28022386: spendthrift backup(Will Backup)
Cycle 28022401: spendthrift backup(Will Backup)
Cycle 28022415: spendthrift backup(Will Backup)
Cycle 28022429: spendthrift backup(Will Backup)
Cycle 28022443: spendthrift backup(Will Backup)
Cycle 28022459: spendthrift backup(Will Backup)
Cycle 28022473: spendthrift backup(Will Backup)
cycle 28022473: POWER OFF - is_active()
Cycle 28689812: instructions towards forward progress=2000000
Cycle 30124297: instructions towards forward progress=2100000
Cycle 30179120: spendthrift backup(Will Backup)
Cycle 30179134: spendthrift backup(Will Backup)
Cycle 30179148: spendthrift backup(Will Backup)
Cycle 30179162: spendthrift backup(Will Backup)
Cycle 30179176: spendthrift backup(Will Backup)
Cycle 30179191: spendthrift backup(Will Backup)
Cycle 30179209: spendthrift backup(Will Backup)
Cycle 30179223: spendthrift backup(Will Backup)
cycle 30179223: POWER OFF - is_active()
Cycle 31558786: instructions towards forward progress=2200000
Cycle 32335388: spendthrift backup(Will Backup)
Cycle 32335402: spendthrift backup(Will Backup)
Cycle 32335416: spendthrift backup(Will Backup)
Cycle 32335430: spendthrift backup(Will Backup)
Cycle 32335444: spendthrift backup(Will Backup)
Cycle 32335458: spendthrift backup(Will Backup)
Cycle 32335473: spendthrift backup(Will Backup)
Cycle 32335487: spendthrift backup(Will Backup)
Cycle 32335502: spendthrift backup(Will Backup)
cycle 32335502: POWER OFF - is_active()
Cycle 32993283: instructions towards forward progress=2300000
Cycle 34427764: instructions towards forward progress=2400000
Cycle 34490337: spendthrift backup(Will Backup)
Cycle 34490351: spendthrift backup(Will Backup)
Cycle 34490366: spendthrift backup(Will Backup)
Cycle 34490380: spendthrift backup(Will Backup)
Cycle 34490395: spendthrift backup(Will Backup)
Cycle 34490409: spendthrift backup(Will Backup)
Cycle 34490423: spendthrift backup(Will Backup)
Cycle 34490437: spendthrift backup(Will Backup)
Cycle 34490453: spendthrift backup(Will Backup)
cycle 34490453: POWER OFF - is_active()
Cycle 35862258: instructions towards forward progress=2500000
Cycle 36644824: spendthrift backup(Will Backup)
Cycle 36644839: spendthrift backup(Will Backup)
Cycle 36644853: spendthrift backup(Will Backup)
Cycle 36644868: spendthrift backup(Will Backup)
Cycle 36644882: spendthrift backup(Will Backup)
Cycle 36644896: spendthrift backup(Will Backup)
Cycle 36644910: spendthrift backup(Will Backup)
Cycle 36644926: spendthrift backup(Will Backup)
Cycle 36644940: spendthrift backup(Will Backup)
cycle 36644940: POWER OFF - is_active()
Cycle 37296744: instructions towards forward progress=2600000
Cycle 38731227: instructions towards forward progress=2700000
Cycle 38800240: spendthrift backup(Will Backup)
Cycle 38800254: spendthrift backup(Will Backup)
Cycle 38800268: spendthrift backup(Will Backup)
Cycle 38800283: spendthrift backup(Will Backup)
Cycle 38800297: spendthrift backup(Will Backup)
Cycle 38800311: spendthrift backup(Will Backup)
Cycle 38800325: spendthrift backup(Will Backup)
Cycle 38800339: spendthrift backup(Will Backup)
Cycle 38800353: spendthrift backup(Will Backup)
cycle 38800353: POWER OFF - is_active()
Cycle 40165711: instructions towards forward progress=2800000
Cycle 40957204: spendthrift backup(Will Backup)
Cycle 40957218: spendthrift backup(Will Backup)
Cycle 40957232: spendthrift backup(Will Backup)
Cycle 40957247: spendthrift backup(Will Backup)
Cycle 40957261: spendthrift backup(Will Backup)
Cycle 40957275: spendthrift backup(Will Backup)
Cycle 40957289: spendthrift backup(Will Backup)
Cycle 40957303: spendthrift backup(Will Backup)
cycle 40957303: POWER OFF - is_active()
Cycle 41600196: instructions towards forward progress=2900000
Cycle 43034678: instructions towards forward progress=3000000
Cycle 43113302: spendthrift backup(Will Backup)
Cycle 43113318: spendthrift backup(Will Backup)
Cycle 43113332: spendthrift backup(Will Backup)
Cycle 43113346: spendthrift backup(Will Backup)
Cycle 43113360: spendthrift backup(Will Backup)
Cycle 43113375: spendthrift backup(Will Backup)
Cycle 43113389: spendthrift backup(Will Backup)
Cycle 43113403: spendthrift backup(Will Backup)
Cycle 43113417: spendthrift backup(Will Backup)
cycle 43113417: POWER OFF - is_active()
Cycle 44469165: instructions towards forward progress=3100000
Cycle 45269634: spendthrift backup(Will Backup)
Cycle 45269652: spendthrift backup(Will Backup)
Cycle 45269666: spendthrift backup(Will Backup)
Cycle 45269680: spendthrift backup(Will Backup)
Cycle 45269694: spendthrift backup(Will Backup)
Cycle 45269708: spendthrift backup(Will Backup)
Cycle 45269722: spendthrift backup(Will Backup)
Cycle 45269736: spendthrift backup(Will Backup)
cycle 45269736: POWER OFF - is_active()
Cycle 45903663: instructions towards forward progress=3200000
Cycle 47338144: instructions towards forward progress=3300000
Cycle 47425760: spendthrift backup(Will Backup)
Cycle 47425775: spendthrift backup(Will Backup)
Cycle 47425793: spendthrift backup(Will Backup)
Cycle 47425807: spendthrift backup(Will Backup)
Cycle 47425821: spendthrift backup(Will Backup)
Cycle 47425835: spendthrift backup(Will Backup)
Cycle 47425849: spendthrift backup(Will Backup)
Cycle 47425863: spendthrift backup(Will Backup)
cycle 47425863: POWER OFF - is_active()
Cycle 48772640: instructions towards forward progress=3400000
Cycle 49582118: spendthrift backup(Will Backup)
Cycle 49582132: spendthrift backup(Will Backup)
Cycle 49582148: spendthrift backup(Will Backup)
Cycle 49582162: spendthrift backup(Will Backup)
Cycle 49582176: spendthrift backup(Will Backup)
Cycle 49582190: spendthrift backup(Will Backup)
Cycle 49582205: spendthrift backup(Will Backup)
Cycle 49582219: spendthrift backup(Will Backup)
cycle 49582219: POWER OFF - is_active()
Cycle 50207125: instructions towards forward progress=3500000
Cycle 51641610: instructions towards forward progress=3600000
Cycle 51738280: spendthrift backup(Will Backup)
Cycle 51738294: spendthrift backup(Will Backup)
Cycle 51738308: spendthrift backup(Will Backup)
Cycle 51738322: spendthrift backup(Will Backup)
Cycle 51738337: spendthrift backup(Will Backup)
Cycle 51738351: spendthrift backup(Will Backup)
Cycle 51738365: spendthrift backup(Will Backup)
Cycle 51738379: spendthrift backup(Will Backup)
cycle 51738379: POWER OFF - is_active()
Cycle 53076096: instructions towards forward progress=3700000
Cycle 53894067: spendthrift backup(Will Backup)
Cycle 53894081: spendthrift backup(Will Backup)
Cycle 53894095: spendthrift backup(Will Backup)
Cycle 53894109: spendthrift backup(Will Backup)
Cycle 53894123: spendthrift backup(Will Backup)
Cycle 53894137: spendthrift backup(Will Backup)
Cycle 53894151: spendthrift backup(Will Backup)
Cycle 53894165: spendthrift backup(Will Backup)
Cycle 53894180: spendthrift backup(Will Backup)
cycle 53894180: POWER OFF - is_active()
Cycle 54510588: instructions towards forward progress=3800000
Cycle 55945069: instructions towards forward progress=3900000
Cycle 56049802: spendthrift backup(Will Backup)
Cycle 56049816: spendthrift backup(Will Backup)
Cycle 56049830: spendthrift backup(Will Backup)
Cycle 56049844: spendthrift backup(Will Backup)
Cycle 56049858: spendthrift backup(Will Backup)
Cycle 56049872: spendthrift backup(Will Backup)
Cycle 56049886: spendthrift backup(Will Backup)
Cycle 56049901: spendthrift backup(Will Backup)
Cycle 56049919: spendthrift backup(Will Backup)
cycle 56049919: POWER OFF - is_active()
Cycle 57379562: instructions towards forward progress=4000000
Cycle 58206972: spendthrift backup(Will Backup)
Cycle 58206986: spendthrift backup(Will Backup)
Cycle 58207000: spendthrift backup(Will Backup)
Cycle 58207015: spendthrift backup(Will Backup)
Cycle 58207029: spendthrift backup(Will Backup)
Cycle 58207044: spendthrift backup(Will Backup)
Cycle 58207058: spendthrift backup(Will Backup)
Cycle 58207072: spendthrift backup(Will Backup)
cycle 58207072: POWER OFF - is_active()
Cycle 58814055: instructions towards forward progress=4100000
Cycle 60248536: instructions towards forward progress=4200000
Cycle 60362506: spendthrift backup(Will Backup)
Cycle 60362520: spendthrift backup(Will Backup)
Cycle 60362534: spendthrift backup(Will Backup)
Cycle 60362548: spendthrift backup(Will Backup)
Cycle 60362562: spendthrift backup(Will Backup)
Cycle 60362576: spendthrift backup(Will Backup)
Cycle 60362591: spendthrift backup(Will Backup)
Cycle 60362609: spendthrift backup(Will Backup)
Cycle 60362623: spendthrift backup(Will Backup)
cycle 60362623: POWER OFF - is_active()
Cycle 61683030: instructions towards forward progress=4300000
Cycle 62517956: spendthrift backup(Will Backup)
Cycle 62517970: spendthrift backup(Will Backup)
Cycle 62517984: spendthrift backup(Will Backup)
Cycle 62517998: spendthrift backup(Will Backup)
Cycle 62518012: spendthrift backup(Will Backup)
Cycle 62518026: spendthrift backup(Will Backup)
Cycle 62518041: spendthrift backup(Will Backup)
Cycle 62518055: spendthrift backup(Will Backup)
Cycle 62518070: spendthrift backup(Will Backup)
cycle 62518070: POWER OFF - is_active()
Cycle 63117524: instructions towards forward progress=4400000
Cycle 64552007: instructions towards forward progress=4500000
Cycle 64673681: spendthrift backup(Will Backup)
Cycle 64673695: spendthrift backup(Will Backup)
Cycle 64673709: spendthrift backup(Will Backup)
Cycle 64673723: spendthrift backup(Will Backup)
Cycle 64673737: spendthrift backup(Will Backup)
Cycle 64673751: spendthrift backup(Will Backup)
Cycle 64673766: spendthrift backup(Will Backup)
Cycle 64673780: spendthrift backup(Will Backup)
Cycle 64673795: spendthrift backup(Will Backup)
cycle 64673795: POWER OFF - is_active()
Cycle 65986501: instructions towards forward progress=4600000
Cycle 66830093: spendthrift backup(Will Backup)
Cycle 66830107: spendthrift backup(Will Backup)
Cycle 66830121: spendthrift backup(Will Backup)
Cycle 66830135: spendthrift backup(Will Backup)
Cycle 66830149: spendthrift backup(Will Backup)
Cycle 66830163: spendthrift backup(Will Backup)
Cycle 66830178: spendthrift backup(Will Backup)
Cycle 66830196: spendthrift backup(Will Backup)
cycle 66830196: POWER OFF - is_active()
Cycle 67420995: instructions towards forward progress=4700000
Cycle 68855477: instructions towards forward progress=4800000
Cycle 68984711: spendthrift backup(Will Backup)
Cycle 68984725: spendthrift backup(Will Backup)
Cycle 68984739: spendthrift backup(Will Backup)
Cycle 68984753: spendthrift backup(Will Backup)
Cycle 68984767: spendthrift backup(Will Backup)
Cycle 68984781: spendthrift backup(Will Backup)
Cycle 68984796: spendthrift backup(Will Backup)
Cycle 68984810: spendthrift backup(Will Backup)
Cycle 68984825: spendthrift backup(Will Backup)
Cycle 68984839: spendthrift backup(Will Backup)
 POWER OFF: Not enough energy to store data into RAM: address=0x407fffb0
Cycle 4308a35: instructions towards forward progress=4900000
Cycle 71139057: spendthrift backup(Will Backup)
Cycle 71139071: spendthrift backup(Will Backup)
Cycle 71139085: spendthrift backup(Will Backup)
Cycle 71139099: spendthrift backup(Will Backup)
Cycle 71139113: spendthrift backup(Will Backup)
Cycle 71139127: spendthrift backup(Will Backup)
Cycle 71139142: spendthrift backup(Will Backup)
Cycle 71139160: spendthrift backup(Will Backup)
Cycle 71139174: spendthrift backup(Will Backup)
cycle 71139174: POWER OFF - is_active()
Cycle 71724463: instructions towards forward progress=5000000
Cycle 73158947: instructions towards forward progress=5100000
Cycle 73295095: spendthrift backup(Will Backup)
Cycle 73295109: spendthrift backup(Will Backup)
Cycle 73295123: spendthrift backup(Will Backup)
Cycle 73295137: spendthrift backup(Will Backup)
Cycle 73295152: spendthrift backup(Will Backup)
Cycle 73295166: spendthrift backup(Will Backup)
Cycle 73295180: spendthrift backup(Will Backup)
Cycle 73295194: spendthrift backup(Will Backup)
cycle 73295194: POWER OFF - is_active()
Cycle 74593435: instructions towards forward progress=5200000
Cycle 75452043: spendthrift backup(Will Backup)
Cycle 75452059: spendthrift backup(Will Backup)
Cycle 75452073: spendthrift backup(Will Backup)
Cycle 75452087: spendthrift backup(Will Backup)
Cycle 75452101: spendthrift backup(Will Backup)
Cycle 75452116: spendthrift backup(Will Backup)
Cycle 75452130: spendthrift backup(Will Backup)
Cycle 75452144: spendthrift backup(Will Backup)
cycle 75452144: POWER OFF - is_active()
Cycle 76027920: instructions towards forward progress=5300000
Cycle 77462405: instructions towards forward progress=5400000
Cycle 77606743: spendthrift backup(Will Backup)
Cycle 77606757: spendthrift backup(Will Backup)
Cycle 77606771: spendthrift backup(Will Backup)
Cycle 77606785: spendthrift backup(Will Backup)
Cycle 77606799: spendthrift backup(Will Backup)
Cycle 77606813: spendthrift backup(Will Backup)
Cycle 77606827: spendthrift backup(Will Backup)
Cycle 77606841: spendthrift backup(Will Backup)
Cycle 77606856: spendthrift backup(Will Backup)
cycle 77606856: POWER OFF - is_active()
Cycle 78896899: instructions towards forward progress=5500000
Cycle 79761878: spendthrift backup(Will Backup)
Cycle 79761893: spendthrift backup(Will Backup)
Cycle 79761907: spendthrift backup(Will Backup)
Cycle 79761921: spendthrift backup(Will Backup)
Cycle 79761935: spendthrift backup(Will Backup)
Cycle 79761949: spendthrift backup(Will Backup)
Cycle 79761963: spendthrift backup(Will Backup)
Cycle 79761977: spendthrift backup(Will Backup)
Cycle 79761991: spendthrift backup(Will Backup)
cycle 79761991: POWER OFF - is_active()
Cycle 80331386: instructions towards forward progress=5600000
Cycle 81765867: instructions towards forward progress=5700000
Cycle 81918368: spendthrift backup(Will Backup)
Cycle 81918384: spendthrift backup(Will Backup)
Cycle 81918398: spendthrift backup(Will Backup)
Cycle 81918412: spendthrift backup(Will Backup)
Cycle 81918426: spendthrift backup(Will Backup)
Cycle 81918441: spendthrift backup(Will Backup)
Cycle 81918455: spendthrift backup(Will Backup)
Cycle 81918469: spendthrift backup(Will Backup)
cycle 81918469: POWER OFF - is_active()
Cycle 83200356: instructions towards forward progress=5800000
Cycle 84073395: spendthrift backup(Will Backup)
Cycle 84073409: spendthrift backup(Will Backup)
Cycle 84073423: spendthrift backup(Will Backup)
Cycle 84073437: spendthrift backup(Will Backup)
Cycle 84073452: spendthrift backup(Will Backup)
Cycle 84073470: spendthrift backup(Will Backup)
Cycle 84073484: spendthrift backup(Will Backup)
Cycle 84073498: spendthrift backup(Will Backup)
Cycle 84073512: spendthrift backup(Will Backup)
cycle 84073512: POWER OFF - is_active()
Cycle 84634851: instructions towards forward progress=5900000
Cycle 86069334: instructions towards forward progress=6000000
Cycle 86229134: spendthrift backup(Will Backup)
Cycle 86229148: spendthrift backup(Will Backup)
Cycle 86229162: spendthrift backup(Will Backup)
Cycle 86229177: spendthrift backup(Will Backup)
Cycle 86229195: spendthrift backup(Will Backup)
Cycle 86229209: spendthrift backup(Will Backup)
Cycle 86229223: spendthrift backup(Will Backup)
Cycle 86229237: spendthrift backup(Will Backup)
Cycle 86229251: spendthrift backup(Will Backup)
cycle 86229251: POWER OFF - is_active()
Cycle 87503832: instructions towards forward progress=6100000
Cycle 88385822: spendthrift backup(Will Backup)
Cycle 88385836: spendthrift backup(Will Backup)
Cycle 88385850: spendthrift backup(Will Backup)
Cycle 88385864: spendthrift backup(Will Backup)
Cycle 88385879: spendthrift backup(Will Backup)
Cycle 88385893: spendthrift backup(Will Backup)
Cycle 88385908: spendthrift backup(Will Backup)
Cycle 88385922: spendthrift backup(Will Backup)
cycle 88385922: POWER OFF - is_active()
Cycle 88938321: instructions towards forward progress=6200000
Cycle 90372805: instructions towards forward progress=6300000
Cycle 90541871: spendthrift backup(Will Backup)
Cycle 90541889: spendthrift backup(Will Backup)
Cycle 90541903: spendthrift backup(Will Backup)
Cycle 90541917: spendthrift backup(Will Backup)
Cycle 90541931: spendthrift backup(Will Backup)
Cycle 90541945: spendthrift backup(Will Backup)
Cycle 90541959: spendthrift backup(Will Backup)
Cycle 90541973: spendthrift backup(Will Backup)
Cycle 90541987: spendthrift backup(Will Backup)
cycle 90541987: POWER OFF - is_active()
Cycle 91807299: instructions towards forward progress=6400000
Cycle 92698200: spendthrift backup(Will Backup)
Cycle 92698214: spendthrift backup(Will Backup)
Cycle 92698228: spendthrift backup(Will Backup)
Cycle 92698244: spendthrift backup(Will Backup)
Cycle 92698258: spendthrift backup(Will Backup)
Cycle 92698272: spendthrift backup(Will Backup)
Cycle 92698286: spendthrift backup(Will Backup)
Cycle 92698301: spendthrift backup(Will Backup)
cycle 92698301: POWER OFF - is_active()
Cycle 93241788: instructions towards forward progress=6500000
Cycle 94676270: instructions towards forward progress=6600000
Cycle 94855335: spendthrift backup(Will Backup)
Cycle 94855349: spendthrift backup(Will Backup)
Cycle 94855363: spendthrift backup(Will Backup)
Cycle 94855377: spendthrift backup(Will Backup)
Cycle 94855392: spendthrift backup(Will Backup)
Cycle 94855410: spendthrift backup(Will Backup)
Cycle 94855424: spendthrift backup(Will Backup)
Cycle 94855438: spendthrift backup(Will Backup)
cycle 94855438: POWER OFF - is_active()
Cycle 96110766: instructions towards forward progress=6700000
Cycle 97010789: spendthrift backup(Will Backup)
Cycle 97010803: spendthrift backup(Will Backup)
Cycle 97010817: spendthrift backup(Will Backup)
Cycle 97010831: spendthrift backup(Will Backup)
Cycle 97010846: spendthrift backup(Will Backup)
Cycle 97010860: spendthrift backup(Will Backup)
Cycle 97010875: spendthrift backup(Will Backup)
Cycle 97010889: spendthrift backup(Will Backup)
Cycle 97010903: spendthrift backup(Will Backup)
cycle 97010903: POWER OFF - is_active()
Cycle 97545255: instructions towards forward progress=6800000
Cycle 98979740: instructions towards forward progress=6900000
Cycle 99167254: spendthrift backup(Will Backup)
Cycle 99167272: spendthrift backup(Will Backup)
Cycle 99167286: spendthrift backup(Will Backup)
Cycle 99167300: spendthrift backup(Will Backup)
Cycle 99167314: spendthrift backup(Will Backup)
Cycle 99167328: spendthrift backup(Will Backup)
Cycle 99167342: spendthrift backup(Will Backup)
Cycle 99167356: spendthrift backup(Will Backup)
cycle 99167356: POWER OFF - is_active()
Cycle 100414235: instructions towards forward progress=7000000
Cycle 101323768: spendthrift backup(Will Backup)
Cycle 101323782: spendthrift backup(Will Backup)
Cycle 101323796: spendthrift backup(Will Backup)
Cycle 101323811: spendthrift backup(Will Backup)
Cycle 101323829: spendthrift backup(Will Backup)
Cycle 101323843: spendthrift backup(Will Backup)
Cycle 101323857: spendthrift backup(Will Backup)
Cycle 101323871: spendthrift backup(Will Backup)
cycle 101323871: POWER OFF - is_active()
Cycle 101848731: instructions towards forward progress=7100000
Cycle 103283216: instructions towards forward progress=7200000
Cycle 103479007: spendthrift backup(Will Backup)
Cycle 103479021: spendthrift backup(Will Backup)
Cycle 103479035: spendthrift backup(Will Backup)
Cycle 103479049: spendthrift backup(Will Backup)
Cycle 103479063: spendthrift backup(Will Backup)
Cycle 103479077: spendthrift backup(Will Backup)
Cycle 103479091: spendthrift backup(Will Backup)
Cycle 103479105: spendthrift backup(Will Backup)
Cycle 103479120: spendthrift backup(Will Backup)
cycle 103479120: POWER OFF - is_active()
Cycle 104717706: instructions towards forward progress=7300000
Cycle 105635445: spendthrift backup(Will Backup)
Cycle 105635459: spendthrift backup(Will Backup)
Cycle 105635473: spendthrift backup(Will Backup)
Cycle 105635489: spendthrift backup(Will Backup)
Cycle 105635503: spendthrift backup(Will Backup)
Cycle 105635517: spendthrift backup(Will Backup)
Cycle 105635531: spendthrift backup(Will Backup)
Cycle 105635546: spendthrift backup(Will Backup)
cycle 105635546: POWER OFF - is_active()
Cycle 106152193: instructions towards forward progress=7400000
Cycle 107586674: instructions towards forward progress=7500000
Cycle 107792164: spendthrift backup(Will Backup)
Cycle 107792178: spendthrift backup(Will Backup)
Cycle 107792192: spendthrift backup(Will Backup)
Cycle 107792206: spendthrift backup(Will Backup)
Cycle 107792221: spendthrift backup(Will Backup)
Cycle 107792239: spendthrift backup(Will Backup)
Cycle 107792253: spendthrift backup(Will Backup)
Cycle 107792267: spendthrift backup(Will Backup)
cycle 107792267: POWER OFF - is_active()
Cycle 109021172: instructions towards forward progress=7600000
Cycle 109948796: spendthrift backup(Will Backup)
Cycle 109948810: spendthrift backup(Will Backup)
Cycle 109948824: spendthrift backup(Will Backup)
Cycle 109948838: spendthrift backup(Will Backup)
Cycle 109948852: spendthrift backup(Will Backup)
Cycle 109948866: spendthrift backup(Will Backup)
Cycle 109948880: spendthrift backup(Will Backup)
Cycle 109948894: spendthrift backup(Will Backup)
cycle 109948894: POWER OFF - is_active()
Cycle 110455667: instructions towards forward progress=7700000
Cycle 111890150: instructions towards forward progress=7800000
Cycle 112104662: spendthrift backup(Will Backup)
Cycle 112104677: spendthrift backup(Will Backup)
Cycle 112104691: spendthrift backup(Will Backup)
Cycle 112104705: spendthrift backup(Will Backup)
Cycle 112104719: spendthrift backup(Will Backup)
Cycle 112104735: spendthrift backup(Will Backup)
Cycle 112104749: spendthrift backup(Will Backup)
Cycle 112104763: spendthrift backup(Will Backup)
cycle 112104763: POWER OFF - is_active()
Cycle 113324635: instructions towards forward progress=7900000
Cycle 114260765: spendthrift backup(Will Backup)
Cycle 114260780: spendthrift backup(Will Backup)
Cycle 114260794: spendthrift backup(Will Backup)
Cycle 114260809: spendthrift backup(Will Backup)
Cycle 114260823: spendthrift backup(Will Backup)
Cycle 114260837: spendthrift backup(Will Backup)
Cycle 114260851: spendthrift backup(Will Backup)
Cycle 114260867: spendthrift backup(Will Backup)
Cycle 114260881: spendthrift backup(Will Backup)
 POWER OFF: Not enough energy to store data into RAM: address=0x407fdf60
Cycle 6d715d8: instructions towards forward progress=8000000
Cycle 116193610: instructions towards forward progress=8100000
Cycle 116416028: spendthrift backup(Will Backup)
Cycle 116416042: spendthrift backup(Will Backup)
Cycle 116416056: spendthrift backup(Will Backup)
Cycle 116416070: spendthrift backup(Will Backup)
Cycle 116416084: spendthrift backup(Will Backup)
Cycle 116416099: spendthrift backup(Will Backup)
Cycle 116416113: spendthrift backup(Will Backup)
Cycle 116416128: spendthrift backup(Will Backup)
Cycle 116416142: spendthrift backup(Will Backup)
cycle 116416142: POWER OFF - is_active()
Cycle 117628102: instructions towards forward progress=8200000
Cycle 118573039: spendthrift backup(Will Backup)
Cycle 118573053: spendthrift backup(Will Backup)
Cycle 118573068: spendthrift backup(Will Backup)
Cycle 118573082: spendthrift backup(Will Backup)
Cycle 118573097: spendthrift backup(Will Backup)
Cycle 118573111: spendthrift backup(Will Backup)
Cycle 118573125: spendthrift backup(Will Backup)
Cycle 118573139: spendthrift backup(Will Backup)
cycle 118573139: POWER OFF - is_active()
Cycle 119062596: instructions towards forward progress=8300000
Cycle 120497077: instructions towards forward progress=8400000
Cycle 120728228: spendthrift backup(Will Backup)
Cycle 120728246: spendthrift backup(Will Backup)
Cycle 120728260: spendthrift backup(Will Backup)
Cycle 120728274: spendthrift backup(Will Backup)
Cycle 120728288: spendthrift backup(Will Backup)
Cycle 120728302: spendthrift backup(Will Backup)
Cycle 120728316: spendthrift backup(Will Backup)
Cycle 120728330: spendthrift backup(Will Backup)
Cycle 120728344: spendthrift backup(Will Backup)
cycle 120728344: POWER OFF - is_active()
Cycle 121931573: instructions towards forward progress=8500000
Cycle 122885233: spendthrift backup(Will Backup)
Cycle 122885247: spendthrift backup(Will Backup)
Cycle 122885261: spendthrift backup(Will Backup)
Cycle 122885275: spendthrift backup(Will Backup)
Cycle 122885289: spendthrift backup(Will Backup)
Cycle 122885303: spendthrift backup(Will Backup)
Cycle 122885317: spendthrift backup(Will Backup)
Cycle 122885331: spendthrift backup(Will Backup)
cycle 122885331: POWER OFF - is_active()
Cycle 123366067: instructions towards forward progress=8600000
Cycle 124800552: instructions towards forward progress=8700000
Cycle 125039837: spendthrift backup(Will Backup)
Cycle 125039852: spendthrift backup(Will Backup)
Cycle 125039866: spendthrift backup(Will Backup)
Cycle 125039880: spendthrift backup(Will Backup)
Cycle 125039894: spendthrift backup(Will Backup)
Cycle 125039910: spendthrift backup(Will Backup)
Cycle 125039924: spendthrift backup(Will Backup)
Cycle 125039938: spendthrift backup(Will Backup)
Cycle 125039952: spendthrift backup(Will Backup)
cycle 125039952: POWER OFF - is_active()
Cycle 126235038: instructions towards forward progress=8800000
Cycle 127195539: spendthrift backup(Will Backup)
Cycle 127195553: spendthrift backup(Will Backup)
Cycle 127195568: spendthrift backup(Will Backup)
Cycle 127195582: spendthrift backup(Will Backup)
Cycle 127195596: spendthrift backup(Will Backup)
Cycle 127195610: spendthrift backup(Will Backup)
Cycle 127195626: spendthrift backup(Will Backup)
Cycle 127195640: spendthrift backup(Will Backup)
cycle 127195640: POWER OFF - is_active()
Cycle 127669525: instructions towards forward progress=8900000
Cycle 129104006: instructions towards forward progress=9000000
Cycle 129352216: spendthrift backup(Will Backup)
Cycle 129352231: spendthrift backup(Will Backup)
Cycle 129352245: spendthrift backup(Will Backup)
Cycle 129352259: spendthrift backup(Will Backup)
Cycle 129352273: spendthrift backup(Will Backup)
Cycle 129352287: spendthrift backup(Will Backup)
Cycle 129352301: spendthrift backup(Will Backup)
Cycle 129352315: spendthrift backup(Will Backup)
cycle 129352315: POWER OFF - is_active()
Cycle 130538494: instructions towards forward progress=9100000
Cycle 131508017: spendthrift backup(Will Backup)
Cycle 131508031: spendthrift backup(Will Backup)
Cycle 131508045: spendthrift backup(Will Backup)
Cycle 131508059: spendthrift backup(Will Backup)
Cycle 131508074: spendthrift backup(Will Backup)
Cycle 131508092: spendthrift backup(Will Backup)
Cycle 131508106: spendthrift backup(Will Backup)
Cycle 131508120: spendthrift backup(Will Backup)
Cycle 131508134: spendthrift backup(Will Backup)
cycle 131508134: POWER OFF - is_active()
Cycle 131972991: instructions towards forward progress=9200000
Cycle 133407472: instructions towards forward progress=9300000
Cycle 133664200: spendthrift backup(Will Backup)
Cycle 133664215: spendthrift backup(Will Backup)
Cycle 133664233: spendthrift backup(Will Backup)
Cycle 133664247: spendthrift backup(Will Backup)
Cycle 133664261: spendthrift backup(Will Backup)
Cycle 133664275: spendthrift backup(Will Backup)
Cycle 133664289: spendthrift backup(Will Backup)
Cycle 133664303: spendthrift backup(Will Backup)
cycle 133664303: POWER OFF - is_active()
Cycle 134841970: instructions towards forward progress=9400000
Cycle 135819238: spendthrift backup(Will Backup)
Cycle 135819253: spendthrift backup(Will Backup)
Cycle 135819267: spendthrift backup(Will Backup)
Cycle 135819282: spendthrift backup(Will Backup)
Cycle 135819296: spendthrift backup(Will Backup)
Cycle 135819310: spendthrift backup(Will Backup)
Cycle 135819324: spendthrift backup(Will Backup)
Cycle 135819340: spendthrift backup(Will Backup)
Cycle 135819354: spendthrift backup(Will Backup)
cycle 135819354: POWER OFF - is_active()
Cycle 136276455: instructions towards forward progress=9500000
Cycle 137710938: instructions towards forward progress=9600000
Cycle 137974166: spendthrift backup(Will Backup)
Cycle 137974180: spendthrift backup(Will Backup)
Cycle 137974194: spendthrift backup(Will Backup)
Cycle 137974208: spendthrift backup(Will Backup)
Cycle 137974224: spendthrift backup(Will Backup)
Cycle 137974238: spendthrift backup(Will Backup)
Cycle 137974252: spendthrift backup(Will Backup)
Cycle 137974266: spendthrift backup(Will Backup)
Cycle 137974281: spendthrift backup(Will Backup)
cycle 137974281: POWER OFF - is_active()
Cycle 139145423: instructions towards forward progress=9700000
Cycle 140131488: spendthrift backup(Will Backup)
Cycle 140131502: spendthrift backup(Will Backup)
Cycle 140131517: spendthrift backup(Will Backup)
Cycle 140131531: spendthrift backup(Will Backup)
Cycle 140131546: spendthrift backup(Will Backup)
Cycle 140131560: spendthrift backup(Will Backup)
Cycle 140131574: spendthrift backup(Will Backup)
Cycle 140131588: spendthrift backup(Will Backup)
cycle 140131588: POWER OFF - is_active()
Cycle 140579917: instructions towards forward progress=9800000
Cycle 142014399: instructions towards forward progress=9900000
Cycle 142288803: spendthrift backup(Will Backup)
Cycle 142288817: spendthrift backup(Will Backup)
Cycle 142288831: spendthrift backup(Will Backup)
Cycle 142288845: spendthrift backup(Will Backup)
Cycle 142288859: spendthrift backup(Will Backup)
Cycle 142288873: spendthrift backup(Will Backup)
Cycle 142288887: spendthrift backup(Will Backup)
Cycle 142288902: spendthrift backup(Will Backup)
cycle 142288902: POWER OFF - is_active()
done
CPU instructions executed: 10000000
CPU instructions executed towards forward progress: 10000000
Number of true positives: 0
Number of false positives: 0
Number of times renamed: 0
Number of times reclaimed: 0
CPU time (cycles): 143448895
Total time (ns): 3710168945140125
Energy harvested (J): 0.0188376
Energy remaining (J): 0.000130817
