000 (5664231.011.000) 2020-03-29 04:06:12 Job submitted from host: <128.104.101.92:9618?addrs=128.104.101.92-9618+[2607-f388-107c-501-a236-9fff-fe3c-caa8]-9618&alias=submit2.chtc.wisc.edu&noUDP&sock=schedd_3841921_d3c3>
...
040 (5664231.011.000) 2020-03-29 04:07:18 Started transferring input files
	Transferring to host: <128.105.244.22:9618?addrs=128.105.244.22-9618&alias=e3153.chtc.wisc.edu&noUDP&sock=slot1_2_11915_f1fe_10813>
...
040 (5664231.011.000) 2020-03-29 04:07:27 Finished transferring input files
...
001 (5664231.011.000) 2020-03-29 04:07:27 Job executing on host: <128.105.244.22:9618?addrs=128.105.244.22-9618&alias=e3153.chtc.wisc.edu&noUDP&sock=startd_11780_adbc>
...
006 (5664231.011.000) 2020-03-29 04:09:37 Image size of job updated: 92
	92  -  MemoryUsage of job (MB)
	95228  -  ResidentSetSize of job (KB)
...
040 (5664231.011.000) 2020-03-29 04:09:38 Started transferring output files
...
040 (5664231.011.000) 2020-03-29 04:09:38 Finished transferring output files
...
005 (5664231.011.000) 2020-03-29 04:09:39 Job terminated.
	(1) Normal termination (return value 0)
		Usr 0 00:01:21, Sys 0 00:00:01  -  Run Remote Usage
		Usr 0 00:00:00, Sys 0 00:00:00  -  Run Local Usage
		Usr 0 00:01:21, Sys 0 00:00:01  -  Total Remote Usage
		Usr 0 00:00:00, Sys 0 00:00:00  -  Total Local Usage
	119334  -  Run Bytes Sent By Job
	208764384  -  Run Bytes Received By Job
	119334  -  Total Bytes Sent By Job
	208764384  -  Total Bytes Received By Job
	Partitionable Resources :    Usage  Request Allocated 
	   Cpus                 :        0        1         1 
	   Disk (KB)            :   919388  4194304   5474851 
	   IoHeavy              :                           0 
	   Memory (MB)          :       92     4096      4096 

	Job terminated of its own accord at 2020-03-29T09:09:37Z.
...
