Working dir : /var/lib/condor/execute/slot1/dir_1189
Cycle 0: instructions towards forward progress=0
cycle 3000: backup (idempotent_violation)
Cycle 3000: clank backup(Will Backup)
cycle 4488: backup (idempotent_violation)
Cycle 4488: clank backup(Will Backup)
cycle 5976: backup (idempotent_violation)
Cycle 5976: clank backup(Will Backup)
cycle 7464: backup (idempotent_violation)
Cycle 7464: clank backup(Will Backup)
cycle 8952: backup (idempotent_violation)
Cycle 8952: clank backup(Will Backup)
cycle 10440: backup (idempotent_violation)
Cycle 10440: clank backup(Will Backup)
cycle 11928: backup (idempotent_violation)
Cycle 11928: clank backup(Will Backup)
cycle 13416: backup (idempotent_violation)
Cycle 13416: clank backup(Will Backup)
cycle 14904: backup (idempotent_violation)
Cycle 14904: clank backup(Will Backup)
cycle 16415: backup (idempotent_violation)
Cycle 16415: clank backup(Will Backup)
cycle 17584: backup (idempotent_violation)
Cycle 17584: clank backup(Will Backup)
cycle 19072: backup (idempotent_violation)
Cycle 19072: clank backup(Will Backup)
cycle 20560: backup (idempotent_violation)
Cycle 20560: clank backup(Will Backup)
cycle 22048: backup (idempotent_violation)
Cycle 22048: clank backup(Will Backup)
cycle 23536: backup (idempotent_violation)
Cycle 23536: clank backup(Will Backup)
cycle 25024: backup (idempotent_violation)
Cycle 25024: clank backup(Will Backup)
cycle 26512: backup (idempotent_violation)
Cycle 26512: clank backup(Will Backup)
cycle 28000: backup (idempotent_violation)
Cycle 28000: clank backup(Will Backup)
cycle 29488: backup (idempotent_violation)
Cycle 29488: clank backup(Will Backup)
cycle 30976: backup (idempotent_violation)
Cycle 30976: clank backup(Will Backup)
cycle 32487: backup (idempotent_violation)
Cycle 32487: clank backup(Will Backup)
cycle 33656: backup (idempotent_violation)
Cycle 33656: clank backup(Will Backup)
cycle 35144: backup (idempotent_violation)
Cycle 35144: clank backup(Will Backup)
cycle 36632: backup (idempotent_violation)
Cycle 36632: clank backup(Will Backup)
cycle 38120: backup (idempotent_violation)
Cycle 38120: clank backup(Will Backup)
cycle 39608: backup (idempotent_violation)
Cycle 39608: clank backup(Will Backup)
cycle 41096: backup (idempotent_violation)
Cycle 41096: clank backup(Will Backup)
cycle 42584: backup (idempotent_violation)
Cycle 42584: clank backup(Will Backup)
cycle 44072: backup (idempotent_violation)
Cycle 44072: clank backup(Will Backup)
cycle 45560: backup (idempotent_violation)
Cycle 45560: clank backup(Will Backup)
cycle 47048: backup (idempotent_violation)
Cycle 47048: clank backup(Will Backup)
cycle 48559: backup (idempotent_violation)
Cycle 48559: clank backup(Will Backup)
cycle 49728: backup (idempotent_violation)
Cycle 49728: clank backup(Will Backup)
cycle 51216: backup (idempotent_violation)
Cycle 51216: clank backup(Will Backup)
cycle 52704: backup (idempotent_violation)
Cycle 52704: clank backup(Will Backup)
cycle 54192: backup (idempotent_violation)
Cycle 54192: clank backup(Will Backup)
cycle 55680: backup (idempotent_violation)
Cycle 55680: clank backup(Will Backup)
cycle 57168: backup (idempotent_violation)
Cycle 57168: clank backup(Will Backup)
cycle 58656: backup (idempotent_violation)
Cycle 58656: clank backup(Will Backup)
cycle 60144: backup (idempotent_violation)
Cycle 60144: clank backup(Will Backup)
cycle 61632: backup (idempotent_violation)
Cycle 61632: clank backup(Will Backup)
cycle 63120: backup (idempotent_violation)
Cycle 63120: clank backup(Will Backup)
cycle 64631: backup (idempotent_violation)
Cycle 64631: clank backup(Will Backup)
cycle 78498: backup (idempotent_violation)
Cycle 78498: clank backup(Will Backup)
cycle 88498: backup (idempotent_violation)
Cycle 88498: clank backup(Will Backup)
cycle 97298: backup (idempotent_violation)
Cycle 97298: clank backup(Will Backup)
cycle 105010: backup (idempotent_violation)
Cycle 105010: clank backup(Will Backup)
cycle 111174: backup (idempotent_violation)
Cycle 111174: clank backup(Will Backup)
cycle 117778: backup (idempotent_violation)
Cycle 117778: clank backup(Will Backup)
cycle 124960: backup (idempotent_violation)
Cycle 124960: clank backup(Will Backup)
cycle 132726: backup (idempotent_violation)
Cycle 132726: clank backup(Will Backup)
cycle 140270: backup (idempotent_violation)
Cycle 140270: clank backup(Will Backup)
cycle 147254: backup (idempotent_violation)
Cycle 147254: clank backup(Will Backup)
cycle 158592: backup (idempotent_violation)
Cycle 158592: clank backup(Will Backup)
cycle 166540: backup (idempotent_violation)
Cycle 166540: clank backup(Will Backup)
cycle 175124: backup (idempotent_violation)
Cycle 175124: clank backup(Will Backup)
cycle 184700: backup (idempotent_violation)
Cycle 184700: clank backup(Will Backup)
cycle 193882: backup (idempotent_violation)
Cycle 193882: clank backup(Will Backup)
cycle 202226: backup (idempotent_violation)
Cycle 202226: clank backup(Will Backup)
cycle 211650: backup (idempotent_violation)
Cycle 211650: clank backup(Will Backup)
cycle 219684: backup (idempotent_violation)
Cycle 219684: clank backup(Will Backup)
cycle 228750: backup (idempotent_violation)
Cycle 228750: clank backup(Will Backup)
cycle 238312: backup (idempotent_violation)
Cycle 238312: clank backup(Will Backup)
cycle 246510: backup (idempotent_violation)
Cycle 246510: clank backup(Will Backup)
cycle 255226: backup (idempotent_violation)
Cycle 255226: clank backup(Will Backup)
cycle 263418: backup (idempotent_violation)
Cycle 263418: clank backup(Will Backup)
cycle 273690: backup (idempotent_violation)
Cycle 273690: clank backup(Will Backup)
cycle 282266: backup (idempotent_violation)
Cycle 282266: clank backup(Will Backup)
cycle 290216: backup (idempotent_violation)
Cycle 290216: clank backup(Will Backup)
cycle 300348: backup (idempotent_violation)
Cycle 300348: clank backup(Will Backup)
cycle 308526: backup (idempotent_violation)
Cycle 308526: clank backup(Will Backup)
cycle 317394: backup (idempotent_violation)
Cycle 317394: clank backup(Will Backup)
cycle 326696: backup (idempotent_violation)
Cycle 326696: clank backup(Will Backup)
cycle 336022: backup (idempotent_violation)
Cycle 336022: clank backup(Will Backup)
cycle 345010: backup (idempotent_violation)
Cycle 345010: clank backup(Will Backup)
cycle 353122: backup (idempotent_violation)
Cycle 353122: clank backup(Will Backup)
cycle 362786: backup (idempotent_violation)
Cycle 362786: clank backup(Will Backup)
cycle 371558: backup (idempotent_violation)
Cycle 371558: clank backup(Will Backup)
cycle 380148: backup (idempotent_violation)
Cycle 380148: clank backup(Will Backup)
cycle 388654: backup (idempotent_violation)
Cycle 388654: clank backup(Will Backup)
cycle 398738: backup (idempotent_violation)
Cycle 398738: clank backup(Will Backup)
cycle 405994: backup (idempotent_violation)
Cycle 405994: clank backup(Will Backup)
cycle 415524: backup (idempotent_violation)
Cycle 415524: clank backup(Will Backup)
cycle 424002: backup (idempotent_violation)
Cycle 424002: clank backup(Will Backup)
cycle 433194: backup (idempotent_violation)
Cycle 433194: clank backup(Will Backup)
cycle 441784: backup (idempotent_violation)
Cycle 441784: clank backup(Will Backup)
cycle 450966: backup (idempotent_violation)
Cycle 450966: clank backup(Will Backup)
cycle 459564: backup (idempotent_violation)
Cycle 459564: clank backup(Will Backup)
cycle 469150: backup (idempotent_violation)
Cycle 469150: clank backup(Will Backup)
cycle 477726: backup (idempotent_violation)
Cycle 477726: clank backup(Will Backup)
cycle 486518: backup (idempotent_violation)
Cycle 486518: clank backup(Will Backup)
cycle 494858: backup (idempotent_violation)
Cycle 494858: clank backup(Will Backup)
cycle 504690: backup (idempotent_violation)
Cycle 504690: clank backup(Will Backup)
cycle 512618: backup (idempotent_violation)
Cycle 512618: clank backup(Will Backup)
cycle 522984: backup (idempotent_violation)
Cycle 522984: clank backup(Will Backup)
cycle 530920: backup (idempotent_violation)
Cycle 530920: clank backup(Will Backup)
cycle 539660: backup (idempotent_violation)
Cycle 539660: clank backup(Will Backup)
cycle 548910: backup (idempotent_violation)
Cycle 548910: clank backup(Will Backup)
cycle 557550: backup (idempotent_violation)
Cycle 557550: clank backup(Will Backup)
cycle 566136: backup (idempotent_violation)
Cycle 566136: clank backup(Will Backup)
cycle 575424: backup (idempotent_violation)
Cycle 575424: clank backup(Will Backup)
Cycle 583530: spendthrift backup(Will Backup)
Cycle 583544: spendthrift backup(Will Backup)
Cycle 583558: spendthrift backup(Will Backup)
Cycle 583576: spendthrift backup(Will Backup)
Cycle 583590: spendthrift backup(Will Backup)
Cycle 583604: spendthrift backup(Will Backup)
Cycle 583618: spendthrift backup(Will Backup)
Cycle 583632: spendthrift backup(Will Backup)
Cycle 583650: spendthrift backup(Will Backup)
cycle 583650: POWER OFF - is_active()
cycle 593180: backup (idempotent_violation)
Cycle 593180: clank backup(Will Backup)
cycle 601660: backup (idempotent_violation)
Cycle 601660: clank backup(Will Backup)
cycle 610830: backup (idempotent_violation)
Cycle 610830: clank backup(Will Backup)
cycle 619578: backup (idempotent_violation)
Cycle 619578: clank backup(Will Backup)
cycle 629936: backup (idempotent_violation)
Cycle 629936: clank backup(Will Backup)
cycle 637182: backup (idempotent_violation)
Cycle 637182: clank backup(Will Backup)
cycle 646060: backup (idempotent_violation)
Cycle 646060: clank backup(Will Backup)
cycle 655668: backup (idempotent_violation)
Cycle 655668: clank backup(Will Backup)
cycle 664684: backup (idempotent_violation)
Cycle 664684: clank backup(Will Backup)
cycle 672886: backup (idempotent_violation)
Cycle 672886: clank backup(Will Backup)
cycle 681596: backup (idempotent_violation)
Cycle 681596: clank backup(Will Backup)
cycle 690250: backup (idempotent_violation)
Cycle 690250: clank backup(Will Backup)
cycle 700086: backup (idempotent_violation)
Cycle 700086: clank backup(Will Backup)
cycle 708814: backup (idempotent_violation)
Cycle 708814: clank backup(Will Backup)
cycle 717132: backup (idempotent_violation)
Cycle 717132: clank backup(Will Backup)
cycle 725888: backup (idempotent_violation)
Cycle 725888: clank backup(Will Backup)
cycle 735084: backup (idempotent_violation)
Cycle 735084: clank backup(Will Backup)
cycle 744362: backup (idempotent_violation)
Cycle 744362: clank backup(Will Backup)
cycle 752702: backup (idempotent_violation)
Cycle 752702: clank backup(Will Backup)
cycle 762834: backup (idempotent_violation)
Cycle 762834: clank backup(Will Backup)
cycle 770486: backup (idempotent_violation)
Cycle 770486: clank backup(Will Backup)
cycle 779350: backup (idempotent_violation)
Cycle 779350: clank backup(Will Backup)
cycle 788542: backup (idempotent_violation)
Cycle 788542: clank backup(Will Backup)
cycle 799274: backup (idempotent_violation)
Cycle 799274: clank backup(Will Backup)
cycle 809561: backup (idempotent_violation)
Cycle 809561: clank backup(Will Backup)
cycle 815434: backup (idempotent_violation)
Cycle 815434: clank backup(Will Backup)
cycle 823634: backup (idempotent_violation)
Cycle 823634: clank backup(Will Backup)
cycle 833206: backup (idempotent_violation)
Cycle 833206: clank backup(Will Backup)
cycle 841928: backup (idempotent_violation)
Cycle 841928: clank backup(Will Backup)
cycle 850954: backup (idempotent_violation)
Cycle 850954: clank backup(Will Backup)
cycle 861062: backup (idempotent_violation)
Cycle 861062: clank backup(Will Backup)
cycle 867768: backup (idempotent_violation)
Cycle 867768: clank backup(Will Backup)
cycle 878110: backup (idempotent_violation)
Cycle 878110: clank backup(Will Backup)
cycle 886844: backup (idempotent_violation)
Cycle 886844: clank backup(Will Backup)
cycle 894780: backup (idempotent_violation)
Cycle 894780: clank backup(Will Backup)
cycle 904518: backup (idempotent_violation)
Cycle 904518: clank backup(Will Backup)
cycle 912174: backup (idempotent_violation)
Cycle 912174: clank backup(Will Backup)
cycle 921740: backup (idempotent_violation)
Cycle 921740: clank backup(Will Backup)
cycle 930868: backup (idempotent_violation)
Cycle 930868: clank backup(Will Backup)
cycle 940450: backup (idempotent_violation)
Cycle 940450: clank backup(Will Backup)
cycle 948098: backup (idempotent_violation)
Cycle 948098: clank backup(Will Backup)
cycle 957272: backup (idempotent_violation)
Cycle 957272: clank backup(Will Backup)
cycle 965844: backup (idempotent_violation)
Cycle 965844: clank backup(Will Backup)
cycle 975448: backup (idempotent_violation)
Cycle 975448: clank backup(Will Backup)
cycle 983910: backup (idempotent_violation)
Cycle 983910: clank backup(Will Backup)
cycle 993742: backup (idempotent_violation)
Cycle 993742: clank backup(Will Backup)
cycle 1001390: backup (idempotent_violation)
Cycle 1001390: clank backup(Will Backup)
cycle 1010976: backup (idempotent_violation)
Cycle 1010976: clank backup(Will Backup)
cycle 1019316: backup (idempotent_violation)
Cycle 1019316: clank backup(Will Backup)
cycle 1027888: backup (idempotent_violation)
Cycle 1027888: clank backup(Will Backup)
cycle 1037866: backup (idempotent_violation)
Cycle 1037866: clank backup(Will Backup)
cycle 1047722: backup (idempotent_violation)
Cycle 1047722: clank backup(Will Backup)
cycle 1054000: backup (idempotent_violation)
Cycle 1054000: clank backup(Will Backup)
cycle 1063958: backup (idempotent_violation)
Cycle 1063958: clank backup(Will Backup)
cycle 1072596: backup (idempotent_violation)
Cycle 1072596: clank backup(Will Backup)
cycle 1082260: backup (idempotent_violation)
Cycle 1082260: clank backup(Will Backup)
cycle 1091290: backup (idempotent_violation)
Cycle 1091290: clank backup(Will Backup)
cycle 1099078: backup (idempotent_violation)
Cycle 1099078: clank backup(Will Backup)
cycle 1108132: backup (idempotent_violation)
Cycle 1108132: clank backup(Will Backup)
cycle 1117258: backup (idempotent_violation)
Cycle 1117258: clank backup(Will Backup)
cycle 1126140: backup (idempotent_violation)
Cycle 1126140: clank backup(Will Backup)
cycle 1134794: backup (idempotent_violation)
Cycle 1134794: clank backup(Will Backup)
cycle 1143888: backup (idempotent_violation)
Cycle 1143888: clank backup(Will Backup)
cycle 1152130: backup (idempotent_violation)
Cycle 1152130: clank backup(Will Backup)
cycle 1162190: backup (idempotent_violation)
Cycle 1162190: clank backup(Will Backup)
cycle 1170424: backup (idempotent_violation)
Cycle 1170424: clank backup(Will Backup)
cycle 1179176: backup (idempotent_violation)
Cycle 1179176: clank backup(Will Backup)
cycle 1188062: backup (idempotent_violation)
Cycle 1188062: clank backup(Will Backup)
Cycle 1191026: spendthrift backup(Will Backup)
Cycle 1191040: spendthrift backup(Will Backup)
Cycle 1191058: spendthrift backup(Will Backup)
Cycle 1191072: spendthrift backup(Will Backup)
Cycle 1191086: spendthrift backup(Will Backup)
Cycle 1191100: spendthrift backup(Will Backup)
Cycle 1191114: spendthrift backup(Will Backup)
Cycle 1191128: spendthrift backup(Will Backup)
Cycle 1191142: spendthrift backup(Will Backup)
cycle 1191142: POWER OFF - is_active()
cycle 1196802: backup (idempotent_violation)
Cycle 1196802: clank backup(Will Backup)
cycle 1206918: backup (idempotent_violation)
Cycle 1206918: clank backup(Will Backup)
cycle 1214414: backup (idempotent_violation)
Cycle 1214414: clank backup(Will Backup)
cycle 1223296: backup (idempotent_violation)
Cycle 1223296: clank backup(Will Backup)
cycle 1233960: backup (idempotent_violation)
Cycle 1233960: clank backup(Will Backup)
cycle 1242842: backup (idempotent_violation)
Cycle 1242842: clank backup(Will Backup)
cycle 1251038: backup (idempotent_violation)
Cycle 1251038: clank backup(Will Backup)
cycle 1258840: backup (idempotent_violation)
Cycle 1258840: clank backup(Will Backup)
cycle 1269112: backup (idempotent_violation)
Cycle 1269112: clank backup(Will Backup)
cycle 1276910: backup (idempotent_violation)
Cycle 1276910: clank backup(Will Backup)
cycle 1287361: backup (idempotent_violation)
Cycle 1287361: clank backup(Will Backup)
cycle 1296911: backup (idempotent_violation)
Cycle 1296911: clank backup(Will Backup)
cycle 1304727: backup (idempotent_violation)
Cycle 1304727: clank backup(Will Backup)
cycle 1313075: backup (idempotent_violation)
Cycle 1313075: clank backup(Will Backup)
cycle 1321703: backup (idempotent_violation)
Cycle 1321703: clank backup(Will Backup)
cycle 1329905: backup (idempotent_violation)
Cycle 1329905: clank backup(Will Backup)
cycle 1339459: backup (idempotent_violation)
Cycle 1339459: clank backup(Will Backup)
cycle 1348329: backup (idempotent_violation)
Cycle 1348329: clank backup(Will Backup)
cycle 1357073: backup (idempotent_violation)
Cycle 1357073: clank backup(Will Backup)
cycle 1366339: backup (idempotent_violation)
Cycle 1366339: clank backup(Will Backup)
cycle 1374837: backup (idempotent_violation)
Cycle 1374837: clank backup(Will Backup)
cycle 1384799: backup (idempotent_violation)
Cycle 1384799: clank backup(Will Backup)
cycle 1393689: backup (idempotent_violation)
Cycle 1393689: clank backup(Will Backup)
cycle 1401731: backup (idempotent_violation)
Cycle 1401731: clank backup(Will Backup)
cycle 1410511: backup (idempotent_violation)
Cycle 1410511: clank backup(Will Backup)
cycle 1419091: backup (idempotent_violation)
Cycle 1419091: clank backup(Will Backup)
cycle 1427977: backup (idempotent_violation)
Cycle 1427977: clank backup(Will Backup)
cycle 1438491: backup (idempotent_violation)
Cycle 1438491: clank backup(Will Backup)
cycle 1445913: backup (idempotent_violation)
Cycle 1445913: clank backup(Will Backup)
cycle 1454633: backup (idempotent_violation)
Cycle 1454633: clank backup(Will Backup)
cycle 1465845: backup (idempotent_violation)
Cycle 1465845: clank backup(Will Backup)
Cycle 1469570: instructions towards forward progress=100000
cycle 1473105: backup (idempotent_violation)
Cycle 1473105: clank backup(Will Backup)
cycle 1481295: backup (idempotent_violation)
Cycle 1481295: clank backup(Will Backup)
cycle 1491011: backup (idempotent_violation)
Cycle 1491011: clank backup(Will Backup)
cycle 1500305: backup (idempotent_violation)
Cycle 1500305: clank backup(Will Backup)
cycle 1508343: backup (idempotent_violation)
Cycle 1508343: clank backup(Will Backup)
cycle 1517377: backup (idempotent_violation)
Cycle 1517377: clank backup(Will Backup)
cycle 1525691: backup (idempotent_violation)
Cycle 1525691: clank backup(Will Backup)
cycle 1534761: backup (idempotent_violation)
Cycle 1534761: clank backup(Will Backup)
cycle 1544015: backup (idempotent_violation)
Cycle 1544015: clank backup(Will Backup)
cycle 1552363: backup (idempotent_violation)
Cycle 1552363: clank backup(Will Backup)
cycle 1562071: backup (idempotent_violation)
Cycle 1562071: clank backup(Will Backup)
cycle 1570411: backup (idempotent_violation)
Cycle 1570411: clank backup(Will Backup)
cycle 1579391: backup (idempotent_violation)
Cycle 1579391: clank backup(Will Backup)
cycle 1588037: backup (idempotent_violation)
Cycle 1588037: clank backup(Will Backup)
cycle 1597061: backup (idempotent_violation)
Cycle 1597061: clank backup(Will Backup)
cycle 1605801: backup (idempotent_violation)
Cycle 1605801: clank backup(Will Backup)
cycle 1615229: backup (idempotent_violation)
Cycle 1615229: clank backup(Will Backup)
cycle 1624111: backup (idempotent_violation)
Cycle 1624111: clank backup(Will Backup)
cycle 1632823: backup (idempotent_violation)
Cycle 1632823: clank backup(Will Backup)
cycle 1643191: backup (idempotent_violation)
Cycle 1643191: clank backup(Will Backup)
cycle 1651145: backup (idempotent_violation)
Cycle 1651145: clank backup(Will Backup)
cycle 1659101: backup (idempotent_violation)
Cycle 1659101: clank backup(Will Backup)
cycle 1667799: backup (idempotent_violation)
Cycle 1667799: clank backup(Will Backup)
cycle 1676685: backup (idempotent_violation)
Cycle 1676685: clank backup(Will Backup)
cycle 1685881: backup (idempotent_violation)
Cycle 1685881: clank backup(Will Backup)
cycle 1695017: backup (idempotent_violation)
Cycle 1695017: clank backup(Will Backup)
cycle 1703357: backup (idempotent_violation)
Cycle 1703357: clank backup(Will Backup)
cycle 1712393: backup (idempotent_violation)
Cycle 1712393: clank backup(Will Backup)
cycle 1720851: backup (idempotent_violation)
Cycle 1720851: clank backup(Will Backup)
cycle 1729733: backup (idempotent_violation)
Cycle 1729733: clank backup(Will Backup)
cycle 1739707: backup (idempotent_violation)
Cycle 1739707: clank backup(Will Backup)
cycle 1748149: backup (idempotent_violation)
Cycle 1748149: clank backup(Will Backup)
cycle 1756371: backup (idempotent_violation)
Cycle 1756371: clank backup(Will Backup)
cycle 1766579: backup (idempotent_violation)
Cycle 1766579: clank backup(Will Backup)
cycle 1774669: backup (idempotent_violation)
Cycle 1774669: clank backup(Will Backup)
cycle 1783649: backup (idempotent_violation)
Cycle 1783649: clank backup(Will Backup)
cycle 1792137: backup (idempotent_violation)
Cycle 1792137: clank backup(Will Backup)
Cycle 1799212: spendthrift backup(Will Backup)
Cycle 1799226: spendthrift backup(Will Backup)
Cycle 1799240: spendthrift backup(Will Backup)
Cycle 1799254: spendthrift backup(Will Backup)
Cycle 1799268: spendthrift backup(Will Backup)
Cycle 1799286: spendthrift backup(Will Backup)
Cycle 1799300: spendthrift backup(Will Backup)
Cycle 1799314: spendthrift backup(Will Backup)
Cycle 1799328: spendthrift backup(Will Backup)
cycle 1799328: POWER OFF - is_active()
cycle 1810287: backup (idempotent_violation)
Cycle 1810287: clank backup(Will Backup)
cycle 1818395: backup (idempotent_violation)
Cycle 1818395: clank backup(Will Backup)
cycle 1828047: backup (idempotent_violation)
Cycle 1828047: clank backup(Will Backup)
cycle 1836143: backup (idempotent_violation)
Cycle 1836143: clank backup(Will Backup)
cycle 1845399: backup (idempotent_violation)
Cycle 1845399: clank backup(Will Backup)
cycle 1854995: backup (idempotent_violation)
Cycle 1854995: clank backup(Will Backup)
cycle 1863563: backup (idempotent_violation)
Cycle 1863563: clank backup(Will Backup)
cycle 1872205: backup (idempotent_violation)
Cycle 1872205: clank backup(Will Backup)
cycle 1881217: backup (idempotent_violation)
Cycle 1881217: clank backup(Will Backup)
cycle 1889815: backup (idempotent_violation)
Cycle 1889815: clank backup(Will Backup)
cycle 1898439: backup (idempotent_violation)
Cycle 1898439: clank backup(Will Backup)
cycle 1908279: backup (idempotent_violation)
Cycle 1908279: clank backup(Will Backup)
cycle 1916745: backup (idempotent_violation)
Cycle 1916745: clank backup(Will Backup)
cycle 1925733: backup (idempotent_violation)
Cycle 1925733: clank backup(Will Backup)
cycle 1935063: backup (idempotent_violation)
Cycle 1935063: clank backup(Will Backup)
cycle 1943657: backup (idempotent_violation)
Cycle 1943657: clank backup(Will Backup)
cycle 1953607: backup (idempotent_violation)
Cycle 1953607: clank backup(Will Backup)
cycle 1960605: backup (idempotent_violation)
Cycle 1960605: clank backup(Will Backup)
cycle 1970033: backup (idempotent_violation)
Cycle 1970033: clank backup(Will Backup)
cycle 1980403: backup (idempotent_violation)
Cycle 1980403: clank backup(Will Backup)
cycle 1988335: backup (idempotent_violation)
Cycle 1988335: clank backup(Will Backup)
cycle 1996933: backup (idempotent_violation)
Cycle 1996933: clank backup(Will Backup)
cycle 2005129: backup (idempotent_violation)
Cycle 2005129: clank backup(Will Backup)
cycle 2014447: backup (idempotent_violation)
Cycle 2014447: clank backup(Will Backup)
cycle 2023029: backup (idempotent_violation)
Cycle 2023029: clank backup(Will Backup)
cycle 2032843: backup (idempotent_violation)
Cycle 2032843: clank backup(Will Backup)
cycle 2040785: backup (idempotent_violation)
Cycle 2040785: clank backup(Will Backup)
cycle 2050209: backup (idempotent_violation)
Cycle 2050209: clank backup(Will Backup)
cycle 2058707: backup (idempotent_violation)
Cycle 2058707: clank backup(Will Backup)
cycle 2067581: backup (idempotent_violation)
Cycle 2067581: clank backup(Will Backup)
cycle 2077381: backup (idempotent_violation)
Cycle 2077381: clank backup(Will Backup)
cycle 2085569: backup (idempotent_violation)
Cycle 2085569: clank backup(Will Backup)
cycle 2094903: backup (idempotent_violation)
Cycle 2094903: clank backup(Will Backup)
cycle 2103243: backup (idempotent_violation)
Cycle 2103243: clank backup(Will Backup)
cycle 2112769: backup (idempotent_violation)
Cycle 2112769: clank backup(Will Backup)
cycle 2121561: backup (idempotent_violation)
Cycle 2121561: clank backup(Will Backup)
cycle 2129465: backup (idempotent_violation)
Cycle 2129465: clank backup(Will Backup)
cycle 2138787: backup (idempotent_violation)
Cycle 2138787: clank backup(Will Backup)
cycle 2148321: backup (idempotent_violation)
Cycle 2148321: clank backup(Will Backup)
cycle 2156421: backup (idempotent_violation)
Cycle 2156421: clank backup(Will Backup)
cycle 2165535: backup (idempotent_violation)
Cycle 2165535: clank backup(Will Backup)
cycle 2174169: backup (idempotent_violation)
Cycle 2174169: clank backup(Will Backup)
cycle 2182745: backup (idempotent_violation)
Cycle 2182745: clank backup(Will Backup)
cycle 2192063: backup (idempotent_violation)
Cycle 2192063: clank backup(Will Backup)
cycle 2201717: backup (idempotent_violation)
Cycle 2201717: clank backup(Will Backup)
cycle 2210215: backup (idempotent_violation)
Cycle 2210215: clank backup(Will Backup)
cycle 2219333: backup (idempotent_violation)
Cycle 2219333: clank backup(Will Backup)
cycle 2227437: backup (idempotent_violation)
Cycle 2227437: clank backup(Will Backup)
cycle 2236995: backup (idempotent_violation)
Cycle 2236995: clank backup(Will Backup)
cycle 2245979: backup (idempotent_violation)
Cycle 2245979: clank backup(Will Backup)
cycle 2253777: backup (idempotent_violation)
Cycle 2253777: clank backup(Will Backup)
cycle 2263345: backup (idempotent_violation)
Cycle 2263345: clank backup(Will Backup)
cycle 2271961: backup (idempotent_violation)
Cycle 2271961: clank backup(Will Backup)
cycle 2280555: backup (idempotent_violation)
Cycle 2280555: clank backup(Will Backup)
cycle 2290679: backup (idempotent_violation)
Cycle 2290679: clank backup(Will Backup)
cycle 2300767: backup (idempotent_violation)
Cycle 2300767: clank backup(Will Backup)
cycle 2306939: backup (idempotent_violation)
Cycle 2306939: clank backup(Will Backup)
cycle 2316913: backup (idempotent_violation)
Cycle 2316913: clank backup(Will Backup)
cycle 2324953: backup (idempotent_violation)
Cycle 2324953: clank backup(Will Backup)
cycle 2334385: backup (idempotent_violation)
Cycle 2334385: clank backup(Will Backup)
cycle 2342581: backup (idempotent_violation)
Cycle 2342581: clank backup(Will Backup)
cycle 2352005: backup (idempotent_violation)
Cycle 2352005: clank backup(Will Backup)
cycle 2360659: backup (idempotent_violation)
Cycle 2360659: clank backup(Will Backup)
cycle 2369223: backup (idempotent_violation)
Cycle 2369223: clank backup(Will Backup)
cycle 2378235: backup (idempotent_violation)
Cycle 2378235: clank backup(Will Backup)
cycle 2387847: backup (idempotent_violation)
Cycle 2387847: clank backup(Will Backup)
cycle 2396579: backup (idempotent_violation)
Cycle 2396579: clank backup(Will Backup)
cycle 2406169: backup (idempotent_violation)
Cycle 2406169: clank backup(Will Backup)
Cycle 2409150: spendthrift backup(Will Backup)
Cycle 2409168: spendthrift backup(Will Backup)
Cycle 2409182: spendthrift backup(Will Backup)
Cycle 2409196: spendthrift backup(Will Backup)
Cycle 2409210: spendthrift backup(Will Backup)
Cycle 2409224: spendthrift backup(Will Backup)
Cycle 2409238: spendthrift backup(Will Backup)
Cycle 2409256: spendthrift backup(Will Backup)
Cycle 2409274: spendthrift backup(Will Backup)
