000 (5664231.007.000) 2020-03-29 04:06:12 Job submitted from host: <128.104.101.92:9618?addrs=128.104.101.92-9618+[2607-f388-107c-501-a236-9fff-fe3c-caa8]-9618&alias=submit2.chtc.wisc.edu&noUDP&sock=schedd_3841921_d3c3>
...
040 (5664231.007.000) 2020-03-29 04:07:18 Started transferring input files
	Transferring to host: <128.104.58.147:9618?addrs=128.104.58.147-9618+[2607-f388-1086-0-62eb-69ff-fe82-54bd]-9618&alias=e563.chtc.wisc.edu&noUDP&sock=starter_22360_6486_76729>
...
040 (5664231.007.000) 2020-03-29 04:07:21 Finished transferring input files
...
001 (5664231.007.000) 2020-03-29 04:07:21 Job executing on host: <128.104.58.147:9618?addrs=128.104.58.147-9618+[2607-f388-1086-0-62eb-69ff-fe82-54bd]-9618&alias=e563.chtc.wisc.edu&noUDP&sock=startd_5905_ead5_3>
...
006 (5664231.007.000) 2020-03-29 04:12:38 Image size of job updated: 95
	95  -  MemoryUsage of job (MB)
	97844  -  ResidentSetSize of job (KB)
...
006 (5664231.007.000) 2020-03-29 04:47:41 Image size of job updated: 95
	95  -  MemoryUsage of job (MB)
	97956  -  ResidentSetSize of job (KB)
...
040 (5664231.007.000) 2020-03-29 06:00:06 Started transferring output files
...
040 (5664231.007.000) 2020-03-29 06:00:06 Finished transferring output files
...
005 (5664231.007.000) 2020-03-29 06:00:07 Job terminated.
	(1) Normal termination (return value 0)
		Usr 0 01:50:22, Sys 0 00:00:03  -  Run Remote Usage
		Usr 0 00:00:00, Sys 0 00:00:00  -  Run Local Usage
		Usr 0 01:50:22, Sys 0 00:00:03  -  Total Remote Usage
		Usr 0 00:00:00, Sys 0 00:00:00  -  Total Local Usage
	629850  -  Run Bytes Sent By Job
	208804688  -  Run Bytes Received By Job
	629850  -  Total Bytes Sent By Job
	208804688  -  Total Bytes Received By Job
	Partitionable Resources :      Usage  Request Allocated 
	   Cpus                 :       0.00        1         1 
	   Disk (KB)            : 1014897     4194304  18471551 
	   IoHeavy              :                             0 
	   Memory (MB)          :      95        4096      4096 

	Job terminated of its own accord at 2020-03-29T11:00:06Z.
...
